#
# A fatal error has been detected by the Java Runtime Environment:
#
#  EXCEPTION_ACCESS_VIOLATION (0xc0000005) at pc=0x00007ffdea2b2224, pid=4884, tid=11428
#
# JRE version: Java(TM) SE Runtime Environment (8.0_45-b15) (build 1.8.0_45-b15)
# Java VM: Java HotSpot(TM) 64-Bit Server VM (25.45-b02 mixed mode windows-amd64 compressed oops)
# Problematic frame:
# C  [OPENGL32.dll+0xe2224]
#
# Failed to write core dump. Minidumps are not enabled by default on client versions of Windows
#
# If you would like to submit a bug report, please visit:
#   http://bugreport.java.com/bugreport/crash.jsp
#

---------------  T H R E A D  ---------------

Current thread (0x000000001b9c7800):  VMThread [stack: 0x000000001ca50000,0x000000001cb50000] [id=11428]

siginfo: ExceptionCode=0xc0000005, reading address 0x0000000000000a38

Registers:
RAX=0x0000000000000000, RBX=0x00000000371641a0, RCX=0x0000000000000001, RDX=0x00000000371641a8
RSP=0x000000001cb4f108, RBP=0x0000000000000000, RSI=0x0000000037166260, RDI=0x0000000037166260
R8 =0x000000001cb4f188, R9 =0x0000000002344310, R10=0x0000000000000000, R11=0x0000000000000246
R12=0x0000000000000000, R13=0x0000000027758cc0, R14=0x0000000027758b70, R15=0x0000000000000000
RIP=0x00007ffdea2b2224, EFLAGS=0x0000000000010283

Top of Stack: (sp=0x000000001cb4f108)
0x000000001cb4f108:   00007ffde9a1244b 0000000027758cc0
0x000000001cb4f118:   0000000000000001 0000000027750000
0x000000001cb4f128:   00007ffe04fe0a19 0000000000000000
0x000000001cb4f138:   00007ffde9a17f17 0000000000000000
0x000000001cb4f148:   0000000000000000 0000000027758ca0
0x000000001cb4f158:   00007ffde9a17283 fffffffffffffffe
0x000000001cb4f168:   000000001cb4f1d0 0000000000000000
0x000000001cb4f178:   00007ffde9a187c9 0000000037166260
0x000000001cb4f188:   00000000371653d0 0000000002344310
0x000000001cb4f198:   00007ffde9a95700 fffffffffffffffe
0x000000001cb4f1a8:   000000002775b1c0 0000000000000001
0x000000001cb4f1b8:   0000000027758c98 0000000027758b70
0x000000001cb4f1c8:   00007ffde9a9d7ad 00007ffde9bd65b0
0x000000001cb4f1d8:   00007ffde9b01930 0000000002344310
0x000000001cb4f1e8:   0000000000000036 0000000027758c98
0x000000001cb4f1f8:   0000000027758b70 0000000027758b70 

Instructions: (pc=0x00007ffdea2b2224)
0x00007ffdea2b2204:   cc cc cc cc cc cc 66 0f 1f 44 00 00 8b 05 f2 7d
0x00007ffdea2b2214:   01 00 83 f8 40 73 0f 65 48 8b 04 c5 80 14 00 00
0x00007ffdea2b2224:   ff a0 38 0a 00 00 b8 47 01 00 00 e9 ec d4 ff ff
0x00007ffdea2b2234:   cc cc cc cc cc cc 66 0f 1f 44 00 00 8b 05 c2 7d 


Register to memory mapping:

RAX=0x0000000000000000 is an unknown value
RBX=0x00000000371641a0 is an unknown value
RCX=0x0000000000000001 is an unknown value
RDX=0x00000000371641a8 is an unknown value
RSP=0x000000001cb4f108 is an unknown value
RBP=0x0000000000000000 is an unknown value
RSI=0x0000000037166260 is an unknown value
RDI=0x0000000037166260 is an unknown value
R8 =0x000000001cb4f188 is an unknown value
R9 =0x0000000002344310 is an unknown value
R10=0x0000000000000000 is an unknown value
R11=0x0000000000000246 is an unknown value
R12=0x0000000000000000 is an unknown value
R13=0x0000000027758cc0 is an unknown value
R14=0x0000000027758b70 is an unknown value
R15=0x0000000000000000 is an unknown value


Stack: [0x000000001ca50000,0x000000001cb50000],  sp=0x000000001cb4f108,  free space=1020k
Native frames: (J=compiled Java code, j=interpreted, Vv=VM code, C=native code)

VM_Operation (0x000000000229e850): Exit, mode: safepoint, requested by thread 0x00000000022a4800


---------------  P R O C E S S  ---------------

Java Threads: ( => current thread )
  0x0000000027e18000 JavaThread "AWT-Shutdown" [_thread_blocked, id=3812, stack(0x00000000405b0000,0x00000000406b0000)]
  0x0000000026933800 JavaThread "File IO Thread" [_thread_blocked, id=5600, stack(0x000000003feb0000,0x000000003ffb0000)]
  0x000000002692d800 JavaThread "pool-2-thread-1" [_thread_blocked, id=4012, stack(0x000000003c8e0000,0x000000003c9e0000)]
  0x000000002692f800 JavaThread "Netty IO #1" daemon [_thread_in_native, id=8672, stack(0x000000003b2e0000,0x000000003b3e0000)]
  0x000000002692f000 JavaThread "Netty Client IO #0" daemon [_thread_in_native, id=3092, stack(0x000000003b1e0000,0x000000003b2e0000)]
  0x0000000027677800 JavaThread "Netty IO #0" daemon [_thread_in_native, id=4880, stack(0x000000003b0e0000,0x000000003b1e0000)]
  0x0000000027675000 JavaThread "Thread-15" [_thread_blocked, id=7768, stack(0x000000003a480000,0x000000003a580000)]
  0x0000000027679000 JavaThread "Thread-14" [_thread_blocked, id=11236, stack(0x000000003a380000,0x000000003a480000)]
  0x0000000027672000 JavaThread "Keep-Alive-Timer" daemon [_thread_blocked, id=964, stack(0x0000000031520000,0x0000000031620000)]
  0x000000001dcf7800 JavaThread "LWJGL Timer" daemon [_thread_blocked, id=10988, stack(0x0000000031220000,0x0000000031320000)]
  0x000000002767e800 JavaThread "Timer hack thread" daemon [_thread_blocked, id=4756, stack(0x000000002a9e0000,0x000000002aae0000)]
  0x0000000027190800 JavaThread "Snooper Timer" daemon [_thread_blocked, id=4004, stack(0x000000002a6e0000,0x000000002a7e0000)]
  0x000000001e0ed800 JavaThread "Java2D Disposer" daemon [_thread_blocked, id=5500, stack(0x0000000020150000,0x0000000020250000)]
  0x000000001ba5e000 JavaThread "Service Thread" daemon [_thread_blocked, id=4548, stack(0x000000001d650000,0x000000001d750000)]
  0x000000001ba4a800 JavaThread "C1 CompilerThread2" daemon [_thread_blocked, id=776, stack(0x000000001d150000,0x000000001d250000)]
  0x000000001ba1f800 JavaThread "C2 CompilerThread1" daemon [_thread_blocked, id=4080, stack(0x000000001d050000,0x000000001d150000)]
  0x000000001ba01800 JavaThread "C2 CompilerThread0" daemon [_thread_blocked, id=14192, stack(0x000000001cf50000,0x000000001d050000)]
  0x000000001ba00000 JavaThread "Attach Listener" daemon [_thread_blocked, id=13208, stack(0x000000001ce50000,0x000000001cf50000)]
  0x000000001b9fe800 JavaThread "Signal Dispatcher" daemon [_thread_blocked, id=7960, stack(0x000000001cd50000,0x000000001ce50000)]
  0x000000000239a000 JavaThread "Finalizer" daemon [_thread_blocked, id=13600, stack(0x000000001cc50000,0x000000001cd50000)]
  0x0000000002391800 JavaThread "Reference Handler" daemon [_thread_blocked, id=5932, stack(0x000000001cb50000,0x000000001cc50000)]
  0x00000000022a4800 JavaThread "Client thread" [_thread_blocked, id=2188, stack(0x00000000021a0000,0x00000000022a0000)]

Other Threads:
=>0x000000001b9c7800 VMThread [stack: 0x000000001ca50000,0x000000001cb50000] [id=11428]

VM state:at safepoint (shutting down)

VM Mutex/Monitor currently owned by a thread:  ([mutex/lock_event])
[0x00000000022a1ed0] Threads_lock - owner thread: 0x000000001b9c7800

Heap:
 PSYoungGen      total 1269760K, used 824263K [0x000000076af00000, 0x00000007bd580000, 0x00000007c0000000)
  eden space 1205248K, 68% used [0x000000076af00000,0x000000079d3f1e30,0x00000007b4800000)
  from space 64512K, 0% used [0x00000007b4800000,0x00000007b4800000,0x00000007b8700000)
  to   space 72192K, 0% used [0x00000007b8f00000,0x00000007b8f00000,0x00000007bd580000)
 ParOldGen       total 250368K, used 189628K [0x00000006c0c00000, 0x00000006d0080000, 0x000000076af00000)
  object space 250368K, 75% used [0x00000006c0c00000,0x00000006cc52f118,0x00000006d0080000)
 Metaspace       used 52123K, capacity 52561K, committed 53040K, reserved 1095680K
  class space    used 6446K, capacity 6608K, committed 6704K, reserved 1048576K

Card table byte_map: [0x0000000011760000,0x0000000011f60000] byte_map_base: 0x000000000e15a000

Marking Bits: (ParMarkBitMap*) 0x0000000053714040
 Begin Bits: [0x00000000128c0000, 0x0000000016890000)
 End Bits:   [0x0000000016890000, 0x000000001a860000)

Polling page: 0x0000000000430000

CodeCache: size=245760Kb used=33061Kb max_used=33075Kb free=212698Kb
 bounds [0x00000000023a0000, 0x0000000004420000, 0x00000000113a0000]
 total_blobs=8761 nmethods=7821 adapters=848
 compilation: enabled

Compilation events (10 events):
Event: 33.677 Thread 0x000000001ba4a800 10676       1       org.apache.logging.log4j.core.config.LoggerConfig::getLevel (5 bytes)
Event: 33.677 Thread 0x000000001ba4a800 nmethod 10676 0x00000000044150d0 code [0x0000000004415220, 0x0000000004415330]
Event: 33.677 Thread 0x000000001ba01800 nmethod 10673 0x0000000004413650 code [0x00000000044137a0, 0x00000000044139b8]
Event: 33.678 Thread 0x000000001ba4a800 10677       3       java.util.logging.LogManager$LoggerContext::getRootLogger (8 bytes)
Event: 33.678 Thread 0x000000001ba4a800 nmethod 10677 0x0000000004413250 code [0x00000000044133a0, 0x00000000044135b0]
Event: 33.678 Thread 0x000000001ba4a800 10678       3       java.util.logging.LogManager$LoggerContext::getGlobalLogger (6 bytes)
Event: 33.678 Thread 0x000000001ba4a800 nmethod 10678 0x0000000004412f50 code [0x00000000044130a0, 0x00000000044131f0]
Event: 33.685 Thread 0x000000001ba1f800 nmethod 10671 0x00000000044167d0 code [0x00000000044169a0, 0x0000000004417690]
Event: 33.770 Thread 0x000000001ba4a800 10679       3       com.jcraft.jogg.Buffer::readinit (26 bytes)
Event: 33.770 Thread 0x000000001ba4a800 nmethod 10679 0x0000000004412b90 code [0x0000000004412ce0, 0x0000000004412e70]

GC Heap History (10 events):
Event: 23.493 GC heap before
{Heap before GC invocations=19 (full 4):
 PSYoungGen      total 1223168K, used 17169K [0x000000076af00000, 0x00000007bc580000, 0x00000007c0000000)
  eden space 1205760K, 0% used [0x000000076af00000,0x000000076af00000,0x00000007b4880000)
  from space 17408K, 98% used [0x00000007b4880000,0x00000007b5944788,0x00000007b5980000)
  to   space 64000K, 0% used [0x00000007b8700000,0x00000007b8700000,0x00000007bc580000)
 ParOldGen       total 250368K, used 131166K [0x00000006c0c00000, 0x00000006d0080000, 0x000000076af00000)
  object space 250368K, 52% used [0x00000006c0c00000,0x00000006c8c17a28,0x00000006d0080000)
 Metaspace       used 44988K, capacity 45443K, committed 45872K, reserved 1089536K
  class space    used 5774K, capacity 5917K, committed 5936K, reserved 1048576K
Event: 23.989 GC heap after
Heap after GC invocations=19 (full 4):
 PSYoungGen      total 1223168K, used 0K [0x000000076af00000, 0x00000007bc580000, 0x00000007c0000000)
  eden space 1205760K, 0% used [0x000000076af00000,0x000000076af00000,0x00000007b4880000)
  from space 17408K, 0% used [0x00000007b4880000,0x00000007b4880000,0x00000007b5980000)
  to   space 64000K, 0% used [0x00000007b8700000,0x00000007b8700000,0x00000007bc580000)
 ParOldGen       total 250368K, used 142321K [0x00000006c0c00000, 0x00000006d0080000, 0x000000076af00000)
  object space 250368K, 56% used [0x00000006c0c00000,0x00000006c96fc6f0,0x00000006d0080000)
 Metaspace       used 44988K, capacity 45443K, committed 45872K, reserved 1089536K
  class space    used 5774K, capacity 5917K, committed 5936K, reserved 1048576K
}
Event: 23.989 GC heap before
{Heap before GC invocations=20 (full 4):
 PSYoungGen      total 1223168K, used 0K [0x000000076af00000, 0x00000007bc580000, 0x00000007c0000000)
  eden space 1205760K, 0% used [0x000000076af00000,0x000000076af00000,0x00000007b4880000)
  from space 17408K, 0% used [0x00000007b4880000,0x00000007b4880000,0x00000007b5980000)
  to   space 64000K, 0% used [0x00000007b8700000,0x00000007b8700000,0x00000007bc580000)
 ParOldGen       total 250368K, used 142321K [0x00000006c0c00000, 0x00000006d0080000, 0x000000076af00000)
  object space 250368K, 56% used [0x00000006c0c00000,0x00000006c96fc6f0,0x00000006d0080000)
 Metaspace       used 44988K, capacity 45443K, committed 45872K, reserved 1089536K
  class space    used 5774K, capacity 5917K, committed 5936K, reserved 1048576K
Event: 23.990 GC heap after
Heap after GC invocations=20 (full 4):
 PSYoungGen      total 1269248K, used 0K [0x000000076af00000, 0x00000007bc680000, 0x00000007c0000000)
  eden space 1205248K, 0% used [0x000000076af00000,0x000000076af00000,0x00000007b4800000)
  from space 64000K, 0% used [0x00000007b8700000,0x00000007b8700000,0x00000007bc580000)
  to   space 64512K, 0% used [0x00000007b4800000,0x00000007b4800000,0x00000007b8700000)
 ParOldGen       total 250368K, used 142321K [0x00000006c0c00000, 0x00000006d0080000, 0x000000076af00000)
  object space 250368K, 56% used [0x00000006c0c00000,0x00000006c96fc6f0,0x00000006d0080000)
 Metaspace       used 44988K, capacity 45443K, committed 45872K, reserved 1089536K
  class space    used 5774K, capacity 5917K, committed 5936K, reserved 1048576K
}
Event: 23.990 GC heap before
{Heap before GC invocations=21 (full 5):
 PSYoungGen      total 1269248K, used 0K [0x000000076af00000, 0x00000007bc680000, 0x00000007c0000000)
  eden space 1205248K, 0% used [0x000000076af00000,0x000000076af00000,0x00000007b4800000)
  from space 64000K, 0% used [0x00000007b8700000,0x00000007b8700000,0x00000007bc580000)
  to   space 64512K, 0% used [0x00000007b4800000,0x00000007b4800000,0x00000007b8700000)
 ParOldGen       total 250368K, used 142321K [0x00000006c0c00000, 0x00000006d0080000, 0x000000076af00000)
  object space 250368K, 56% used [0x00000006c0c00000,0x00000006c96fc6f0,0x00000006d0080000)
 Metaspace       used 44988K, capacity 45443K, committed 45872K, reserved 1089536K
  class space    used 5774K, capacity 5917K, committed 5936K, reserved 1048576K
Event: 24.100 GC heap after
Heap after GC invocations=21 (full 5):
 PSYoungGen      total 1269248K, used 0K [0x000000076af00000, 0x00000007bc680000, 0x00000007c0000000)
  eden space 1205248K, 0% used [0x000000076af00000,0x000000076af00000,0x00000007b4800000)
  from space 64000K, 0% used [0x00000007b8700000,0x00000007b8700000,0x00000007bc580000)
  to   space 64512K, 0% used [0x00000007b4800000,0x00000007b4800000,0x00000007b8700000)
 ParOldGen       total 250368K, used 142321K [0x00000006c0c00000, 0x00000006d0080000, 0x000000076af00000)
  object space 250368K, 56% used [0x00000006c0c00000,0x00000006c96fc6f0,0x00000006d0080000)
 Metaspace       used 44988K, capacity 45443K, committed 45872K, reserved 1089536K
  class space    used 5774K, capacity 5917K, committed 5936K, reserved 1048576K
}
Event: 25.951 GC heap before
{Heap before GC invocations=22 (full 5):
 PSYoungGen      total 1269248K, used 580608K [0x000000076af00000, 0x00000007bc680000, 0x00000007c0000000)
  eden space 1205248K, 48% used [0x000000076af00000,0x000000078e600138,0x00000007b4800000)
  from space 64000K, 0% used [0x00000007b8700000,0x00000007b8700000,0x00000007bc580000)
  to   space 64512K, 0% used [0x00000007b4800000,0x00000007b4800000,0x00000007b8700000)
 ParOldGen       total 250368K, used 142321K [0x00000006c0c00000, 0x00000006d0080000, 0x000000076af00000)
  object space 250368K, 56% used [0x00000006c0c00000,0x00000006c96fc6f0,0x00000006d0080000)
 Metaspace       used 49217K, capacity 49619K, committed 49968K, reserved 1093632K
  class space    used 6223K, capacity 6379K, committed 6448K, reserved 1048576K
Event: 25.970 GC heap after
Heap after GC invocations=22 (full 5):
 PSYoungGen      total 1269760K, used 54330K [0x000000076af00000, 0x00000007bd580000, 0x00000007c0000000)
  eden space 1205248K, 0% used [0x000000076af00000,0x000000076af00000,0x00000007b4800000)
  from space 64512K, 84% used [0x00000007b4800000,0x00000007b7d0ea00,0x00000007b8700000)
  to   space 72192K, 0% used [0x00000007b8f00000,0x00000007b8f00000,0x00000007bd580000)
 ParOldGen       total 250368K, used 142329K [0x00000006c0c00000, 0x00000006d0080000, 0x000000076af00000)
  object space 250368K, 56% used [0x00000006c0c00000,0x00000006c96fe6f0,0x00000006d0080000)
 Metaspace       used 49217K, capacity 49619K, committed 49968K, reserved 1093632K
  class space    used 6223K, capacity 6379K, committed 6448K, reserved 1048576K
}
Event: 25.970 GC heap before
{Heap before GC invocations=23 (full 6):
 PSYoungGen      total 1269760K, used 54330K [0x000000076af00000, 0x00000007bd580000, 0x00000007c0000000)
  eden space 1205248K, 0% used [0x000000076af00000,0x000000076af00000,0x00000007b4800000)
  from space 64512K, 84% used [0x00000007b4800000,0x00000007b7d0ea00,0x00000007b8700000)
  to   space 72192K, 0% used [0x00000007b8f00000,0x00000007b8f00000,0x00000007bd580000)
 ParOldGen       total 250368K, used 142329K [0x00000006c0c00000, 0x00000006d0080000, 0x000000076af00000)
  object space 250368K, 56% used [0x00000006c0c00000,0x00000006c96fe6f0,0x00000006d0080000)
 Metaspace       used 49217K, capacity 49619K, committed 49968K, reserved 1093632K
  class space    used 6223K, capacity 6379K, committed 6448K, reserved 1048576K
Event: 26.477 GC heap after
Heap after GC invocations=23 (full 6):
 PSYoungGen      total 1269760K, used 0K [0x000000076af00000, 0x00000007bd580000, 0x00000007c0000000)
  eden space 1205248K, 0% used [0x000000076af00000,0x000000076af00000,0x00000007b4800000)
  from space 64512K, 0% used [0x00000007b4800000,0x00000007b4800000,0x00000007b8700000)
  to   space 72192K, 0% used [0x00000007b8f00000,0x00000007b8f00000,0x00000007bd580000)
 ParOldGen       total 250368K, used 189628K [0x00000006c0c00000, 0x00000006d0080000, 0x000000076af00000)
  object space 250368K, 75% used [0x00000006c0c00000,0x00000006cc52f118,0x00000006d0080000)
 Metaspace       used 49217K, capacity 49619K, committed 49968K, reserved 1093632K
  class space    used 6223K, capacity 6379K, committed 6448K, reserved 1048576K
}

Deoptimization events (10 events):
Event: 33.168 Thread 0x00000000022a4800 Uncommon trap: reason=unstable_if action=reinterpret pc=0x0000000003909d9c method=java.util.concurrent.locks.ReentrantReadWriteLock$Sync.tryReleaseShared(I)Z @ 135
Event: 33.228 Thread 0x0000000027e1a800 Uncommon trap: reason=unstable_if action=reinterpret pc=0x00000000038776f0 method=net.minecraft.nbt.NBTTagList.getCompoundTagAt(I)Lnet/minecraft/nbt/NBTTagCompound; @ 14
Event: 33.238 Thread 0x0000000027677800 Uncommon trap: reason=unstable_if action=reinterpret pc=0x000000000429a6a0 method=io.netty.util.concurrent.SingleThreadEventExecutor.execute(Ljava/lang/Runnable;)V @ 20
Event: 33.289 Thread 0x000000002692f000 Uncommon trap: reason=unstable_if action=reinterpret pc=0x0000000003f14514 method=io.netty.channel.local.LocalChannel.isOpen()Z @ 5
Event: 33.289 Thread 0x000000002692f000 Uncommon trap: reason=unstable_if action=reinterpret pc=0x0000000002ed0154 method=io.netty.channel.local.LocalChannel.isActive()Z @ 5
Event: 33.339 Thread 0x0000000027672800 Uncommon trap: reason=class_check action=maybe_recompile pc=0x0000000002862ddc method=java.util.concurrent.ConcurrentHashMap.putVal(Ljava/lang/Object;Ljava/lang/Object;Z)Ljava/lang/Object; @ 192
Event: 33.339 Thread 0x0000000027672800 Uncommon trap: reason=class_check action=maybe_recompile pc=0x0000000002862ddc method=java.util.concurrent.ConcurrentHashMap.putVal(Ljava/lang/Object;Ljava/lang/Object;Z)Ljava/lang/Object; @ 192
Event: 33.339 Thread 0x0000000027672800 Uncommon trap: reason=class_check action=maybe_recompile pc=0x0000000002862ddc method=java.util.concurrent.ConcurrentHashMap.putVal(Ljava/lang/Object;Ljava/lang/Object;Z)Ljava/lang/Object; @ 192
Event: 33.339 Thread 0x0000000027672800 Uncommon trap: reason=class_check action=maybe_recompile pc=0x0000000002862ddc method=java.util.concurrent.ConcurrentHashMap.putVal(Ljava/lang/Object;Ljava/lang/Object;Z)Ljava/lang/Object; @ 192
Event: 33.675 Thread 0x00000000022a4800 Uncommon trap: reason=unstable_if action=reinterpret pc=0x0000000002996bd4 method=cpw.mods.fml.relauncher.FMLSecurityManager.checkPermission(Ljava/security/Permission;)V @ 23

Internal exceptions (10 events):
Event: 33.021 Thread 0x0000000027679000 Exception <a 'java/lang/InterruptedException': sleep interrupted> (0x000000077c544208) thrown at [C:\re\workspace\8-2-build-windows-amd64-cygwin\jdk8u45\3627\hotspot\src\share\vm\prims\jvm.cpp, line 3211]
Event: 33.037 Thread 0x0000000027679000 Exception <a 'java/lang/InterruptedException': sleep interrupted> (0x000000077c544458) thrown at [C:\re\workspace\8-2-build-windows-amd64-cygwin\jdk8u45\3627\hotspot\src\share\vm\prims\jvm.cpp, line 3211]
Event: 33.037 Thread 0x0000000027679000 Exception <a 'java/lang/InterruptedException': sleep interrupted> (0x000000077c5446a8) thrown at [C:\re\workspace\8-2-build-windows-amd64-cygwin\jdk8u45\3627\hotspot\src\share\vm\prims\jvm.cpp, line 3163]
Event: 33.055 Thread 0x0000000027679000 Exception <a 'java/lang/InterruptedException': sleep interrupted> (0x000000077c5448a8) thrown at [C:\re\workspace\8-2-build-windows-amd64-cygwin\jdk8u45\3627\hotspot\src\share\vm\prims\jvm.cpp, line 3211]
Event: 33.055 Thread 0x0000000027679000 Exception <a 'java/lang/InterruptedException': sleep interrupted> (0x000000077c544ad0) thrown at [C:\re\workspace\8-2-build-windows-amd64-cygwin\jdk8u45\3627\hotspot\src\share\vm\prims\jvm.cpp, line 3211]
Event: 33.079 Thread 0x0000000027679000 Exception <a 'java/lang/InterruptedException': sleep interrupted> (0x000000077c544cf8) thrown at [C:\re\workspace\8-2-build-windows-amd64-cygwin\jdk8u45\3627\hotspot\src\share\vm\prims\jvm.cpp, line 3211]
Event: 33.087 Thread 0x0000000027679000 Exception <a 'java/lang/InterruptedException': sleep interrupted> (0x000000077c544f48) thrown at [C:\re\workspace\8-2-build-windows-amd64-cygwin\jdk8u45\3627\hotspot\src\share\vm\prims\jvm.cpp, line 3211]
Event: 33.105 Thread 0x0000000027679000 Exception <a 'java/lang/InterruptedException': sleep interrupted> (0x000000077c545198) thrown at [C:\re\workspace\8-2-build-windows-amd64-cygwin\jdk8u45\3627\hotspot\src\share\vm\prims\jvm.cpp, line 3211]
Event: 33.105 Thread 0x0000000027679000 Exception <a 'java/lang/InterruptedException': sleep interrupted> (0x000000077c5453c0) thrown at [C:\re\workspace\8-2-build-windows-amd64-cygwin\jdk8u45\3627\hotspot\src\share\vm\prims\jvm.cpp, line 3211]
Event: 33.139 Thread 0x0000000027679000 Exception <a 'java/lang/InterruptedException': sleep interrupted> (0x000000077c5455e8) thrown at [C:\re\workspace\8-2-build-windows-amd64-cygwin\jdk8u45\3627\hotspot\src\share\vm\prims\jvm.cpp, line 3211]

Events (10 events):
Event: 33.677 loading class javax/servlet/ServletContext done
Event: 33.677 Thread 0x0000000027e18000 Thread added: 0x0000000027e18000
Event: 33.677 Thread 0x0000000027675800 Thread exited: 0x0000000027675800
Event: 33.678 loading class sun/java2d/pipe/hw/AccelDeviceEventNotifier
Event: 33.678 loading class sun/java2d/pipe/hw/AccelDeviceEventNotifier done
Event: 33.678 Thread 0x0000000027e1b800 Thread exited: 0x0000000027e1b800
Event: 33.681 Thread 0x0000000026934000 Thread exited: 0x0000000026934000
Event: 33.713 Thread 0x000000001e221000 Thread exited: 0x000000001e221000
Event: 33.778 Thread 0x0000000027e19000 Thread exited: 0x0000000027e19000
Event: 33.778 Executing VM operation: Exit


Dynamic libraries:
0x00007ff75e230000 - 0x00007ff75e267000 	C:\Program Files\Java\jre1.8.0_45\bin\javaw.exe
0x00007ffe04fc0000 - 0x00007ffe05181000 	C:\WINDOWS\SYSTEM32\ntdll.dll
0x00007ffe02800000 - 0x00007ffe028ad000 	C:\WINDOWS\system32\KERNEL32.DLL
0x00007ffe01670000 - 0x00007ffe01858000 	C:\WINDOWS\system32\KERNELBASE.dll
0x00007ffe04b20000 - 0x00007ffe04bc7000 	C:\WINDOWS\system32\ADVAPI32.dll
0x00007ffe04f20000 - 0x00007ffe04fbd000 	C:\WINDOWS\system32\msvcrt.dll
0x00007ffe04e80000 - 0x00007ffe04edb000 	C:\WINDOWS\system32\sechost.dll
0x00007ffe04d60000 - 0x00007ffe04e7c000 	C:\WINDOWS\system32\RPCRT4.dll
0x00007ffe04740000 - 0x00007ffe04896000 	C:\WINDOWS\system32\USER32.dll
0x00007ffe04bd0000 - 0x00007ffe04d56000 	C:\WINDOWS\system32\GDI32.dll
0x00007ffdf44c0000 - 0x00007ffdf4734000 	C:\WINDOWS\WinSxS\amd64_microsoft.windows.common-controls_6595b64144ccf1df_6.0.10586.0_none_8c15ae12515e1c22\COMCTL32.dll
0x00007ffe029a0000 - 0x00007ffe02c1d000 	C:\WINDOWS\system32\combase.dll
0x00007ffe02350000 - 0x00007ffe023ba000 	C:\WINDOWS\system32\bcryptPrimitives.dll
0x00007ffe04ee0000 - 0x00007ffe04f1b000 	C:\WINDOWS\system32\IMM32.DLL
0x0000000052d60000 - 0x0000000052e32000 	C:\Program Files\Java\jre1.8.0_45\bin\msvcr100.dll
0x0000000052f10000 - 0x0000000053793000 	C:\Program Files\Java\jre1.8.0_45\bin\server\jvm.dll
0x00007ffe02c30000 - 0x00007ffe02c38000 	C:\WINDOWS\system32\PSAPI.DLL
0x00007ffdfe750000 - 0x00007ffdfe759000 	C:\WINDOWS\SYSTEM32\WSOCK32.dll
0x00007ffe03000000 - 0x00007ffe0306b000 	C:\WINDOWS\system32\WS2_32.dll
0x00007ffdffce0000 - 0x00007ffdffd03000 	C:\WINDOWS\SYSTEM32\WINMM.dll
0x00007ffdfcbd0000 - 0x00007ffdfcbda000 	C:\WINDOWS\SYSTEM32\VERSION.dll
0x00007ffdffba0000 - 0x00007ffdffbcc000 	C:\WINDOWS\SYSTEM32\WINMMBASE.dll
0x00007ffe01ae0000 - 0x00007ffe01b23000 	C:\WINDOWS\system32\cfgmgr32.dll
0x0000000052f00000 - 0x0000000052f0f000 	C:\Program Files\Java\jre1.8.0_45\bin\verify.dll
0x0000000052ed0000 - 0x0000000052ef9000 	C:\Program Files\Java\jre1.8.0_45\bin\java.dll
0x0000000052eb0000 - 0x0000000052ec6000 	C:\Program Files\Java\jre1.8.0_45\bin\zip.dll
0x00007ffe030d0000 - 0x00007ffe0462c000 	C:\WINDOWS\system32\SHELL32.dll
0x00007ffe01b30000 - 0x00007ffe02175000 	C:\WINDOWS\system32\windows.storage.dll
0x00007ffe03070000 - 0x00007ffe030c2000 	C:\WINDOWS\system32\shlwapi.dll
0x00007ffe01660000 - 0x00007ffe0166f000 	C:\WINDOWS\system32\kernel.appcore.dll
0x00007ffe01990000 - 0x00007ffe01a45000 	C:\WINDOWS\system32\shcore.dll
0x00007ffe01610000 - 0x00007ffe0165b000 	C:\WINDOWS\system32\powrprof.dll
0x00007ffe015f0000 - 0x00007ffe01604000 	C:\WINDOWS\system32\profapi.dll
0x0000000052d50000 - 0x0000000052d5d000 	C:\Program Files\Java\jre1.8.0_45\bin\management.dll
0x0000000052e90000 - 0x0000000052eaa000 	C:\Program Files\Java\jre1.8.0_45\bin\net.dll
0x00007ffe00eb0000 - 0x00007ffe00f0c000 	C:\WINDOWS\system32\mswsock.dll
0x0000000052e70000 - 0x0000000052e81000 	C:\Program Files\Java\jre1.8.0_45\bin\nio.dll
0x00007ffdf6450000 - 0x00007ffdf6466000 	C:\WINDOWS\system32\napinsp.dll
0x00007ffdf6470000 - 0x00007ffdf648a000 	C:\WINDOWS\system32\pnrpnsp.dll
0x00007ffdfd600000 - 0x00007ffdfd618000 	C:\WINDOWS\system32\NLAapi.dll
0x00007ffdfff60000 - 0x00007ffe0000a000 	C:\WINDOWS\SYSTEM32\DNSAPI.dll
0x00007ffe023c0000 - 0x00007ffe023c8000 	C:\WINDOWS\system32\NSI.dll
0x00007ffdf66b0000 - 0x00007ffdf66bd000 	C:\WINDOWS\System32\winrnr.dll
0x00007ffdfb9d0000 - 0x00007ffdfb9da000 	C:\Windows\System32\rasadhlp.dll
0x00007ffdfe070000 - 0x00007ffdfe0a8000 	C:\WINDOWS\SYSTEM32\IPHLPAPI.DLL
0x00007ffdfbf20000 - 0x00007ffdfbf87000 	C:\WINDOWS\System32\fwpuclnt.dll
0x00007ffe01510000 - 0x00007ffe01539000 	C:\WINDOWS\SYSTEM32\bcrypt.dll
0x0000000052bb0000 - 0x0000000052d48000 	C:\Program Files\Java\jre1.8.0_45\bin\awt.dll
0x00007ffe028b0000 - 0x00007ffe02971000 	C:\WINDOWS\system32\OLEAUT32.dll
0x00007ffdffdd0000 - 0x00007ffdffe49000 	C:\WINDOWS\system32\apphelp.dll
0x00007ffe00010000 - 0x00007ffe000a6000 	C:\WINDOWS\system32\uxtheme.dll
0x00007ffe02ea0000 - 0x00007ffe02ffa000 	C:\WINDOWS\system32\MSCTF.dll
0x00007ffdebb30000 - 0x00007ffdebb58000 	C:\Program Files (x86)\Raptr\ltc_help64-106568.dll
0x00007ffe01910000 - 0x00007ffe01965000 	C:\WINDOWS\system32\WINTRUST.dll
0x00007ffe015e0000 - 0x00007ffe015f0000 	C:\WINDOWS\system32\MSASN1.dll
0x00007ffe02180000 - 0x00007ffe02347000 	C:\WINDOWS\system32\CRYPT32.dll
0x00007ffdf7ae0000 - 0x00007ffdf7b29000 	F:\Applications\TeamViewer\tv_x64.dll
0x00007ffe049d0000 - 0x00007ffe04b13000 	C:\WINDOWS\system32\ole32.dll
0x00007ffdfea30000 - 0x00007ffdfea52000 	C:\WINDOWS\system32\dwmapi.dll
0x0000000052b60000 - 0x0000000052ba7000 	C:\Program Files\Java\jre1.8.0_45\bin\fontmanager.dll
0x00007ffddb700000 - 0x00007ffddb910000 	C:\WINDOWS\system32\d3d9.dll
0x0000000052b10000 - 0x0000000052b51000 	C:\Program Files\Java\jre1.8.0_45\bin\t2k.dll
0x0000000180000000 - 0x0000000180051000 	C:\Users\Matt\.gradle\caches\minecraft\net\minecraft\minecraft_natives\1.7.10\lwjgl64.dll
0x00007ffdea1d0000 - 0x00007ffdea2f9000 	C:\WINDOWS\SYSTEM32\OPENGL32.dll
0x00007ffdf39f0000 - 0x00007ffdf3a1e000 	C:\WINDOWS\SYSTEM32\GLU32.dll
0x00007ffde0e80000 - 0x00007ffde0f7a000 	C:\WINDOWS\SYSTEM32\DDRAW.dll
0x00007ffdf7a80000 - 0x00007ffdf7a88000 	C:\WINDOWS\SYSTEM32\DCIMAN32.dll
0x00007ffe00f60000 - 0x00007ffe00f77000 	C:\WINDOWS\SYSTEM32\CRYPTSP.dll
0x00007ffe00bf0000 - 0x00007ffe00c24000 	C:\WINDOWS\system32\rsaenh.dll
0x00007ffe00d40000 - 0x00007ffe00d5f000 	C:\WINDOWS\SYSTEM32\USERENV.dll
0x00007ffe01080000 - 0x00007ffe0108b000 	C:\WINDOWS\SYSTEM32\CRYPTBASE.dll
0x00007ffdfda30000 - 0x00007ffdfda46000 	C:\WINDOWS\SYSTEM32\dhcpcsvc6.DLL
0x00007ffdfd990000 - 0x00007ffdfd9aa000 	C:\WINDOWS\SYSTEM32\dhcpcsvc.DLL
0x00007ffdf5650000 - 0x00007ffdf5668000 	C:\WINDOWS\SYSTEM32\atig6pxx.dll
0x0000000050d10000 - 0x0000000052b10000 	C:\WINDOWS\SYSTEM32\atio6axx.dll
0x00007ffe023d0000 - 0x00007ffe027f9000 	C:\WINDOWS\system32\SETUPAPI.dll
0x00007ffddce30000 - 0x00007ffddcf71000 	C:\WINDOWS\SYSTEM32\atiadlxx.dll
0x00007ffdff3d0000 - 0x00007ffdff556000 	C:\WINDOWS\SYSTEM32\PROPSYS.dll
0x00007ffdff590000 - 0x00007ffdff5a3000 	C:\WINDOWS\SYSTEM32\WTSAPI32.dll
0x00007ffe000b0000 - 0x00007ffe000d7000 	C:\WINDOWS\SYSTEM32\DEVOBJ.dll
0x00007ffdf39c0000 - 0x00007ffdf39ec000 	C:\WINDOWS\SYSTEM32\atig6txx.dll
0x00007ffde0bb0000 - 0x00007ffde0c41000 	C:\WINDOWS\SYSTEM32\mscms.dll
0x00007ffdebcb0000 - 0x00007ffdebcf2000 	C:\WINDOWS\SYSTEM32\icm32.dll
0x0000000070a40000 - 0x0000000070adc000 	C:\Users\Matt\.gradle\caches\minecraft\net\minecraft\minecraft_natives\1.7.10\avutil-ttv-51.dll
0x0000000065980000 - 0x00000000659d6000 	C:\Users\Matt\.gradle\caches\minecraft\net\minecraft\minecraft_natives\1.7.10\swresample-ttv-0.dll
0x000000006eb80000 - 0x000000006ec50000 	C:\Users\Matt\.gradle\caches\minecraft\net\minecraft\minecraft_natives\1.7.10\libmp3lame-ttv.dll
0x00007ffdcf080000 - 0x00007ffdd0424000 	C:\Users\Matt\.gradle\caches\minecraft\net\minecraft\minecraft_natives\1.7.10\libmfxsw64.dll
0x00007ffdea0a0000 - 0x00007ffdea1cb000 	C:\Users\Matt\.gradle\caches\minecraft\net\minecraft\minecraft_natives\1.7.10\twitchsdk.dll
0x00007ffdf0ca0000 - 0x00007ffdf0f49000 	C:\WINDOWS\SYSTEM32\WININET.dll
0x0000000052e40000 - 0x0000000052e64000 	C:\Program Files\Java\jre1.8.0_45\bin\sunec.dll
0x00007ffe02980000 - 0x00007ffe0299c000 	C:\WINDOWS\system32\imagehlp.dll
0x00007ffe005d0000 - 0x00007ffe005f4000 	C:\WINDOWS\SYSTEM32\gpapi.dll
0x00007ffdf8df0000 - 0x00007ffdf8e1f000 	C:\Windows\System32\cryptnet.dll
0x00007ffdfddd0000 - 0x00007ffdfdddb000 	C:\WINDOWS\SYSTEM32\WINNSI.DLL
0x00007ffde99b0000 - 0x00007ffde9bf8000 	C:\PROGRA~2\Raptr\ltc_game64-106568.dll
0x00000000206f0000 - 0x0000000020754000 	C:\Users\Matt\.gradle\caches\minecraft\net\minecraft\minecraft_natives\1.7.10\OpenAL64.dll
0x00007ffe02df0000 - 0x00007ffe02e97000 	C:\WINDOWS\system32\clbcatq.dll
0x00007ffdfca90000 - 0x00007ffdfcb00000 	C:\WINDOWS\System32\MMDevApi.dll
0x00007ffde44c0000 - 0x00007ffde455c000 	C:\WINDOWS\SYSTEM32\dsound.dll
0x00007ffde4650000 - 0x00007ffde46d8000 	C:\WINDOWS\SYSTEM32\AUDIOSES.DLL
0x00007ffdfa640000 - 0x00007ffdfa776000 	C:\WINDOWS\SYSTEM32\wintypes.dll
0x00007ffdfce90000 - 0x00007ffdfd01c000 	C:\WINDOWS\SYSTEM32\dbghelp.dll

VM Arguments:
jvm_args: -Dfile.encoding=Cp1252 
java_command: GradleStart
java_class_path (initial): F:\Minecraft Mods\Armerger\bin;C:\Users\Matt\.gradle\caches\minecraft\net\minecraftforge\forge\1.7.10-10.13.4.1481-1.7.10\forgeSrc-1.7.10-10.13.4.1481-1.7.10.jar;C:\Users\Matt\.gradle\caches\modules-2\files-2.1\net.minecraft\launchwrapper\1.12\111e7bea9c968cdb3d06ef4632bf7ff0824d0f36\launchwrapper-1.12.jar;C:\Users\Matt\.gradle\caches\modules-2\files-2.1\com.google.code.findbugs\jsr305\1.3.9\40719ea6961c0cb6afaeb6a921eaa1f6afd4cfdf\jsr305-1.3.9.jar;C:\Users\Matt\.gradle\caches\modules-2\files-2.1\org.ow2.asm\asm-debug-all\5.0.3\f9e364ae2a66ce2a543012a4668856e84e5dab74\asm-debug-all-5.0.3.jar;C:\Users\Matt\.gradle\caches\modules-2\files-2.1\com.typesafe.akka\akka-actor_2.11\2.3.3\ed62e9fc709ca0f2ff1a3220daa8b70a2870078e\akka-actor_2.11-2.3.3.jar;C:\Users\Matt\.gradle\caches\modules-2\files-2.1\com.typesafe\config\1.2.1\f771f71fdae3df231bcd54d5ca2d57f0bf93f467\config-1.2.1.jar;C:\Users\Matt\.gradle\caches\modules-2\files-2.1\org.scala-lang\scala-actors-migration_2.11\1.1.0\dfa8bc42b181d5b9f1a5dd147f8ae308b893eb6f\scala-actors-migration_2.11-1.1.0.jar;C:\Users\Matt\.gradle\caches\modules-2\files-2.1\org.scala-lang\scala-compiler\2.11.1\56ea2e6c025e0821f28d73ca271218b8dd04926a\scala-compiler-2.11.1.jar;C:\Users\Matt\.gradle\caches\modules-2\files-2.1\org.scala-lang.plugins\scala-continuations-library_2.11\1.0.2\e517c53a7e9acd6b1668c5a35eccbaa3bab9aac\scala-continuations-library_2.11-1.0.2.jar;C:\Users\Matt\.gradle\caches\modules-2\files-2.1\org.scala-lang.plugins\scala-continuations-plugin_2.11.1\1.0.2\f361a3283452c57fa30c1ee69448995de23c60f7\scala-continuations-plugin_2.11.1-1.0.2.jar;C:\Users\Matt\.gradle\caches\modules-2\files-2.1\org.scala-lang\scala-library\2.11.1\e11da23da3eabab9f4777b9220e60d44c1aab6a\scala-library-2.11.1.jar;C:\Users\Matt\.gradle\caches\modules-2\files-2.1\org.scala-lang\scala-parser-combinators_2.11\1.0.1\f05d7345bf5a58924f2837c6c1f4d73a938e1ff0\scala-parser-combinators_2.11-1.0.1.jar;C:\Users\Matt\.gradle\caches\mo
Launcher Type: SUN_STANDARD

Environment Variables:
JAVA_HOME=C:\Program Files\Java\jdk1.8.0_45
PATH=C:/Program Files/Java/jre1.8.0_45/bin/server;C:/Program Files/Java/jre1.8.0_45/bin;C:/Program Files/Java/jre1.8.0_45/lib/amd64;C:\ProgramData\Oracle\Java\javapath;C:\WINDOWS\system32;C:\WINDOWS;C:\WINDOWS\System32\Wbem;C:\WINDOWS\System32\WindowsPowerShell\v1.0\;C:\Program Files (x86)\ATI Technologies\ATI.ACE\Core-Static;C:\Program Files\Microsoft\Web Platform Installer\;C:\Program Files (x86)\Microsoft ASP.NET\ASP.NET Web Pages\v1.0\;C:\Program Files (x86)\Windows Kits\8.0\Windows Performance Toolkit\;C:\Program Files\Microsoft SQL Server\110\Tools\Binn\;F:\Applications\TortoiseSVN\bin;C:\Program Files (x86)\AMD\ATI.ACE\Core-Static;C:\Program Files (x86)\Skype\Phone\;C:\Program Files\nodejs\;C:\Program Files\Java\jdk1.8.0_45\bin;C:\Users\Matt\AppData\Roaming\npm;F:\Applications\Eclipse\eclipse;
USERNAME=Matt
OS=Windows_NT
PROCESSOR_IDENTIFIER=Intel64 Family 6 Model 60 Stepping 3, GenuineIntel



---------------  S Y S T E M  ---------------

OS: Windows 10.0 , 64 bit Build 10586 (10.0.10586.0)

CPU:total 4 (4 cores per cpu, 1 threads per core) family 6 model 60 stepping 3, cmov, cx8, fxsr, mmx, sse, sse2, sse3, ssse3, sse4.1, sse4.2, popcnt, avx, avx2, aes, clmul, erms, lzcnt, tsc, tscinvbit, bmi1, bmi2

Memory: 4k page, physical 16723940k(8669712k free), swap 19214308k(7568188k free)

vm_info: Java HotSpot(TM) 64-Bit Server VM (25.45-b02) for windows-amd64 JRE (1.8.0_45-b15), built on Apr 30 2015 12:40:44 by "java_re" with MS VC++ 10.0 (VS2010)

time: Tue Feb 16 21:20:33 2016
elapsed time: 34 seconds (0d 0h 0m 34s)

