#
# A fatal error has been detected by the Java Runtime Environment:
#
#  EXCEPTION_ACCESS_VIOLATION (0xc0000005) at pc=0x00007ffdea2b2224, pid=11848, tid=8204
#
# JRE version: Java(TM) SE Runtime Environment (8.0_45-b15) (build 1.8.0_45-b15)
# Java VM: Java HotSpot(TM) 64-Bit Server VM (25.45-b02 mixed mode windows-amd64 compressed oops)
# Problematic frame:
# C  [OPENGL32.dll+0xe2224]
#
# Failed to write core dump. Minidumps are not enabled by default on client versions of Windows
#
# If you would like to submit a bug report, please visit:
#   http://bugreport.java.com/bugreport/crash.jsp
#

---------------  T H R E A D  ---------------

Current thread (0x000000001b9d6800):  VMThread [stack: 0x000000001ca70000,0x000000001cb70000] [id=8204]

siginfo: ExceptionCode=0xc0000005, reading address 0x0000000000000a38

Registers:
RAX=0x0000000000000000, RBX=0x000000002f7343a0, RCX=0x0000000000000001, RDX=0x000000002f7343a8
RSP=0x000000001cb6f408, RBP=0x0000000000000000, RSI=0x000000002f735f90, RDI=0x000000002f735f90
R8 =0x000000001cb6f488, R9 =0x0000000002353e70, R10=0x0000000000000000, R11=0x0000000000000246
R12=0x0000000000000000, R13=0x0000000025018cc0, R14=0x0000000025018b70, R15=0x0000000000000000
RIP=0x00007ffdea2b2224, EFLAGS=0x0000000000010283

Top of Stack: (sp=0x000000001cb6f408)
0x000000001cb6f408:   00007ffde9a1244b 0000000025018cc0
0x000000001cb6f418:   0000000000000001 0000000025010000
0x000000001cb6f428:   00007ffe04fe0a19 0000000000000000
0x000000001cb6f438:   00007ffde9a17f17 0000000000000000
0x000000001cb6f448:   0000000000000000 0000000025018ca0
0x000000001cb6f458:   00007ffde9a17283 fffffffffffffffe
0x000000001cb6f468:   000000001cb6f4d0 0000000000000000
0x000000001cb6f478:   00007ffde9a187c9 000000002f735f90
0x000000001cb6f488:   000000002f738370 0000000002353e70
0x000000001cb6f498:   00007ffde9a95700 fffffffffffffffe
0x000000001cb6f4a8:   000000002501b1c0 0000000000000001
0x000000001cb6f4b8:   0000000025018c98 0000000025018b70
0x000000001cb6f4c8:   00007ffde9a9d7ad 00007ffde9bd65b0
0x000000001cb6f4d8:   00007ffde9b01930 0000000002353e70
0x000000001cb6f4e8:   00007ffe05032ab7 0000000025018c98
0x000000001cb6f4f8:   0000000025018b70 0000000025018b70 

Instructions: (pc=0x00007ffdea2b2224)
0x00007ffdea2b2204:   cc cc cc cc cc cc 66 0f 1f 44 00 00 8b 05 f2 7d
0x00007ffdea2b2214:   01 00 83 f8 40 73 0f 65 48 8b 04 c5 80 14 00 00
0x00007ffdea2b2224:   ff a0 38 0a 00 00 b8 47 01 00 00 e9 ec d4 ff ff
0x00007ffdea2b2234:   cc cc cc cc cc cc 66 0f 1f 44 00 00 8b 05 c2 7d 


Register to memory mapping:

RAX=0x0000000000000000 is an unknown value
RBX=0x000000002f7343a0 is an unknown value
RCX=0x0000000000000001 is an unknown value
RDX=0x000000002f7343a8 is an unknown value
RSP=0x000000001cb6f408 is an unknown value
RBP=0x0000000000000000 is an unknown value
RSI=0x000000002f735f90 is an unknown value
RDI=0x000000002f735f90 is an unknown value
R8 =0x000000001cb6f488 is an unknown value
R9 =0x0000000002353e70 is an unknown value
R10=0x0000000000000000 is an unknown value
R11=0x0000000000000246 is an unknown value
R12=0x0000000000000000 is an unknown value
R13=0x0000000025018cc0 is an unknown value
R14=0x0000000025018b70 is an unknown value
R15=0x0000000000000000 is an unknown value


Stack: [0x000000001ca70000,0x000000001cb70000],  sp=0x000000001cb6f408,  free space=1021k
Native frames: (J=compiled Java code, j=interpreted, Vv=VM code, C=native code)

VM_Operation (0x00000000020be170): Exit, mode: safepoint, requested by thread 0x00000000022b4800


---------------  P R O C E S S  ---------------

Java Threads: ( => current thread )
  0x0000000029930800 JavaThread "AWT-Shutdown" [_thread_blocked, id=2152, stack(0x000000003f3d0000,0x000000003f4d0000)]
  0x0000000029934800 JavaThread "File IO Thread" [_thread_blocked, id=14664, stack(0x000000003d5b0000,0x000000003d6b0000)]
  0x000000002992d000 JavaThread "pool-2-thread-1" [_thread_blocked, id=348, stack(0x000000003b370000,0x000000003b470000)]
  0x0000000029933800 JavaThread "Netty IO #1" daemon [_thread_blocked, id=7580, stack(0x000000003b070000,0x000000003b170000)]
  0x000000002992f000 JavaThread "Netty Client IO #0" daemon [_thread_blocked, id=3908, stack(0x000000003af70000,0x000000003b070000)]
  0x000000002992c000 JavaThread "Netty IO #0" daemon [_thread_blocked, id=10064, stack(0x000000003ae70000,0x000000003af70000)]
  0x0000000029930000 JavaThread "Thread-10" [_thread_blocked, id=13460, stack(0x0000000037250000,0x0000000037350000)]
  0x00000000271e1000 JavaThread "Keep-Alive-Timer" daemon [_thread_blocked, id=8172, stack(0x0000000035a10000,0x0000000035b10000)]
  0x00000000271e0800 JavaThread "LWJGL Timer" daemon [_thread_blocked, id=4392, stack(0x000000002f9a0000,0x000000002faa0000)]
  0x0000000021cdb800 JavaThread "Timer hack thread" daemon [_thread_blocked, id=624, stack(0x0000000026320000,0x0000000026420000)]
  0x00000000253bb800 JavaThread "Snooper Timer" daemon [_thread_blocked, id=4236, stack(0x0000000026220000,0x0000000026320000)]
  0x000000001e2fb000 JavaThread "Java2D Disposer" daemon [_thread_blocked, id=3308, stack(0x0000000020170000,0x0000000020270000)]
  0x000000001ba6d800 JavaThread "Service Thread" daemon [_thread_blocked, id=12540, stack(0x000000001d670000,0x000000001d770000)]
  0x000000001ba1b000 JavaThread "C1 CompilerThread2" daemon [_thread_blocked, id=13440, stack(0x000000001d170000,0x000000001d270000)]
  0x000000001ba18000 JavaThread "C2 CompilerThread1" daemon [_thread_blocked, id=13700, stack(0x000000001d070000,0x000000001d170000)]
  0x000000001ba11800 JavaThread "C2 CompilerThread0" daemon [_thread_blocked, id=11120, stack(0x000000001cf70000,0x000000001d070000)]
  0x000000001ba10000 JavaThread "Attach Listener" daemon [_thread_blocked, id=13300, stack(0x000000001ce70000,0x000000001cf70000)]
  0x000000001ba0e800 JavaThread "Signal Dispatcher" daemon [_thread_blocked, id=4496, stack(0x000000001cd70000,0x000000001ce70000)]
  0x00000000023aa800 JavaThread "Finalizer" daemon [_thread_blocked, id=11704, stack(0x000000001cc70000,0x000000001cd70000)]
  0x00000000023a2800 JavaThread "Reference Handler" daemon [_thread_blocked, id=4252, stack(0x000000001cb70000,0x000000001cc70000)]
  0x00000000022b4800 JavaThread "Client thread" [_thread_blocked, id=12804, stack(0x0000000001fc0000,0x00000000020c0000)]

Other Threads:
=>0x000000001b9d6800 VMThread [stack: 0x000000001ca70000,0x000000001cb70000] [id=8204]

VM state:at safepoint (shutting down)

VM Mutex/Monitor currently owned by a thread:  ([mutex/lock_event])
[0x00000000022b1950] Threads_lock - owner thread: 0x000000001b9d6800

Heap:
 PSYoungGen      total 1312768K, used 70125K [0x000000076af00000, 0x00000007c0000000, 0x00000007c0000000)
  eden space 1240064K, 5% used [0x000000076af00000,0x000000076f37b4d8,0x00000007b6a00000)
  from space 72704K, 0% used [0x00000007bb900000,0x00000007bb900000,0x00000007c0000000)
  to   space 76800K, 0% used [0x00000007b6a00000,0x00000007b6a00000,0x00000007bb500000)
 ParOldGen       total 237568K, used 231218K [0x00000006c0c00000, 0x00000006cf400000, 0x000000076af00000)
  object space 237568K, 97% used [0x00000006c0c00000,0x00000006cedcc948,0x00000006cf400000)
 Metaspace       used 52090K, capacity 52535K, committed 53040K, reserved 1095680K
  class space    used 6419K, capacity 6577K, committed 6704K, reserved 1048576K

Card table byte_map: [0x0000000011770000,0x0000000011f70000] byte_map_base: 0x000000000e16a000

Marking Bits: (ParMarkBitMap*) 0x0000000053714040
 Begin Bits: [0x00000000128d0000, 0x00000000168a0000)
 End Bits:   [0x00000000168a0000, 0x000000001a870000)

Polling page: 0x0000000000510000

CodeCache: size=245760Kb used=31723Kb max_used=33419Kb free=214036Kb
 bounds [0x00000000023b0000, 0x0000000004490000, 0x00000000113b0000]
 total_blobs=8526 nmethods=7580 adapters=854
 compilation: enabled

Compilation events (10 events):
Event: 33.610 Thread 0x000000001ba1b000 10808       3       java.util.logging.LogManager$LoggerContext::getGlobalLogger (6 bytes)
Event: 33.610 Thread 0x000000001ba1b000 nmethod 10808 0x000000000318f350 code [0x000000000318f4a0, 0x000000000318f5f0]
Event: 33.611 Thread 0x000000001ba1b000 10809       3       org.apache.logging.log4j.core.helpers.NameUtil::getSubName (32 bytes)
Event: 33.611 Thread 0x000000001ba1b000 nmethod 10809 0x0000000003b1ea90 code [0x0000000003b1ec20, 0x0000000003b1f1b8]
Event: 33.611 Thread 0x000000001ba1b000 10810       1       org.apache.logging.log4j.core.config.LoggerConfig::getLevel (5 bytes)
Event: 33.611 Thread 0x000000001ba1b000 nmethod 10810 0x00000000033543d0 code [0x0000000003354520, 0x0000000003354630]
Event: 33.690 Thread 0x000000001ba1b000 10811   !   3       net.minecraft.world.storage.ThreadedFileIOBase::processQueue (124 bytes)
Event: 33.690 Thread 0x000000001ba1b000 nmethod 10811 0x0000000004092e90 code [0x00000000040930c0, 0x0000000004093cc8]
Event: 33.690 Thread 0x000000001ba1b000 10812   !   3       java.util.Collections$SynchronizedCollection::isEmpty (24 bytes)
Event: 33.690 Thread 0x000000001ba1b000 nmethod 10812 0x0000000003daf250 code [0x0000000003daf3c0, 0x0000000003daf788]

GC Heap History (10 events):
Event: 21.677 GC heap before
{Heap before GC invocations=21 (full 5):
 PSYoungGen      total 1320448K, used 0K [0x000000076af00000, 0x00000007bf780000, 0x00000007c0000000)
  eden space 1255936K, 0% used [0x000000076af00000,0x000000076af00000,0x00000007b7980000)
  from space 64512K, 0% used [0x00000007bb880000,0x00000007bb880000,0x00000007bf780000)
  to   space 64512K, 0% used [0x00000007b7980000,0x00000007b7980000,0x00000007bb880000)
 ParOldGen       total 237568K, used 141630K [0x00000006c0c00000, 0x00000006cf400000, 0x000000076af00000)
  object space 237568K, 59% used [0x00000006c0c00000,0x00000006c964fb00,0x00000006cf400000)
 Metaspace       used 44997K, capacity 45443K, committed 45872K, reserved 1089536K
  class space    used 5769K, capacity 5917K, committed 5936K, reserved 1048576K
Event: 21.769 GC heap after
Heap after GC invocations=21 (full 5):
 PSYoungGen      total 1320448K, used 0K [0x000000076af00000, 0x00000007bf780000, 0x00000007c0000000)
  eden space 1255936K, 0% used [0x000000076af00000,0x000000076af00000,0x00000007b7980000)
  from space 64512K, 0% used [0x00000007bb880000,0x00000007bb880000,0x00000007bf780000)
  to   space 64512K, 0% used [0x00000007b7980000,0x00000007b7980000,0x00000007bb880000)
 ParOldGen       total 237568K, used 141630K [0x00000006c0c00000, 0x00000006cf400000, 0x000000076af00000)
  object space 237568K, 59% used [0x00000006c0c00000,0x00000006c964fb00,0x00000006cf400000)
 Metaspace       used 44997K, capacity 45443K, committed 45872K, reserved 1089536K
  class space    used 5769K, capacity 5917K, committed 5936K, reserved 1048576K
}
Event: 23.374 GC heap before
{Heap before GC invocations=22 (full 5):
 PSYoungGen      total 1320448K, used 603806K [0x000000076af00000, 0x00000007bf780000, 0x00000007c0000000)
  eden space 1255936K, 48% used [0x000000076af00000,0x000000078fca7898,0x00000007b7980000)
  from space 64512K, 0% used [0x00000007bb880000,0x00000007bb880000,0x00000007bf780000)
  to   space 64512K, 0% used [0x00000007b7980000,0x00000007b7980000,0x00000007bb880000)
 ParOldGen       total 237568K, used 141630K [0x00000006c0c00000, 0x00000006cf400000, 0x000000076af00000)
  object space 237568K, 59% used [0x00000006c0c00000,0x00000006c964fb00,0x00000006cf400000)
 Metaspace       used 49231K, capacity 49657K, committed 50224K, reserved 1093632K
  class space    used 6221K, capacity 6348K, committed 6448K, reserved 1048576K
Event: 23.391 GC heap after
Heap after GC invocations=22 (full 5):
 PSYoungGen      total 1320448K, used 54451K [0x000000076af00000, 0x00000007c0000000, 0x00000007c0000000)
  eden space 1255936K, 0% used [0x000000076af00000,0x000000076af00000,0x00000007b7980000)
  from space 64512K, 84% used [0x00000007b7980000,0x00000007baeacf30,0x00000007bb880000)
  to   space 72704K, 0% used [0x00000007bb900000,0x00000007bb900000,0x00000007c0000000)
 ParOldGen       total 237568K, used 141638K [0x00000006c0c00000, 0x00000006cf400000, 0x000000076af00000)
  object space 237568K, 59% used [0x00000006c0c00000,0x00000006c9651b00,0x00000006cf400000)
 Metaspace       used 49231K, capacity 49657K, committed 50224K, reserved 1093632K
  class space    used 6221K, capacity 6348K, committed 6448K, reserved 1048576K
}
Event: 23.391 GC heap before
{Heap before GC invocations=23 (full 6):
 PSYoungGen      total 1320448K, used 54451K [0x000000076af00000, 0x00000007c0000000, 0x00000007c0000000)
  eden space 1255936K, 0% used [0x000000076af00000,0x000000076af00000,0x00000007b7980000)
  from space 64512K, 84% used [0x00000007b7980000,0x00000007baeacf30,0x00000007bb880000)
  to   space 72704K, 0% used [0x00000007bb900000,0x00000007bb900000,0x00000007c0000000)
 ParOldGen       total 237568K, used 141638K [0x00000006c0c00000, 0x00000006cf400000, 0x000000076af00000)
  object space 237568K, 59% used [0x00000006c0c00000,0x00000006c9651b00,0x00000006cf400000)
 Metaspace       used 49231K, capacity 49657K, committed 50224K, reserved 1093632K
  class space    used 6221K, capacity 6348K, committed 6448K, reserved 1048576K
Event: 23.913 GC heap after
Heap after GC invocations=23 (full 6):
 PSYoungGen      total 1320448K, used 0K [0x000000076af00000, 0x00000007c0000000, 0x00000007c0000000)
  eden space 1255936K, 0% used [0x000000076af00000,0x000000076af00000,0x00000007b7980000)
  from space 64512K, 0% used [0x00000007b7980000,0x00000007b7980000,0x00000007bb880000)
  to   space 72704K, 0% used [0x00000007bb900000,0x00000007bb900000,0x00000007c0000000)
 ParOldGen       total 237568K, used 188493K [0x00000006c0c00000, 0x00000006cf400000, 0x000000076af00000)
  object space 237568K, 79% used [0x00000006c0c00000,0x00000006cc413528,0x00000006cf400000)
 Metaspace       used 49231K, capacity 49657K, committed 50224K, reserved 1093632K
  class space    used 6221K, capacity 6348K, committed 6448K, reserved 1048576K
}
Event: 32.537 GC heap before
{Heap before GC invocations=24 (full 6):
 PSYoungGen      total 1320448K, used 675787K [0x000000076af00000, 0x00000007c0000000, 0x00000007c0000000)
  eden space 1255936K, 53% used [0x000000076af00000,0x00000007942f2db0,0x00000007b7980000)
  from space 64512K, 0% used [0x00000007b7980000,0x00000007b7980000,0x00000007bb880000)
  to   space 72704K, 0% used [0x00000007bb900000,0x00000007bb900000,0x00000007c0000000)
 ParOldGen       total 237568K, used 188493K [0x00000006c0c00000, 0x00000006cf400000, 0x000000076af00000)
  object space 237568K, 79% used [0x00000006c0c00000,0x00000006cc413528,0x00000006cf400000)
 Metaspace       used 52064K, capacity 52535K, committed 53040K, reserved 1095680K
  class space    used 6416K, capacity 6577K, committed 6704K, reserved 1048576K
Event: 32.551 GC heap after
Heap after GC invocations=24 (full 6):
 PSYoungGen      total 1312768K, used 49703K [0x000000076af00000, 0x00000007c0000000, 0x00000007c0000000)
  eden space 1240064K, 0% used [0x000000076af00000,0x000000076af00000,0x00000007b6a00000)
  from space 72704K, 68% used [0x00000007bb900000,0x00000007be989c58,0x00000007c0000000)
  to   space 76800K, 0% used [0x00000007b6a00000,0x00000007b6a00000,0x00000007bb500000)
 ParOldGen       total 237568K, used 188501K [0x00000006c0c00000, 0x00000006cf400000, 0x000000076af00000)
  object space 237568K, 79% used [0x00000006c0c00000,0x00000006cc415528,0x00000006cf400000)
 Metaspace       used 52064K, capacity 52535K, committed 53040K, reserved 1095680K
  class space    used 6416K, capacity 6577K, committed 6704K, reserved 1048576K
}
Event: 32.551 GC heap before
{Heap before GC invocations=25 (full 7):
 PSYoungGen      total 1312768K, used 49703K [0x000000076af00000, 0x00000007c0000000, 0x00000007c0000000)
  eden space 1240064K, 0% used [0x000000076af00000,0x000000076af00000,0x00000007b6a00000)
  from space 72704K, 68% used [0x00000007bb900000,0x00000007be989c58,0x00000007c0000000)
  to   space 76800K, 0% used [0x00000007b6a00000,0x00000007b6a00000,0x00000007bb500000)
 ParOldGen       total 237568K, used 188501K [0x00000006c0c00000, 0x00000006cf400000, 0x000000076af00000)
  object space 237568K, 79% used [0x00000006c0c00000,0x00000006cc415528,0x00000006cf400000)
 Metaspace       used 52064K, capacity 52535K, committed 53040K, reserved 1095680K
  class space    used 6416K, capacity 6577K, committed 6704K, reserved 1048576K
Event: 32.922 GC heap after
Heap after GC invocations=25 (full 7):
 PSYoungGen      total 1312768K, used 0K [0x000000076af00000, 0x00000007c0000000, 0x00000007c0000000)
  eden space 1240064K, 0% used [0x000000076af00000,0x000000076af00000,0x00000007b6a00000)
  from space 72704K, 0% used [0x00000007bb900000,0x00000007bb900000,0x00000007c0000000)
  to   space 76800K, 0% used [0x00000007b6a00000,0x00000007b6a00000,0x00000007bb500000)
 ParOldGen       total 237568K, used 231218K [0x00000006c0c00000, 0x00000006cf400000, 0x000000076af00000)
  object space 237568K, 97% used [0x00000006c0c00000,0x00000006cedcc948,0x00000006cf400000)
 Metaspace       used 52064K, capacity 52535K, committed 53040K, reserved 1095680K
  class space    used 6416K, capacity 6577K, committed 6704K, reserved 1048576K
}

Deoptimization events (10 events):
Event: 31.141 Thread 0x00000000022b4800 Uncommon trap: reason=array_check action=maybe_recompile pc=0x0000000003b689d4 method=java.util.TimSort.binarySort([Ljava/lang/Object;IIILjava/util/Comparator;)V @ 215
Event: 31.508 Thread 0x0000000029930800 Uncommon trap: reason=unstable_if action=reinterpret pc=0x0000000003ca5560 method=com.jcraft.jorbis.Floor1.inverse2(Lcom/jcraft/jorbis/Block;Ljava/lang/Object;Ljava/lang/Object;[F)I @ 33
Event: 31.715 Thread 0x0000000029933000 Uncommon trap: reason=class_check action=maybe_recompile pc=0x0000000002c4625c method=java.util.concurrent.ConcurrentHashMap.putVal(Ljava/lang/Object;Ljava/lang/Object;Z)Ljava/lang/Object; @ 192
Event: 31.715 Thread 0x0000000029933000 Uncommon trap: reason=class_check action=maybe_recompile pc=0x0000000002c4625c method=java.util.concurrent.ConcurrentHashMap.putVal(Ljava/lang/Object;Ljava/lang/Object;Z)Ljava/lang/Object; @ 192
Event: 31.715 Thread 0x0000000029933000 Uncommon trap: reason=class_check action=maybe_recompile pc=0x0000000002c4625c method=java.util.concurrent.ConcurrentHashMap.putVal(Ljava/lang/Object;Ljava/lang/Object;Z)Ljava/lang/Object; @ 192
Event: 31.715 Thread 0x0000000029933000 Uncommon trap: reason=class_check action=maybe_recompile pc=0x0000000002c4625c method=java.util.concurrent.ConcurrentHashMap.putVal(Ljava/lang/Object;Ljava/lang/Object;Z)Ljava/lang/Object; @ 192
Event: 31.742 Thread 0x00000000022b4800 Uncommon trap: reason=bimorphic action=maybe_recompile pc=0x00000000028cd8f8 method=net.minecraft.block.BlockLiquid.getFlowVector(Lnet/minecraft/world/IBlockAccess;III)Lnet/minecraft/util/Vec3; @ 106
Event: 32.208 Thread 0x000000002992f000 Uncommon trap: reason=unstable_if action=reinterpret pc=0x0000000002d32fd4 method=io.netty.channel.local.LocalChannel.isOpen()Z @ 5
Event: 32.208 Thread 0x0000000029933800 Uncommon trap: reason=unstable_if action=reinterpret pc=0x0000000003dd9194 method=io.netty.channel.local.LocalChannel.isActive()Z @ 5
Event: 33.608 Thread 0x00000000022b4800 Uncommon trap: reason=unstable_if action=reinterpret pc=0x00000000029a8794 method=cpw.mods.fml.relauncher.FMLSecurityManager.checkPermission(Ljava/security/Permission;)V @ 23

Internal exceptions (10 events):
Event: 32.188 Thread 0x0000000029930800 Exception <a 'java/lang/InterruptedException': sleep interrupted> (0x000000078f590788) thrown at [C:\re\workspace\8-2-build-windows-amd64-cygwin\jdk8u45\3627\hotspot\src\share\vm\prims\jvm.cpp, line 3163]
Event: 32.205 Thread 0x0000000029930800 Exception <a 'java/lang/InterruptedException': sleep interrupted> (0x000000078f590988) thrown at [C:\re\workspace\8-2-build-windows-amd64-cygwin\jdk8u45\3627\hotspot\src\share\vm\prims\jvm.cpp, line 3211]
Event: 32.205 Thread 0x0000000029930800 Exception <a 'java/lang/InterruptedException': sleep interrupted> (0x000000078f591760) thrown at [C:\re\workspace\8-2-build-windows-amd64-cygwin\jdk8u45\3627\hotspot\src\share\vm\prims\jvm.cpp, line 3163]
Event: 32.537 Thread 0x0000000029930800 Exception <a 'java/lang/InterruptedException': sleep interrupted> (0x000000078f591960) thrown at [C:\re\workspace\8-2-build-windows-amd64-cygwin\jdk8u45\3627\hotspot\src\share\vm\prims\jvm.cpp, line 3211]
Event: 32.938 Thread 0x0000000029930800 Exception <a 'java/lang/InterruptedException': sleep interrupted> (0x000000076d75ffa8) thrown at [C:\re\workspace\8-2-build-windows-amd64-cygwin\jdk8u45\3627\hotspot\src\share\vm\prims\jvm.cpp, line 3211]
Event: 32.942 Thread 0x0000000029931800 Exception <a 'java/lang/InterruptedException': sleep interrupted> (0x000000076b644250) thrown at [C:\re\workspace\8-2-build-windows-amd64-cygwin\jdk8u45\3627\hotspot\src\share\vm\prims\jvm.cpp, line 3211]
Event: 32.942 Thread 0x0000000029930800 Exception <a 'java/lang/InterruptedException': sleep interrupted> (0x000000076d845ca8) thrown at [C:\re\workspace\8-2-build-windows-amd64-cygwin\jdk8u45\3627\hotspot\src\share\vm\prims\jvm.cpp, line 3163]
Event: 33.375 Thread 0x0000000029930800 Exception <a 'java/lang/InterruptedException': sleep interrupted> (0x000000076d845ea8) thrown at [C:\re\workspace\8-2-build-windows-amd64-cygwin\jdk8u45\3627\hotspot\src\share\vm\prims\jvm.cpp, line 3211]
Event: 33.375 Thread 0x0000000029930800 Exception <a 'java/lang/InterruptedException': sleep interrupted> (0x000000076d8460a8) thrown at [C:\re\workspace\8-2-build-windows-amd64-cygwin\jdk8u45\3627\hotspot\src\share\vm\prims\jvm.cpp, line 3211]
Event: 33.475 Thread 0x0000000029931800 Exception <a 'java/lang/InterruptedException': sleep interrupted> (0x000000076e0e3818) thrown at [C:\re\workspace\8-2-build-windows-amd64-cygwin\jdk8u45\3627\hotspot\src\share\vm\prims\jvm.cpp, line 3211]

Events (10 events):
Event: 33.610 Thread 0x0000000029933000 Thread exited: 0x0000000029933000
Event: 33.611 loading class sun/java2d/pipe/hw/AccelDeviceEventNotifier
Event: 33.611 loading class sun/java2d/pipe/hw/AccelDeviceEventNotifier done
Event: 33.611 Thread 0x0000000029936000 Thread exited: 0x0000000029936000
Event: 33.611 loading class javax/servlet/ServletContext
Event: 33.611 loading class javax/servlet/ServletContext done
Event: 33.614 Thread 0x0000000029937800 Thread exited: 0x0000000029937800
Event: 33.640 Thread 0x000000001e2fe800 Thread exited: 0x000000001e2fe800
Event: 33.711 Thread 0x0000000029935000 Thread exited: 0x0000000029935000
Event: 33.711 Executing VM operation: Exit


Dynamic libraries:
0x00007ff75e230000 - 0x00007ff75e267000 	C:\Program Files\Java\jre1.8.0_45\bin\javaw.exe
0x00007ffe04fc0000 - 0x00007ffe05181000 	C:\WINDOWS\SYSTEM32\ntdll.dll
0x00007ffe02800000 - 0x00007ffe028ad000 	C:\WINDOWS\system32\KERNEL32.DLL
0x00007ffe01670000 - 0x00007ffe01858000 	C:\WINDOWS\system32\KERNELBASE.dll
0x00007ffe04b20000 - 0x00007ffe04bc7000 	C:\WINDOWS\system32\ADVAPI32.dll
0x00007ffe04f20000 - 0x00007ffe04fbd000 	C:\WINDOWS\system32\msvcrt.dll
0x00007ffe04e80000 - 0x00007ffe04edb000 	C:\WINDOWS\system32\sechost.dll
0x00007ffe04d60000 - 0x00007ffe04e7c000 	C:\WINDOWS\system32\RPCRT4.dll
0x00007ffe04740000 - 0x00007ffe04896000 	C:\WINDOWS\system32\USER32.dll
0x00007ffe04bd0000 - 0x00007ffe04d56000 	C:\WINDOWS\system32\GDI32.dll
0x00007ffdf44c0000 - 0x00007ffdf4734000 	C:\WINDOWS\WinSxS\amd64_microsoft.windows.common-controls_6595b64144ccf1df_6.0.10586.0_none_8c15ae12515e1c22\COMCTL32.dll
0x00007ffe029a0000 - 0x00007ffe02c1d000 	C:\WINDOWS\system32\combase.dll
0x00007ffe02350000 - 0x00007ffe023ba000 	C:\WINDOWS\system32\bcryptPrimitives.dll
0x00007ffe04ee0000 - 0x00007ffe04f1b000 	C:\WINDOWS\system32\IMM32.DLL
0x0000000052d60000 - 0x0000000052e32000 	C:\Program Files\Java\jre1.8.0_45\bin\msvcr100.dll
0x0000000052f10000 - 0x0000000053793000 	C:\Program Files\Java\jre1.8.0_45\bin\server\jvm.dll
0x00007ffe02c30000 - 0x00007ffe02c38000 	C:\WINDOWS\system32\PSAPI.DLL
0x00007ffdfe750000 - 0x00007ffdfe759000 	C:\WINDOWS\SYSTEM32\WSOCK32.dll
0x00007ffe03000000 - 0x00007ffe0306b000 	C:\WINDOWS\system32\WS2_32.dll
0x00007ffdffce0000 - 0x00007ffdffd03000 	C:\WINDOWS\SYSTEM32\WINMM.dll
0x00007ffdfcbd0000 - 0x00007ffdfcbda000 	C:\WINDOWS\SYSTEM32\VERSION.dll
0x00007ffdffba0000 - 0x00007ffdffbcc000 	C:\WINDOWS\SYSTEM32\WINMMBASE.dll
0x00007ffe01ae0000 - 0x00007ffe01b23000 	C:\WINDOWS\system32\cfgmgr32.dll
0x0000000052f00000 - 0x0000000052f0f000 	C:\Program Files\Java\jre1.8.0_45\bin\verify.dll
0x0000000052ed0000 - 0x0000000052ef9000 	C:\Program Files\Java\jre1.8.0_45\bin\java.dll
0x0000000052eb0000 - 0x0000000052ec6000 	C:\Program Files\Java\jre1.8.0_45\bin\zip.dll
0x00007ffe030d0000 - 0x00007ffe0462c000 	C:\WINDOWS\system32\SHELL32.dll
0x00007ffe01b30000 - 0x00007ffe02175000 	C:\WINDOWS\system32\windows.storage.dll
0x00007ffe03070000 - 0x00007ffe030c2000 	C:\WINDOWS\system32\shlwapi.dll
0x00007ffe01660000 - 0x00007ffe0166f000 	C:\WINDOWS\system32\kernel.appcore.dll
0x00007ffe01990000 - 0x00007ffe01a45000 	C:\WINDOWS\system32\shcore.dll
0x00007ffe01610000 - 0x00007ffe0165b000 	C:\WINDOWS\system32\powrprof.dll
0x00007ffe015f0000 - 0x00007ffe01604000 	C:\WINDOWS\system32\profapi.dll
0x0000000052d50000 - 0x0000000052d5d000 	C:\Program Files\Java\jre1.8.0_45\bin\management.dll
0x0000000052e90000 - 0x0000000052eaa000 	C:\Program Files\Java\jre1.8.0_45\bin\net.dll
0x00007ffe00eb0000 - 0x00007ffe00f0c000 	C:\WINDOWS\system32\mswsock.dll
0x0000000052e70000 - 0x0000000052e81000 	C:\Program Files\Java\jre1.8.0_45\bin\nio.dll
0x00007ffdf6450000 - 0x00007ffdf6466000 	C:\WINDOWS\system32\napinsp.dll
0x00007ffdf6470000 - 0x00007ffdf648a000 	C:\WINDOWS\system32\pnrpnsp.dll
0x00007ffdfd600000 - 0x00007ffdfd618000 	C:\WINDOWS\system32\NLAapi.dll
0x00007ffdfff60000 - 0x00007ffe0000a000 	C:\WINDOWS\SYSTEM32\DNSAPI.dll
0x00007ffe023c0000 - 0x00007ffe023c8000 	C:\WINDOWS\system32\NSI.dll
0x00007ffdf66b0000 - 0x00007ffdf66bd000 	C:\WINDOWS\System32\winrnr.dll
0x00007ffdfb9d0000 - 0x00007ffdfb9da000 	C:\Windows\System32\rasadhlp.dll
0x00007ffdfe070000 - 0x00007ffdfe0a8000 	C:\WINDOWS\SYSTEM32\IPHLPAPI.DLL
0x00007ffdfbf20000 - 0x00007ffdfbf87000 	C:\WINDOWS\System32\fwpuclnt.dll
0x00007ffe01510000 - 0x00007ffe01539000 	C:\WINDOWS\SYSTEM32\bcrypt.dll
0x0000000052bb0000 - 0x0000000052d48000 	C:\Program Files\Java\jre1.8.0_45\bin\awt.dll
0x00007ffe028b0000 - 0x00007ffe02971000 	C:\WINDOWS\system32\OLEAUT32.dll
0x00007ffdffdd0000 - 0x00007ffdffe49000 	C:\WINDOWS\system32\apphelp.dll
0x00007ffe00010000 - 0x00007ffe000a6000 	C:\WINDOWS\system32\uxtheme.dll
0x00007ffe02ea0000 - 0x00007ffe02ffa000 	C:\WINDOWS\system32\MSCTF.dll
0x00007ffdebb30000 - 0x00007ffdebb58000 	C:\Program Files (x86)\Raptr\ltc_help64-106568.dll
0x00007ffe01910000 - 0x00007ffe01965000 	C:\WINDOWS\system32\WINTRUST.dll
0x00007ffe015e0000 - 0x00007ffe015f0000 	C:\WINDOWS\system32\MSASN1.dll
0x00007ffe02180000 - 0x00007ffe02347000 	C:\WINDOWS\system32\CRYPT32.dll
0x00007ffdf7ae0000 - 0x00007ffdf7b29000 	F:\Applications\TeamViewer\tv_x64.dll
0x00007ffe049d0000 - 0x00007ffe04b13000 	C:\WINDOWS\system32\ole32.dll
0x00007ffdfea30000 - 0x00007ffdfea52000 	C:\WINDOWS\system32\dwmapi.dll
0x0000000052b60000 - 0x0000000052ba7000 	C:\Program Files\Java\jre1.8.0_45\bin\fontmanager.dll
0x00007ffddb700000 - 0x00007ffddb910000 	C:\WINDOWS\system32\d3d9.dll
0x0000000052b10000 - 0x0000000052b51000 	C:\Program Files\Java\jre1.8.0_45\bin\t2k.dll
0x0000000180000000 - 0x0000000180051000 	C:\Users\Matt\.gradle\caches\minecraft\net\minecraft\minecraft_natives\1.7.10\lwjgl64.dll
0x00007ffdea1d0000 - 0x00007ffdea2f9000 	C:\WINDOWS\SYSTEM32\OPENGL32.dll
0x00007ffdf3f60000 - 0x00007ffdf3f8e000 	C:\WINDOWS\SYSTEM32\GLU32.dll
0x00007ffde0e80000 - 0x00007ffde0f7a000 	C:\WINDOWS\SYSTEM32\DDRAW.dll
0x00007ffdf7a80000 - 0x00007ffdf7a88000 	C:\WINDOWS\SYSTEM32\DCIMAN32.dll
0x00007ffe00f60000 - 0x00007ffe00f77000 	C:\WINDOWS\SYSTEM32\CRYPTSP.dll
0x00007ffe00bf0000 - 0x00007ffe00c24000 	C:\WINDOWS\system32\rsaenh.dll
0x00007ffe00d40000 - 0x00007ffe00d5f000 	C:\WINDOWS\SYSTEM32\USERENV.dll
0x00007ffe01080000 - 0x00007ffe0108b000 	C:\WINDOWS\SYSTEM32\CRYPTBASE.dll
0x00007ffdfda30000 - 0x00007ffdfda46000 	C:\WINDOWS\SYSTEM32\dhcpcsvc6.DLL
0x00007ffdfd990000 - 0x00007ffdfd9aa000 	C:\WINDOWS\SYSTEM32\dhcpcsvc.DLL
0x00007ffdf5650000 - 0x00007ffdf5668000 	C:\WINDOWS\SYSTEM32\atig6pxx.dll
0x0000000050d10000 - 0x0000000052b10000 	C:\WINDOWS\SYSTEM32\atio6axx.dll
0x00007ffe023d0000 - 0x00007ffe027f9000 	C:\WINDOWS\system32\SETUPAPI.dll
0x00007ffddce30000 - 0x00007ffddcf71000 	C:\WINDOWS\SYSTEM32\atiadlxx.dll
0x00007ffdff590000 - 0x00007ffdff5a3000 	C:\WINDOWS\SYSTEM32\WTSAPI32.dll
0x00007ffdff3d0000 - 0x00007ffdff556000 	C:\WINDOWS\SYSTEM32\PROPSYS.dll
0x00007ffe000b0000 - 0x00007ffe000d7000 	C:\WINDOWS\SYSTEM32\DEVOBJ.dll
0x00007ffdf39f0000 - 0x00007ffdf3a1c000 	C:\WINDOWS\SYSTEM32\atig6txx.dll
0x00007ffde0bb0000 - 0x00007ffde0c41000 	C:\WINDOWS\SYSTEM32\mscms.dll
0x00007ffdebcb0000 - 0x00007ffdebcf2000 	C:\WINDOWS\SYSTEM32\icm32.dll
0x0000000070a40000 - 0x0000000070adc000 	C:\Users\Matt\.gradle\caches\minecraft\net\minecraft\minecraft_natives\1.7.10\avutil-ttv-51.dll
0x0000000065980000 - 0x00000000659d6000 	C:\Users\Matt\.gradle\caches\minecraft\net\minecraft\minecraft_natives\1.7.10\swresample-ttv-0.dll
0x000000006eb80000 - 0x000000006ec50000 	C:\Users\Matt\.gradle\caches\minecraft\net\minecraft\minecraft_natives\1.7.10\libmp3lame-ttv.dll
0x00007ffdcf080000 - 0x00007ffdd0424000 	C:\Users\Matt\.gradle\caches\minecraft\net\minecraft\minecraft_natives\1.7.10\libmfxsw64.dll
0x00007ffdea0a0000 - 0x00007ffdea1cb000 	C:\Users\Matt\.gradle\caches\minecraft\net\minecraft\minecraft_natives\1.7.10\twitchsdk.dll
0x00007ffdf0ca0000 - 0x00007ffdf0f49000 	C:\WINDOWS\SYSTEM32\WININET.dll
0x00007ffe02980000 - 0x00007ffe0299c000 	C:\WINDOWS\system32\imagehlp.dll
0x00007ffe005d0000 - 0x00007ffe005f4000 	C:\WINDOWS\SYSTEM32\gpapi.dll
0x00007ffdf8df0000 - 0x00007ffdf8e1f000 	C:\Windows\System32\cryptnet.dll
0x00007ffdfddd0000 - 0x00007ffdfdddb000 	C:\WINDOWS\SYSTEM32\WINNSI.DLL
0x00007ffde99b0000 - 0x00007ffde9bf8000 	C:\PROGRA~2\Raptr\ltc_game64-106568.dll
0x0000000052e40000 - 0x0000000052e64000 	C:\Program Files\Java\jre1.8.0_45\bin\sunec.dll
0x0000000024f50000 - 0x0000000024fb4000 	C:\Users\Matt\.gradle\caches\minecraft\net\minecraft\minecraft_natives\1.7.10\OpenAL64.dll
0x00007ffe02df0000 - 0x00007ffe02e97000 	C:\WINDOWS\system32\clbcatq.dll
0x00007ffdfca90000 - 0x00007ffdfcb00000 	C:\WINDOWS\System32\MMDevApi.dll
0x00007ffde44c0000 - 0x00007ffde455c000 	C:\WINDOWS\SYSTEM32\dsound.dll
0x00007ffde4650000 - 0x00007ffde46d8000 	C:\WINDOWS\SYSTEM32\AUDIOSES.DLL
0x00007ffdfa640000 - 0x00007ffdfa776000 	C:\WINDOWS\SYSTEM32\wintypes.dll
0x00007ffdfce90000 - 0x00007ffdfd01c000 	C:\WINDOWS\SYSTEM32\dbghelp.dll

VM Arguments:
jvm_args: -Dfile.encoding=Cp1252 
java_command: GradleStart
java_class_path (initial): F:\Minecraft Mods\Armerger\bin;C:\Users\Matt\.gradle\caches\minecraft\net\minecraftforge\forge\1.7.10-10.13.4.1481-1.7.10\forgeSrc-1.7.10-10.13.4.1481-1.7.10.jar;C:\Users\Matt\.gradle\caches\modules-2\files-2.1\net.minecraft\launchwrapper\1.12\111e7bea9c968cdb3d06ef4632bf7ff0824d0f36\launchwrapper-1.12.jar;C:\Users\Matt\.gradle\caches\modules-2\files-2.1\com.google.code.findbugs\jsr305\1.3.9\40719ea6961c0cb6afaeb6a921eaa1f6afd4cfdf\jsr305-1.3.9.jar;C:\Users\Matt\.gradle\caches\modules-2\files-2.1\org.ow2.asm\asm-debug-all\5.0.3\f9e364ae2a66ce2a543012a4668856e84e5dab74\asm-debug-all-5.0.3.jar;C:\Users\Matt\.gradle\caches\modules-2\files-2.1\com.typesafe.akka\akka-actor_2.11\2.3.3\ed62e9fc709ca0f2ff1a3220daa8b70a2870078e\akka-actor_2.11-2.3.3.jar;C:\Users\Matt\.gradle\caches\modules-2\files-2.1\com.typesafe\config\1.2.1\f771f71fdae3df231bcd54d5ca2d57f0bf93f467\config-1.2.1.jar;C:\Users\Matt\.gradle\caches\modules-2\files-2.1\org.scala-lang\scala-actors-migration_2.11\1.1.0\dfa8bc42b181d5b9f1a5dd147f8ae308b893eb6f\scala-actors-migration_2.11-1.1.0.jar;C:\Users\Matt\.gradle\caches\modules-2\files-2.1\org.scala-lang\scala-compiler\2.11.1\56ea2e6c025e0821f28d73ca271218b8dd04926a\scala-compiler-2.11.1.jar;C:\Users\Matt\.gradle\caches\modules-2\files-2.1\org.scala-lang.plugins\scala-continuations-library_2.11\1.0.2\e517c53a7e9acd6b1668c5a35eccbaa3bab9aac\scala-continuations-library_2.11-1.0.2.jar;C:\Users\Matt\.gradle\caches\modules-2\files-2.1\org.scala-lang.plugins\scala-continuations-plugin_2.11.1\1.0.2\f361a3283452c57fa30c1ee69448995de23c60f7\scala-continuations-plugin_2.11.1-1.0.2.jar;C:\Users\Matt\.gradle\caches\modules-2\files-2.1\org.scala-lang\scala-library\2.11.1\e11da23da3eabab9f4777b9220e60d44c1aab6a\scala-library-2.11.1.jar;C:\Users\Matt\.gradle\caches\modules-2\files-2.1\org.scala-lang\scala-parser-combinators_2.11\1.0.1\f05d7345bf5a58924f2837c6c1f4d73a938e1ff0\scala-parser-combinators_2.11-1.0.1.jar;C:\Users\Matt\.gradle\caches\mo
Launcher Type: SUN_STANDARD

Environment Variables:
JAVA_HOME=C:\Program Files\Java\jdk1.8.0_45
PATH=C:/Program Files/Java/jre1.8.0_45/bin/server;C:/Program Files/Java/jre1.8.0_45/bin;C:/Program Files/Java/jre1.8.0_45/lib/amd64;C:\ProgramData\Oracle\Java\javapath;C:\WINDOWS\system32;C:\WINDOWS;C:\WINDOWS\System32\Wbem;C:\WINDOWS\System32\WindowsPowerShell\v1.0\;C:\Program Files (x86)\ATI Technologies\ATI.ACE\Core-Static;C:\Program Files\Microsoft\Web Platform Installer\;C:\Program Files (x86)\Microsoft ASP.NET\ASP.NET Web Pages\v1.0\;C:\Program Files (x86)\Windows Kits\8.0\Windows Performance Toolkit\;C:\Program Files\Microsoft SQL Server\110\Tools\Binn\;F:\Applications\TortoiseSVN\bin;C:\Program Files (x86)\AMD\ATI.ACE\Core-Static;C:\Program Files (x86)\Skype\Phone\;C:\Program Files\nodejs\;C:\Program Files\Java\jdk1.8.0_45\bin;C:\Users\Matt\AppData\Roaming\npm;F:\Applications\Eclipse\eclipse;
USERNAME=Matt
OS=Windows_NT
PROCESSOR_IDENTIFIER=Intel64 Family 6 Model 60 Stepping 3, GenuineIntel



---------------  S Y S T E M  ---------------

OS: Windows 10.0 , 64 bit Build 10586 (10.0.10586.0)

CPU:total 4 (4 cores per cpu, 1 threads per core) family 6 model 60 stepping 3, cmov, cx8, fxsr, mmx, sse, sse2, sse3, ssse3, sse4.1, sse4.2, popcnt, avx, avx2, aes, clmul, erms, lzcnt, tsc, tscinvbit, bmi1, bmi2

Memory: 4k page, physical 16723940k(9105700k free), swap 19214308k(7716844k free)

vm_info: Java HotSpot(TM) 64-Bit Server VM (25.45-b02) for windows-amd64 JRE (1.8.0_45-b15), built on Apr 30 2015 12:40:44 by "java_re" with MS VC++ 10.0 (VS2010)

time: Tue Feb 16 19:29:29 2016
elapsed time: 33 seconds (0d 0h 0m 33s)

