#
# A fatal error has been detected by the Java Runtime Environment:
#
#  EXCEPTION_ACCESS_VIOLATION (0xc0000005) at pc=0x00007ffdea2b2224, pid=3428, tid=4432
#
# JRE version: Java(TM) SE Runtime Environment (8.0_45-b15) (build 1.8.0_45-b15)
# Java VM: Java HotSpot(TM) 64-Bit Server VM (25.45-b02 mixed mode windows-amd64 compressed oops)
# Problematic frame:
# C  [OPENGL32.dll+0xe2224]
#
# Failed to write core dump. Minidumps are not enabled by default on client versions of Windows
#
# If you would like to submit a bug report, please visit:
#   http://bugreport.java.com/bugreport/crash.jsp
#

---------------  T H R E A D  ---------------

Current thread (0x000000001bac7800):  VMThread [stack: 0x000000001cb80000,0x000000001cc80000] [id=4432]

siginfo: ExceptionCode=0xc0000005, reading address 0x0000000000000a38

Registers:
RAX=0x0000000000000000, RBX=0x00000000255240a0, RCX=0x0000000000000001, RDX=0x00000000255240a8
RSP=0x000000001cc7f4b8, RBP=0x0000000000000000, RSI=0x0000000025525f90, RDI=0x0000000025525f90
R8 =0x000000001cc7f538, R9 =0x000000001b9d5400, R10=0x0000000000000000, R11=0x0000000000000246
R12=0x0000000000000000, R13=0x0000000020748cc0, R14=0x0000000020748b70, R15=0x0000000000000000
RIP=0x00007ffdea2b2224, EFLAGS=0x0000000000010283

Top of Stack: (sp=0x000000001cc7f4b8)
0x000000001cc7f4b8:   00007ffde9a1244b 0000000020748cc0
0x000000001cc7f4c8:   0000000000000001 0000000020740000
0x000000001cc7f4d8:   00007ffe04fe0a19 0000000000000000
0x000000001cc7f4e8:   00007ffde9a17f17 0000000000000000
0x000000001cc7f4f8:   0000000000000000 0000000020748ca0
0x000000001cc7f508:   00007ffde9a17283 fffffffffffffffe
0x000000001cc7f518:   000000001cc7f580 0000000000000000
0x000000001cc7f528:   00007ffde9a187c9 0000000025525f90
0x000000001cc7f538:   0000000025528a90 000000001b9d5400
0x000000001cc7f548:   00007ffde9a95700 fffffffffffffffe
0x000000001cc7f558:   000000002074b1c0 0000000000000001
0x000000001cc7f568:   0000000020748c98 0000000020748b70
0x000000001cc7f578:   00007ffde9a9d7ad 00007ffde9bd65b0
0x000000001cc7f588:   00007ffde9b01930 000000001b9d5400
0x000000001cc7f598:   0000000000000036 0000000020748c98
0x000000001cc7f5a8:   0000000020748b70 0000000020748b70 

Instructions: (pc=0x00007ffdea2b2224)
0x00007ffdea2b2204:   cc cc cc cc cc cc 66 0f 1f 44 00 00 8b 05 f2 7d
0x00007ffdea2b2214:   01 00 83 f8 40 73 0f 65 48 8b 04 c5 80 14 00 00
0x00007ffdea2b2224:   ff a0 38 0a 00 00 b8 47 01 00 00 e9 ec d4 ff ff
0x00007ffdea2b2234:   cc cc cc cc cc cc 66 0f 1f 44 00 00 8b 05 c2 7d 


Register to memory mapping:

RAX=0x0000000000000000 is an unknown value
RBX=0x00000000255240a0 is an unknown value
RCX=0x0000000000000001 is an unknown value
RDX=0x00000000255240a8 is an unknown value
RSP=0x000000001cc7f4b8 is an unknown value
RBP=0x0000000000000000 is an unknown value
RSI=0x0000000025525f90 is an unknown value
RDI=0x0000000025525f90 is an unknown value
R8 =0x000000001cc7f538 is an unknown value
R9 =0x000000001b9d5400 is an unknown value
R10=0x0000000000000000 is an unknown value
R11=0x0000000000000246 is an unknown value
R12=0x0000000000000000 is an unknown value
R13=0x0000000020748cc0 is an unknown value
R14=0x0000000020748b70 is an unknown value
R15=0x0000000000000000 is an unknown value


Stack: [0x000000001cb80000,0x000000001cc80000],  sp=0x000000001cc7f4b8,  free space=1021k
Native frames: (J=compiled Java code, j=interpreted, Vv=VM code, C=native code)

VM_Operation (0x000000000239e500): Exit, mode: safepoint, requested by thread 0x00000000023a4800


---------------  P R O C E S S  ---------------

Java Threads: ( => current thread )
  0x000000002687e800 JavaThread "AWT-Shutdown" [_thread_blocked, id=14720, stack(0x0000000042190000,0x0000000042290000)]
  0x000000002687a000 JavaThread "File IO Thread" [_thread_blocked, id=14192, stack(0x0000000041b90000,0x0000000041c90000)]
  0x0000000026875800 JavaThread "pool-2-thread-1" [_thread_blocked, id=2748, stack(0x000000003c550000,0x000000003c650000)]
  0x000000002687a800 JavaThread "Chunk I/O Executor Thread-1" daemon [_thread_blocked, id=15112, stack(0x000000003b650000,0x000000003b750000)]
  0x0000000026878800 JavaThread "Netty IO #1" daemon [_thread_blocked, id=11968, stack(0x000000003b350000,0x000000003b450000)]
  0x000000002760a800 JavaThread "Netty Client IO #0" daemon [_thread_blocked, id=4196, stack(0x000000003b250000,0x000000003b350000)]
  0x000000002760b800 JavaThread "Netty IO #0" daemon [_thread_blocked, id=10852, stack(0x000000003b150000,0x000000003b250000)]
  0x000000001e296000 JavaThread "LWJGL Timer" daemon [_thread_blocked, id=12916, stack(0x000000002ccf0000,0x000000002cdf0000)]
  0x00000000273b6800 JavaThread "Timer hack thread" daemon [_thread_blocked, id=1364, stack(0x0000000029160000,0x0000000029260000)]
  0x0000000026a87800 JavaThread "Snooper Timer" daemon [_thread_blocked, id=9816, stack(0x0000000027630000,0x0000000027730000)]
  0x000000001e23b000 JavaThread "Java2D Disposer" daemon [_thread_blocked, id=14144, stack(0x0000000020180000,0x0000000020280000)]
  0x000000001bb5e800 JavaThread "Service Thread" daemon [_thread_blocked, id=15108, stack(0x000000001d780000,0x000000001d880000)]
  0x000000001bb05800 JavaThread "C1 CompilerThread2" daemon [_thread_blocked, id=12936, stack(0x000000001d280000,0x000000001d380000)]
  0x000000001bb03000 JavaThread "C2 CompilerThread1" daemon [_thread_blocked, id=15232, stack(0x000000001d180000,0x000000001d280000)]
  0x000000001bb00800 JavaThread "C2 CompilerThread0" daemon [_thread_blocked, id=4924, stack(0x000000001d080000,0x000000001d180000)]
  0x000000001baff800 JavaThread "Attach Listener" daemon [_thread_blocked, id=12376, stack(0x000000001cf80000,0x000000001d080000)]
  0x000000001bb0a800 JavaThread "Signal Dispatcher" daemon [_thread_blocked, id=4716, stack(0x000000001ce80000,0x000000001cf80000)]
  0x000000000249b800 JavaThread "Finalizer" daemon [_thread_blocked, id=14536, stack(0x000000001cd80000,0x000000001ce80000)]
  0x0000000002493000 JavaThread "Reference Handler" daemon [_thread_blocked, id=8212, stack(0x000000001cc80000,0x000000001cd80000)]
  0x00000000023a4800 JavaThread "Client thread" [_thread_blocked, id=7580, stack(0x00000000022a0000,0x00000000023a0000)]

Other Threads:
=>0x000000001bac7800 VMThread [stack: 0x000000001cb80000,0x000000001cc80000] [id=4432]

VM state:at safepoint (shutting down)

VM Mutex/Monitor currently owned by a thread:  ([mutex/lock_event])
[0x00000000023a25d0] Threads_lock - owner thread: 0x000000001bac7800

Heap:
 PSYoungGen      total 1206784K, used 44338K [0x000000076af00000, 0x00000007b9f00000, 0x00000007c0000000)
  eden space 1129984K, 3% used [0x000000076af00000,0x000000076da4c8d0,0x00000007afe80000)
  from space 76800K, 0% used [0x00000007b4d00000,0x00000007b4d00000,0x00000007b9800000)
  to   space 80384K, 0% used [0x00000007afe80000,0x00000007afe80000,0x00000007b4d00000)
 ParOldGen       total 253952K, used 234599K [0x00000006c0c00000, 0x00000006d0400000, 0x000000076af00000)
  object space 253952K, 92% used [0x00000006c0c00000,0x00000006cf119e80,0x00000006d0400000)
 Metaspace       used 53332K, capacity 53777K, committed 54320K, reserved 1097728K
  class space    used 6462K, capacity 6608K, committed 6704K, reserved 1048576K

Card table byte_map: [0x0000000011860000,0x0000000012060000] byte_map_base: 0x000000000e25a000

Marking Bits: (ParMarkBitMap*) 0x0000000053714040
 Begin Bits: [0x00000000129c0000, 0x0000000016990000)
 End Bits:   [0x0000000016990000, 0x000000001a960000)

Polling page: 0x0000000000510000

CodeCache: size=245760Kb used=40313Kb max_used=40324Kb free=205446Kb
 bounds [0x00000000024a0000, 0x0000000004c40000, 0x00000000114a0000]
 total_blobs=9972 nmethods=9032 adapters=850
 compilation: enabled

Compilation events (10 events):
Event: 59.755 Thread 0x000000001bb05800 12868       1       org.apache.logging.log4j.core.config.LoggerConfig::getLevel (5 bytes)
Event: 59.755 Thread 0x000000001bb05800 nmethod 12868 0x0000000004c27a90 code [0x0000000004c27be0, 0x0000000004c27cf0]
Event: 59.755 Thread 0x000000001bb05800 12869       3       java.util.logging.LogManager$LoggerContext::getRootLogger (8 bytes)
Event: 59.755 Thread 0x000000001bb03000 12872       4       java.util.Hashtable$Enumerator::hasMoreElements (53 bytes)
Event: 59.755 Thread 0x000000001bb05800 nmethod 12869 0x0000000004c2bf10 code [0x0000000004c2c060, 0x0000000004c2c270]
Event: 59.755 Thread 0x000000001bb05800 12871       3       cpw.mods.fml.relauncher.FMLSecurityManager::checkPermission (150 bytes)
Event: 59.756 Thread 0x000000001bb05800 nmethod 12871 0x0000000004c2f4d0 code [0x0000000004c2f740, 0x0000000004c30958]
Event: 59.756 Thread 0x000000001bb05800 12870       3       java.util.logging.LogManager$LoggerContext::getGlobalLogger (6 bytes)
Event: 59.757 Thread 0x000000001bb05800 nmethod 12870 0x0000000004c27790 code [0x0000000004c278e0, 0x0000000004c27a30]
Event: 59.758 Thread 0x000000001bb03000 nmethod 12872 0x0000000004c33c90 code [0x0000000004c33dc0, 0x0000000004c33f38]

GC Heap History (10 events):
Event: 36.004 GC heap before
{Heap before GC invocations=21 (full 5):
 PSYoungGen      total 1199104K, used 32K [0x000000076af00000, 0x00000007b8400000, 0x00000007c0000000)
  eden space 1133056K, 0% used [0x000000076af00000,0x000000076af00000,0x00000007b0180000)
  from space 66048K, 0% used [0x00000007b4280000,0x00000007b4288000,0x00000007b8300000)
  to   space 66560K, 0% used [0x00000007b0180000,0x00000007b0180000,0x00000007b4280000)
 ParOldGen       total 253952K, used 143297K [0x00000006c0c00000, 0x00000006d0400000, 0x000000076af00000)
  object space 253952K, 56% used [0x00000006c0c00000,0x00000006c97f0420,0x00000006d0400000)
 Metaspace       used 45208K, capacity 45577K, committed 45872K, reserved 1089536K
  class space    used 5771K, capacity 5918K, committed 5936K, reserved 1048576K
Event: 36.110 GC heap after
Heap after GC invocations=21 (full 5):
 PSYoungGen      total 1199104K, used 0K [0x000000076af00000, 0x00000007b8400000, 0x00000007c0000000)
  eden space 1133056K, 0% used [0x000000076af00000,0x000000076af00000,0x00000007b0180000)
  from space 66048K, 0% used [0x00000007b4280000,0x00000007b4280000,0x00000007b8300000)
  to   space 66560K, 0% used [0x00000007b0180000,0x00000007b0180000,0x00000007b4280000)
 ParOldGen       total 253952K, used 143296K [0x00000006c0c00000, 0x00000006d0400000, 0x000000076af00000)
  object space 253952K, 56% used [0x00000006c0c00000,0x00000006c97f03d8,0x00000006d0400000)
 Metaspace       used 45208K, capacity 45577K, committed 45872K, reserved 1089536K
  class space    used 5771K, capacity 5918K, committed 5936K, reserved 1048576K
}
Event: 39.367 GC heap before
{Heap before GC invocations=22 (full 5):
 PSYoungGen      total 1199104K, used 748344K [0x000000076af00000, 0x00000007b8400000, 0x00000007c0000000)
  eden space 1133056K, 66% used [0x000000076af00000,0x00000007989ce048,0x00000007b0180000)
  from space 66048K, 0% used [0x00000007b4280000,0x00000007b4280000,0x00000007b8300000)
  to   space 66560K, 0% used [0x00000007b0180000,0x00000007b0180000,0x00000007b4280000)
 ParOldGen       total 253952K, used 143296K [0x00000006c0c00000, 0x00000006d0400000, 0x000000076af00000)
  object space 253952K, 56% used [0x00000006c0c00000,0x00000006c97f03d8,0x00000006d0400000)
 Metaspace       used 49796K, capacity 50227K, committed 50736K, reserved 1093632K
  class space    used 6233K, capacity 6347K, committed 6448K, reserved 1048576K
Event: 39.390 GC heap after
Heap after GC invocations=22 (full 5):
 PSYoungGen      total 1199616K, used 62528K [0x000000076af00000, 0x00000007b9800000, 0x00000007c0000000)
  eden space 1133056K, 0% used [0x000000076af00000,0x000000076af00000,0x00000007b0180000)
  from space 66560K, 93% used [0x00000007b0180000,0x00000007b3e90258,0x00000007b4280000)
  to   space 76800K, 0% used [0x00000007b4d00000,0x00000007b4d00000,0x00000007b9800000)
 ParOldGen       total 253952K, used 143304K [0x00000006c0c00000, 0x00000006d0400000, 0x000000076af00000)
  object space 253952K, 56% used [0x00000006c0c00000,0x00000006c97f23d8,0x00000006d0400000)
 Metaspace       used 49796K, capacity 50227K, committed 50736K, reserved 1093632K
  class space    used 6233K, capacity 6347K, committed 6448K, reserved 1048576K
}
Event: 39.390 GC heap before
{Heap before GC invocations=23 (full 6):
 PSYoungGen      total 1199616K, used 62528K [0x000000076af00000, 0x00000007b9800000, 0x00000007c0000000)
  eden space 1133056K, 0% used [0x000000076af00000,0x000000076af00000,0x00000007b0180000)
  from space 66560K, 93% used [0x00000007b0180000,0x00000007b3e90258,0x00000007b4280000)
  to   space 76800K, 0% used [0x00000007b4d00000,0x00000007b4d00000,0x00000007b9800000)
 ParOldGen       total 253952K, used 143304K [0x00000006c0c00000, 0x00000006d0400000, 0x000000076af00000)
  object space 253952K, 56% used [0x00000006c0c00000,0x00000006c97f23d8,0x00000006d0400000)
 Metaspace       used 49796K, capacity 50227K, committed 50736K, reserved 1093632K
  class space    used 6233K, capacity 6347K, committed 6448K, reserved 1048576K
Event: 39.893 GC heap after
Heap after GC invocations=23 (full 6):
 PSYoungGen      total 1199616K, used 0K [0x000000076af00000, 0x00000007b9800000, 0x00000007c0000000)
  eden space 1133056K, 0% used [0x000000076af00000,0x000000076af00000,0x00000007b0180000)
  from space 66560K, 0% used [0x00000007b0180000,0x00000007b0180000,0x00000007b4280000)
  to   space 76800K, 0% used [0x00000007b4d00000,0x00000007b4d00000,0x00000007b9800000)
 ParOldGen       total 253952K, used 199854K [0x00000006c0c00000, 0x00000006d0400000, 0x000000076af00000)
  object space 253952K, 78% used [0x00000006c0c00000,0x00000006ccf2b9b0,0x00000006d0400000)
 Metaspace       used 49796K, capacity 50227K, committed 50736K, reserved 1093632K
  class space    used 6233K, capacity 6347K, committed 6448K, reserved 1048576K
}
Event: 58.626 GC heap before
{Heap before GC invocations=24 (full 6):
 PSYoungGen      total 1199616K, used 982880K [0x000000076af00000, 0x00000007b9800000, 0x00000007c0000000)
  eden space 1133056K, 86% used [0x000000076af00000,0x00000007a6ed81d0,0x00000007b0180000)
  from space 66560K, 0% used [0x00000007b0180000,0x00000007b0180000,0x00000007b4280000)
  to   space 76800K, 0% used [0x00000007b4d00000,0x00000007b4d00000,0x00000007b9800000)
 ParOldGen       total 253952K, used 199854K [0x00000006c0c00000, 0x00000006d0400000, 0x000000076af00000)
  object space 253952K, 78% used [0x00000006c0c00000,0x00000006ccf2b9b0,0x00000006d0400000)
 Metaspace       used 53311K, capacity 53777K, committed 54320K, reserved 1097728K
  class space    used 6458K, capacity 6608K, committed 6704K, reserved 1048576K
Event: 58.641 GC heap after
Heap after GC invocations=24 (full 6):
 PSYoungGen      total 1206784K, used 50894K [0x000000076af00000, 0x00000007b9f00000, 0x00000007c0000000)
  eden space 1129984K, 0% used [0x000000076af00000,0x000000076af00000,0x00000007afe80000)
  from space 76800K, 66% used [0x00000007b4d00000,0x00000007b7eb3910,0x00000007b9800000)
  to   space 80384K, 0% used [0x00000007afe80000,0x00000007afe80000,0x00000007b4d00000)
 ParOldGen       total 253952K, used 199862K [0x00000006c0c00000, 0x00000006d0400000, 0x000000076af00000)
  object space 253952K, 78% used [0x00000006c0c00000,0x00000006ccf2d9b0,0x00000006d0400000)
 Metaspace       used 53311K, capacity 53777K, committed 54320K, reserved 1097728K
  class space    used 6458K, capacity 6608K, committed 6704K, reserved 1048576K
}
Event: 58.641 GC heap before
{Heap before GC invocations=25 (full 7):
 PSYoungGen      total 1206784K, used 50894K [0x000000076af00000, 0x00000007b9f00000, 0x00000007c0000000)
  eden space 1129984K, 0% used [0x000000076af00000,0x000000076af00000,0x00000007afe80000)
  from space 76800K, 66% used [0x00000007b4d00000,0x00000007b7eb3910,0x00000007b9800000)
  to   space 80384K, 0% used [0x00000007afe80000,0x00000007afe80000,0x00000007b4d00000)
 ParOldGen       total 253952K, used 199862K [0x00000006c0c00000, 0x00000006d0400000, 0x000000076af00000)
  object space 253952K, 78% used [0x00000006c0c00000,0x00000006ccf2d9b0,0x00000006d0400000)
 Metaspace       used 53311K, capacity 53777K, committed 54320K, reserved 1097728K
  class space    used 6458K, capacity 6608K, committed 6704K, reserved 1048576K
Event: 58.983 GC heap after
Heap after GC invocations=25 (full 7):
 PSYoungGen      total 1206784K, used 0K [0x000000076af00000, 0x00000007b9f00000, 0x00000007c0000000)
  eden space 1129984K, 0% used [0x000000076af00000,0x000000076af00000,0x00000007afe80000)
  from space 76800K, 0% used [0x00000007b4d00000,0x00000007b4d00000,0x00000007b9800000)
  to   space 80384K, 0% used [0x00000007afe80000,0x00000007afe80000,0x00000007b4d00000)
 ParOldGen       total 253952K, used 234599K [0x00000006c0c00000, 0x00000006d0400000, 0x000000076af00000)
  object space 253952K, 92% used [0x00000006c0c00000,0x00000006cf119e80,0x00000006d0400000)
 Metaspace       used 53311K, capacity 53777K, committed 54320K, reserved 1097728K
  class space    used 6458K, capacity 6608K, committed 6704K, reserved 1048576K
}

Deoptimization events (10 events):
Event: 57.996 Thread 0x0000000026878800 Uncommon trap: reason=unstable_if action=reinterpret pc=0x00000000033c01d4 method=io.netty.channel.local.LocalChannel.isActive()Z @ 5
Event: 57.996 Thread 0x000000002760a800 Uncommon trap: reason=unstable_if action=reinterpret pc=0x00000000047f9e5c method=io.netty.util.concurrent.SingleThreadEventExecutor.execute(Ljava/lang/Runnable;)V @ 20
Event: 57.996 Thread 0x0000000026878800 Uncommon trap: reason=unstable_if action=reinterpret pc=0x0000000004694634 method=io.netty.channel.nio.NioEventLoop.wakeup(Z)V @ 1
Event: 57.997 Thread 0x000000002760a800 Uncommon trap: reason=class_check action=maybe_recompile pc=0x00000000047f5cb4 method=java.util.HashSet.remove(Ljava/lang/Object;)Z @ 5
Event: 57.997 Thread 0x0000000026878800 Uncommon trap: reason=class_check action=maybe_recompile pc=0x00000000047f5cb4 method=java.util.HashSet.remove(Ljava/lang/Object;)Z @ 5
Event: 58.030 Thread 0x000000002760b800 Uncommon trap: reason=class_check action=maybe_recompile pc=0x00000000047f5cb4 method=java.util.HashSet.remove(Ljava/lang/Object;)Z @ 5
Event: 58.046 Thread 0x0000000027608800 Uncommon trap: reason=unstable_if action=reinterpret pc=0x0000000002d8a3dc method=java.util.concurrent.locks.ReentrantLock$Sync.tryRelease(I)Z @ 28
Event: 58.191 Thread 0x000000002687a000 Uncommon trap: reason=unstable_if action=reinterpret pc=0x0000000004be60c4 method=java.lang.Boolean.equals(Ljava/lang/Object;)Z @ 18
Event: 58.612 Thread 0x0000000027608800 Uncommon trap: reason=class_check action=maybe_recompile pc=0x0000000002ab0f84 method=cpw.mods.fml.common.asm.transformers.deobf.FMLDeobfuscatingRemapper.map(Ljava/lang/String;)Ljava/lang/String; @ 11
Event: 59.751 Thread 0x00000000023a4800 Uncommon trap: reason=unstable_if action=reinterpret pc=0x0000000002a9c7d4 method=cpw.mods.fml.relauncher.FMLSecurityManager.checkPermission(Ljava/security/Permission;)V @ 23

Internal exceptions (10 events):
Event: 57.910 Thread 0x000000002760d800 Exception <a 'java/lang/InterruptedException': sleep interrupted> (0x000000077da6f2f0) thrown at [C:\re\workspace\8-2-build-windows-amd64-cygwin\jdk8u45\3627\hotspot\src\share\vm\prims\jvm.cpp, line 3211]
Event: 57.910 Thread 0x000000002760d800 Exception <a 'java/lang/InterruptedException': sleep interrupted> (0x000000077da6f540) thrown at [C:\re\workspace\8-2-build-windows-amd64-cygwin\jdk8u45\3627\hotspot\src\share\vm\prims\jvm.cpp, line 3163]
Event: 57.927 Thread 0x000000002760d800 Exception <a 'java/lang/InterruptedException': sleep interrupted> (0x000000077da6f740) thrown at [C:\re\workspace\8-2-build-windows-amd64-cygwin\jdk8u45\3627\hotspot\src\share\vm\prims\jvm.cpp, line 3211]
Event: 57.944 Thread 0x000000002760d800 Exception <a 'java/lang/InterruptedException': sleep interrupted> (0x000000077da6f990) thrown at [C:\re\workspace\8-2-build-windows-amd64-cygwin\jdk8u45\3627\hotspot\src\share\vm\prims\jvm.cpp, line 3211]
Event: 57.960 Thread 0x000000002760d800 Exception <a 'java/lang/InterruptedException': sleep interrupted> (0x000000077da6fbe0) thrown at [C:\re\workspace\8-2-build-windows-amd64-cygwin\jdk8u45\3627\hotspot\src\share\vm\prims\jvm.cpp, line 3211]
Event: 57.977 Thread 0x000000002760d800 Exception <a 'java/lang/InterruptedException': sleep interrupted> (0x000000077da6fe30) thrown at [C:\re\workspace\8-2-build-windows-amd64-cygwin\jdk8u45\3627\hotspot\src\share\vm\prims\jvm.cpp, line 3211]
Event: 57.993 Thread 0x000000002760d800 Exception <a 'java/lang/InterruptedException': sleep interrupted> (0x000000077da70080) thrown at [C:\re\workspace\8-2-build-windows-amd64-cygwin\jdk8u45\3627\hotspot\src\share\vm\prims\jvm.cpp, line 3211]
Event: 58.626 Thread 0x000000002760d800 Exception <a 'java/lang/InterruptedException': sleep interrupted> (0x000000077da70e58) thrown at [C:\re\workspace\8-2-build-windows-amd64-cygwin\jdk8u45\3627\hotspot\src\share\vm\prims\jvm.cpp, line 3211]
Event: 59.498 Thread 0x000000002760d800 Exception <a 'java/lang/InterruptedException': sleep interrupted> (0x000000076c467de8) thrown at [C:\re\workspace\8-2-build-windows-amd64-cygwin\jdk8u45\3627\hotspot\src\share\vm\prims\jvm.cpp, line 3211]
Event: 59.598 Thread 0x000000002760e800 Exception <a 'java/lang/InterruptedException': sleep interrupted> (0x000000076c60da40) thrown at [C:\re\workspace\8-2-build-windows-amd64-cygwin\jdk8u45\3627\hotspot\src\share\vm\prims\jvm.cpp, line 3211]

Events (10 events):
Event: 59.753 loading class javax/servlet/ServletContext done
Event: 59.754 loading class sun/java2d/pipe/hw/AccelDeviceEventNotifier done
Event: 59.755 Thread 0x0000000026876000 Thread exited: 0x0000000026876000
Event: 59.756 Thread 0x0000000026877000 Thread exited: 0x0000000026877000
Event: 59.756 loading class javax/servlet/ServletContext
Event: 59.756 loading class javax/servlet/ServletContext done
Event: 59.762 Thread 0x000000002687b800 Thread exited: 0x000000002687b800
Event: 59.781 Thread 0x000000001e3c6800 Thread exited: 0x000000001e3c6800
Event: 59.855 Thread 0x000000002687c000 Thread exited: 0x000000002687c000
Event: 59.855 Executing VM operation: Exit


Dynamic libraries:
0x00007ff75e230000 - 0x00007ff75e267000 	C:\Program Files\Java\jre1.8.0_45\bin\javaw.exe
0x00007ffe04fc0000 - 0x00007ffe05181000 	C:\WINDOWS\SYSTEM32\ntdll.dll
0x00007ffe02800000 - 0x00007ffe028ad000 	C:\WINDOWS\system32\KERNEL32.DLL
0x00007ffe01670000 - 0x00007ffe01858000 	C:\WINDOWS\system32\KERNELBASE.dll
0x00007ffe04b20000 - 0x00007ffe04bc7000 	C:\WINDOWS\system32\ADVAPI32.dll
0x00007ffe04f20000 - 0x00007ffe04fbd000 	C:\WINDOWS\system32\msvcrt.dll
0x00007ffe04e80000 - 0x00007ffe04edb000 	C:\WINDOWS\system32\sechost.dll
0x00007ffe04d60000 - 0x00007ffe04e7c000 	C:\WINDOWS\system32\RPCRT4.dll
0x00007ffe04740000 - 0x00007ffe04896000 	C:\WINDOWS\system32\USER32.dll
0x00007ffe04bd0000 - 0x00007ffe04d56000 	C:\WINDOWS\system32\GDI32.dll
0x00007ffdf44c0000 - 0x00007ffdf4734000 	C:\WINDOWS\WinSxS\amd64_microsoft.windows.common-controls_6595b64144ccf1df_6.0.10586.0_none_8c15ae12515e1c22\COMCTL32.dll
0x00007ffe029a0000 - 0x00007ffe02c1d000 	C:\WINDOWS\system32\combase.dll
0x00007ffe02350000 - 0x00007ffe023ba000 	C:\WINDOWS\system32\bcryptPrimitives.dll
0x00007ffe04ee0000 - 0x00007ffe04f1b000 	C:\WINDOWS\system32\IMM32.DLL
0x0000000052d60000 - 0x0000000052e32000 	C:\Program Files\Java\jre1.8.0_45\bin\msvcr100.dll
0x0000000052f10000 - 0x0000000053793000 	C:\Program Files\Java\jre1.8.0_45\bin\server\jvm.dll
0x00007ffe02c30000 - 0x00007ffe02c38000 	C:\WINDOWS\system32\PSAPI.DLL
0x00007ffdfe750000 - 0x00007ffdfe759000 	C:\WINDOWS\SYSTEM32\WSOCK32.dll
0x00007ffdffce0000 - 0x00007ffdffd03000 	C:\WINDOWS\SYSTEM32\WINMM.dll
0x00007ffdfcbd0000 - 0x00007ffdfcbda000 	C:\WINDOWS\SYSTEM32\VERSION.dll
0x00007ffe03000000 - 0x00007ffe0306b000 	C:\WINDOWS\system32\WS2_32.dll
0x00007ffdffba0000 - 0x00007ffdffbcc000 	C:\WINDOWS\SYSTEM32\WINMMBASE.dll
0x00007ffe01ae0000 - 0x00007ffe01b23000 	C:\WINDOWS\system32\cfgmgr32.dll
0x0000000052f00000 - 0x0000000052f0f000 	C:\Program Files\Java\jre1.8.0_45\bin\verify.dll
0x0000000052ed0000 - 0x0000000052ef9000 	C:\Program Files\Java\jre1.8.0_45\bin\java.dll
0x0000000052eb0000 - 0x0000000052ec6000 	C:\Program Files\Java\jre1.8.0_45\bin\zip.dll
0x00007ffe030d0000 - 0x00007ffe0462c000 	C:\WINDOWS\system32\SHELL32.dll
0x00007ffe01b30000 - 0x00007ffe02175000 	C:\WINDOWS\system32\windows.storage.dll
0x00007ffe03070000 - 0x00007ffe030c2000 	C:\WINDOWS\system32\shlwapi.dll
0x00007ffe01660000 - 0x00007ffe0166f000 	C:\WINDOWS\system32\kernel.appcore.dll
0x00007ffe01990000 - 0x00007ffe01a45000 	C:\WINDOWS\system32\shcore.dll
0x00007ffe01610000 - 0x00007ffe0165b000 	C:\WINDOWS\system32\powrprof.dll
0x00007ffe015f0000 - 0x00007ffe01604000 	C:\WINDOWS\system32\profapi.dll
0x0000000052d50000 - 0x0000000052d5d000 	C:\Program Files\Java\jre1.8.0_45\bin\management.dll
0x0000000052e90000 - 0x0000000052eaa000 	C:\Program Files\Java\jre1.8.0_45\bin\net.dll
0x00007ffe00eb0000 - 0x00007ffe00f0c000 	C:\WINDOWS\system32\mswsock.dll
0x0000000052e70000 - 0x0000000052e81000 	C:\Program Files\Java\jre1.8.0_45\bin\nio.dll
0x00007ffdf6450000 - 0x00007ffdf6466000 	C:\WINDOWS\system32\napinsp.dll
0x00007ffdf6470000 - 0x00007ffdf648a000 	C:\WINDOWS\system32\pnrpnsp.dll
0x00007ffdfd600000 - 0x00007ffdfd618000 	C:\WINDOWS\system32\NLAapi.dll
0x00007ffdfff60000 - 0x00007ffe0000a000 	C:\WINDOWS\SYSTEM32\DNSAPI.dll
0x00007ffe023c0000 - 0x00007ffe023c8000 	C:\WINDOWS\system32\NSI.dll
0x00007ffdf66b0000 - 0x00007ffdf66bd000 	C:\WINDOWS\System32\winrnr.dll
0x00007ffdfb9d0000 - 0x00007ffdfb9da000 	C:\Windows\System32\rasadhlp.dll
0x00007ffdfe070000 - 0x00007ffdfe0a8000 	C:\WINDOWS\SYSTEM32\IPHLPAPI.DLL
0x00007ffdfbf20000 - 0x00007ffdfbf87000 	C:\WINDOWS\System32\fwpuclnt.dll
0x00007ffe01510000 - 0x00007ffe01539000 	C:\WINDOWS\SYSTEM32\bcrypt.dll
0x0000000052bb0000 - 0x0000000052d48000 	C:\Program Files\Java\jre1.8.0_45\bin\awt.dll
0x00007ffe028b0000 - 0x00007ffe02971000 	C:\WINDOWS\system32\OLEAUT32.dll
0x00007ffdffdd0000 - 0x00007ffdffe49000 	C:\WINDOWS\system32\apphelp.dll
0x00007ffe00010000 - 0x00007ffe000a6000 	C:\WINDOWS\system32\uxtheme.dll
0x00007ffe02ea0000 - 0x00007ffe02ffa000 	C:\WINDOWS\system32\MSCTF.dll
0x00007ffdebb30000 - 0x00007ffdebb58000 	C:\Program Files (x86)\Raptr\ltc_help64-106568.dll
0x00007ffe01910000 - 0x00007ffe01965000 	C:\WINDOWS\system32\WINTRUST.dll
0x00007ffe015e0000 - 0x00007ffe015f0000 	C:\WINDOWS\system32\MSASN1.dll
0x00007ffe02180000 - 0x00007ffe02347000 	C:\WINDOWS\system32\CRYPT32.dll
0x00007ffdf7ae0000 - 0x00007ffdf7b29000 	F:\Applications\TeamViewer\tv_x64.dll
0x00007ffe049d0000 - 0x00007ffe04b13000 	C:\WINDOWS\system32\ole32.dll
0x00007ffdfea30000 - 0x00007ffdfea52000 	C:\WINDOWS\system32\dwmapi.dll
0x0000000052b60000 - 0x0000000052ba7000 	C:\Program Files\Java\jre1.8.0_45\bin\fontmanager.dll
0x00007ffddb700000 - 0x00007ffddb910000 	C:\WINDOWS\system32\d3d9.dll
0x0000000052b10000 - 0x0000000052b51000 	C:\Program Files\Java\jre1.8.0_45\bin\t2k.dll
0x0000000180000000 - 0x0000000180051000 	C:\Users\Matt\.gradle\caches\minecraft\net\minecraft\minecraft_natives\1.7.10\lwjgl64.dll
0x00007ffdea1d0000 - 0x00007ffdea2f9000 	C:\WINDOWS\SYSTEM32\OPENGL32.dll
0x00007ffdf3f60000 - 0x00007ffdf3f8e000 	C:\WINDOWS\SYSTEM32\GLU32.dll
0x00007ffde0e80000 - 0x00007ffde0f7a000 	C:\WINDOWS\SYSTEM32\DDRAW.dll
0x00007ffdf7a80000 - 0x00007ffdf7a88000 	C:\WINDOWS\SYSTEM32\DCIMAN32.dll
0x00007ffe00f60000 - 0x00007ffe00f77000 	C:\WINDOWS\SYSTEM32\CRYPTSP.dll
0x00007ffe00bf0000 - 0x00007ffe00c24000 	C:\WINDOWS\system32\rsaenh.dll
0x00007ffe00d40000 - 0x00007ffe00d5f000 	C:\WINDOWS\SYSTEM32\USERENV.dll
0x00007ffe01080000 - 0x00007ffe0108b000 	C:\WINDOWS\SYSTEM32\CRYPTBASE.dll
0x00007ffdfda30000 - 0x00007ffdfda46000 	C:\WINDOWS\SYSTEM32\dhcpcsvc6.DLL
0x00007ffdfd990000 - 0x00007ffdfd9aa000 	C:\WINDOWS\SYSTEM32\dhcpcsvc.DLL
0x00007ffdfbcd0000 - 0x00007ffdfbce8000 	C:\WINDOWS\SYSTEM32\atig6pxx.dll
0x0000000050d10000 - 0x0000000052b10000 	C:\WINDOWS\SYSTEM32\atio6axx.dll
0x00007ffe023d0000 - 0x00007ffe027f9000 	C:\WINDOWS\system32\SETUPAPI.dll
0x00007ffddce30000 - 0x00007ffddcf71000 	C:\WINDOWS\SYSTEM32\atiadlxx.dll
0x00007ffdff3d0000 - 0x00007ffdff556000 	C:\WINDOWS\SYSTEM32\PROPSYS.dll
0x00007ffdff590000 - 0x00007ffdff5a3000 	C:\WINDOWS\SYSTEM32\WTSAPI32.dll
0x00007ffe000b0000 - 0x00007ffe000d7000 	C:\WINDOWS\SYSTEM32\DEVOBJ.dll
0x00007ffdf3ea0000 - 0x00007ffdf3ecc000 	C:\WINDOWS\SYSTEM32\atig6txx.dll
0x00007ffde0bb0000 - 0x00007ffde0c41000 	C:\WINDOWS\SYSTEM32\mscms.dll
0x00007ffdf39d0000 - 0x00007ffdf3a12000 	C:\WINDOWS\SYSTEM32\icm32.dll
0x0000000070a40000 - 0x0000000070adc000 	C:\Users\Matt\.gradle\caches\minecraft\net\minecraft\minecraft_natives\1.7.10\avutil-ttv-51.dll
0x0000000065980000 - 0x00000000659d6000 	C:\Users\Matt\.gradle\caches\minecraft\net\minecraft\minecraft_natives\1.7.10\swresample-ttv-0.dll
0x000000006eb80000 - 0x000000006ec50000 	C:\Users\Matt\.gradle\caches\minecraft\net\minecraft\minecraft_natives\1.7.10\libmp3lame-ttv.dll
0x00007ffdcf080000 - 0x00007ffdd0424000 	C:\Users\Matt\.gradle\caches\minecraft\net\minecraft\minecraft_natives\1.7.10\libmfxsw64.dll
0x00007ffdea0a0000 - 0x00007ffdea1cb000 	C:\Users\Matt\.gradle\caches\minecraft\net\minecraft\minecraft_natives\1.7.10\twitchsdk.dll
0x00007ffdf0ca0000 - 0x00007ffdf0f49000 	C:\WINDOWS\SYSTEM32\WININET.dll
0x0000000052e40000 - 0x0000000052e64000 	C:\Program Files\Java\jre1.8.0_45\bin\sunec.dll
0x00007ffe02980000 - 0x00007ffe0299c000 	C:\WINDOWS\system32\imagehlp.dll
0x00007ffe005d0000 - 0x00007ffe005f4000 	C:\WINDOWS\SYSTEM32\gpapi.dll
0x00007ffdf8df0000 - 0x00007ffdf8e1f000 	C:\Windows\System32\cryptnet.dll
0x00007ffdfddd0000 - 0x00007ffdfdddb000 	C:\WINDOWS\SYSTEM32\WINNSI.DLL
0x00007ffde99b0000 - 0x00007ffde9bf8000 	C:\PROGRA~2\Raptr\ltc_game64-106568.dll
0x0000000025620000 - 0x0000000025684000 	C:\Users\Matt\.gradle\caches\minecraft\net\minecraft\minecraft_natives\1.7.10\OpenAL64.dll
0x00007ffe02df0000 - 0x00007ffe02e97000 	C:\WINDOWS\system32\clbcatq.dll
0x00007ffdfca90000 - 0x00007ffdfcb00000 	C:\WINDOWS\System32\MMDevApi.dll
0x00007ffde44c0000 - 0x00007ffde455c000 	C:\WINDOWS\SYSTEM32\dsound.dll
0x00007ffde4650000 - 0x00007ffde46d8000 	C:\WINDOWS\SYSTEM32\AUDIOSES.DLL
0x00007ffdfa640000 - 0x00007ffdfa776000 	C:\WINDOWS\SYSTEM32\wintypes.dll
0x00007ffdfce90000 - 0x00007ffdfd01c000 	C:\WINDOWS\SYSTEM32\dbghelp.dll

VM Arguments:
jvm_args: -Dfile.encoding=Cp1252 
java_command: GradleStart
java_class_path (initial): F:\Minecraft Mods\Armerger\bin;C:\Users\Matt\.gradle\caches\minecraft\net\minecraftforge\forge\1.7.10-10.13.4.1481-1.7.10\forgeSrc-1.7.10-10.13.4.1481-1.7.10.jar;C:\Users\Matt\.gradle\caches\modules-2\files-2.1\net.minecraft\launchwrapper\1.12\111e7bea9c968cdb3d06ef4632bf7ff0824d0f36\launchwrapper-1.12.jar;C:\Users\Matt\.gradle\caches\modules-2\files-2.1\com.google.code.findbugs\jsr305\1.3.9\40719ea6961c0cb6afaeb6a921eaa1f6afd4cfdf\jsr305-1.3.9.jar;C:\Users\Matt\.gradle\caches\modules-2\files-2.1\org.ow2.asm\asm-debug-all\5.0.3\f9e364ae2a66ce2a543012a4668856e84e5dab74\asm-debug-all-5.0.3.jar;C:\Users\Matt\.gradle\caches\modules-2\files-2.1\com.typesafe.akka\akka-actor_2.11\2.3.3\ed62e9fc709ca0f2ff1a3220daa8b70a2870078e\akka-actor_2.11-2.3.3.jar;C:\Users\Matt\.gradle\caches\modules-2\files-2.1\com.typesafe\config\1.2.1\f771f71fdae3df231bcd54d5ca2d57f0bf93f467\config-1.2.1.jar;C:\Users\Matt\.gradle\caches\modules-2\files-2.1\org.scala-lang\scala-actors-migration_2.11\1.1.0\dfa8bc42b181d5b9f1a5dd147f8ae308b893eb6f\scala-actors-migration_2.11-1.1.0.jar;C:\Users\Matt\.gradle\caches\modules-2\files-2.1\org.scala-lang\scala-compiler\2.11.1\56ea2e6c025e0821f28d73ca271218b8dd04926a\scala-compiler-2.11.1.jar;C:\Users\Matt\.gradle\caches\modules-2\files-2.1\org.scala-lang.plugins\scala-continuations-library_2.11\1.0.2\e517c53a7e9acd6b1668c5a35eccbaa3bab9aac\scala-continuations-library_2.11-1.0.2.jar;C:\Users\Matt\.gradle\caches\modules-2\files-2.1\org.scala-lang.plugins\scala-continuations-plugin_2.11.1\1.0.2\f361a3283452c57fa30c1ee69448995de23c60f7\scala-continuations-plugin_2.11.1-1.0.2.jar;C:\Users\Matt\.gradle\caches\modules-2\files-2.1\org.scala-lang\scala-library\2.11.1\e11da23da3eabab9f4777b9220e60d44c1aab6a\scala-library-2.11.1.jar;C:\Users\Matt\.gradle\caches\modules-2\files-2.1\org.scala-lang\scala-parser-combinators_2.11\1.0.1\f05d7345bf5a58924f2837c6c1f4d73a938e1ff0\scala-parser-combinators_2.11-1.0.1.jar;C:\Users\Matt\.gradle\caches\mo
Launcher Type: SUN_STANDARD

Environment Variables:
JAVA_HOME=C:\Program Files\Java\jdk1.8.0_45
PATH=C:/Program Files/Java/jre1.8.0_45/bin/server;C:/Program Files/Java/jre1.8.0_45/bin;C:/Program Files/Java/jre1.8.0_45/lib/amd64;C:\ProgramData\Oracle\Java\javapath;C:\WINDOWS\system32;C:\WINDOWS;C:\WINDOWS\System32\Wbem;C:\WINDOWS\System32\WindowsPowerShell\v1.0\;C:\Program Files (x86)\ATI Technologies\ATI.ACE\Core-Static;C:\Program Files\Microsoft\Web Platform Installer\;C:\Program Files (x86)\Microsoft ASP.NET\ASP.NET Web Pages\v1.0\;C:\Program Files (x86)\Windows Kits\8.0\Windows Performance Toolkit\;C:\Program Files\Microsoft SQL Server\110\Tools\Binn\;F:\Applications\TortoiseSVN\bin;C:\Program Files (x86)\AMD\ATI.ACE\Core-Static;C:\Program Files (x86)\Skype\Phone\;C:\Program Files\nodejs\;C:\Program Files\Java\jdk1.8.0_45\bin;C:\Users\Matt\AppData\Roaming\npm;F:\Applications\Eclipse\eclipse;
USERNAME=Matt
OS=Windows_NT
PROCESSOR_IDENTIFIER=Intel64 Family 6 Model 60 Stepping 3, GenuineIntel



---------------  S Y S T E M  ---------------

OS: Windows 10.0 , 64 bit Build 10586 (10.0.10586.0)

CPU:total 4 (4 cores per cpu, 1 threads per core) family 6 model 60 stepping 3, cmov, cx8, fxsr, mmx, sse, sse2, sse3, ssse3, sse4.1, sse4.2, popcnt, avx, avx2, aes, clmul, erms, lzcnt, tsc, tscinvbit, bmi1, bmi2

Memory: 4k page, physical 16723940k(9186804k free), swap 19214308k(8568852k free)

vm_info: Java HotSpot(TM) 64-Bit Server VM (25.45-b02) for windows-amd64 JRE (1.8.0_45-b15), built on Apr 30 2015 12:40:44 by "java_re" with MS VC++ 10.0 (VS2010)

time: Tue Feb 16 17:11:52 2016
elapsed time: 60 seconds (0d 0h 1m 0s)

