#
# A fatal error has been detected by the Java Runtime Environment:
#
#  EXCEPTION_ACCESS_VIOLATION (0xc0000005) at pc=0x00007ffdea2b2224, pid=4168, tid=9812
#
# JRE version: Java(TM) SE Runtime Environment (8.0_45-b15) (build 1.8.0_45-b15)
# Java VM: Java HotSpot(TM) 64-Bit Server VM (25.45-b02 mixed mode windows-amd64 compressed oops)
# Problematic frame:
# C  [OPENGL32.dll+0xe2224]
#
# Failed to write core dump. Minidumps are not enabled by default on client versions of Windows
#
# If you would like to submit a bug report, please visit:
#   http://bugreport.java.com/bugreport/crash.jsp
#

---------------  T H R E A D  ---------------

Current thread (0x000000001ba66800):  VMThread [stack: 0x000000001cb00000,0x000000001cc00000] [id=9812]

siginfo: ExceptionCode=0xc0000005, reading address 0x0000000000000a38

Registers:
RAX=0x0000000000000000, RBX=0x000000002fc14440, RCX=0x0000000000000001, RDX=0x000000002fc14448
RSP=0x000000001cbff428, RBP=0x0000000000000000, RSI=0x000000002fc16260, RDI=0x000000002fc16260
R8 =0x000000001cbff4a8, R9 =0x000000001b975400, R10=0x0000000000000000, R11=0x0000000000000246
R12=0x0000000000000000, R13=0x0000000025228cc0, R14=0x0000000025228b70, R15=0x0000000000000000
RIP=0x00007ffdea2b2224, EFLAGS=0x0000000000010283

Top of Stack: (sp=0x000000001cbff428)
0x000000001cbff428:   00007ffde9a1244b 0000000025228cc0
0x000000001cbff438:   0000000000000001 0000000025220000
0x000000001cbff448:   00007ffe04fe0a19 0000000000000000
0x000000001cbff458:   00007ffde9a17f17 0000000000000000
0x000000001cbff468:   0000000000000000 0000000025228ca0
0x000000001cbff478:   00007ffde9a17283 fffffffffffffffe
0x000000001cbff488:   000000001cbff4f0 0000000000000000
0x000000001cbff498:   00007ffde9a187c9 000000002fc16260
0x000000001cbff4a8:   000000002fc10590 000000001b975400
0x000000001cbff4b8:   00007ffde9a95700 fffffffffffffffe
0x000000001cbff4c8:   000000002522b1c0 0000000000000001
0x000000001cbff4d8:   0000000025228c98 0000000025228b70
0x000000001cbff4e8:   00007ffde9a9d7ad 00007ffde9bd65b0
0x000000001cbff4f8:   00007ffde9b01930 000000001b975400
0x000000001cbff508:   0000000000000036 0000000025228c98
0x000000001cbff518:   0000000025228b70 0000000025228b70 

Instructions: (pc=0x00007ffdea2b2224)
0x00007ffdea2b2204:   cc cc cc cc cc cc 66 0f 1f 44 00 00 8b 05 f2 7d
0x00007ffdea2b2214:   01 00 83 f8 40 73 0f 65 48 8b 04 c5 80 14 00 00
0x00007ffdea2b2224:   ff a0 38 0a 00 00 b8 47 01 00 00 e9 ec d4 ff ff
0x00007ffdea2b2234:   cc cc cc cc cc cc 66 0f 1f 44 00 00 8b 05 c2 7d 


Register to memory mapping:

RAX=0x0000000000000000 is an unknown value
RBX=0x000000002fc14440 is an unknown value
RCX=0x0000000000000001 is an unknown value
RDX=0x000000002fc14448 is an unknown value
RSP=0x000000001cbff428 is an unknown value
RBP=0x0000000000000000 is an unknown value
RSI=0x000000002fc16260 is an unknown value
RDI=0x000000002fc16260 is an unknown value
R8 =0x000000001cbff4a8 is an unknown value
R9 =0x000000001b975400 is an unknown value
R10=0x0000000000000000 is an unknown value
R11=0x0000000000000246 is an unknown value
R12=0x0000000000000000 is an unknown value
R13=0x0000000025228cc0 is an unknown value
R14=0x0000000025228b70 is an unknown value
R15=0x0000000000000000 is an unknown value


Stack: [0x000000001cb00000,0x000000001cc00000],  sp=0x000000001cbff428,  free space=1021k
Native frames: (J=compiled Java code, j=interpreted, Vv=VM code, C=native code)

VM_Operation (0x00000000022ee170): Exit, mode: safepoint, requested by thread 0x00000000022f4800


---------------  P R O C E S S  ---------------

Java Threads: ( => current thread )
  0x000000001f626800 JavaThread "AWT-Shutdown" [_thread_blocked, id=11660, stack(0x00000000422d0000,0x00000000423d0000)]
  0x000000001f623800 JavaThread "File IO Thread" [_thread_blocked, id=13548, stack(0x00000000414a0000,0x00000000415a0000)]
  0x000000001f628800 JavaThread "pool-2-thread-1" [_thread_blocked, id=7428, stack(0x000000003a5d0000,0x000000003a6d0000)]
  0x000000001f61f800 JavaThread "Netty IO #1" daemon [_thread_in_native, id=4400, stack(0x0000000039ed0000,0x0000000039fd0000)]
  0x000000001f622000 JavaThread "Netty Client IO #0" daemon [_thread_in_native, id=3212, stack(0x0000000039dd0000,0x0000000039ed0000)]
  0x000000001f620800 JavaThread "Netty IO #0" daemon [_thread_in_native, id=10492, stack(0x0000000039cd0000,0x0000000039dd0000)]
  0x000000001e071800 JavaThread "LWJGL Timer" daemon [_thread_blocked, id=8088, stack(0x0000000030080000,0x0000000030180000)]
  0x0000000025bbd000 JavaThread "Timer hack thread" daemon [_thread_blocked, id=3104, stack(0x0000000027830000,0x0000000027930000)]
  0x0000000026fbe000 JavaThread "Snooper Timer" daemon [_thread_blocked, id=15020, stack(0x0000000027730000,0x0000000027830000)]
  0x000000001e985800 JavaThread "Java2D Disposer" daemon [_thread_blocked, id=11440, stack(0x0000000020100000,0x0000000020200000)]
  0x000000001d32a800 JavaThread "Service Thread" daemon [_thread_blocked, id=2460, stack(0x000000001d700000,0x000000001d800000)]
  0x000000001baa7000 JavaThread "C1 CompilerThread2" daemon [_thread_blocked, id=7200, stack(0x000000001d200000,0x000000001d300000)]
  0x000000001baa6000 JavaThread "C2 CompilerThread1" daemon [_thread_blocked, id=2556, stack(0x000000001d100000,0x000000001d200000)]
  0x000000001baa0800 JavaThread "C2 CompilerThread0" daemon [_thread_blocked, id=13044, stack(0x000000001d000000,0x000000001d100000)]
  0x000000001ba9f000 JavaThread "Attach Listener" daemon [_thread_blocked, id=8592, stack(0x000000001cf00000,0x000000001d000000)]
  0x000000001baaa000 JavaThread "Signal Dispatcher" daemon [_thread_blocked, id=11808, stack(0x000000001ce00000,0x000000001cf00000)]
  0x00000000023eb000 JavaThread "Finalizer" daemon [_thread_blocked, id=8876, stack(0x000000001cd00000,0x000000001ce00000)]
  0x00000000023e2800 JavaThread "Reference Handler" daemon [_thread_blocked, id=8728, stack(0x000000001cc00000,0x000000001cd00000)]
  0x00000000022f4800 JavaThread "Client thread" [_thread_blocked, id=4924, stack(0x00000000021f0000,0x00000000022f0000)]

Other Threads:
=>0x000000001ba66800 VMThread [stack: 0x000000001cb00000,0x000000001cc00000] [id=9812]

VM state:at safepoint (shutting down)

VM Mutex/Monitor currently owned by a thread:  ([mutex/lock_event])
[0x00000000022f23d0] Threads_lock - owner thread: 0x000000001ba66800

Heap:
 PSYoungGen      total 1311232K, used 74300K [0x000000076af00000, 0x00000007c0000000, 0x00000007c0000000)
  eden space 1240064K, 5% used [0x000000076af00000,0x000000076f78f368,0x00000007b6a00000)
  from space 71168K, 0% used [0x00000007bba80000,0x00000007bba80000,0x00000007c0000000)
  to   space 76800K, 0% used [0x00000007b6a00000,0x00000007b6a00000,0x00000007bb500000)
 ParOldGen       total 239104K, used 235236K [0x00000006c0c00000, 0x00000006cf580000, 0x000000076af00000)
  object space 239104K, 98% used [0x00000006c0c00000,0x00000006cf1b92b0,0x00000006cf580000)
 Metaspace       used 52904K, capacity 53335K, committed 53808K, reserved 1095680K
  class space    used 6445K, capacity 6609K, committed 6704K, reserved 1048576K

Card table byte_map: [0x00000000117b0000,0x0000000011fb0000] byte_map_base: 0x000000000e1aa000

Marking Bits: (ParMarkBitMap*) 0x0000000053714040
 Begin Bits: [0x0000000012910000, 0x00000000168e0000)
 End Bits:   [0x00000000168e0000, 0x000000001a8b0000)

Polling page: 0x0000000000440000

CodeCache: size=245760Kb used=37544Kb max_used=38444Kb free=208215Kb
 bounds [0x00000000023f0000, 0x0000000004a60000, 0x00000000113f0000]
 total_blobs=9453 nmethods=8508 adapters=854
 compilation: enabled

Compilation events (10 events):
Event: 71.783 Thread 0x000000001baa7000 12359       3       cpw.mods.fml.relauncher.FMLSecurityManager::checkPermission (150 bytes)
Event: 71.784 Thread 0x000000001baa7000 nmethod 12359 0x0000000003500d10 code [0x0000000003500f80, 0x0000000003502198]
Event: 71.784 Thread 0x000000001baa7000 12358       3       java.util.logging.LogManager$LoggerContext::getGlobalLogger (6 bytes)
Event: 71.784 Thread 0x000000001baa7000 nmethod 12358 0x0000000003500a10 code [0x0000000003500b60, 0x0000000003500cb0]
Event: 71.784 Thread 0x000000001baa7000 12360       3       org.apache.logging.log4j.core.helpers.NameUtil::getSubName (32 bytes)
Event: 71.784 Thread 0x000000001baa6000 12362       4       java.util.concurrent.ConcurrentHashMap$ValueIterator::next (34 bytes)
Event: 71.784 Thread 0x000000001baa7000 nmethod 12360 0x0000000003500190 code [0x0000000003500320, 0x00000000035008b8]
Event: 71.784 Thread 0x000000001baa7000 12361       1       org.apache.logging.log4j.core.config.LoggerConfig::getLevel (5 bytes)
Event: 71.784 Thread 0x000000001baa7000 nmethod 12361 0x00000000034ffed0 code [0x0000000003500020, 0x0000000003500130]
Event: 71.787 Thread 0x000000001baa6000 nmethod 12362 0x00000000034ff950 code [0x00000000034ffaa0, 0x00000000034ffcb8]

GC Heap History (10 events):
Event: 31.816 GC heap before
{Heap before GC invocations=21 (full 5):
 PSYoungGen      total 1318400K, used 32K [0x000000076af00000, 0x00000007bf580000, 0x00000007c0000000)
  eden space 1255424K, 0% used [0x000000076af00000,0x000000076af00000,0x00000007b7900000)
  from space 62976K, 0% used [0x00000007bb700000,0x00000007bb708000,0x00000007bf480000)
  to   space 63488K, 0% used [0x00000007b7900000,0x00000007b7900000,0x00000007bb700000)
 ParOldGen       total 239104K, used 143085K [0x00000006c0c00000, 0x00000006cf580000, 0x000000076af00000)
  object space 239104K, 59% used [0x00000006c0c00000,0x00000006c97bb748,0x00000006cf580000)
 Metaspace       used 45119K, capacity 45577K, committed 45872K, reserved 1089536K
  class space    used 5769K, capacity 5918K, committed 5936K, reserved 1048576K
Event: 31.937 GC heap after
Heap after GC invocations=21 (full 5):
 PSYoungGen      total 1318400K, used 0K [0x000000076af00000, 0x00000007bf580000, 0x00000007c0000000)
  eden space 1255424K, 0% used [0x000000076af00000,0x000000076af00000,0x00000007b7900000)
  from space 62976K, 0% used [0x00000007bb700000,0x00000007bb700000,0x00000007bf480000)
  to   space 63488K, 0% used [0x00000007b7900000,0x00000007b7900000,0x00000007bb700000)
 ParOldGen       total 239104K, used 143085K [0x00000006c0c00000, 0x00000006cf580000, 0x000000076af00000)
  object space 239104K, 59% used [0x00000006c0c00000,0x00000006c97bb700,0x00000006cf580000)
 Metaspace       used 45119K, capacity 45577K, committed 45872K, reserved 1089536K
  class space    used 5769K, capacity 5918K, committed 5936K, reserved 1048576K
}
Event: 33.680 GC heap before
{Heap before GC invocations=22 (full 5):
 PSYoungGen      total 1318400K, used 603526K [0x000000076af00000, 0x00000007bf580000, 0x00000007c0000000)
  eden space 1255424K, 48% used [0x000000076af00000,0x000000078fc61840,0x00000007b7900000)
  from space 62976K, 0% used [0x00000007bb700000,0x00000007bb700000,0x00000007bf480000)
  to   space 63488K, 0% used [0x00000007b7900000,0x00000007b7900000,0x00000007bb700000)
 ParOldGen       total 239104K, used 143085K [0x00000006c0c00000, 0x00000006cf580000, 0x000000076af00000)
  object space 239104K, 59% used [0x00000006c0c00000,0x00000006c97bb700,0x00000006cf580000)
 Metaspace       used 49405K, capacity 49849K, committed 50480K, reserved 1093632K
  class space    used 6224K, capacity 6348K, committed 6448K, reserved 1048576K
Event: 33.698 GC heap after
Heap after GC invocations=22 (full 5):
 PSYoungGen      total 1318912K, used 54042K [0x000000076af00000, 0x00000007c0000000, 0x00000007c0000000)
  eden space 1255424K, 0% used [0x000000076af00000,0x000000076af00000,0x00000007b7900000)
  from space 63488K, 85% used [0x00000007b7900000,0x00000007badc6b88,0x00000007bb700000)
  to   space 71168K, 0% used [0x00000007bba80000,0x00000007bba80000,0x00000007c0000000)
 ParOldGen       total 239104K, used 143093K [0x00000006c0c00000, 0x00000006cf580000, 0x000000076af00000)
  object space 239104K, 59% used [0x00000006c0c00000,0x00000006c97bd700,0x00000006cf580000)
 Metaspace       used 49405K, capacity 49849K, committed 50480K, reserved 1093632K
  class space    used 6224K, capacity 6348K, committed 6448K, reserved 1048576K
}
Event: 33.698 GC heap before
{Heap before GC invocations=23 (full 6):
 PSYoungGen      total 1318912K, used 54042K [0x000000076af00000, 0x00000007c0000000, 0x00000007c0000000)
  eden space 1255424K, 0% used [0x000000076af00000,0x000000076af00000,0x00000007b7900000)
  from space 63488K, 85% used [0x00000007b7900000,0x00000007badc6b88,0x00000007bb700000)
  to   space 71168K, 0% used [0x00000007bba80000,0x00000007bba80000,0x00000007c0000000)
 ParOldGen       total 239104K, used 143093K [0x00000006c0c00000, 0x00000006cf580000, 0x000000076af00000)
  object space 239104K, 59% used [0x00000006c0c00000,0x00000006c97bd700,0x00000006cf580000)
 Metaspace       used 49405K, capacity 49849K, committed 50480K, reserved 1093632K
  class space    used 6224K, capacity 6348K, committed 6448K, reserved 1048576K
Event: 34.239 GC heap after
Heap after GC invocations=23 (full 6):
 PSYoungGen      total 1318912K, used 0K [0x000000076af00000, 0x00000007c0000000, 0x00000007c0000000)
  eden space 1255424K, 0% used [0x000000076af00000,0x000000076af00000,0x00000007b7900000)
  from space 63488K, 0% used [0x00000007b7900000,0x00000007b7900000,0x00000007bb700000)
  to   space 71168K, 0% used [0x00000007bba80000,0x00000007bba80000,0x00000007c0000000)
 ParOldGen       total 239104K, used 190348K [0x00000006c0c00000, 0x00000006cf580000, 0x000000076af00000)
  object space 239104K, 79% used [0x00000006c0c00000,0x00000006cc5e3278,0x00000006cf580000)
 Metaspace       used 49405K, capacity 49849K, committed 50480K, reserved 1093632K
  class space    used 6224K, capacity 6348K, committed 6448K, reserved 1048576K
}
Event: 70.494 GC heap before
{Heap before GC invocations=24 (full 6):
 PSYoungGen      total 1318912K, used 1188562K [0x000000076af00000, 0x00000007c0000000, 0x00000007c0000000)
  eden space 1255424K, 94% used [0x000000076af00000,0x00000007b37b4bd0,0x00000007b7900000)
  from space 63488K, 0% used [0x00000007b7900000,0x00000007b7900000,0x00000007bb700000)
  to   space 71168K, 0% used [0x00000007bba80000,0x00000007bba80000,0x00000007c0000000)
 ParOldGen       total 239104K, used 190348K [0x00000006c0c00000, 0x00000006cf580000, 0x000000076af00000)
  object space 239104K, 79% used [0x00000006c0c00000,0x00000006cc5e3278,0x00000006cf580000)
 Metaspace       used 52877K, capacity 53335K, committed 53808K, reserved 1095680K
  class space    used 6442K, capacity 6609K, committed 6704K, reserved 1048576K
Event: 70.509 GC heap after
Heap after GC invocations=24 (full 6):
 PSYoungGen      total 1311232K, used 53176K [0x000000076af00000, 0x00000007c0000000, 0x00000007c0000000)
  eden space 1240064K, 0% used [0x000000076af00000,0x000000076af00000,0x00000007b6a00000)
  from space 71168K, 74% used [0x00000007bba80000,0x00000007bee6e1c0,0x00000007c0000000)
  to   space 76800K, 0% used [0x00000007b6a00000,0x00000007b6a00000,0x00000007bb500000)
 ParOldGen       total 239104K, used 190356K [0x00000006c0c00000, 0x00000006cf580000, 0x000000076af00000)
  object space 239104K, 79% used [0x00000006c0c00000,0x00000006cc5e5278,0x00000006cf580000)
 Metaspace       used 52877K, capacity 53335K, committed 53808K, reserved 1095680K
  class space    used 6442K, capacity 6609K, committed 6704K, reserved 1048576K
}
Event: 70.509 GC heap before
{Heap before GC invocations=25 (full 7):
 PSYoungGen      total 1311232K, used 53176K [0x000000076af00000, 0x00000007c0000000, 0x00000007c0000000)
  eden space 1240064K, 0% used [0x000000076af00000,0x000000076af00000,0x00000007b6a00000)
  from space 71168K, 74% used [0x00000007bba80000,0x00000007bee6e1c0,0x00000007c0000000)
  to   space 76800K, 0% used [0x00000007b6a00000,0x00000007b6a00000,0x00000007bb500000)
 ParOldGen       total 239104K, used 190356K [0x00000006c0c00000, 0x00000006cf580000, 0x000000076af00000)
  object space 239104K, 79% used [0x00000006c0c00000,0x00000006cc5e5278,0x00000006cf580000)
 Metaspace       used 52877K, capacity 53335K, committed 53808K, reserved 1095680K
  class space    used 6442K, capacity 6609K, committed 6704K, reserved 1048576K
Event: 70.874 GC heap after
Heap after GC invocations=25 (full 7):
 PSYoungGen      total 1311232K, used 0K [0x000000076af00000, 0x00000007c0000000, 0x00000007c0000000)
  eden space 1240064K, 0% used [0x000000076af00000,0x000000076af00000,0x00000007b6a00000)
  from space 71168K, 0% used [0x00000007bba80000,0x00000007bba80000,0x00000007c0000000)
  to   space 76800K, 0% used [0x00000007b6a00000,0x00000007b6a00000,0x00000007bb500000)
 ParOldGen       total 239104K, used 235236K [0x00000006c0c00000, 0x00000006cf580000, 0x000000076af00000)
  object space 239104K, 98% used [0x00000006c0c00000,0x00000006cf1b92b0,0x00000006cf580000)
 Metaspace       used 52877K, capacity 53335K, committed 53808K, reserved 1095680K
  class space    used 6442K, capacity 6609K, committed 6704K, reserved 1048576K
}

Deoptimization events (10 events):
Event: 68.450 Thread 0x0000000031e62000 Uncommon trap: reason=unstable_if action=reinterpret pc=0x00000000041dfbc0 method=paulscode.sound.libraries.SourceLWJGLOpenAL.checkPitch()V @ 15
Event: 68.450 Thread 0x0000000031e62000 Uncommon trap: reason=unstable_if action=reinterpret pc=0x000000000401986c method=paulscode.sound.libraries.SourceLWJGLOpenAL.positionChanged()V @ 23
Event: 70.297 Thread 0x000000001f622000 Uncommon trap: reason=unstable_if action=reinterpret pc=0x00000000036e92d4 method=io.netty.channel.local.LocalChannel.isOpen()Z @ 5
Event: 70.297 Thread 0x000000001f61f800 Uncommon trap: reason=unstable_if action=reinterpret pc=0x00000000037a7cd4 method=io.netty.channel.local.LocalChannel.isActive()Z @ 5
Event: 70.297 Thread 0x000000001f622000 Uncommon trap: reason=unstable_if action=reinterpret pc=0x0000000003dbd0e0 method=io.netty.util.concurrent.SingleThreadEventExecutor.execute(Ljava/lang/Runnable;)V @ 20
Event: 70.297 Thread 0x000000001f61f800 Uncommon trap: reason=unstable_if action=reinterpret pc=0x0000000003dbd0e0 method=io.netty.util.concurrent.SingleThreadEventExecutor.execute(Ljava/lang/Runnable;)V @ 20
Event: 70.297 Thread 0x000000001f622000 Uncommon trap: reason=unstable_if action=reinterpret pc=0x0000000002b451f4 method=io.netty.channel.nio.NioEventLoop.wakeup(Z)V @ 1
Event: 70.297 Thread 0x000000001f61f800 Uncommon trap: reason=unstable_if action=reinterpret pc=0x0000000002b451f4 method=io.netty.channel.nio.NioEventLoop.wakeup(Z)V @ 1
Event: 70.894 Thread 0x00000000022f4800 Uncommon trap: reason=unstable_if action=reinterpret pc=0x00000000048d0274 method=net.minecraft.util.ResourceLocation.equals(Ljava/lang/Object;)Z @ 46
Event: 71.782 Thread 0x00000000022f4800 Uncommon trap: reason=unstable_if action=reinterpret pc=0x00000000029d5294 method=cpw.mods.fml.relauncher.FMLSecurityManager.checkPermission(Ljava/security/Permission;)V @ 23

Internal exceptions (10 events):
Event: 70.294 Thread 0x0000000031e62000 Exception <a 'java/lang/InterruptedException': sleep interrupted> (0x00000007a8cbfb30) thrown at [C:\re\workspace\8-2-build-windows-amd64-cygwin\jdk8u45\3627\hotspot\src\share\vm\prims\jvm.cpp, line 3211]
Event: 70.294 Thread 0x0000000031e62000 Exception <a 'java/lang/InterruptedException': sleep interrupted> (0x00000007a8cc1130) thrown at [C:\re\workspace\8-2-build-windows-amd64-cygwin\jdk8u45\3627\hotspot\src\share\vm\prims\jvm.cpp, line 3163]
Event: 70.493 Thread 0x0000000031e62000 Exception <a 'java/lang/InterruptedException': sleep interrupted> (0x00000007a8cc1330) thrown at [C:\re\workspace\8-2-build-windows-amd64-cygwin\jdk8u45\3627\hotspot\src\share\vm\prims\jvm.cpp, line 3211]
Event: 70.494 Thread 0x0000000031e62000 Exception <a 'java/lang/InterruptedException': sleep interrupted> (0x00000007a8cc1558) thrown at [C:\re\workspace\8-2-build-windows-amd64-cygwin\jdk8u45\3627\hotspot\src\share\vm\prims\jvm.cpp, line 3163]
Event: 70.914 Thread 0x0000000031e62000 Exception <a 'java/lang/InterruptedException': sleep interrupted> (0x000000076d0f4ca8) thrown at [C:\re\workspace\8-2-build-windows-amd64-cygwin\jdk8u45\3627\hotspot\src\share\vm\prims\jvm.cpp, line 3211]
Event: 70.917 Thread 0x000000001f61b000 Exception <a 'java/lang/InterruptedException': sleep interrupted> (0x000000076af00070) thrown at [C:\re\workspace\8-2-build-windows-amd64-cygwin\jdk8u45\3627\hotspot\src\share\vm\prims\jvm.cpp, line 3211]
Event: 70.917 Thread 0x0000000031e62000 Exception <a 'java/lang/InterruptedException': sleep interrupted> (0x000000076d1da9a8) thrown at [C:\re\workspace\8-2-build-windows-amd64-cygwin\jdk8u45\3627\hotspot\src\share\vm\prims\jvm.cpp, line 3163]
Event: 71.551 Thread 0x0000000031e62000 Exception <a 'java/lang/InterruptedException': sleep interrupted> (0x000000076d1daba8) thrown at [C:\re\workspace\8-2-build-windows-amd64-cygwin\jdk8u45\3627\hotspot\src\share\vm\prims\jvm.cpp, line 3211]
Event: 71.551 Thread 0x0000000031e62000 Exception <a 'java/lang/InterruptedException': sleep interrupted> (0x000000076d1dada8) thrown at [C:\re\workspace\8-2-build-windows-amd64-cygwin\jdk8u45\3627\hotspot\src\share\vm\prims\jvm.cpp, line 3211]
Event: 71.651 Thread 0x000000001f61b000 Exception <a 'java/lang/InterruptedException': sleep interrupted> (0x000000076d8b9548) thrown at [C:\re\workspace\8-2-build-windows-amd64-cygwin\jdk8u45\3627\hotspot\src\share\vm\prims\jvm.cpp, line 3211]

Events (10 events):
Event: 71.783 loading class javax/servlet/ServletContext done
Event: 71.784 loading class sun/java2d/pipe/hw/AccelDeviceEventNotifier
Event: 71.784 loading class sun/java2d/pipe/hw/AccelDeviceEventNotifier done
Event: 71.784 loading class javax/servlet/ServletContext
Event: 71.784 loading class javax/servlet/ServletContext done
Event: 71.785 Thread 0x000000001f61d800 Thread exited: 0x000000001f61d800
Event: 71.789 Thread 0x000000001f61b000 Thread exited: 0x000000001f61b000
Event: 71.815 Thread 0x000000001e987000 Thread exited: 0x000000001e987000
Event: 71.884 Thread 0x000000001f61e000 Thread exited: 0x000000001f61e000
Event: 71.884 Executing VM operation: Exit


Dynamic libraries:
0x00007ff75e230000 - 0x00007ff75e267000 	C:\Program Files\Java\jre1.8.0_45\bin\javaw.exe
0x00007ffe04fc0000 - 0x00007ffe05181000 	C:\WINDOWS\SYSTEM32\ntdll.dll
0x00007ffe02800000 - 0x00007ffe028ad000 	C:\WINDOWS\system32\KERNEL32.DLL
0x00007ffe01670000 - 0x00007ffe01858000 	C:\WINDOWS\system32\KERNELBASE.dll
0x00007ffe04b20000 - 0x00007ffe04bc7000 	C:\WINDOWS\system32\ADVAPI32.dll
0x00007ffe04f20000 - 0x00007ffe04fbd000 	C:\WINDOWS\system32\msvcrt.dll
0x00007ffe04e80000 - 0x00007ffe04edb000 	C:\WINDOWS\system32\sechost.dll
0x00007ffe04d60000 - 0x00007ffe04e7c000 	C:\WINDOWS\system32\RPCRT4.dll
0x00007ffe04740000 - 0x00007ffe04896000 	C:\WINDOWS\system32\USER32.dll
0x00007ffe04bd0000 - 0x00007ffe04d56000 	C:\WINDOWS\system32\GDI32.dll
0x00007ffdf44c0000 - 0x00007ffdf4734000 	C:\WINDOWS\WinSxS\amd64_microsoft.windows.common-controls_6595b64144ccf1df_6.0.10586.0_none_8c15ae12515e1c22\COMCTL32.dll
0x00007ffe029a0000 - 0x00007ffe02c1d000 	C:\WINDOWS\system32\combase.dll
0x00007ffe02350000 - 0x00007ffe023ba000 	C:\WINDOWS\system32\bcryptPrimitives.dll
0x00007ffe04ee0000 - 0x00007ffe04f1b000 	C:\WINDOWS\system32\IMM32.DLL
0x0000000052d60000 - 0x0000000052e32000 	C:\Program Files\Java\jre1.8.0_45\bin\msvcr100.dll
0x0000000052f10000 - 0x0000000053793000 	C:\Program Files\Java\jre1.8.0_45\bin\server\jvm.dll
0x00007ffe02c30000 - 0x00007ffe02c38000 	C:\WINDOWS\system32\PSAPI.DLL
0x00007ffdffce0000 - 0x00007ffdffd03000 	C:\WINDOWS\SYSTEM32\WINMM.dll
0x00007ffdfcbd0000 - 0x00007ffdfcbda000 	C:\WINDOWS\SYSTEM32\VERSION.dll
0x00007ffdfe750000 - 0x00007ffdfe759000 	C:\WINDOWS\SYSTEM32\WSOCK32.dll
0x00007ffe03000000 - 0x00007ffe0306b000 	C:\WINDOWS\system32\WS2_32.dll
0x00000000020c0000 - 0x00000000020ec000 	C:\WINDOWS\SYSTEM32\WINMMBASE.dll
0x00007ffe01ae0000 - 0x00007ffe01b23000 	C:\WINDOWS\system32\cfgmgr32.dll
0x0000000052f00000 - 0x0000000052f0f000 	C:\Program Files\Java\jre1.8.0_45\bin\verify.dll
0x0000000052ed0000 - 0x0000000052ef9000 	C:\Program Files\Java\jre1.8.0_45\bin\java.dll
0x0000000052eb0000 - 0x0000000052ec6000 	C:\Program Files\Java\jre1.8.0_45\bin\zip.dll
0x00007ffe030d0000 - 0x00007ffe0462c000 	C:\WINDOWS\system32\SHELL32.dll
0x00007ffe01b30000 - 0x00007ffe02175000 	C:\WINDOWS\system32\windows.storage.dll
0x00007ffe03070000 - 0x00007ffe030c2000 	C:\WINDOWS\system32\shlwapi.dll
0x00007ffe01660000 - 0x00007ffe0166f000 	C:\WINDOWS\system32\kernel.appcore.dll
0x00007ffe01990000 - 0x00007ffe01a45000 	C:\WINDOWS\system32\shcore.dll
0x00007ffe01610000 - 0x00007ffe0165b000 	C:\WINDOWS\system32\powrprof.dll
0x00007ffe015f0000 - 0x00007ffe01604000 	C:\WINDOWS\system32\profapi.dll
0x0000000052d50000 - 0x0000000052d5d000 	C:\Program Files\Java\jre1.8.0_45\bin\management.dll
0x0000000052e90000 - 0x0000000052eaa000 	C:\Program Files\Java\jre1.8.0_45\bin\net.dll
0x00007ffe00eb0000 - 0x00007ffe00f0c000 	C:\WINDOWS\system32\mswsock.dll
0x0000000052e70000 - 0x0000000052e81000 	C:\Program Files\Java\jre1.8.0_45\bin\nio.dll
0x00007ffdf6450000 - 0x00007ffdf6466000 	C:\WINDOWS\system32\napinsp.dll
0x00007ffdf6470000 - 0x00007ffdf648a000 	C:\WINDOWS\system32\pnrpnsp.dll
0x00007ffdfd600000 - 0x00007ffdfd618000 	C:\WINDOWS\system32\NLAapi.dll
0x00007ffdfff60000 - 0x00007ffe0000a000 	C:\WINDOWS\SYSTEM32\DNSAPI.dll
0x00007ffe023c0000 - 0x00007ffe023c8000 	C:\WINDOWS\system32\NSI.dll
0x00007ffdf66b0000 - 0x00007ffdf66bd000 	C:\WINDOWS\System32\winrnr.dll
0x00007ffdfb9d0000 - 0x00007ffdfb9da000 	C:\Windows\System32\rasadhlp.dll
0x00007ffdfe070000 - 0x00007ffdfe0a8000 	C:\WINDOWS\SYSTEM32\IPHLPAPI.DLL
0x00007ffdfbf20000 - 0x00007ffdfbf87000 	C:\WINDOWS\System32\fwpuclnt.dll
0x00007ffe01510000 - 0x00007ffe01539000 	C:\WINDOWS\SYSTEM32\bcrypt.dll
0x0000000052bb0000 - 0x0000000052d48000 	C:\Program Files\Java\jre1.8.0_45\bin\awt.dll
0x00007ffe028b0000 - 0x00007ffe02971000 	C:\WINDOWS\system32\OLEAUT32.dll
0x00007ffdffdd0000 - 0x00007ffdffe49000 	C:\WINDOWS\system32\apphelp.dll
0x00007ffe00010000 - 0x00007ffe000a6000 	C:\WINDOWS\system32\uxtheme.dll
0x00007ffe02ea0000 - 0x00007ffe02ffa000 	C:\WINDOWS\system32\MSCTF.dll
0x00007ffdebb30000 - 0x00007ffdebb58000 	C:\Program Files (x86)\Raptr\ltc_help64-106568.dll
0x00007ffe01910000 - 0x00007ffe01965000 	C:\WINDOWS\system32\WINTRUST.dll
0x00007ffe015e0000 - 0x00007ffe015f0000 	C:\WINDOWS\system32\MSASN1.dll
0x00007ffe02180000 - 0x00007ffe02347000 	C:\WINDOWS\system32\CRYPT32.dll
0x00007ffdf7ae0000 - 0x00007ffdf7b29000 	F:\Applications\TeamViewer\tv_x64.dll
0x00007ffe049d0000 - 0x00007ffe04b13000 	C:\WINDOWS\system32\ole32.dll
0x00007ffdfea30000 - 0x00007ffdfea52000 	C:\WINDOWS\system32\dwmapi.dll
0x0000000052b60000 - 0x0000000052ba7000 	C:\Program Files\Java\jre1.8.0_45\bin\fontmanager.dll
0x00007ffddb700000 - 0x00007ffddb910000 	C:\WINDOWS\system32\d3d9.dll
0x0000000052b10000 - 0x0000000052b51000 	C:\Program Files\Java\jre1.8.0_45\bin\t2k.dll
0x0000000180000000 - 0x0000000180051000 	C:\Users\Matt\.gradle\caches\minecraft\net\minecraft\minecraft_natives\1.7.10\lwjgl64.dll
0x00007ffdea1d0000 - 0x00007ffdea2f9000 	C:\WINDOWS\SYSTEM32\OPENGL32.dll
0x00007ffdf3f60000 - 0x00007ffdf3f8e000 	C:\WINDOWS\SYSTEM32\GLU32.dll
0x00007ffde0e80000 - 0x00007ffde0f7a000 	C:\WINDOWS\SYSTEM32\DDRAW.dll
0x00007ffdf7a80000 - 0x00007ffdf7a88000 	C:\WINDOWS\SYSTEM32\DCIMAN32.dll
0x00007ffe00f60000 - 0x00007ffe00f77000 	C:\WINDOWS\SYSTEM32\CRYPTSP.dll
0x00007ffe00bf0000 - 0x00007ffe00c24000 	C:\WINDOWS\system32\rsaenh.dll
0x00007ffe00d40000 - 0x00007ffe00d5f000 	C:\WINDOWS\SYSTEM32\USERENV.dll
0x00007ffe01080000 - 0x00007ffe0108b000 	C:\WINDOWS\SYSTEM32\CRYPTBASE.dll
0x00007ffdfda30000 - 0x00007ffdfda46000 	C:\WINDOWS\SYSTEM32\dhcpcsvc6.DLL
0x00007ffdfd990000 - 0x00007ffdfd9aa000 	C:\WINDOWS\SYSTEM32\dhcpcsvc.DLL
0x00007ffdf5650000 - 0x00007ffdf5668000 	C:\WINDOWS\SYSTEM32\atig6pxx.dll
0x0000000050d10000 - 0x0000000052b10000 	C:\WINDOWS\SYSTEM32\atio6axx.dll
0x00007ffe023d0000 - 0x00007ffe027f9000 	C:\WINDOWS\system32\SETUPAPI.dll
0x00007ffddce30000 - 0x00007ffddcf71000 	C:\WINDOWS\SYSTEM32\atiadlxx.dll
0x00007ffdff3d0000 - 0x00007ffdff556000 	C:\WINDOWS\SYSTEM32\PROPSYS.dll
0x00007ffdff590000 - 0x00007ffdff5a3000 	C:\WINDOWS\SYSTEM32\WTSAPI32.dll
0x00007ffe000b0000 - 0x00007ffe000d7000 	C:\WINDOWS\SYSTEM32\DEVOBJ.dll
0x00007ffdf39f0000 - 0x00007ffdf3a1c000 	C:\WINDOWS\SYSTEM32\atig6txx.dll
0x00007ffde0bb0000 - 0x00007ffde0c41000 	C:\WINDOWS\SYSTEM32\mscms.dll
0x00007ffdebcb0000 - 0x00007ffdebcf2000 	C:\WINDOWS\SYSTEM32\icm32.dll
0x0000000070a40000 - 0x0000000070adc000 	C:\Users\Matt\.gradle\caches\minecraft\net\minecraft\minecraft_natives\1.7.10\avutil-ttv-51.dll
0x0000000065980000 - 0x00000000659d6000 	C:\Users\Matt\.gradle\caches\minecraft\net\minecraft\minecraft_natives\1.7.10\swresample-ttv-0.dll
0x000000006eb80000 - 0x000000006ec50000 	C:\Users\Matt\.gradle\caches\minecraft\net\minecraft\minecraft_natives\1.7.10\libmp3lame-ttv.dll
0x00007ffdcf080000 - 0x00007ffdd0424000 	C:\Users\Matt\.gradle\caches\minecraft\net\minecraft\minecraft_natives\1.7.10\libmfxsw64.dll
0x00007ffdea0a0000 - 0x00007ffdea1cb000 	C:\Users\Matt\.gradle\caches\minecraft\net\minecraft\minecraft_natives\1.7.10\twitchsdk.dll
0x00007ffdf0ca0000 - 0x00007ffdf0f49000 	C:\WINDOWS\SYSTEM32\WININET.dll
0x0000000052e40000 - 0x0000000052e64000 	C:\Program Files\Java\jre1.8.0_45\bin\sunec.dll
0x00007ffe02980000 - 0x00007ffe0299c000 	C:\WINDOWS\system32\imagehlp.dll
0x00007ffe005d0000 - 0x00007ffe005f4000 	C:\WINDOWS\SYSTEM32\gpapi.dll
0x00007ffdf8df0000 - 0x00007ffdf8e1f000 	C:\Windows\System32\cryptnet.dll
0x00007ffdfddd0000 - 0x00007ffdfdddb000 	C:\WINDOWS\SYSTEM32\WINNSI.DLL
0x00007ffde99b0000 - 0x00007ffde9bf8000 	C:\PROGRA~2\Raptr\ltc_game64-106568.dll
0x0000000025150000 - 0x00000000251b4000 	C:\Users\Matt\.gradle\caches\minecraft\net\minecraft\minecraft_natives\1.7.10\OpenAL64.dll
0x00007ffe02df0000 - 0x00007ffe02e97000 	C:\WINDOWS\system32\clbcatq.dll
0x00007ffdfca90000 - 0x00007ffdfcb00000 	C:\WINDOWS\System32\MMDevApi.dll
0x00007ffde44c0000 - 0x00007ffde455c000 	C:\WINDOWS\SYSTEM32\dsound.dll
0x00007ffde4650000 - 0x00007ffde46d8000 	C:\WINDOWS\SYSTEM32\AUDIOSES.DLL
0x00007ffdfa640000 - 0x00007ffdfa776000 	C:\WINDOWS\SYSTEM32\wintypes.dll
0x00007ffdfce90000 - 0x00007ffdfd01c000 	C:\WINDOWS\SYSTEM32\dbghelp.dll

VM Arguments:
jvm_args: -Dfile.encoding=Cp1252 
java_command: GradleStart
java_class_path (initial): F:\Minecraft Mods\Armerger\bin;C:\Users\Matt\.gradle\caches\minecraft\net\minecraftforge\forge\1.7.10-10.13.4.1481-1.7.10\forgeSrc-1.7.10-10.13.4.1481-1.7.10.jar;C:\Users\Matt\.gradle\caches\modules-2\files-2.1\net.minecraft\launchwrapper\1.12\111e7bea9c968cdb3d06ef4632bf7ff0824d0f36\launchwrapper-1.12.jar;C:\Users\Matt\.gradle\caches\modules-2\files-2.1\com.google.code.findbugs\jsr305\1.3.9\40719ea6961c0cb6afaeb6a921eaa1f6afd4cfdf\jsr305-1.3.9.jar;C:\Users\Matt\.gradle\caches\modules-2\files-2.1\org.ow2.asm\asm-debug-all\5.0.3\f9e364ae2a66ce2a543012a4668856e84e5dab74\asm-debug-all-5.0.3.jar;C:\Users\Matt\.gradle\caches\modules-2\files-2.1\com.typesafe.akka\akka-actor_2.11\2.3.3\ed62e9fc709ca0f2ff1a3220daa8b70a2870078e\akka-actor_2.11-2.3.3.jar;C:\Users\Matt\.gradle\caches\modules-2\files-2.1\com.typesafe\config\1.2.1\f771f71fdae3df231bcd54d5ca2d57f0bf93f467\config-1.2.1.jar;C:\Users\Matt\.gradle\caches\modules-2\files-2.1\org.scala-lang\scala-actors-migration_2.11\1.1.0\dfa8bc42b181d5b9f1a5dd147f8ae308b893eb6f\scala-actors-migration_2.11-1.1.0.jar;C:\Users\Matt\.gradle\caches\modules-2\files-2.1\org.scala-lang\scala-compiler\2.11.1\56ea2e6c025e0821f28d73ca271218b8dd04926a\scala-compiler-2.11.1.jar;C:\Users\Matt\.gradle\caches\modules-2\files-2.1\org.scala-lang.plugins\scala-continuations-library_2.11\1.0.2\e517c53a7e9acd6b1668c5a35eccbaa3bab9aac\scala-continuations-library_2.11-1.0.2.jar;C:\Users\Matt\.gradle\caches\modules-2\files-2.1\org.scala-lang.plugins\scala-continuations-plugin_2.11.1\1.0.2\f361a3283452c57fa30c1ee69448995de23c60f7\scala-continuations-plugin_2.11.1-1.0.2.jar;C:\Users\Matt\.gradle\caches\modules-2\files-2.1\org.scala-lang\scala-library\2.11.1\e11da23da3eabab9f4777b9220e60d44c1aab6a\scala-library-2.11.1.jar;C:\Users\Matt\.gradle\caches\modules-2\files-2.1\org.scala-lang\scala-parser-combinators_2.11\1.0.1\f05d7345bf5a58924f2837c6c1f4d73a938e1ff0\scala-parser-combinators_2.11-1.0.1.jar;C:\Users\Matt\.gradle\caches\mo
Launcher Type: SUN_STANDARD

Environment Variables:
JAVA_HOME=C:\Program Files\Java\jdk1.8.0_45
PATH=C:/Program Files/Java/jre1.8.0_45/bin/server;C:/Program Files/Java/jre1.8.0_45/bin;C:/Program Files/Java/jre1.8.0_45/lib/amd64;C:\ProgramData\Oracle\Java\javapath;C:\WINDOWS\system32;C:\WINDOWS;C:\WINDOWS\System32\Wbem;C:\WINDOWS\System32\WindowsPowerShell\v1.0\;C:\Program Files (x86)\ATI Technologies\ATI.ACE\Core-Static;C:\Program Files\Microsoft\Web Platform Installer\;C:\Program Files (x86)\Microsoft ASP.NET\ASP.NET Web Pages\v1.0\;C:\Program Files (x86)\Windows Kits\8.0\Windows Performance Toolkit\;C:\Program Files\Microsoft SQL Server\110\Tools\Binn\;F:\Applications\TortoiseSVN\bin;C:\Program Files (x86)\AMD\ATI.ACE\Core-Static;C:\Program Files (x86)\Skype\Phone\;C:\Program Files\nodejs\;C:\Program Files\Java\jdk1.8.0_45\bin;C:\Users\Matt\AppData\Roaming\npm;F:\Applications\Eclipse\eclipse;
USERNAME=Matt
OS=Windows_NT
PROCESSOR_IDENTIFIER=Intel64 Family 6 Model 60 Stepping 3, GenuineIntel



---------------  S Y S T E M  ---------------

OS: Windows 10.0 , 64 bit Build 10586 (10.0.10586.0)

CPU:total 4 (4 cores per cpu, 1 threads per core) family 6 model 60 stepping 3, cmov, cx8, fxsr, mmx, sse, sse2, sse3, ssse3, sse4.1, sse4.2, popcnt, avx, avx2, aes, clmul, erms, lzcnt, tsc, tscinvbit, bmi1, bmi2

Memory: 4k page, physical 16723940k(8974840k free), swap 19214308k(7755380k free)

vm_info: Java HotSpot(TM) 64-Bit Server VM (25.45-b02) for windows-amd64 JRE (1.8.0_45-b15), built on Apr 30 2015 12:40:44 by "java_re" with MS VC++ 10.0 (VS2010)

time: Tue Feb 16 19:32:52 2016
elapsed time: 72 seconds (0d 0h 1m 12s)

