#
# A fatal error has been detected by the Java Runtime Environment:
#
#  EXCEPTION_ACCESS_VIOLATION (0xc0000005) at pc=0x00007ffdea2b2224, pid=4004, tid=4464
#
# JRE version: Java(TM) SE Runtime Environment (8.0_45-b15) (build 1.8.0_45-b15)
# Java VM: Java HotSpot(TM) 64-Bit Server VM (25.45-b02 mixed mode windows-amd64 compressed oops)
# Problematic frame:
# C  [OPENGL32.dll+0xe2224]
#
# Failed to write core dump. Minidumps are not enabled by default on client versions of Windows
#
# If you would like to submit a bug report, please visit:
#   http://bugreport.java.com/bugreport/crash.jsp
#

---------------  T H R E A D  ---------------

Current thread (0x000000001b987800):  VMThread [stack: 0x000000001ca20000,0x000000001cb20000] [id=4464]

siginfo: ExceptionCode=0xc0000005, reading address 0x0000000000000a38

Registers:
RAX=0x0000000000000000, RBX=0x000000002b714260, RCX=0x0000000000000001, RDX=0x000000002b714268
RSP=0x000000001cb1f038, RBP=0x0000000000000000, RSI=0x000000002b715f90, RDI=0x000000002b715f90
R8 =0x000000001cb1f0b8, R9 =0x00000000022b3ea0, R10=0x0000000000000000, R11=0x0000000000000246
R12=0x0000000000000000, R13=0x0000000029228cc0, R14=0x0000000029228b70, R15=0x0000000000000000
RIP=0x00007ffdea2b2224, EFLAGS=0x0000000000010283

Top of Stack: (sp=0x000000001cb1f038)
0x000000001cb1f038:   00007ffde9a1244b 0000000029228cc0
0x000000001cb1f048:   0000000000000001 0000000029220000
0x000000001cb1f058:   00007ffe04fe0a19 0000000000000000
0x000000001cb1f068:   00007ffde9a17f17 0000000000000000
0x000000001cb1f078:   0000000000000000 0000000029228ca0
0x000000001cb1f088:   00007ffde9a17283 fffffffffffffffe
0x000000001cb1f098:   000000001cb1f100 0000000000000000
0x000000001cb1f0a8:   00007ffde9a187c9 000000002b715f90
0x000000001cb1f0b8:   000000002b7169d0 00000000022b3ea0
0x000000001cb1f0c8:   00007ffde9a95700 fffffffffffffffe
0x000000001cb1f0d8:   000000002922b1c0 0000000000000001
0x000000001cb1f0e8:   0000000029228c98 0000000029228b70
0x000000001cb1f0f8:   00007ffde9a9d7ad 00007ffde9bd65b0
0x000000001cb1f108:   00007ffde9b01930 00000000022b3ea0
0x000000001cb1f118:   00007ffe04fe0a19 0000000029228c98
0x000000001cb1f128:   0000000029228b70 0000000029228b70 

Instructions: (pc=0x00007ffdea2b2224)
0x00007ffdea2b2204:   cc cc cc cc cc cc 66 0f 1f 44 00 00 8b 05 f2 7d
0x00007ffdea2b2214:   01 00 83 f8 40 73 0f 65 48 8b 04 c5 80 14 00 00
0x00007ffdea2b2224:   ff a0 38 0a 00 00 b8 47 01 00 00 e9 ec d4 ff ff
0x00007ffdea2b2234:   cc cc cc cc cc cc 66 0f 1f 44 00 00 8b 05 c2 7d 


Register to memory mapping:

RAX=0x0000000000000000 is an unknown value
RBX=0x000000002b714260 is an unknown value
RCX=0x0000000000000001 is an unknown value
RDX=0x000000002b714268 is an unknown value
RSP=0x000000001cb1f038 is an unknown value
RBP=0x0000000000000000 is an unknown value
RSI=0x000000002b715f90 is an unknown value
RDI=0x000000002b715f90 is an unknown value
R8 =0x000000001cb1f0b8 is an unknown value
R9 =0x00000000022b3ea0 is an unknown value
R10=0x0000000000000000 is an unknown value
R11=0x0000000000000246 is an unknown value
R12=0x0000000000000000 is an unknown value
R13=0x0000000029228cc0 is an unknown value
R14=0x0000000029228b70 is an unknown value
R15=0x0000000000000000 is an unknown value


Stack: [0x000000001ca20000,0x000000001cb20000],  sp=0x000000001cb1f038,  free space=1020k
Native frames: (J=compiled Java code, j=interpreted, Vv=VM code, C=native code)

VM_Operation (0x000000000220e380): Exit, mode: safepoint, requested by thread 0x0000000002214800


---------------  P R O C E S S  ---------------

Java Threads: ( => current thread )
  0x0000000026bb9000 JavaThread "AWT-Shutdown" [_thread_blocked, id=2536, stack(0x000000003fd90000,0x000000003fe90000)]
  0x0000000029ad1800 JavaThread "File IO Thread" [_thread_blocked, id=11476, stack(0x000000003f690000,0x000000003f790000)]
  0x0000000029aca000 JavaThread "pool-2-thread-1" [_thread_blocked, id=5100, stack(0x000000003c760000,0x000000003c860000)]
  0x0000000029acd000 JavaThread "Netty IO #1" daemon [_thread_in_native, id=7104, stack(0x000000003af60000,0x000000003b060000)]
  0x0000000029acc800 JavaThread "Netty Client IO #0" daemon [_thread_in_native, id=7116, stack(0x000000003ae60000,0x000000003af60000)]
  0x0000000029acb800 JavaThread "Netty IO #0" daemon [_thread_in_native, id=13912, stack(0x000000003ad60000,0x000000003ae60000)]
  0x0000000029acb000 JavaThread "Snooper Timer" daemon [_thread_blocked, id=4076, stack(0x000000003ab60000,0x000000003ac60000)]
  0x0000000029ac9800 JavaThread "Thread-15" [_thread_blocked, id=12976, stack(0x000000003a300000,0x000000003a400000)]
  0x0000000026bbb000 JavaThread "Thread-14" [_thread_blocked, id=9504, stack(0x000000003a200000,0x000000003a300000)]
  0x0000000035cd5800 JavaThread "Keep-Alive-Timer" daemon [_thread_blocked, id=8376, stack(0x0000000030060000,0x0000000030160000)]
  0x000000001e21a000 JavaThread "LWJGL Timer" daemon [_thread_blocked, id=8132, stack(0x000000002b900000,0x000000002ba00000)]
  0x0000000026ba6800 JavaThread "Timer hack thread" daemon [_thread_blocked, id=11880, stack(0x0000000027c40000,0x0000000027d40000)]
  0x000000002634e000 JavaThread "Snooper Timer" daemon [_thread_blocked, id=9116, stack(0x0000000027b40000,0x0000000027c40000)]
  0x000000001e2b5800 JavaThread "Java2D Disposer" daemon [_thread_blocked, id=13276, stack(0x0000000020120000,0x0000000020220000)]
  0x000000001d252800 JavaThread "Service Thread" daemon [_thread_blocked, id=15276, stack(0x000000001d620000,0x000000001d720000)]
  0x000000001b9cb800 JavaThread "C1 CompilerThread2" daemon [_thread_blocked, id=12952, stack(0x000000001d120000,0x000000001d220000)]
  0x000000001b9c4000 JavaThread "C2 CompilerThread1" daemon [_thread_blocked, id=3068, stack(0x000000001d020000,0x000000001d120000)]
  0x000000001b9c1800 JavaThread "C2 CompilerThread0" daemon [_thread_blocked, id=708, stack(0x000000001cf20000,0x000000001d020000)]
  0x000000001b9c0000 JavaThread "Attach Listener" daemon [_thread_blocked, id=7276, stack(0x000000001ce20000,0x000000001cf20000)]
  0x000000001b9be800 JavaThread "Signal Dispatcher" daemon [_thread_blocked, id=12044, stack(0x000000001cd20000,0x000000001ce20000)]
  0x000000000230a000 JavaThread "Finalizer" daemon [_thread_blocked, id=12164, stack(0x000000001cc20000,0x000000001cd20000)]
  0x0000000002301000 JavaThread "Reference Handler" daemon [_thread_blocked, id=10944, stack(0x000000001cb20000,0x000000001cc20000)]
  0x0000000002214800 JavaThread "Client thread" [_thread_blocked, id=3148, stack(0x0000000002110000,0x0000000002210000)]

Other Threads:
=>0x000000001b987800 VMThread [stack: 0x000000001ca20000,0x000000001cb20000] [id=4464]

VM state:at safepoint (shutting down)

VM Mutex/Monitor currently owned by a thread:  ([mutex/lock_event])
[0x0000000002211c50] Threads_lock - owner thread: 0x000000001b987800

Heap:
 PSYoungGen      total 1209856K, used 734774K [0x000000076af00000, 0x00000007b9d00000, 0x00000007c0000000)
  eden space 1142272K, 64% used [0x000000076af00000,0x0000000797c8d9d0,0x00000007b0a80000)
  from space 67584K, 0% used [0x00000007b0a80000,0x00000007b0a80000,0x00000007b4c80000)
  to   space 74752K, 0% used [0x00000007b5400000,0x00000007b5400000,0x00000007b9d00000)
 ParOldGen       total 262656K, used 189942K [0x00000006c0c00000, 0x00000006d0c80000, 0x000000076af00000)
  object space 262656K, 72% used [0x00000006c0c00000,0x00000006cc57d948,0x00000006d0c80000)
 Metaspace       used 51837K, capacity 52293K, committed 52784K, reserved 1095680K
  class space    used 6444K, capacity 6606K, committed 6704K, reserved 1048576K

Card table byte_map: [0x00000000116d0000,0x0000000011ed0000] byte_map_base: 0x000000000e0ca000

Marking Bits: (ParMarkBitMap*) 0x0000000053714040
 Begin Bits: [0x0000000012830000, 0x0000000016800000)
 End Bits:   [0x0000000016800000, 0x000000001a7d0000)

Polling page: 0x0000000001f40000

CodeCache: size=245760Kb used=29439Kb max_used=29512Kb free=216320Kb
 bounds [0x0000000002310000, 0x0000000004010000, 0x0000000011310000]
 total_blobs=8511 nmethods=7573 adapters=848
 compilation: enabled

Compilation events (10 events):
Event: 26.213 Thread 0x000000001b9c4000 10262       4       java.util.concurrent.ConcurrentHashMap$ValueIterator::next (34 bytes)
Event: 26.213 Thread 0x000000001b9cb800 10257       3       java.util.Hashtable$Enumerator::nextElement (111 bytes)
Event: 26.214 Thread 0x000000001b9cb800 nmethod 10257 0x0000000002534010 code [0x00000000025341a0, 0x0000000002534648]
Event: 26.214 Thread 0x000000001b9cb800 10261       3       org.apache.logging.log4j.core.helpers.NameUtil::getSubName (32 bytes)
Event: 26.214 Thread 0x000000001b9cb800 nmethod 10261 0x0000000004000490 code [0x0000000004000620, 0x0000000004000bb8]
Event: 26.215 Thread 0x000000001b9cb800 10260       1       org.apache.logging.log4j.core.config.LoggerConfig::getLevel (5 bytes)
Event: 26.215 Thread 0x000000001b9cb800 nmethod 10260 0x0000000003ff3510 code [0x0000000003ff3660, 0x0000000003ff3770]
Event: 26.215 Thread 0x000000001b9cb800 10258       3       java.util.logging.LogManager$LoggerContext::getRootLogger (8 bytes)
Event: 26.215 Thread 0x000000001b9cb800 nmethod 10258 0x0000000004000090 code [0x00000000040001e0, 0x00000000040003f0]
Event: 26.215 Thread 0x000000001b9c4000 nmethod 10262 0x0000000004005850 code [0x00000000040059a0, 0x0000000004005bb8]

GC Heap History (10 events):
Event: 19.532 GC heap before
{Heap before GC invocations=19 (full 4):
 PSYoungGen      total 1209344K, used 37798K [0x000000076af00000, 0x00000007b8e00000, 0x00000007c0000000)
  eden space 1142784K, 0% used [0x000000076af00000,0x000000076af00000,0x00000007b0b00000)
  from space 66560K, 56% used [0x00000007b0b00000,0x00000007b2fe9a98,0x00000007b4c00000)
  to   space 67072K, 0% used [0x00000007b4c80000,0x00000007b4c80000,0x00000007b8e00000)
 ParOldGen       total 262656K, used 114615K [0x00000006c0c00000, 0x00000006d0c80000, 0x000000076af00000)
  object space 262656K, 43% used [0x00000006c0c00000,0x00000006c7bedd40,0x00000006d0c80000)
 Metaspace       used 45007K, capacity 45443K, committed 45872K, reserved 1089536K
  class space    used 5774K, capacity 5917K, committed 5936K, reserved 1048576K
Event: 19.933 GC heap after
Heap after GC invocations=19 (full 4):
 PSYoungGen      total 1209344K, used 0K [0x000000076af00000, 0x00000007b8e00000, 0x00000007c0000000)
  eden space 1142784K, 0% used [0x000000076af00000,0x000000076af00000,0x00000007b0b00000)
  from space 66560K, 0% used [0x00000007b0b00000,0x00000007b0b00000,0x00000007b4c00000)
  to   space 67072K, 0% used [0x00000007b4c80000,0x00000007b4c80000,0x00000007b8e00000)
 ParOldGen       total 262656K, used 142215K [0x00000006c0c00000, 0x00000006d0c80000, 0x000000076af00000)
  object space 262656K, 54% used [0x00000006c0c00000,0x00000006c96e1c18,0x00000006d0c80000)
 Metaspace       used 45007K, capacity 45443K, committed 45872K, reserved 1089536K
  class space    used 5774K, capacity 5917K, committed 5936K, reserved 1048576K
}
Event: 19.933 GC heap before
{Heap before GC invocations=20 (full 4):
 PSYoungGen      total 1209344K, used 0K [0x000000076af00000, 0x00000007b8e00000, 0x00000007c0000000)
  eden space 1142784K, 0% used [0x000000076af00000,0x000000076af00000,0x00000007b0b00000)
  from space 66560K, 0% used [0x00000007b0b00000,0x00000007b0b00000,0x00000007b4c00000)
  to   space 67072K, 0% used [0x00000007b4c80000,0x00000007b4c80000,0x00000007b8e00000)
 ParOldGen       total 262656K, used 142215K [0x00000006c0c00000, 0x00000006d0c80000, 0x000000076af00000)
  object space 262656K, 54% used [0x00000006c0c00000,0x00000006c96e1c18,0x00000006d0c80000)
 Metaspace       used 45007K, capacity 45443K, committed 45872K, reserved 1089536K
  class space    used 5774K, capacity 5917K, committed 5936K, reserved 1048576K
Event: 19.934 GC heap after
Heap after GC invocations=20 (full 4):
 PSYoungGen      total 1209344K, used 0K [0x000000076af00000, 0x00000007b8f00000, 0x00000007c0000000)
  eden space 1142272K, 0% used [0x000000076af00000,0x000000076af00000,0x00000007b0a80000)
  from space 67072K, 0% used [0x00000007b4c80000,0x00000007b4c80000,0x00000007b8e00000)
  to   space 67584K, 0% used [0x00000007b0a80000,0x00000007b0a80000,0x00000007b4c80000)
 ParOldGen       total 262656K, used 142215K [0x00000006c0c00000, 0x00000006d0c80000, 0x000000076af00000)
  object space 262656K, 54% used [0x00000006c0c00000,0x00000006c96e1c18,0x00000006d0c80000)
 Metaspace       used 45007K, capacity 45443K, committed 45872K, reserved 1089536K
  class space    used 5774K, capacity 5917K, committed 5936K, reserved 1048576K
}
Event: 19.934 GC heap before
{Heap before GC invocations=21 (full 5):
 PSYoungGen      total 1209344K, used 0K [0x000000076af00000, 0x00000007b8f00000, 0x00000007c0000000)
  eden space 1142272K, 0% used [0x000000076af00000,0x000000076af00000,0x00000007b0a80000)
  from space 67072K, 0% used [0x00000007b4c80000,0x00000007b4c80000,0x00000007b8e00000)
  to   space 67584K, 0% used [0x00000007b0a80000,0x00000007b0a80000,0x00000007b4c80000)
 ParOldGen       total 262656K, used 142215K [0x00000006c0c00000, 0x00000006d0c80000, 0x000000076af00000)
  object space 262656K, 54% used [0x00000006c0c00000,0x00000006c96e1c18,0x00000006d0c80000)
 Metaspace       used 45007K, capacity 45443K, committed 45872K, reserved 1089536K
  class space    used 5774K, capacity 5917K, committed 5936K, reserved 1048576K
Event: 20.039 GC heap after
Heap after GC invocations=21 (full 5):
 PSYoungGen      total 1209344K, used 0K [0x000000076af00000, 0x00000007b8f00000, 0x00000007c0000000)
  eden space 1142272K, 0% used [0x000000076af00000,0x000000076af00000,0x00000007b0a80000)
  from space 67072K, 0% used [0x00000007b4c80000,0x00000007b4c80000,0x00000007b8e00000)
  to   space 67584K, 0% used [0x00000007b0a80000,0x00000007b0a80000,0x00000007b4c80000)
 ParOldGen       total 262656K, used 142215K [0x00000006c0c00000, 0x00000006d0c80000, 0x000000076af00000)
  object space 262656K, 54% used [0x00000006c0c00000,0x00000006c96e1c18,0x00000006d0c80000)
 Metaspace       used 45007K, capacity 45443K, committed 45872K, reserved 1089536K
  class space    used 5774K, capacity 5917K, committed 5936K, reserved 1048576K
}
Event: 21.581 GC heap before
{Heap before GC invocations=22 (full 5):
 PSYoungGen      total 1209344K, used 580952K [0x000000076af00000, 0x00000007b8f00000, 0x00000007c0000000)
  eden space 1142272K, 50% used [0x000000076af00000,0x000000078e656128,0x00000007b0a80000)
  from space 67072K, 0% used [0x00000007b4c80000,0x00000007b4c80000,0x00000007b8e00000)
  to   space 67584K, 0% used [0x00000007b0a80000,0x00000007b0a80000,0x00000007b4c80000)
 ParOldGen       total 262656K, used 142215K [0x00000006c0c00000, 0x00000006d0c80000, 0x000000076af00000)
  object space 262656K, 54% used [0x00000006c0c00000,0x00000006c96e1c18,0x00000006d0c80000)
 Metaspace       used 49235K, capacity 49683K, committed 50224K, reserved 1093632K
  class space    used 6226K, capacity 6379K, committed 6448K, reserved 1048576K
Event: 21.597 GC heap after
Heap after GC invocations=22 (full 5):
 PSYoungGen      total 1209856K, used 54233K [0x000000076af00000, 0x00000007b9d00000, 0x00000007c0000000)
  eden space 1142272K, 0% used [0x000000076af00000,0x000000076af00000,0x00000007b0a80000)
  from space 67584K, 80% used [0x00000007b0a80000,0x00000007b3f766c8,0x00000007b4c80000)
  to   space 74752K, 0% used [0x00000007b5400000,0x00000007b5400000,0x00000007b9d00000)
 ParOldGen       total 262656K, used 142223K [0x00000006c0c00000, 0x00000006d0c80000, 0x000000076af00000)
  object space 262656K, 54% used [0x00000006c0c00000,0x00000006c96e3c18,0x00000006d0c80000)
 Metaspace       used 49235K, capacity 49683K, committed 50224K, reserved 1093632K
  class space    used 6226K, capacity 6379K, committed 6448K, reserved 1048576K
}
Event: 21.597 GC heap before
{Heap before GC invocations=23 (full 6):
 PSYoungGen      total 1209856K, used 54233K [0x000000076af00000, 0x00000007b9d00000, 0x00000007c0000000)
  eden space 1142272K, 0% used [0x000000076af00000,0x000000076af00000,0x00000007b0a80000)
  from space 67584K, 80% used [0x00000007b0a80000,0x00000007b3f766c8,0x00000007b4c80000)
  to   space 74752K, 0% used [0x00000007b5400000,0x00000007b5400000,0x00000007b9d00000)
 ParOldGen       total 262656K, used 142223K [0x00000006c0c00000, 0x00000006d0c80000, 0x000000076af00000)
  object space 262656K, 54% used [0x00000006c0c00000,0x00000006c96e3c18,0x00000006d0c80000)
 Metaspace       used 49235K, capacity 49683K, committed 50224K, reserved 1093632K
  class space    used 6226K, capacity 6379K, committed 6448K, reserved 1048576K
Event: 22.098 GC heap after
Heap after GC invocations=23 (full 6):
 PSYoungGen      total 1209856K, used 0K [0x000000076af00000, 0x00000007b9d00000, 0x00000007c0000000)
  eden space 1142272K, 0% used [0x000000076af00000,0x000000076af00000,0x00000007b0a80000)
  from space 67584K, 0% used [0x00000007b0a80000,0x00000007b0a80000,0x00000007b4c80000)
  to   space 74752K, 0% used [0x00000007b5400000,0x00000007b5400000,0x00000007b9d00000)
 ParOldGen       total 262656K, used 189942K [0x00000006c0c00000, 0x00000006d0c80000, 0x000000076af00000)
  object space 262656K, 72% used [0x00000006c0c00000,0x00000006cc57d948,0x00000006d0c80000)
 Metaspace       used 49235K, capacity 49683K, committed 50224K, reserved 1093632K
  class space    used 6226K, capacity 6379K, committed 6448K, reserved 1048576K
}

Deoptimization events (10 events):
Event: 25.769 Thread 0x0000000029ad3000 Uncommon trap: reason=unstable_if action=reinterpret pc=0x0000000003985420 method=java.util.LinkedList.addAll(ILjava/util/Collection;)Z @ 18
Event: 25.789 Thread 0x0000000029ad0000 Uncommon trap: reason=bimorphic action=maybe_recompile pc=0x000000000338faf4 method=com.google.common.base.Objects.equal(Ljava/lang/Object;Ljava/lang/Object;)Z @ 11
Event: 25.789 Thread 0x0000000029ad0000 Uncommon trap: reason=bimorphic action=maybe_recompile pc=0x000000000338faf4 method=com.google.common.base.Objects.equal(Ljava/lang/Object;Ljava/lang/Object;)Z @ 11
Event: 25.789 Thread 0x0000000029ad0000 Uncommon trap: reason=bimorphic action=maybe_recompile pc=0x000000000338faf4 method=com.google.common.base.Objects.equal(Ljava/lang/Object;Ljava/lang/Object;)Z @ 11
Event: 25.789 Thread 0x0000000029ad0000 Uncommon trap: reason=bimorphic action=maybe_recompile pc=0x000000000338faf4 method=com.google.common.base.Objects.equal(Ljava/lang/Object;Ljava/lang/Object;)Z @ 11
Event: 25.831 Thread 0x0000000029ac8800 Uncommon trap: reason=null_check action=make_not_entrant pc=0x0000000002541a04 method=org.lwjgl.opengl.GLContext.getThreadLocalCapabilities()Lorg/lwjgl/opengl/ContextCapabilities; @ 6
Event: 25.835 Thread 0x0000000029ac8800 Uncommon trap: reason=class_check action=maybe_recompile pc=0x0000000003667034 method=java.io.Writer.write(Ljava/lang/String;)V @ 7
Event: 25.864 Thread 0x0000000029ad1000 Uncommon trap: reason=unstable_if action=reinterpret pc=0x00000000034be070 method=net.minecraft.nbt.NBTTagList.getCompoundTagAt(I)Lnet/minecraft/nbt/NBTTagCompound; @ 14
Event: 25.911 Thread 0x0000000029ac8800 Uncommon trap: reason=class_check action=maybe_recompile pc=0x00000000030c9058 method=java.util.concurrent.ConcurrentHashMap.putVal(Ljava/lang/Object;Ljava/lang/Object;Z)Ljava/lang/Object; @ 192
Event: 26.211 Thread 0x0000000002214800 Uncommon trap: reason=unstable_if action=reinterpret pc=0x00000000029358d4 method=cpw.mods.fml.relauncher.FMLSecurityManager.checkPermission(Ljava/security/Permission;)V @ 23

Internal exceptions (10 events):
Event: 25.658 Thread 0x0000000026bbb000 Exception <a 'java/lang/InterruptedException': sleep interrupted> (0x000000077be1be20) thrown at [C:\re\workspace\8-2-build-windows-amd64-cygwin\jdk8u45\3627\hotspot\src\share\vm\prims\jvm.cpp, line 3211]
Event: 25.658 Thread 0x0000000026bbb000 Exception <a 'java/lang/InterruptedException': sleep interrupted> (0x000000077be1c048) thrown at [C:\re\workspace\8-2-build-windows-amd64-cygwin\jdk8u45\3627\hotspot\src\share\vm\prims\jvm.cpp, line 3211]
Event: 25.675 Thread 0x0000000026bbb000 Exception <a 'java/lang/InterruptedException': sleep interrupted> (0x000000077be1c270) thrown at [C:\re\workspace\8-2-build-windows-amd64-cygwin\jdk8u45\3627\hotspot\src\share\vm\prims\jvm.cpp, line 3211]
Event: 25.675 Thread 0x0000000026bbb000 Exception <a 'java/lang/InterruptedException': sleep interrupted> (0x000000077be1c498) thrown at [C:\re\workspace\8-2-build-windows-amd64-cygwin\jdk8u45\3627\hotspot\src\share\vm\prims\jvm.cpp, line 3211]
Event: 25.694 Thread 0x0000000026bbb000 Exception <a 'java/lang/InterruptedException': sleep interrupted> (0x000000077be1c6c0) thrown at [C:\re\workspace\8-2-build-windows-amd64-cygwin\jdk8u45\3627\hotspot\src\share\vm\prims\jvm.cpp, line 3211]
Event: 25.708 Thread 0x0000000026bbb000 Exception <a 'java/lang/InterruptedException': sleep interrupted> (0x000000077be1c910) thrown at [C:\re\workspace\8-2-build-windows-amd64-cygwin\jdk8u45\3627\hotspot\src\share\vm\prims\jvm.cpp, line 3211]
Event: 25.708 Thread 0x0000000026bbb000 Exception <a 'java/lang/InterruptedException': sleep interrupted> (0x000000077be1cb60) thrown at [C:\re\workspace\8-2-build-windows-amd64-cygwin\jdk8u45\3627\hotspot\src\share\vm\prims\jvm.cpp, line 3163]
Event: 25.724 Thread 0x0000000026bbb000 Exception <a 'java/lang/InterruptedException': sleep interrupted> (0x000000077be1cd60) thrown at [C:\re\workspace\8-2-build-windows-amd64-cygwin\jdk8u45\3627\hotspot\src\share\vm\prims\jvm.cpp, line 3211]
Event: 25.781 Thread 0x0000000026bbb000 Exception <a 'java/lang/InterruptedException': sleep interrupted> (0x000000077be1cfb0) thrown at [C:\re\workspace\8-2-build-windows-amd64-cygwin\jdk8u45\3627\hotspot\src\share\vm\prims\jvm.cpp, line 3211]
Event: 25.831 Thread 0x0000000029ac8800 Implicit null exception at 0x00000000025418f0 to 0x00000000025419f9

Events (10 events):
Event: 26.213 loading class javax/servlet/ServletContext done
Event: 26.213 Thread 0x0000000029ad0000 Thread exited: 0x0000000029ad0000
Event: 26.215 Thread 0x000000001b9cb800 flushing nmethod 0x00000000028f56d0
Event: 26.215 Thread 0x000000001b9cb800 flushing nmethod 0x0000000002ae5190
Event: 26.215 Thread 0x000000001b9cb800 flushing nmethod 0x0000000002aec410
Event: 26.215 Thread 0x000000001b9cb800 flushing nmethod 0x0000000002b1a410
Event: 26.216 Thread 0x0000000029acf800 Thread exited: 0x0000000029acf800
Event: 26.243 Thread 0x000000001e2b9000 Thread exited: 0x000000001e2b9000
Event: 26.313 Thread 0x0000000026bbc000 Thread exited: 0x0000000026bbc000
Event: 26.313 Executing VM operation: Exit


Dynamic libraries:
0x00007ff75e230000 - 0x00007ff75e267000 	C:\Program Files\Java\jre1.8.0_45\bin\javaw.exe
0x00007ffe04fc0000 - 0x00007ffe05181000 	C:\WINDOWS\SYSTEM32\ntdll.dll
0x00007ffe02800000 - 0x00007ffe028ad000 	C:\WINDOWS\system32\KERNEL32.DLL
0x00007ffe01670000 - 0x00007ffe01858000 	C:\WINDOWS\system32\KERNELBASE.dll
0x00007ffe04b20000 - 0x00007ffe04bc7000 	C:\WINDOWS\system32\ADVAPI32.dll
0x00007ffe04f20000 - 0x00007ffe04fbd000 	C:\WINDOWS\system32\msvcrt.dll
0x00007ffe04e80000 - 0x00007ffe04edb000 	C:\WINDOWS\system32\sechost.dll
0x00007ffe04d60000 - 0x00007ffe04e7c000 	C:\WINDOWS\system32\RPCRT4.dll
0x00007ffe04740000 - 0x00007ffe04896000 	C:\WINDOWS\system32\USER32.dll
0x00007ffe04bd0000 - 0x00007ffe04d56000 	C:\WINDOWS\system32\GDI32.dll
0x00007ffdf44c0000 - 0x00007ffdf4734000 	C:\WINDOWS\WinSxS\amd64_microsoft.windows.common-controls_6595b64144ccf1df_6.0.10586.0_none_8c15ae12515e1c22\COMCTL32.dll
0x00007ffe029a0000 - 0x00007ffe02c1d000 	C:\WINDOWS\system32\combase.dll
0x00007ffe02350000 - 0x00007ffe023ba000 	C:\WINDOWS\system32\bcryptPrimitives.dll
0x00007ffe04ee0000 - 0x00007ffe04f1b000 	C:\WINDOWS\system32\IMM32.DLL
0x0000000052d60000 - 0x0000000052e32000 	C:\Program Files\Java\jre1.8.0_45\bin\msvcr100.dll
0x0000000052f10000 - 0x0000000053793000 	C:\Program Files\Java\jre1.8.0_45\bin\server\jvm.dll
0x00007ffe02c30000 - 0x00007ffe02c38000 	C:\WINDOWS\system32\PSAPI.DLL
0x00007ffdfe750000 - 0x00007ffdfe759000 	C:\WINDOWS\SYSTEM32\WSOCK32.dll
0x00007ffe03000000 - 0x00007ffe0306b000 	C:\WINDOWS\system32\WS2_32.dll
0x00007ffdffce0000 - 0x00007ffdffd03000 	C:\WINDOWS\SYSTEM32\WINMM.dll
0x00007ffdfcbd0000 - 0x00007ffdfcbda000 	C:\WINDOWS\SYSTEM32\VERSION.dll
0x00007ffdffba0000 - 0x00007ffdffbcc000 	C:\WINDOWS\SYSTEM32\WINMMBASE.dll
0x00007ffe01ae0000 - 0x00007ffe01b23000 	C:\WINDOWS\system32\cfgmgr32.dll
0x0000000052f00000 - 0x0000000052f0f000 	C:\Program Files\Java\jre1.8.0_45\bin\verify.dll
0x0000000052ed0000 - 0x0000000052ef9000 	C:\Program Files\Java\jre1.8.0_45\bin\java.dll
0x0000000052eb0000 - 0x0000000052ec6000 	C:\Program Files\Java\jre1.8.0_45\bin\zip.dll
0x00007ffe030d0000 - 0x00007ffe0462c000 	C:\WINDOWS\system32\SHELL32.dll
0x00007ffe01b30000 - 0x00007ffe02175000 	C:\WINDOWS\system32\windows.storage.dll
0x00007ffe03070000 - 0x00007ffe030c2000 	C:\WINDOWS\system32\shlwapi.dll
0x00007ffe01660000 - 0x00007ffe0166f000 	C:\WINDOWS\system32\kernel.appcore.dll
0x00007ffe01990000 - 0x00007ffe01a45000 	C:\WINDOWS\system32\shcore.dll
0x00007ffe01610000 - 0x00007ffe0165b000 	C:\WINDOWS\system32\powrprof.dll
0x00007ffe015f0000 - 0x00007ffe01604000 	C:\WINDOWS\system32\profapi.dll
0x0000000052d50000 - 0x0000000052d5d000 	C:\Program Files\Java\jre1.8.0_45\bin\management.dll
0x0000000052e90000 - 0x0000000052eaa000 	C:\Program Files\Java\jre1.8.0_45\bin\net.dll
0x00007ffe00eb0000 - 0x00007ffe00f0c000 	C:\WINDOWS\system32\mswsock.dll
0x0000000052e70000 - 0x0000000052e81000 	C:\Program Files\Java\jre1.8.0_45\bin\nio.dll
0x00007ffdf6450000 - 0x00007ffdf6466000 	C:\WINDOWS\system32\napinsp.dll
0x00007ffdf6470000 - 0x00007ffdf648a000 	C:\WINDOWS\system32\pnrpnsp.dll
0x00007ffdfd600000 - 0x00007ffdfd618000 	C:\WINDOWS\system32\NLAapi.dll
0x00007ffdfff60000 - 0x00007ffe0000a000 	C:\WINDOWS\SYSTEM32\DNSAPI.dll
0x00007ffe023c0000 - 0x00007ffe023c8000 	C:\WINDOWS\system32\NSI.dll
0x00007ffdf66b0000 - 0x00007ffdf66bd000 	C:\WINDOWS\System32\winrnr.dll
0x00007ffdfb9d0000 - 0x00007ffdfb9da000 	C:\Windows\System32\rasadhlp.dll
0x00007ffdfe070000 - 0x00007ffdfe0a8000 	C:\WINDOWS\SYSTEM32\IPHLPAPI.DLL
0x00007ffdfbf20000 - 0x00007ffdfbf87000 	C:\WINDOWS\System32\fwpuclnt.dll
0x00007ffe01510000 - 0x00007ffe01539000 	C:\WINDOWS\SYSTEM32\bcrypt.dll
0x0000000052bb0000 - 0x0000000052d48000 	C:\Program Files\Java\jre1.8.0_45\bin\awt.dll
0x00007ffe028b0000 - 0x00007ffe02971000 	C:\WINDOWS\system32\OLEAUT32.dll
0x00007ffdffdd0000 - 0x00007ffdffe49000 	C:\WINDOWS\system32\apphelp.dll
0x00007ffe00010000 - 0x00007ffe000a6000 	C:\WINDOWS\system32\uxtheme.dll
0x00007ffe02ea0000 - 0x00007ffe02ffa000 	C:\WINDOWS\system32\MSCTF.dll
0x00007ffdebb30000 - 0x00007ffdebb58000 	C:\Program Files (x86)\Raptr\ltc_help64-106568.dll
0x00007ffe01910000 - 0x00007ffe01965000 	C:\WINDOWS\system32\WINTRUST.dll
0x00007ffe015e0000 - 0x00007ffe015f0000 	C:\WINDOWS\system32\MSASN1.dll
0x00007ffe02180000 - 0x00007ffe02347000 	C:\WINDOWS\system32\CRYPT32.dll
0x00007ffdf7ae0000 - 0x00007ffdf7b29000 	F:\Applications\TeamViewer\tv_x64.dll
0x00007ffe049d0000 - 0x00007ffe04b13000 	C:\WINDOWS\system32\ole32.dll
0x00007ffdfea30000 - 0x00007ffdfea52000 	C:\WINDOWS\system32\dwmapi.dll
0x0000000052b60000 - 0x0000000052ba7000 	C:\Program Files\Java\jre1.8.0_45\bin\fontmanager.dll
0x00007ffddb700000 - 0x00007ffddb910000 	C:\WINDOWS\system32\d3d9.dll
0x0000000052b10000 - 0x0000000052b51000 	C:\Program Files\Java\jre1.8.0_45\bin\t2k.dll
0x0000000180000000 - 0x0000000180051000 	C:\Users\Matt\.gradle\caches\minecraft\net\minecraft\minecraft_natives\1.7.10\lwjgl64.dll
0x00007ffdea1d0000 - 0x00007ffdea2f9000 	C:\WINDOWS\SYSTEM32\OPENGL32.dll
0x00007ffdebcd0000 - 0x00007ffdebcfe000 	C:\WINDOWS\SYSTEM32\GLU32.dll
0x00007ffde0e80000 - 0x00007ffde0f7a000 	C:\WINDOWS\SYSTEM32\DDRAW.dll
0x00007ffdf7a80000 - 0x00007ffdf7a88000 	C:\WINDOWS\SYSTEM32\DCIMAN32.dll
0x00007ffe00f60000 - 0x00007ffe00f77000 	C:\WINDOWS\SYSTEM32\CRYPTSP.dll
0x00007ffe00bf0000 - 0x00007ffe00c24000 	C:\WINDOWS\system32\rsaenh.dll
0x00007ffe00d40000 - 0x00007ffe00d5f000 	C:\WINDOWS\SYSTEM32\USERENV.dll
0x00007ffe01080000 - 0x00007ffe0108b000 	C:\WINDOWS\SYSTEM32\CRYPTBASE.dll
0x00007ffdfda30000 - 0x00007ffdfda46000 	C:\WINDOWS\SYSTEM32\dhcpcsvc6.DLL
0x00007ffdfd990000 - 0x00007ffdfd9aa000 	C:\WINDOWS\SYSTEM32\dhcpcsvc.DLL
0x00007ffdf5650000 - 0x00007ffdf5668000 	C:\WINDOWS\SYSTEM32\atig6pxx.dll
0x0000000050d10000 - 0x0000000052b10000 	C:\WINDOWS\SYSTEM32\atio6axx.dll
0x00007ffe023d0000 - 0x00007ffe027f9000 	C:\WINDOWS\system32\SETUPAPI.dll
0x00007ffddce30000 - 0x00007ffddcf71000 	C:\WINDOWS\SYSTEM32\atiadlxx.dll
0x00007ffdff3d0000 - 0x00007ffdff556000 	C:\WINDOWS\SYSTEM32\PROPSYS.dll
0x00007ffdff590000 - 0x00007ffdff5a3000 	C:\WINDOWS\SYSTEM32\WTSAPI32.dll
0x00007ffe000b0000 - 0x00007ffe000d7000 	C:\WINDOWS\SYSTEM32\DEVOBJ.dll
0x00007ffdebca0000 - 0x00007ffdebccc000 	C:\WINDOWS\SYSTEM32\atig6txx.dll
0x00007ffde0bb0000 - 0x00007ffde0c41000 	C:\WINDOWS\SYSTEM32\mscms.dll
0x00007ffdea180000 - 0x00007ffdea1c2000 	C:\WINDOWS\SYSTEM32\icm32.dll
0x0000000070a40000 - 0x0000000070adc000 	C:\Users\Matt\.gradle\caches\minecraft\net\minecraft\minecraft_natives\1.7.10\avutil-ttv-51.dll
0x0000000065980000 - 0x00000000659d6000 	C:\Users\Matt\.gradle\caches\minecraft\net\minecraft\minecraft_natives\1.7.10\swresample-ttv-0.dll
0x000000006eb80000 - 0x000000006ec50000 	C:\Users\Matt\.gradle\caches\minecraft\net\minecraft\minecraft_natives\1.7.10\libmp3lame-ttv.dll
0x00007ffdcf080000 - 0x00007ffdd0424000 	C:\Users\Matt\.gradle\caches\minecraft\net\minecraft\minecraft_natives\1.7.10\libmfxsw64.dll
0x00007ffdea050000 - 0x00007ffdea17b000 	C:\Users\Matt\.gradle\caches\minecraft\net\minecraft\minecraft_natives\1.7.10\twitchsdk.dll
0x00007ffdf0ca0000 - 0x00007ffdf0f49000 	C:\WINDOWS\SYSTEM32\WININET.dll
0x0000000052e40000 - 0x0000000052e64000 	C:\Program Files\Java\jre1.8.0_45\bin\sunec.dll
0x0000000027620000 - 0x0000000027684000 	C:\Users\Matt\.gradle\caches\minecraft\net\minecraft\minecraft_natives\1.7.10\OpenAL64.dll
0x00007ffe02df0000 - 0x00007ffe02e97000 	C:\WINDOWS\system32\clbcatq.dll
0x00007ffdfca90000 - 0x00007ffdfcb00000 	C:\WINDOWS\System32\MMDevApi.dll
0x00007ffde44c0000 - 0x00007ffde455c000 	C:\WINDOWS\SYSTEM32\dsound.dll
0x00007ffde4650000 - 0x00007ffde46d8000 	C:\WINDOWS\SYSTEM32\AUDIOSES.DLL
0x00007ffdfa640000 - 0x00007ffdfa776000 	C:\WINDOWS\SYSTEM32\wintypes.dll
0x00007ffe02980000 - 0x00007ffe0299c000 	C:\WINDOWS\system32\imagehlp.dll
0x00007ffe005d0000 - 0x00007ffe005f4000 	C:\WINDOWS\SYSTEM32\gpapi.dll
0x00007ffdf8df0000 - 0x00007ffdf8e1f000 	C:\Windows\System32\cryptnet.dll
0x00007ffdfddd0000 - 0x00007ffdfdddb000 	C:\WINDOWS\SYSTEM32\WINNSI.DLL
0x00007ffde99b0000 - 0x00007ffde9bf8000 	C:\PROGRA~2\Raptr\ltc_game64-106568.dll
0x00007ffdfce90000 - 0x00007ffdfd01c000 	C:\WINDOWS\SYSTEM32\dbghelp.dll

VM Arguments:
jvm_args: -Dfile.encoding=Cp1252 
java_command: GradleStart
java_class_path (initial): F:\Minecraft Mods\Armerger\bin;C:\Users\Matt\.gradle\caches\minecraft\net\minecraftforge\forge\1.7.10-10.13.4.1481-1.7.10\forgeSrc-1.7.10-10.13.4.1481-1.7.10.jar;C:\Users\Matt\.gradle\caches\modules-2\files-2.1\net.minecraft\launchwrapper\1.12\111e7bea9c968cdb3d06ef4632bf7ff0824d0f36\launchwrapper-1.12.jar;C:\Users\Matt\.gradle\caches\modules-2\files-2.1\com.google.code.findbugs\jsr305\1.3.9\40719ea6961c0cb6afaeb6a921eaa1f6afd4cfdf\jsr305-1.3.9.jar;C:\Users\Matt\.gradle\caches\modules-2\files-2.1\org.ow2.asm\asm-debug-all\5.0.3\f9e364ae2a66ce2a543012a4668856e84e5dab74\asm-debug-all-5.0.3.jar;C:\Users\Matt\.gradle\caches\modules-2\files-2.1\com.typesafe.akka\akka-actor_2.11\2.3.3\ed62e9fc709ca0f2ff1a3220daa8b70a2870078e\akka-actor_2.11-2.3.3.jar;C:\Users\Matt\.gradle\caches\modules-2\files-2.1\com.typesafe\config\1.2.1\f771f71fdae3df231bcd54d5ca2d57f0bf93f467\config-1.2.1.jar;C:\Users\Matt\.gradle\caches\modules-2\files-2.1\org.scala-lang\scala-actors-migration_2.11\1.1.0\dfa8bc42b181d5b9f1a5dd147f8ae308b893eb6f\scala-actors-migration_2.11-1.1.0.jar;C:\Users\Matt\.gradle\caches\modules-2\files-2.1\org.scala-lang\scala-compiler\2.11.1\56ea2e6c025e0821f28d73ca271218b8dd04926a\scala-compiler-2.11.1.jar;C:\Users\Matt\.gradle\caches\modules-2\files-2.1\org.scala-lang.plugins\scala-continuations-library_2.11\1.0.2\e517c53a7e9acd6b1668c5a35eccbaa3bab9aac\scala-continuations-library_2.11-1.0.2.jar;C:\Users\Matt\.gradle\caches\modules-2\files-2.1\org.scala-lang.plugins\scala-continuations-plugin_2.11.1\1.0.2\f361a3283452c57fa30c1ee69448995de23c60f7\scala-continuations-plugin_2.11.1-1.0.2.jar;C:\Users\Matt\.gradle\caches\modules-2\files-2.1\org.scala-lang\scala-library\2.11.1\e11da23da3eabab9f4777b9220e60d44c1aab6a\scala-library-2.11.1.jar;C:\Users\Matt\.gradle\caches\modules-2\files-2.1\org.scala-lang\scala-parser-combinators_2.11\1.0.1\f05d7345bf5a58924f2837c6c1f4d73a938e1ff0\scala-parser-combinators_2.11-1.0.1.jar;C:\Users\Matt\.gradle\caches\mo
Launcher Type: SUN_STANDARD

Environment Variables:
JAVA_HOME=C:\Program Files\Java\jdk1.8.0_45
PATH=C:/Program Files/Java/jre1.8.0_45/bin/server;C:/Program Files/Java/jre1.8.0_45/bin;C:/Program Files/Java/jre1.8.0_45/lib/amd64;C:\ProgramData\Oracle\Java\javapath;C:\WINDOWS\system32;C:\WINDOWS;C:\WINDOWS\System32\Wbem;C:\WINDOWS\System32\WindowsPowerShell\v1.0\;C:\Program Files (x86)\ATI Technologies\ATI.ACE\Core-Static;C:\Program Files\Microsoft\Web Platform Installer\;C:\Program Files (x86)\Microsoft ASP.NET\ASP.NET Web Pages\v1.0\;C:\Program Files (x86)\Windows Kits\8.0\Windows Performance Toolkit\;C:\Program Files\Microsoft SQL Server\110\Tools\Binn\;F:\Applications\TortoiseSVN\bin;C:\Program Files (x86)\AMD\ATI.ACE\Core-Static;C:\Program Files (x86)\Skype\Phone\;C:\Program Files\nodejs\;C:\Program Files\Java\jdk1.8.0_45\bin;C:\Users\Matt\AppData\Roaming\npm;F:\Applications\Eclipse\eclipse;
USERNAME=Matt
OS=Windows_NT
PROCESSOR_IDENTIFIER=Intel64 Family 6 Model 60 Stepping 3, GenuineIntel



---------------  S Y S T E M  ---------------

OS: Windows 10.0 , 64 bit Build 10586 (10.0.10586.0)

CPU:total 4 (4 cores per cpu, 1 threads per core) family 6 model 60 stepping 3, cmov, cx8, fxsr, mmx, sse, sse2, sse3, ssse3, sse4.1, sse4.2, popcnt, avx, avx2, aes, clmul, erms, lzcnt, tsc, tscinvbit, bmi1, bmi2

Memory: 4k page, physical 16723940k(9158000k free), swap 19214308k(8754012k free)

vm_info: Java HotSpot(TM) 64-Bit Server VM (25.45-b02) for windows-amd64 JRE (1.8.0_45-b15), built on Apr 30 2015 12:40:44 by "java_re" with MS VC++ 10.0 (VS2010)

time: Tue Feb 16 22:17:38 2016
elapsed time: 26 seconds (0d 0h 0m 26s)

