#
# A fatal error has been detected by the Java Runtime Environment:
#
#  EXCEPTION_ACCESS_VIOLATION (0xc0000005) at pc=0x00007ffdea2b2224, pid=4108, tid=15204
#
# JRE version: Java(TM) SE Runtime Environment (8.0_45-b15) (build 1.8.0_45-b15)
# Java VM: Java HotSpot(TM) 64-Bit Server VM (25.45-b02 mixed mode windows-amd64 compressed oops)
# Problematic frame:
# C  [OPENGL32.dll+0xe2224]
#
# Failed to write core dump. Minidumps are not enabled by default on client versions of Windows
#
# If you would like to submit a bug report, please visit:
#   http://bugreport.java.com/bugreport/crash.jsp
#

---------------  T H R E A D  ---------------

Current thread (0x000000001b927800):  VMThread [stack: 0x000000001c9b0000,0x000000001cab0000] [id=15204]

siginfo: ExceptionCode=0xc0000005, reading address 0x0000000000000a38

Registers:
RAX=0x0000000000000000, RBX=0x0000000027824320, RCX=0x0000000000000001, RDX=0x0000000027824328
RSP=0x000000001caaf378, RBP=0x0000000000000000, RSI=0x0000000027825f90, RDI=0x0000000027825f90
R8 =0x000000001caaf3f8, R9 =0x0000000002256080, R10=0x0000000000000000, R11=0x0000000000000246
R12=0x0000000000000000, R13=0x00000000272b8cc0, R14=0x00000000272b8b70, R15=0x0000000000000000
RIP=0x00007ffdea2b2224, EFLAGS=0x0000000000010283

Top of Stack: (sp=0x000000001caaf378)
0x000000001caaf378:   00007ffde9a1244b 00000000272b8cc0
0x000000001caaf388:   0000000000000001 00000000272b0000
0x000000001caaf398:   00007ffe04fe0a19 0000000000000000
0x000000001caaf3a8:   00007ffde9a17f17 0000000000000000
0x000000001caaf3b8:   0000000000000000 00000000272b8ca0
0x000000001caaf3c8:   00007ffde9a17283 fffffffffffffffe
0x000000001caaf3d8:   000000001caaf440 0000000000000000
0x000000001caaf3e8:   00007ffde9a187c9 0000000027825f90
0x000000001caaf3f8:   00000000278202c0 0000000002256080
0x000000001caaf408:   00007ffde9a95700 fffffffffffffffe
0x000000001caaf418:   00000000272bb1c0 0000000000000001
0x000000001caaf428:   00000000272b8c98 00000000272b8b70
0x000000001caaf438:   00007ffde9a9d7ad 00007ffde9bd65b0
0x000000001caaf448:   00007ffde9b01930 0000000002256080
0x000000001caaf458:   0000000000000036 00000000272b8c98
0x000000001caaf468:   00000000272b8b70 00000000272b8b70 

Instructions: (pc=0x00007ffdea2b2224)
0x00007ffdea2b2204:   cc cc cc cc cc cc 66 0f 1f 44 00 00 8b 05 f2 7d
0x00007ffdea2b2214:   01 00 83 f8 40 73 0f 65 48 8b 04 c5 80 14 00 00
0x00007ffdea2b2224:   ff a0 38 0a 00 00 b8 47 01 00 00 e9 ec d4 ff ff
0x00007ffdea2b2234:   cc cc cc cc cc cc 66 0f 1f 44 00 00 8b 05 c2 7d 


Register to memory mapping:

RAX=0x0000000000000000 is an unknown value
RBX=0x0000000027824320 is an unknown value
RCX=0x0000000000000001 is an unknown value
RDX=0x0000000027824328 is an unknown value
RSP=0x000000001caaf378 is an unknown value
RBP=0x0000000000000000 is an unknown value
RSI=0x0000000027825f90 is an unknown value
RDI=0x0000000027825f90 is an unknown value
R8 =0x000000001caaf3f8 is an unknown value
R9 =0x0000000002256080 is an unknown value
R10=0x0000000000000000 is an unknown value
R11=0x0000000000000246 is an unknown value
R12=0x0000000000000000 is an unknown value
R13=0x00000000272b8cc0 is an unknown value
R14=0x00000000272b8b70 is an unknown value
R15=0x0000000000000000 is an unknown value


Stack: [0x000000001c9b0000,0x000000001cab0000],  sp=0x000000001caaf378,  free space=1020k
Native frames: (J=compiled Java code, j=interpreted, Vv=VM code, C=native code)

VM_Operation (0x00000000021ae360): Exit, mode: safepoint, requested by thread 0x00000000021b4800


---------------  P R O C E S S  ---------------

Java Threads: ( => current thread )
  0x000000002af90800 JavaThread "AWT-Shutdown" [_thread_blocked, id=12552, stack(0x00000000400c0000,0x00000000401c0000)]
  0x000000002af92000 JavaThread "File IO Thread" [_thread_blocked, id=14736, stack(0x000000003ce60000,0x000000003cf60000)]
  0x0000000031dd4000 JavaThread "pool-2-thread-1" [_thread_blocked, id=9296, stack(0x000000003c240000,0x000000003c340000)]
  0x0000000031dd3000 JavaThread "Netty IO #1" daemon [_thread_in_native, id=7816, stack(0x000000003b640000,0x000000003b740000)]
  0x0000000031dd5800 JavaThread "Netty Client IO #0" daemon [_thread_in_native, id=14304, stack(0x000000003b540000,0x000000003b640000)]
  0x0000000031dd2800 JavaThread "Netty IO #0" daemon [_thread_in_native, id=4076, stack(0x000000003b440000,0x000000003b540000)]
  0x0000000031dd4800 JavaThread "Snooper Timer" daemon [_thread_blocked, id=12404, stack(0x000000003b040000,0x000000003b140000)]
  0x0000000031dd7000 JavaThread "Thread-15" [_thread_blocked, id=3852, stack(0x000000003a790000,0x000000003a890000)]
  0x0000000031dd6000 JavaThread "Thread-14" [_thread_blocked, id=636, stack(0x000000003a690000,0x000000003a790000)]
  0x000000001f343800 JavaThread "Keep-Alive-Timer" daemon [_thread_blocked, id=5528, stack(0x000000002cdf0000,0x000000002cef0000)]
  0x000000001e09d800 JavaThread "LWJGL Timer" daemon [_thread_blocked, id=6624, stack(0x000000002bd40000,0x000000002be40000)]
  0x0000000027ebd000 JavaThread "Timer hack thread" daemon [_thread_blocked, id=1272, stack(0x0000000028fc0000,0x00000000290c0000)]
  0x000000002705e800 JavaThread "Snooper Timer" daemon [_thread_blocked, id=13456, stack(0x0000000027150000,0x0000000027250000)]
  0x000000001dd6d800 JavaThread "Java2D Disposer" daemon [_thread_blocked, id=6864, stack(0x00000000200b0000,0x00000000201b0000)]
  0x000000001b9be800 JavaThread "Service Thread" daemon [_thread_blocked, id=5532, stack(0x000000001d6b0000,0x000000001d7b0000)]
  0x000000001b96b000 JavaThread "C1 CompilerThread2" daemon [_thread_blocked, id=6664, stack(0x000000001d1b0000,0x000000001d2b0000)]
  0x000000001b964800 JavaThread "C2 CompilerThread1" daemon [_thread_blocked, id=7612, stack(0x000000001d0b0000,0x000000001d1b0000)]
  0x000000001b962000 JavaThread "C2 CompilerThread0" daemon [_thread_blocked, id=2568, stack(0x000000001cfb0000,0x000000001d0b0000)]
  0x000000001b961000 JavaThread "Attach Listener" daemon [_thread_blocked, id=9780, stack(0x000000001ceb0000,0x000000001cfb0000)]
  0x000000001b960000 JavaThread "Signal Dispatcher" daemon [_thread_blocked, id=12672, stack(0x000000001cdb0000,0x000000001ceb0000)]
  0x00000000022ab800 JavaThread "Finalizer" daemon [_thread_blocked, id=5444, stack(0x000000001cbb0000,0x000000001ccb0000)]
  0x00000000022a3000 JavaThread "Reference Handler" daemon [_thread_blocked, id=12848, stack(0x000000001cab0000,0x000000001cbb0000)]
  0x00000000021b4800 JavaThread "Client thread" [_thread_blocked, id=13432, stack(0x00000000020b0000,0x00000000021b0000)]

Other Threads:
=>0x000000001b927800 VMThread [stack: 0x000000001c9b0000,0x000000001cab0000] [id=15204]

VM state:at safepoint (shutting down)

VM Mutex/Monitor currently owned by a thread:  ([mutex/lock_event])
[0x00000000021b1750] Threads_lock - owner thread: 0x000000001b927800

Heap:
 PSYoungGen      total 1182208K, used 699603K [0x000000076af00000, 0x00000007b8100000, 0x00000007c0000000)
  eden space 1114624K, 62% used [0x000000076af00000,0x0000000795a34e90,0x00000007aef80000)
  from space 67584K, 0% used [0x00000007aef80000,0x00000007aef80000,0x00000007b3180000)
  to   space 74240K, 0% used [0x00000007b3880000,0x00000007b3880000,0x00000007b8100000)
 ParOldGen       total 256512K, used 191509K [0x00000006c0c00000, 0x00000006d0680000, 0x000000076af00000)
  object space 256512K, 74% used [0x00000006c0c00000,0x00000006cc705680,0x00000006d0680000)
 Metaspace       used 51935K, capacity 52357K, committed 52784K, reserved 1095680K
  class space    used 6450K, capacity 6606K, committed 6704K, reserved 1048576K

Card table byte_map: [0x0000000011670000,0x0000000011e70000] byte_map_base: 0x000000000e06a000

Marking Bits: (ParMarkBitMap*) 0x0000000053714040
 Begin Bits: [0x00000000127d0000, 0x00000000167a0000)
 End Bits:   [0x00000000167a0000, 0x000000001a770000)

Polling page: 0x0000000000450000

CodeCache: size=245760Kb used=30122Kb max_used=30134Kb free=215637Kb
 bounds [0x00000000022b0000, 0x0000000004050000, 0x00000000112b0000]
 total_blobs=8469 nmethods=7533 adapters=846
 compilation: enabled

Compilation events (10 events):
Event: 34.352 Thread 0x000000001b962000 nmethod 10255 0x0000000004044d90 code [0x0000000004044f40, 0x0000000004045580]
Event: 34.353 Thread 0x000000001b964800 nmethod 10258 0x0000000004045d50 code [0x0000000004045ec0, 0x0000000004046210]
Event: 34.353 Thread 0x000000001b96b000 10263       3       java.util.logging.LogManager$LoggerContext::getRootLogger (8 bytes)
Event: 34.354 Thread 0x000000001b962000 10266       4       java.util.concurrent.ConcurrentHashMap$ValueIterator::next (34 bytes)
Event: 34.354 Thread 0x000000001b96b000 nmethod 10263 0x0000000004040390 code [0x00000000040404e0, 0x00000000040406f0]
Event: 34.354 Thread 0x000000001b96b000 10265       3       cpw.mods.fml.relauncher.FMLSecurityManager::checkPermission (150 bytes)
Event: 34.354 Thread 0x000000001b96b000 nmethod 10265 0x0000000004043350 code [0x00000000040435c0, 0x00000000040447d8]
Event: 34.354 Thread 0x000000001b96b000 10264       3       java.util.logging.LogManager$LoggerContext::getGlobalLogger (6 bytes)
Event: 34.354 Thread 0x000000001b96b000 nmethod 10264 0x000000000403a150 code [0x000000000403a2a0, 0x000000000403a3f0]
Event: 34.356 Thread 0x000000001b962000 nmethod 10266 0x0000000004047dd0 code [0x0000000004047f20, 0x0000000004048138]

GC Heap History (10 events):
Event: 27.191 GC heap before
{Heap before GC invocations=19 (full 4):
 PSYoungGen      total 1181184K, used 39230K [0x000000076af00000, 0x00000007b7300000, 0x00000007c0000000)
  eden space 1115136K, 0% used [0x000000076af00000,0x000000076af00000,0x00000007af000000)
  from space 66048K, 59% used [0x00000007af000000,0x00000007b164fbf8,0x00000007b3080000)
  to   space 67072K, 0% used [0x00000007b3180000,0x00000007b3180000,0x00000007b7300000)
 ParOldGen       total 256512K, used 110304K [0x00000006c0c00000, 0x00000006d0680000, 0x000000076af00000)
  object space 256512K, 43% used [0x00000006c0c00000,0x00000006c77b82b8,0x00000006d0680000)
 Metaspace       used 45083K, capacity 45507K, committed 45872K, reserved 1089536K
  class space    used 5774K, capacity 5917K, committed 5936K, reserved 1048576K
Event: 27.651 GC heap after
Heap after GC invocations=19 (full 4):
 PSYoungGen      total 1181184K, used 0K [0x000000076af00000, 0x00000007b7300000, 0x00000007c0000000)
  eden space 1115136K, 0% used [0x000000076af00000,0x000000076af00000,0x00000007af000000)
  from space 66048K, 0% used [0x00000007af000000,0x00000007af000000,0x00000007b3080000)
  to   space 67072K, 0% used [0x00000007b3180000,0x00000007b3180000,0x00000007b7300000)
 ParOldGen       total 256512K, used 143479K [0x00000006c0c00000, 0x00000006d0680000, 0x000000076af00000)
  object space 256512K, 55% used [0x00000006c0c00000,0x00000006c981de40,0x00000006d0680000)
 Metaspace       used 45083K, capacity 45507K, committed 45872K, reserved 1089536K
  class space    used 5774K, capacity 5917K, committed 5936K, reserved 1048576K
}
Event: 27.651 GC heap before
{Heap before GC invocations=20 (full 4):
 PSYoungGen      total 1181184K, used 0K [0x000000076af00000, 0x00000007b7300000, 0x00000007c0000000)
  eden space 1115136K, 0% used [0x000000076af00000,0x000000076af00000,0x00000007af000000)
  from space 66048K, 0% used [0x00000007af000000,0x00000007af000000,0x00000007b3080000)
  to   space 67072K, 0% used [0x00000007b3180000,0x00000007b3180000,0x00000007b7300000)
 ParOldGen       total 256512K, used 143479K [0x00000006c0c00000, 0x00000006d0680000, 0x000000076af00000)
  object space 256512K, 55% used [0x00000006c0c00000,0x00000006c981de40,0x00000006d0680000)
 Metaspace       used 45083K, capacity 45507K, committed 45872K, reserved 1089536K
  class space    used 5774K, capacity 5917K, committed 5936K, reserved 1048576K
Event: 27.652 GC heap after
Heap after GC invocations=20 (full 4):
 PSYoungGen      total 1181696K, used 0K [0x000000076af00000, 0x00000007b7400000, 0x00000007c0000000)
  eden space 1114624K, 0% used [0x000000076af00000,0x000000076af00000,0x00000007aef80000)
  from space 67072K, 0% used [0x00000007b3180000,0x00000007b3180000,0x00000007b7300000)
  to   space 67584K, 0% used [0x00000007aef80000,0x00000007aef80000,0x00000007b3180000)
 ParOldGen       total 256512K, used 143479K [0x00000006c0c00000, 0x00000006d0680000, 0x000000076af00000)
  object space 256512K, 55% used [0x00000006c0c00000,0x00000006c981de40,0x00000006d0680000)
 Metaspace       used 45083K, capacity 45507K, committed 45872K, reserved 1089536K
  class space    used 5774K, capacity 5917K, committed 5936K, reserved 1048576K
}
Event: 27.652 GC heap before
{Heap before GC invocations=21 (full 5):
 PSYoungGen      total 1181696K, used 0K [0x000000076af00000, 0x00000007b7400000, 0x00000007c0000000)
  eden space 1114624K, 0% used [0x000000076af00000,0x000000076af00000,0x00000007aef80000)
  from space 67072K, 0% used [0x00000007b3180000,0x00000007b3180000,0x00000007b7300000)
  to   space 67584K, 0% used [0x00000007aef80000,0x00000007aef80000,0x00000007b3180000)
 ParOldGen       total 256512K, used 143479K [0x00000006c0c00000, 0x00000006d0680000, 0x000000076af00000)
  object space 256512K, 55% used [0x00000006c0c00000,0x00000006c981de40,0x00000006d0680000)
 Metaspace       used 45083K, capacity 45507K, committed 45872K, reserved 1089536K
  class space    used 5774K, capacity 5917K, committed 5936K, reserved 1048576K
Event: 27.747 GC heap after
Heap after GC invocations=21 (full 5):
 PSYoungGen      total 1181696K, used 0K [0x000000076af00000, 0x00000007b7400000, 0x00000007c0000000)
  eden space 1114624K, 0% used [0x000000076af00000,0x000000076af00000,0x00000007aef80000)
  from space 67072K, 0% used [0x00000007b3180000,0x00000007b3180000,0x00000007b7300000)
  to   space 67584K, 0% used [0x00000007aef80000,0x00000007aef80000,0x00000007b3180000)
 ParOldGen       total 256512K, used 143479K [0x00000006c0c00000, 0x00000006d0680000, 0x000000076af00000)
  object space 256512K, 55% used [0x00000006c0c00000,0x00000006c981de40,0x00000006d0680000)
 Metaspace       used 45083K, capacity 45507K, committed 45872K, reserved 1089536K
  class space    used 5774K, capacity 5917K, committed 5936K, reserved 1048576K
}
Event: 29.500 GC heap before
{Heap before GC invocations=22 (full 5):
 PSYoungGen      total 1181696K, used 618864K [0x000000076af00000, 0x00000007b7400000, 0x00000007c0000000)
  eden space 1114624K, 55% used [0x000000076af00000,0x0000000790b5c1c8,0x00000007aef80000)
  from space 67072K, 0% used [0x00000007b3180000,0x00000007b3180000,0x00000007b7300000)
  to   space 67584K, 0% used [0x00000007aef80000,0x00000007aef80000,0x00000007b3180000)
 ParOldGen       total 256512K, used 143479K [0x00000006c0c00000, 0x00000006d0680000, 0x000000076af00000)
  object space 256512K, 55% used [0x00000006c0c00000,0x00000006c981de40,0x00000006d0680000)
 Metaspace       used 49311K, capacity 49747K, committed 50224K, reserved 1093632K
  class space    used 6226K, capacity 6379K, committed 6448K, reserved 1048576K
Event: 29.515 GC heap after
Heap after GC invocations=22 (full 5):
 PSYoungGen      total 1182208K, used 54087K [0x000000076af00000, 0x00000007b8100000, 0x00000007c0000000)
  eden space 1114624K, 0% used [0x000000076af00000,0x000000076af00000,0x00000007aef80000)
  from space 67584K, 80% used [0x00000007aef80000,0x00000007b2451f90,0x00000007b3180000)
  to   space 74240K, 0% used [0x00000007b3880000,0x00000007b3880000,0x00000007b8100000)
 ParOldGen       total 256512K, used 143487K [0x00000006c0c00000, 0x00000006d0680000, 0x000000076af00000)
  object space 256512K, 55% used [0x00000006c0c00000,0x00000006c981fe40,0x00000006d0680000)
 Metaspace       used 49311K, capacity 49747K, committed 50224K, reserved 1093632K
  class space    used 6226K, capacity 6379K, committed 6448K, reserved 1048576K
}
Event: 29.515 GC heap before
{Heap before GC invocations=23 (full 6):
 PSYoungGen      total 1182208K, used 54087K [0x000000076af00000, 0x00000007b8100000, 0x00000007c0000000)
  eden space 1114624K, 0% used [0x000000076af00000,0x000000076af00000,0x00000007aef80000)
  from space 67584K, 80% used [0x00000007aef80000,0x00000007b2451f90,0x00000007b3180000)
  to   space 74240K, 0% used [0x00000007b3880000,0x00000007b3880000,0x00000007b8100000)
 ParOldGen       total 256512K, used 143487K [0x00000006c0c00000, 0x00000006d0680000, 0x000000076af00000)
  object space 256512K, 55% used [0x00000006c0c00000,0x00000006c981fe40,0x00000006d0680000)
 Metaspace       used 49311K, capacity 49747K, committed 50224K, reserved 1093632K
  class space    used 6226K, capacity 6379K, committed 6448K, reserved 1048576K
Event: 30.043 GC heap after
Heap after GC invocations=23 (full 6):
 PSYoungGen      total 1182208K, used 0K [0x000000076af00000, 0x00000007b8100000, 0x00000007c0000000)
  eden space 1114624K, 0% used [0x000000076af00000,0x000000076af00000,0x00000007aef80000)
  from space 67584K, 0% used [0x00000007aef80000,0x00000007aef80000,0x00000007b3180000)
  to   space 74240K, 0% used [0x00000007b3880000,0x00000007b3880000,0x00000007b8100000)
 ParOldGen       total 256512K, used 191509K [0x00000006c0c00000, 0x00000006d0680000, 0x000000076af00000)
  object space 256512K, 74% used [0x00000006c0c00000,0x00000006cc705680,0x00000006d0680000)
 Metaspace       used 49311K, capacity 49747K, committed 50224K, reserved 1093632K
  class space    used 6226K, capacity 6379K, committed 6448K, reserved 1048576K
}

Deoptimization events (10 events):
Event: 33.933 Thread 0x00000000021b4800 Uncommon trap: reason=unstable_if action=reinterpret pc=0x0000000002f44f04 method=java.io.WinNTFileSystem.normalize(Ljava/lang/String;)Ljava/lang/String; @ 74
Event: 33.940 Thread 0x0000000031dd8800 Uncommon trap: reason=bimorphic action=maybe_recompile pc=0x0000000003d223a4 method=net.minecraft.entity.ai.EntityAITasks.onUpdateTasks()V @ 191
Event: 33.946 Thread 0x0000000031dd8800 Uncommon trap: reason=unstable_if action=reinterpret pc=0x00000000027bdfc0 method=org.lwjgl.opengl.GLContext.getCapabilities()Lorg/lwjgl/opengl/ContextCapabilities; @ 5
Event: 33.948 Thread 0x0000000031dd8800 Uncommon trap: reason=class_check action=maybe_recompile pc=0x000000000348531c method=java.io.Writer.write(Ljava/lang/String;)V @ 7
Event: 33.962 Thread 0x00000000021b4800 Uncommon trap: reason=unstable_if action=reinterpret pc=0x0000000003085670 method=java.lang.StrictMath.floorOrCeil(DDDD)D @ 14
Event: 34.000 Thread 0x0000000031dd2800 Uncommon trap: reason=unstable_if action=reinterpret pc=0x00000000029b5cdc method=java.util.LinkedHashMap.afterNodeRemoval(Ljava/util/HashMap$Node;)V @ 47
Event: 34.008 Thread 0x000000002af8e800 Uncommon trap: reason=unstable_if action=reinterpret pc=0x00000000037e12f0 method=net.minecraft.nbt.NBTTagList.getCompoundTagAt(I)Lnet/minecraft/nbt/NBTTagCompound; @ 14
Event: 34.065 Thread 0x0000000031dd8800 Uncommon trap: reason=class_check action=maybe_recompile pc=0x0000000002fde81c method=java.util.concurrent.ConcurrentHashMap.putVal(Ljava/lang/Object;Ljava/lang/Object;Z)Ljava/lang/Object; @ 192
Event: 34.065 Thread 0x0000000031dd8800 Uncommon trap: reason=class_check action=maybe_recompile pc=0x0000000002fde81c method=java.util.concurrent.ConcurrentHashMap.putVal(Ljava/lang/Object;Ljava/lang/Object;Z)Ljava/lang/Object; @ 192
Event: 34.350 Thread 0x00000000021b4800 Uncommon trap: reason=unstable_if action=reinterpret pc=0x00000000028ca254 method=cpw.mods.fml.relauncher.FMLSecurityManager.checkPermission(Ljava/security/Permission;)V @ 23

Internal exceptions (10 events):
Event: 33.815 Thread 0x0000000031dd6000 Exception <a 'java/lang/InterruptedException': sleep interrupted> (0x0000000778b8d208) thrown at [C:\re\workspace\8-2-build-windows-amd64-cygwin\jdk8u45\3627\hotspot\src\share\vm\prims\jvm.cpp, line 3211]
Event: 33.832 Thread 0x0000000031dd6000 Exception <a 'java/lang/InterruptedException': sleep interrupted> (0x0000000778b8d458) thrown at [C:\re\workspace\8-2-build-windows-amd64-cygwin\jdk8u45\3627\hotspot\src\share\vm\prims\jvm.cpp, line 3211]
Event: 33.832 Thread 0x0000000031dd6000 Exception <a 'java/lang/InterruptedException': sleep interrupted> (0x0000000778b8d680) thrown at [C:\re\workspace\8-2-build-windows-amd64-cygwin\jdk8u45\3627\hotspot\src\share\vm\prims\jvm.cpp, line 3211]
Event: 33.853 Thread 0x0000000031dd6000 Exception <a 'java/lang/InterruptedException': sleep interrupted> (0x0000000778b8d8a8) thrown at [C:\re\workspace\8-2-build-windows-amd64-cygwin\jdk8u45\3627\hotspot\src\share\vm\prims\jvm.cpp, line 3211]
Event: 33.866 Thread 0x0000000031dd6000 Exception <a 'java/lang/InterruptedException': sleep interrupted> (0x0000000778b8daf8) thrown at [C:\re\workspace\8-2-build-windows-amd64-cygwin\jdk8u45\3627\hotspot\src\share\vm\prims\jvm.cpp, line 3211]
Event: 33.866 Thread 0x0000000031dd6000 Exception <a 'java/lang/InterruptedException': sleep interrupted> (0x0000000778b8dd20) thrown at [C:\re\workspace\8-2-build-windows-amd64-cygwin\jdk8u45\3627\hotspot\src\share\vm\prims\jvm.cpp, line 3211]
Event: 33.882 Thread 0x0000000031dd6000 Exception <a 'java/lang/InterruptedException': sleep interrupted> (0x0000000778b8df48) thrown at [C:\re\workspace\8-2-build-windows-amd64-cygwin\jdk8u45\3627\hotspot\src\share\vm\prims\jvm.cpp, line 3211]
Event: 33.882 Thread 0x0000000031dd6000 Exception <a 'java/lang/InterruptedException': sleep interrupted> (0x0000000778b8e198) thrown at [C:\re\workspace\8-2-build-windows-amd64-cygwin\jdk8u45\3627\hotspot\src\share\vm\prims\jvm.cpp, line 3211]
Event: 33.923 Thread 0x0000000031dd6000 Exception <a 'java/lang/InterruptedException': sleep interrupted> (0x0000000778b8e398) thrown at [C:\re\workspace\8-2-build-windows-amd64-cygwin\jdk8u45\3627\hotspot\src\share\vm\prims\jvm.cpp, line 3211]
Event: 34.000 Thread 0x0000000031dd2800 Implicit null exception at 0x00000000029b5c82 to 0x00000000029b5ccd

Events (10 events):
Event: 34.353 Thread 0x000000002af8c000 Thread exited: 0x000000002af8c000
Event: 34.353 Thread 0x000000002af90800 Thread added: 0x000000002af90800
Event: 34.354 Thread 0x000000002af93800 Thread exited: 0x000000002af93800
Event: 34.354 Thread 0x000000002af8d800 Thread exited: 0x000000002af8d800
Event: 34.354 loading class sun/java2d/pipe/hw/AccelDeviceEventNotifier
Event: 34.355 loading class sun/java2d/pipe/hw/AccelDeviceEventNotifier done
Event: 34.357 Thread 0x000000002af93000 Thread exited: 0x000000002af93000
Event: 34.384 Thread 0x000000001ebed800 Thread exited: 0x000000001ebed800
Event: 34.455 Thread 0x000000002af8f000 Thread exited: 0x000000002af8f000
Event: 34.455 Executing VM operation: Exit


Dynamic libraries:
0x00007ff75e230000 - 0x00007ff75e267000 	C:\Program Files\Java\jre1.8.0_45\bin\javaw.exe
0x00007ffe04fc0000 - 0x00007ffe05181000 	C:\WINDOWS\SYSTEM32\ntdll.dll
0x00007ffe02800000 - 0x00007ffe028ad000 	C:\WINDOWS\system32\KERNEL32.DLL
0x00007ffe01670000 - 0x00007ffe01858000 	C:\WINDOWS\system32\KERNELBASE.dll
0x00007ffe04b20000 - 0x00007ffe04bc7000 	C:\WINDOWS\system32\ADVAPI32.dll
0x00007ffe04f20000 - 0x00007ffe04fbd000 	C:\WINDOWS\system32\msvcrt.dll
0x00007ffe04e80000 - 0x00007ffe04edb000 	C:\WINDOWS\system32\sechost.dll
0x00007ffe04d60000 - 0x00007ffe04e7c000 	C:\WINDOWS\system32\RPCRT4.dll
0x00007ffe04740000 - 0x00007ffe04896000 	C:\WINDOWS\system32\USER32.dll
0x00007ffe04bd0000 - 0x00007ffe04d56000 	C:\WINDOWS\system32\GDI32.dll
0x00007ffdf44c0000 - 0x00007ffdf4734000 	C:\WINDOWS\WinSxS\amd64_microsoft.windows.common-controls_6595b64144ccf1df_6.0.10586.0_none_8c15ae12515e1c22\COMCTL32.dll
0x00007ffe029a0000 - 0x00007ffe02c1d000 	C:\WINDOWS\system32\combase.dll
0x00007ffe02350000 - 0x00007ffe023ba000 	C:\WINDOWS\system32\bcryptPrimitives.dll
0x00007ffe04ee0000 - 0x00007ffe04f1b000 	C:\WINDOWS\system32\IMM32.DLL
0x0000000052d60000 - 0x0000000052e32000 	C:\Program Files\Java\jre1.8.0_45\bin\msvcr100.dll
0x0000000052f10000 - 0x0000000053793000 	C:\Program Files\Java\jre1.8.0_45\bin\server\jvm.dll
0x00007ffe02c30000 - 0x00007ffe02c38000 	C:\WINDOWS\system32\PSAPI.DLL
0x00007ffdfe750000 - 0x00007ffdfe759000 	C:\WINDOWS\SYSTEM32\WSOCK32.dll
0x00007ffe03000000 - 0x00007ffe0306b000 	C:\WINDOWS\system32\WS2_32.dll
0x00007ffdffce0000 - 0x00007ffdffd03000 	C:\WINDOWS\SYSTEM32\WINMM.dll
0x00007ffdfcbd0000 - 0x00007ffdfcbda000 	C:\WINDOWS\SYSTEM32\VERSION.dll
0x00007ffdffba0000 - 0x00007ffdffbcc000 	C:\WINDOWS\SYSTEM32\WINMMBASE.dll
0x00007ffe01ae0000 - 0x00007ffe01b23000 	C:\WINDOWS\system32\cfgmgr32.dll
0x0000000052f00000 - 0x0000000052f0f000 	C:\Program Files\Java\jre1.8.0_45\bin\verify.dll
0x0000000052ed0000 - 0x0000000052ef9000 	C:\Program Files\Java\jre1.8.0_45\bin\java.dll
0x0000000052eb0000 - 0x0000000052ec6000 	C:\Program Files\Java\jre1.8.0_45\bin\zip.dll
0x00007ffe030d0000 - 0x00007ffe0462c000 	C:\WINDOWS\system32\SHELL32.dll
0x00007ffe01b30000 - 0x00007ffe02175000 	C:\WINDOWS\system32\windows.storage.dll
0x00007ffe03070000 - 0x00007ffe030c2000 	C:\WINDOWS\system32\shlwapi.dll
0x00007ffe01660000 - 0x00007ffe0166f000 	C:\WINDOWS\system32\kernel.appcore.dll
0x00007ffe01990000 - 0x00007ffe01a45000 	C:\WINDOWS\system32\shcore.dll
0x00007ffe01610000 - 0x00007ffe0165b000 	C:\WINDOWS\system32\powrprof.dll
0x00007ffe015f0000 - 0x00007ffe01604000 	C:\WINDOWS\system32\profapi.dll
0x0000000052d50000 - 0x0000000052d5d000 	C:\Program Files\Java\jre1.8.0_45\bin\management.dll
0x0000000052e90000 - 0x0000000052eaa000 	C:\Program Files\Java\jre1.8.0_45\bin\net.dll
0x00007ffe00eb0000 - 0x00007ffe00f0c000 	C:\WINDOWS\system32\mswsock.dll
0x0000000052e70000 - 0x0000000052e81000 	C:\Program Files\Java\jre1.8.0_45\bin\nio.dll
0x00007ffdf6450000 - 0x00007ffdf6466000 	C:\WINDOWS\system32\napinsp.dll
0x00007ffdf6470000 - 0x00007ffdf648a000 	C:\WINDOWS\system32\pnrpnsp.dll
0x00007ffdfd600000 - 0x00007ffdfd618000 	C:\WINDOWS\system32\NLAapi.dll
0x00007ffdfff60000 - 0x00007ffe0000a000 	C:\WINDOWS\SYSTEM32\DNSAPI.dll
0x00007ffe023c0000 - 0x00007ffe023c8000 	C:\WINDOWS\system32\NSI.dll
0x00007ffdf66b0000 - 0x00007ffdf66bd000 	C:\WINDOWS\System32\winrnr.dll
0x00007ffdfb9d0000 - 0x00007ffdfb9da000 	C:\Windows\System32\rasadhlp.dll
0x00007ffdfe070000 - 0x00007ffdfe0a8000 	C:\WINDOWS\SYSTEM32\IPHLPAPI.DLL
0x00007ffdfbf20000 - 0x00007ffdfbf87000 	C:\WINDOWS\System32\fwpuclnt.dll
0x00007ffe01510000 - 0x00007ffe01539000 	C:\WINDOWS\SYSTEM32\bcrypt.dll
0x0000000052bb0000 - 0x0000000052d48000 	C:\Program Files\Java\jre1.8.0_45\bin\awt.dll
0x00007ffe028b0000 - 0x00007ffe02971000 	C:\WINDOWS\system32\OLEAUT32.dll
0x00007ffdffdd0000 - 0x00007ffdffe49000 	C:\WINDOWS\system32\apphelp.dll
0x00007ffe00010000 - 0x00007ffe000a6000 	C:\WINDOWS\system32\uxtheme.dll
0x00007ffe02ea0000 - 0x00007ffe02ffa000 	C:\WINDOWS\system32\MSCTF.dll
0x00007ffdebb30000 - 0x00007ffdebb58000 	C:\Program Files (x86)\Raptr\ltc_help64-106568.dll
0x00007ffe01910000 - 0x00007ffe01965000 	C:\WINDOWS\system32\WINTRUST.dll
0x00007ffe015e0000 - 0x00007ffe015f0000 	C:\WINDOWS\system32\MSASN1.dll
0x00007ffe02180000 - 0x00007ffe02347000 	C:\WINDOWS\system32\CRYPT32.dll
0x00007ffdf7ae0000 - 0x00007ffdf7b29000 	F:\Applications\TeamViewer\tv_x64.dll
0x00007ffe049d0000 - 0x00007ffe04b13000 	C:\WINDOWS\system32\ole32.dll
0x00007ffdfea30000 - 0x00007ffdfea52000 	C:\WINDOWS\system32\dwmapi.dll
0x0000000052b60000 - 0x0000000052ba7000 	C:\Program Files\Java\jre1.8.0_45\bin\fontmanager.dll
0x00007ffddb700000 - 0x00007ffddb910000 	C:\WINDOWS\system32\d3d9.dll
0x0000000052b10000 - 0x0000000052b51000 	C:\Program Files\Java\jre1.8.0_45\bin\t2k.dll
0x0000000180000000 - 0x0000000180051000 	C:\Users\Matt\.gradle\caches\minecraft\net\minecraft\minecraft_natives\1.7.10\lwjgl64.dll
0x00007ffdea1d0000 - 0x00007ffdea2f9000 	C:\WINDOWS\SYSTEM32\OPENGL32.dll
0x00007ffdf1010000 - 0x00007ffdf103e000 	C:\WINDOWS\SYSTEM32\GLU32.dll
0x00007ffde0e80000 - 0x00007ffde0f7a000 	C:\WINDOWS\SYSTEM32\DDRAW.dll
0x00007ffdf7a80000 - 0x00007ffdf7a88000 	C:\WINDOWS\SYSTEM32\DCIMAN32.dll
0x00007ffe00f60000 - 0x00007ffe00f77000 	C:\WINDOWS\SYSTEM32\CRYPTSP.dll
0x00007ffe00bf0000 - 0x00007ffe00c24000 	C:\WINDOWS\system32\rsaenh.dll
0x00007ffe00d40000 - 0x00007ffe00d5f000 	C:\WINDOWS\SYSTEM32\USERENV.dll
0x00007ffe01080000 - 0x00007ffe0108b000 	C:\WINDOWS\SYSTEM32\CRYPTBASE.dll
0x00007ffdfda30000 - 0x00007ffdfda46000 	C:\WINDOWS\SYSTEM32\dhcpcsvc6.DLL
0x00007ffdfd990000 - 0x00007ffdfd9aa000 	C:\WINDOWS\SYSTEM32\dhcpcsvc.DLL
0x00007ffdf5650000 - 0x00007ffdf5668000 	C:\WINDOWS\SYSTEM32\atig6pxx.dll
0x0000000050d10000 - 0x0000000052b10000 	C:\WINDOWS\SYSTEM32\atio6axx.dll
0x00007ffe023d0000 - 0x00007ffe027f9000 	C:\WINDOWS\system32\SETUPAPI.dll
0x00007ffddce30000 - 0x00007ffddcf71000 	C:\WINDOWS\SYSTEM32\atiadlxx.dll
0x00007ffdff3d0000 - 0x00007ffdff556000 	C:\WINDOWS\SYSTEM32\PROPSYS.dll
0x00007ffdff590000 - 0x00007ffdff5a3000 	C:\WINDOWS\SYSTEM32\WTSAPI32.dll
0x00007ffe000b0000 - 0x00007ffe000d7000 	C:\WINDOWS\SYSTEM32\DEVOBJ.dll
0x00007ffdebcd0000 - 0x00007ffdebcfc000 	C:\WINDOWS\SYSTEM32\atig6txx.dll
0x00007ffde0bb0000 - 0x00007ffde0c41000 	C:\WINDOWS\SYSTEM32\mscms.dll
0x00007ffdebc80000 - 0x00007ffdebcc2000 	C:\WINDOWS\SYSTEM32\icm32.dll
0x0000000070a40000 - 0x0000000070adc000 	C:\Users\Matt\.gradle\caches\minecraft\net\minecraft\minecraft_natives\1.7.10\avutil-ttv-51.dll
0x0000000065980000 - 0x00000000659d6000 	C:\Users\Matt\.gradle\caches\minecraft\net\minecraft\minecraft_natives\1.7.10\swresample-ttv-0.dll
0x000000006eb80000 - 0x000000006ec50000 	C:\Users\Matt\.gradle\caches\minecraft\net\minecraft\minecraft_natives\1.7.10\libmp3lame-ttv.dll
0x00007ffdcf080000 - 0x00007ffdd0424000 	C:\Users\Matt\.gradle\caches\minecraft\net\minecraft\minecraft_natives\1.7.10\libmfxsw64.dll
0x00007ffdea0a0000 - 0x00007ffdea1cb000 	C:\Users\Matt\.gradle\caches\minecraft\net\minecraft\minecraft_natives\1.7.10\twitchsdk.dll
0x00007ffdf0ca0000 - 0x00007ffdf0f49000 	C:\WINDOWS\SYSTEM32\WININET.dll
0x0000000052e40000 - 0x0000000052e64000 	C:\Program Files\Java\jre1.8.0_45\bin\sunec.dll
0x00007ffe02980000 - 0x00007ffe0299c000 	C:\WINDOWS\system32\imagehlp.dll
0x00007ffe005d0000 - 0x00007ffe005f4000 	C:\WINDOWS\SYSTEM32\gpapi.dll
0x00007ffdf8df0000 - 0x00007ffdf8e1f000 	C:\Windows\System32\cryptnet.dll
0x00007ffdfddd0000 - 0x00007ffdfdddb000 	C:\WINDOWS\SYSTEM32\WINNSI.DLL
0x00007ffde99b0000 - 0x00007ffde9bf8000 	C:\PROGRA~2\Raptr\ltc_game64-106568.dll
0x0000000028d20000 - 0x0000000028d84000 	C:\Users\Matt\.gradle\caches\minecraft\net\minecraft\minecraft_natives\1.7.10\OpenAL64.dll
0x00007ffe02df0000 - 0x00007ffe02e97000 	C:\WINDOWS\system32\clbcatq.dll
0x00007ffdfca90000 - 0x00007ffdfcb00000 	C:\WINDOWS\System32\MMDevApi.dll
0x00007ffde44c0000 - 0x00007ffde455c000 	C:\WINDOWS\SYSTEM32\dsound.dll
0x00007ffde4650000 - 0x00007ffde46d8000 	C:\WINDOWS\SYSTEM32\AUDIOSES.DLL
0x00007ffdfa640000 - 0x00007ffdfa776000 	C:\WINDOWS\SYSTEM32\wintypes.dll
0x00007ffdfce90000 - 0x00007ffdfd01c000 	C:\WINDOWS\SYSTEM32\dbghelp.dll

VM Arguments:
jvm_args: -Dfile.encoding=Cp1252 
java_command: GradleStart
java_class_path (initial): F:\Minecraft Mods\Armerger\bin;C:\Users\Matt\.gradle\caches\minecraft\net\minecraftforge\forge\1.7.10-10.13.4.1481-1.7.10\forgeSrc-1.7.10-10.13.4.1481-1.7.10.jar;C:\Users\Matt\.gradle\caches\modules-2\files-2.1\net.minecraft\launchwrapper\1.12\111e7bea9c968cdb3d06ef4632bf7ff0824d0f36\launchwrapper-1.12.jar;C:\Users\Matt\.gradle\caches\modules-2\files-2.1\com.google.code.findbugs\jsr305\1.3.9\40719ea6961c0cb6afaeb6a921eaa1f6afd4cfdf\jsr305-1.3.9.jar;C:\Users\Matt\.gradle\caches\modules-2\files-2.1\org.ow2.asm\asm-debug-all\5.0.3\f9e364ae2a66ce2a543012a4668856e84e5dab74\asm-debug-all-5.0.3.jar;C:\Users\Matt\.gradle\caches\modules-2\files-2.1\com.typesafe.akka\akka-actor_2.11\2.3.3\ed62e9fc709ca0f2ff1a3220daa8b70a2870078e\akka-actor_2.11-2.3.3.jar;C:\Users\Matt\.gradle\caches\modules-2\files-2.1\com.typesafe\config\1.2.1\f771f71fdae3df231bcd54d5ca2d57f0bf93f467\config-1.2.1.jar;C:\Users\Matt\.gradle\caches\modules-2\files-2.1\org.scala-lang\scala-actors-migration_2.11\1.1.0\dfa8bc42b181d5b9f1a5dd147f8ae308b893eb6f\scala-actors-migration_2.11-1.1.0.jar;C:\Users\Matt\.gradle\caches\modules-2\files-2.1\org.scala-lang\scala-compiler\2.11.1\56ea2e6c025e0821f28d73ca271218b8dd04926a\scala-compiler-2.11.1.jar;C:\Users\Matt\.gradle\caches\modules-2\files-2.1\org.scala-lang.plugins\scala-continuations-library_2.11\1.0.2\e517c53a7e9acd6b1668c5a35eccbaa3bab9aac\scala-continuations-library_2.11-1.0.2.jar;C:\Users\Matt\.gradle\caches\modules-2\files-2.1\org.scala-lang.plugins\scala-continuations-plugin_2.11.1\1.0.2\f361a3283452c57fa30c1ee69448995de23c60f7\scala-continuations-plugin_2.11.1-1.0.2.jar;C:\Users\Matt\.gradle\caches\modules-2\files-2.1\org.scala-lang\scala-library\2.11.1\e11da23da3eabab9f4777b9220e60d44c1aab6a\scala-library-2.11.1.jar;C:\Users\Matt\.gradle\caches\modules-2\files-2.1\org.scala-lang\scala-parser-combinators_2.11\1.0.1\f05d7345bf5a58924f2837c6c1f4d73a938e1ff0\scala-parser-combinators_2.11-1.0.1.jar;C:\Users\Matt\.gradle\caches\mo
Launcher Type: SUN_STANDARD

Environment Variables:
JAVA_HOME=C:\Program Files\Java\jdk1.8.0_45
PATH=C:/Program Files/Java/jre1.8.0_45/bin/server;C:/Program Files/Java/jre1.8.0_45/bin;C:/Program Files/Java/jre1.8.0_45/lib/amd64;C:\ProgramData\Oracle\Java\javapath;C:\WINDOWS\system32;C:\WINDOWS;C:\WINDOWS\System32\Wbem;C:\WINDOWS\System32\WindowsPowerShell\v1.0\;C:\Program Files (x86)\ATI Technologies\ATI.ACE\Core-Static;C:\Program Files\Microsoft\Web Platform Installer\;C:\Program Files (x86)\Microsoft ASP.NET\ASP.NET Web Pages\v1.0\;C:\Program Files (x86)\Windows Kits\8.0\Windows Performance Toolkit\;C:\Program Files\Microsoft SQL Server\110\Tools\Binn\;F:\Applications\TortoiseSVN\bin;C:\Program Files (x86)\AMD\ATI.ACE\Core-Static;C:\Program Files (x86)\Skype\Phone\;C:\Program Files\nodejs\;C:\Program Files\Java\jdk1.8.0_45\bin;C:\Users\Matt\AppData\Roaming\npm;F:\Applications\Eclipse\eclipse;
USERNAME=Matt
OS=Windows_NT
PROCESSOR_IDENTIFIER=Intel64 Family 6 Model 60 Stepping 3, GenuineIntel



---------------  S Y S T E M  ---------------

OS: Windows 10.0 , 64 bit Build 10586 (10.0.10586.0)

CPU:total 4 (4 cores per cpu, 1 threads per core) family 6 model 60 stepping 3, cmov, cx8, fxsr, mmx, sse, sse2, sse3, ssse3, sse4.1, sse4.2, popcnt, avx, avx2, aes, clmul, erms, lzcnt, tsc, tscinvbit, bmi1, bmi2

Memory: 4k page, physical 16723940k(8704104k free), swap 19214308k(7672504k free)

vm_info: Java HotSpot(TM) 64-Bit Server VM (25.45-b02) for windows-amd64 JRE (1.8.0_45-b15), built on Apr 30 2015 12:40:44 by "java_re" with MS VC++ 10.0 (VS2010)

time: Tue Feb 16 21:30:39 2016
elapsed time: 34 seconds (0d 0h 0m 34s)

