#
# A fatal error has been detected by the Java Runtime Environment:
#
#  EXCEPTION_ACCESS_VIOLATION (0xc0000005) at pc=0x00007ffdea2b2224, pid=656, tid=15020
#
# JRE version: Java(TM) SE Runtime Environment (8.0_45-b15) (build 1.8.0_45-b15)
# Java VM: Java HotSpot(TM) 64-Bit Server VM (25.45-b02 mixed mode windows-amd64 compressed oops)
# Problematic frame:
# C  [OPENGL32.dll+0xe2224]
#
# Failed to write core dump. Minidumps are not enabled by default on client versions of Windows
#
# If you would like to submit a bug report, please visit:
#   http://bugreport.java.com/bugreport/crash.jsp
#

---------------  T H R E A D  ---------------

Current thread (0x000000001ba76800):  VMThread [stack: 0x000000001cb10000,0x000000001cc10000] [id=15020]

siginfo: ExceptionCode=0xc0000005, reading address 0x0000000000000a38

Registers:
RAX=0x0000000000000000, RBX=0x0000000029514400, RCX=0x0000000000000001, RDX=0x0000000029514408
RSP=0x000000001cc0eeb8, RBP=0x0000000000000000, RSI=0x0000000029515f90, RDI=0x0000000029515f90
R8 =0x000000001cc0ef38, R9 =0x000000001b985400, R10=0x0000000000000000, R11=0x0000000000000246
R12=0x0000000000000000, R13=0x00000000254a8cc0, R14=0x00000000254a8b70, R15=0x0000000000000000
RIP=0x00007ffdea2b2224, EFLAGS=0x0000000000010283

Top of Stack: (sp=0x000000001cc0eeb8)
0x000000001cc0eeb8:   00007ffde9a1244b 00000000254a8cc0
0x000000001cc0eec8:   0000000000000001 00000000254a0000
0x000000001cc0eed8:   00007ffe04fe0a19 0000000000000000
0x000000001cc0eee8:   00007ffde9a17f17 0000000000000000
0x000000001cc0eef8:   0000000000000000 00000000254a8ca0
0x000000001cc0ef08:   00007ffde9a17283 fffffffffffffffe
0x000000001cc0ef18:   000000001cc0ef80 0000000000000000
0x000000001cc0ef28:   00007ffde9a187c9 0000000029515f90
0x000000001cc0ef38:   0000000029518370 000000001b985400
0x000000001cc0ef48:   00007ffde9a95700 fffffffffffffffe
0x000000001cc0ef58:   00000000254ab1c0 0000000000000001
0x000000001cc0ef68:   00000000254a8c98 00000000254a8b70
0x000000001cc0ef78:   00007ffde9a9d7ad 00007ffde9bd65b0
0x000000001cc0ef88:   00007ffde9b01930 000000001b985400
0x000000001cc0ef98:   0000000000000036 00000000254a8c98
0x000000001cc0efa8:   00000000254a8b70 00000000254a8b70 

Instructions: (pc=0x00007ffdea2b2224)
0x00007ffdea2b2204:   cc cc cc cc cc cc 66 0f 1f 44 00 00 8b 05 f2 7d
0x00007ffdea2b2214:   01 00 83 f8 40 73 0f 65 48 8b 04 c5 80 14 00 00
0x00007ffdea2b2224:   ff a0 38 0a 00 00 b8 47 01 00 00 e9 ec d4 ff ff
0x00007ffdea2b2234:   cc cc cc cc cc cc 66 0f 1f 44 00 00 8b 05 c2 7d 


Register to memory mapping:

RAX=0x0000000000000000 is an unknown value
RBX=0x0000000029514400 is an unknown value
RCX=0x0000000000000001 is an unknown value
RDX=0x0000000029514408 is an unknown value
RSP=0x000000001cc0eeb8 is an unknown value
RBP=0x0000000000000000 is an unknown value
RSI=0x0000000029515f90 is an unknown value
RDI=0x0000000029515f90 is an unknown value
R8 =0x000000001cc0ef38 is an unknown value
R9 =0x000000001b985400 is an unknown value
R10=0x0000000000000000 is an unknown value
R11=0x0000000000000246 is an unknown value
R12=0x0000000000000000 is an unknown value
R13=0x00000000254a8cc0 is an unknown value
R14=0x00000000254a8b70 is an unknown value
R15=0x0000000000000000 is an unknown value


Stack: [0x000000001cb10000,0x000000001cc10000],  sp=0x000000001cc0eeb8,  free space=1019k
Native frames: (J=compiled Java code, j=interpreted, Vv=VM code, C=native code)

VM_Operation (0x000000000234e520): Exit, mode: safepoint, requested by thread 0x0000000002354800


---------------  P R O C E S S  ---------------

Java Threads: ( => current thread )
  0x000000001bab5000 JavaThread "File IO Thread" [_thread_blocked, id=10112, stack(0x00000000420c0000,0x00000000421c0000)]
  0x000000001bab5800 JavaThread "AWT-Shutdown" [_thread_blocked, id=9576, stack(0x0000000041fc0000,0x00000000420c0000)]
  0x0000000027193000 JavaThread "pool-2-thread-1" [_thread_blocked, id=9832, stack(0x000000003c200000,0x000000003c300000)]
  0x000000002718c000 JavaThread "Netty IO #1" daemon [_thread_in_native, id=3068, stack(0x000000003b200000,0x000000003b300000)]
  0x000000002718b800 JavaThread "Netty Client IO #0" daemon [_thread_in_native, id=1368, stack(0x000000003b100000,0x000000003b200000)]
  0x000000002718e800 JavaThread "Netty IO #0" daemon [_thread_in_native, id=14788, stack(0x000000003ae00000,0x000000003af00000)]
  0x000000001bab9800 JavaThread "Server thread" [_thread_blocked, id=9880, stack(0x000000003ac00000,0x000000003ad00000)]
  0x000000001ed37800 JavaThread "LWJGL Timer" daemon [_thread_blocked, id=14492, stack(0x00000000306d0000,0x00000000307d0000)]
  0x000000001ecb3000 JavaThread "Timer hack thread" daemon [_thread_blocked, id=6464, stack(0x0000000027dc0000,0x0000000027ec0000)]
  0x000000001ecbe000 JavaThread "Snooper Timer" daemon [_thread_blocked, id=3208, stack(0x0000000027790000,0x0000000027890000)]
  0x000000001e348000 JavaThread "Java2D Disposer" daemon [_thread_blocked, id=8928, stack(0x0000000020110000,0x0000000020210000)]
  0x000000001d343800 JavaThread "Service Thread" daemon [_thread_blocked, id=4988, stack(0x000000001d710000,0x000000001d810000)]
  0x000000001bab6800 JavaThread "C1 CompilerThread2" daemon [_thread_blocked, id=8932, stack(0x000000001d210000,0x000000001d310000)]
  0x000000001baba000 JavaThread "C2 CompilerThread1" daemon [_thread_blocked, id=580, stack(0x000000001d110000,0x000000001d210000)]
  0x000000001bab2000 JavaThread "C2 CompilerThread0" daemon [_thread_blocked, id=9196, stack(0x000000001d010000,0x000000001d110000)]
  0x000000001bab1000 JavaThread "Attach Listener" daemon [_thread_blocked, id=7928, stack(0x000000001cf10000,0x000000001d010000)]
  0x000000001baaf800 JavaThread "Signal Dispatcher" daemon [_thread_blocked, id=13948, stack(0x000000001ce10000,0x000000001cf10000)]
  0x000000000244a800 JavaThread "Finalizer" daemon [_thread_blocked, id=15344, stack(0x000000001cd10000,0x000000001ce10000)]
  0x0000000002442800 JavaThread "Reference Handler" daemon [_thread_blocked, id=8288, stack(0x000000001cc10000,0x000000001cd10000)]
  0x0000000002354800 JavaThread "Client thread" [_thread_blocked, id=12532, stack(0x0000000002250000,0x0000000002350000)]

Other Threads:
=>0x000000001ba76800 VMThread [stack: 0x000000001cb10000,0x000000001cc10000] [id=15020]

VM state:at safepoint (shutting down)

VM Mutex/Monitor currently owned by a thread:  ([mutex/lock_event])
[0x00000000023522d0] Threads_lock - owner thread: 0x000000001ba76800

Heap:
 PSYoungGen      total 1197568K, used 381739K [0x000000076af00000, 0x00000007c0000000, 0x00000007c0000000)
  eden space 1123328K, 29% used [0x000000076af00000,0x000000077f571e50,0x00000007af800000)
  from space 74240K, 63% used [0x00000007b4300000,0x00000007b7158ea0,0x00000007b8b80000)
  to   space 76800K, 0% used [0x00000007af800000,0x00000007af800000,0x00000007b4300000)
 ParOldGen       total 257536K, used 193211K [0x00000006c0c00000, 0x00000006d0780000, 0x000000076af00000)
  object space 257536K, 75% used [0x00000006c0c00000,0x00000006cc8aef90,0x00000006d0780000)
 Metaspace       used 53033K, capacity 53503K, committed 54064K, reserved 1097728K
  class space    used 6450K, capacity 6605K, committed 6704K, reserved 1048576K

Card table byte_map: [0x0000000011810000,0x0000000012010000] byte_map_base: 0x000000000e20a000

Marking Bits: (ParMarkBitMap*) 0x0000000053714040
 Begin Bits: [0x0000000012970000, 0x0000000016940000)
 End Bits:   [0x0000000016940000, 0x000000001a910000)

Polling page: 0x0000000000ab0000

CodeCache: size=245760Kb used=37210Kb max_used=37738Kb free=208549Kb
 bounds [0x0000000002450000, 0x0000000004960000, 0x0000000011450000]
 total_blobs=9595 nmethods=8651 adapters=852
 compilation: enabled

Compilation events (10 events):
Event: 43.967 Thread 0x000000001bab6800 12305       3       net.minecraft.world.chunk.storage.RegionFile$ChunkBuffer::<init> (23 bytes)
Event: 43.967 Thread 0x000000001bab6800 nmethod 12305 0x0000000003acd790 code [0x0000000003acd900, 0x0000000003acdae8]
Event: 43.967 Thread 0x000000001bab6800 12306       3       net.minecraft.world.chunk.storage.RegionFile::write (42 bytes)
Event: 43.967 Thread 0x000000001bab6800 nmethod 12306 0x0000000003accc10 code [0x0000000003accde0, 0x0000000003acd408]
Event: 43.967 Thread 0x000000001bab6800 12307       3       java.io.RandomAccessFile::writeByte (6 bytes)
Event: 43.968 Thread 0x000000001bab6800 nmethod 12307 0x0000000003acc7d0 code [0x0000000003acc940, 0x0000000003accb28]
Event: 43.968 Thread 0x000000001bab6800 12308       3       net.minecraft.world.chunk.storage.RegionFile::setChunkTimestamp (41 bytes)
Event: 43.968 Thread 0x000000001bab6800 nmethod 12308 0x0000000003acbfd0 code [0x0000000003acc160, 0x0000000003acc568]
Event: 43.978 Thread 0x000000001baba000 12310       4       net.minecraft.nbt.NBTTagList::write (104 bytes)
Event: 43.981 Thread 0x000000001baba000 nmethod 12310 0x00000000044c7d90 code [0x00000000044c7f40, 0x00000000044c8438]

GC Heap History (10 events):
Event: 18.521 GC heap before
{Heap before GC invocations=20 (full 4):
 PSYoungGen      total 1190400K, used 0K [0x000000076af00000, 0x00000007b7a80000, 0x00000007c0000000)
  eden space 1125888K, 0% used [0x000000076af00000,0x000000076af00000,0x00000007afa80000)
  from space 64512K, 0% used [0x00000007afa80000,0x00000007afa80000,0x00000007b3980000)
  to   space 65536K, 0% used [0x00000007b3a80000,0x00000007b3a80000,0x00000007b7a80000)
 ParOldGen       total 257536K, used 142730K [0x00000006c0c00000, 0x00000006d0780000, 0x000000076af00000)
  object space 257536K, 55% used [0x00000006c0c00000,0x00000006c9762828,0x00000006d0780000)
 Metaspace       used 44952K, capacity 45443K, committed 45872K, reserved 1089536K
  class space    used 5772K, capacity 5917K, committed 5936K, reserved 1048576K
Event: 18.522 GC heap after
Heap after GC invocations=20 (full 4):
 PSYoungGen      total 1190912K, used 0K [0x000000076af00000, 0x00000007b7b80000, 0x00000007c0000000)
  eden space 1125376K, 0% used [0x000000076af00000,0x000000076af00000,0x00000007afa00000)
  from space 65536K, 0% used [0x00000007b3a80000,0x00000007b3a80000,0x00000007b7a80000)
  to   space 66048K, 0% used [0x00000007afa00000,0x00000007afa00000,0x00000007b3a80000)
 ParOldGen       total 257536K, used 142730K [0x00000006c0c00000, 0x00000006d0780000, 0x000000076af00000)
  object space 257536K, 55% used [0x00000006c0c00000,0x00000006c9762828,0x00000006d0780000)
 Metaspace       used 44952K, capacity 45443K, committed 45872K, reserved 1089536K
  class space    used 5772K, capacity 5917K, committed 5936K, reserved 1048576K
}
Event: 18.522 GC heap before
{Heap before GC invocations=21 (full 5):
 PSYoungGen      total 1190912K, used 0K [0x000000076af00000, 0x00000007b7b80000, 0x00000007c0000000)
  eden space 1125376K, 0% used [0x000000076af00000,0x000000076af00000,0x00000007afa00000)
  from space 65536K, 0% used [0x00000007b3a80000,0x00000007b3a80000,0x00000007b7a80000)
  to   space 66048K, 0% used [0x00000007afa00000,0x00000007afa00000,0x00000007b3a80000)
 ParOldGen       total 257536K, used 142730K [0x00000006c0c00000, 0x00000006d0780000, 0x000000076af00000)
  object space 257536K, 55% used [0x00000006c0c00000,0x00000006c9762828,0x00000006d0780000)
 Metaspace       used 44952K, capacity 45443K, committed 45872K, reserved 1089536K
  class space    used 5772K, capacity 5917K, committed 5936K, reserved 1048576K
Event: 18.611 GC heap after
Heap after GC invocations=21 (full 5):
 PSYoungGen      total 1190912K, used 0K [0x000000076af00000, 0x00000007b7b80000, 0x00000007c0000000)
  eden space 1125376K, 0% used [0x000000076af00000,0x000000076af00000,0x00000007afa00000)
  from space 65536K, 0% used [0x00000007b3a80000,0x00000007b3a80000,0x00000007b7a80000)
  to   space 66048K, 0% used [0x00000007afa00000,0x00000007afa00000,0x00000007b3a80000)
 ParOldGen       total 257536K, used 142730K [0x00000006c0c00000, 0x00000006d0780000, 0x000000076af00000)
  object space 257536K, 55% used [0x00000006c0c00000,0x00000006c9762828,0x00000006d0780000)
 Metaspace       used 44952K, capacity 45443K, committed 45872K, reserved 1089536K
  class space    used 5772K, capacity 5917K, committed 5936K, reserved 1048576K
}
Event: 20.476 GC heap before
{Heap before GC invocations=22 (full 5):
 PSYoungGen      total 1190912K, used 589241K [0x000000076af00000, 0x00000007b7b80000, 0x00000007c0000000)
  eden space 1125376K, 52% used [0x000000076af00000,0x000000078ee6e618,0x00000007afa00000)
  from space 65536K, 0% used [0x00000007b3a80000,0x00000007b3a80000,0x00000007b7a80000)
  to   space 66048K, 0% used [0x00000007afa00000,0x00000007afa00000,0x00000007b3a80000)
 ParOldGen       total 257536K, used 142730K [0x00000006c0c00000, 0x00000006d0780000, 0x000000076af00000)
  object space 257536K, 55% used [0x00000006c0c00000,0x00000006c9762828,0x00000006d0780000)
 Metaspace       used 49199K, capacity 49671K, committed 49968K, reserved 1093632K
  class space    used 6217K, capacity 6377K, committed 6448K, reserved 1048576K
Event: 20.492 GC heap after
Heap after GC invocations=22 (full 5):
 PSYoungGen      total 1191424K, used 56754K [0x000000076af00000, 0x00000007b8b80000, 0x00000007c0000000)
  eden space 1125376K, 0% used [0x000000076af00000,0x000000076af00000,0x00000007afa00000)
  from space 66048K, 85% used [0x00000007afa00000,0x00000007b316c820,0x00000007b3a80000)
  to   space 74240K, 0% used [0x00000007b4300000,0x00000007b4300000,0x00000007b8b80000)
 ParOldGen       total 257536K, used 142738K [0x00000006c0c00000, 0x00000006d0780000, 0x000000076af00000)
  object space 257536K, 55% used [0x00000006c0c00000,0x00000006c9764828,0x00000006d0780000)
 Metaspace       used 49199K, capacity 49671K, committed 49968K, reserved 1093632K
  class space    used 6217K, capacity 6377K, committed 6448K, reserved 1048576K
}
Event: 20.492 GC heap before
{Heap before GC invocations=23 (full 6):
 PSYoungGen      total 1191424K, used 56754K [0x000000076af00000, 0x00000007b8b80000, 0x00000007c0000000)
  eden space 1125376K, 0% used [0x000000076af00000,0x000000076af00000,0x00000007afa00000)
  from space 66048K, 85% used [0x00000007afa00000,0x00000007b316c820,0x00000007b3a80000)
  to   space 74240K, 0% used [0x00000007b4300000,0x00000007b4300000,0x00000007b8b80000)
 ParOldGen       total 257536K, used 142738K [0x00000006c0c00000, 0x00000006d0780000, 0x000000076af00000)
  object space 257536K, 55% used [0x00000006c0c00000,0x00000006c9764828,0x00000006d0780000)
 Metaspace       used 49199K, capacity 49671K, committed 49968K, reserved 1093632K
  class space    used 6217K, capacity 6377K, committed 6448K, reserved 1048576K
Event: 20.989 GC heap after
Heap after GC invocations=23 (full 6):
 PSYoungGen      total 1191424K, used 0K [0x000000076af00000, 0x00000007b8b80000, 0x00000007c0000000)
  eden space 1125376K, 0% used [0x000000076af00000,0x000000076af00000,0x00000007afa00000)
  from space 66048K, 0% used [0x00000007afa00000,0x00000007afa00000,0x00000007b3a80000)
  to   space 74240K, 0% used [0x00000007b4300000,0x00000007b4300000,0x00000007b8b80000)
 ParOldGen       total 257536K, used 193203K [0x00000006c0c00000, 0x00000006d0780000, 0x000000076af00000)
  object space 257536K, 75% used [0x00000006c0c00000,0x00000006cc8acf90,0x00000006d0780000)
 Metaspace       used 49199K, capacity 49671K, committed 49968K, reserved 1093632K
  class space    used 6217K, capacity 6377K, committed 6448K, reserved 1048576K
}
Event: 30.899 GC heap before
{Heap before GC invocations=24 (full 6):
 PSYoungGen      total 1191424K, used 1125376K [0x000000076af00000, 0x00000007b8b80000, 0x00000007c0000000)
  eden space 1125376K, 100% used [0x000000076af00000,0x00000007afa00000,0x00000007afa00000)
  from space 66048K, 0% used [0x00000007afa00000,0x00000007afa00000,0x00000007b3a80000)
  to   space 74240K, 0% used [0x00000007b4300000,0x00000007b4300000,0x00000007b8b80000)
 ParOldGen       total 257536K, used 193203K [0x00000006c0c00000, 0x00000006d0780000, 0x000000076af00000)
  object space 257536K, 75% used [0x00000006c0c00000,0x00000006cc8acf90,0x00000006d0780000)
 Metaspace       used 52378K, capacity 52767K, committed 53168K, reserved 1095680K
  class space    used 6427K, capacity 6573K, committed 6576K, reserved 1048576K
Event: 30.912 GC heap after
Heap after GC invocations=24 (full 6):
 PSYoungGen      total 1197568K, used 47459K [0x000000076af00000, 0x00000007c0000000, 0x00000007c0000000)
  eden space 1123328K, 0% used [0x000000076af00000,0x000000076af00000,0x00000007af800000)
  from space 74240K, 63% used [0x00000007b4300000,0x00000007b7158ea0,0x00000007b8b80000)
  to   space 76800K, 0% used [0x00000007af800000,0x00000007af800000,0x00000007b4300000)
 ParOldGen       total 257536K, used 193211K [0x00000006c0c00000, 0x00000006d0780000, 0x000000076af00000)
  object space 257536K, 75% used [0x00000006c0c00000,0x00000006cc8aef90,0x00000006d0780000)
 Metaspace       used 52378K, capacity 52767K, committed 53168K, reserved 1095680K
  class space    used 6427K, capacity 6573K, committed 6576K, reserved 1048576K
}

Deoptimization events (10 events):
Event: 43.400 Thread 0x000000002718b800 Uncommon trap: reason=unstable_if action=reinterpret pc=0x00000000047d1440 method=io.netty.channel.local.LocalChannel.isActive()Z @ 5
Event: 43.437 Thread 0x000000001bab9800 Uncommon trap: reason=unstable_if action=reinterpret pc=0x00000000038bc920 method=java.util.concurrent.locks.ReentrantReadWriteLock$Sync.tryAcquireShared(I)I @ 60
Event: 43.437 Thread 0x0000000027196800 Uncommon trap: reason=unstable_if action=reinterpret pc=0x0000000003c094dc method=java.util.concurrent.locks.ReentrantReadWriteLock$Sync.tryReleaseShared(I)Z @ 135
Event: 43.458 Thread 0x0000000027196800 Uncommon trap: reason=class_check action=maybe_recompile pc=0x000000000345d618 method=java.util.concurrent.ConcurrentHashMap.putVal(Ljava/lang/Object;Ljava/lang/Object;Z)Ljava/lang/Object; @ 192
Event: 43.458 Thread 0x0000000027196800 Uncommon trap: reason=class_check action=maybe_recompile pc=0x000000000345d618 method=java.util.concurrent.ConcurrentHashMap.putVal(Ljava/lang/Object;Ljava/lang/Object;Z)Ljava/lang/Object; @ 192
Event: 43.458 Thread 0x0000000027196800 Uncommon trap: reason=class_check action=maybe_recompile pc=0x000000000345d618 method=java.util.concurrent.ConcurrentHashMap.putVal(Ljava/lang/Object;Ljava/lang/Object;Z)Ljava/lang/Object; @ 192
Event: 43.458 Thread 0x000000001bab9800 Uncommon trap: reason=class_check action=maybe_recompile pc=0x000000000345d618 method=java.util.concurrent.ConcurrentHashMap.putVal(Ljava/lang/Object;Ljava/lang/Object;Z)Ljava/lang/Object; @ 192
Event: 43.458 Thread 0x0000000027196800 Uncommon trap: reason=class_check action=maybe_recompile pc=0x000000000345d618 method=java.util.concurrent.ConcurrentHashMap.putVal(Ljava/lang/Object;Ljava/lang/Object;Z)Ljava/lang/Object; @ 192
Event: 43.462 Thread 0x0000000027196800 Uncommon trap: reason=unstable_if action=reinterpret pc=0x00000000048cd0e4 method=java.util.concurrent.locks.ReentrantLock$Sync.tryRelease(I)Z @ 28
Event: 43.462 Thread 0x000000001bab9800 Uncommon trap: reason=unstable_if action=reinterpret pc=0x00000000043ae190 method=java.util.concurrent.locks.ReentrantLock$Sync.nonfairTryAcquire(I)Z @ 34

Internal exceptions (10 events):
Event: 43.181 Thread 0x000000001bab7000 Exception <a 'java/lang/InterruptedException': sleep interrupted> (0x000000077a0dd000) thrown at [C:\re\workspace\8-2-build-windows-amd64-cygwin\jdk8u45\3627\hotspot\src\share\vm\prims\jvm.cpp, line 3211]
Event: 43.197 Thread 0x000000001bab7000 Exception <a 'java/lang/InterruptedException': sleep interrupted> (0x000000077a0dd250) thrown at [C:\re\workspace\8-2-build-windows-amd64-cygwin\jdk8u45\3627\hotspot\src\share\vm\prims\jvm.cpp, line 3211]
Event: 43.221 Thread 0x000000001bab7000 Exception <a 'java/lang/InterruptedException': sleep interrupted> (0x000000077a0dd4a0) thrown at [C:\re\workspace\8-2-build-windows-amd64-cygwin\jdk8u45\3627\hotspot\src\share\vm\prims\jvm.cpp, line 3211]
Event: 43.292 Thread 0x000000001bab7000 Exception <a 'java/lang/InterruptedException': sleep interrupted> (0x000000077a0dd6f0) thrown at [C:\re\workspace\8-2-build-windows-amd64-cygwin\jdk8u45\3627\hotspot\src\share\vm\prims\jvm.cpp, line 3211]
Event: 43.320 Thread 0x000000001bab7000 Exception <a 'java/lang/InterruptedException': sleep interrupted> (0x000000077a0dd940) thrown at [C:\re\workspace\8-2-build-windows-amd64-cygwin\jdk8u45\3627\hotspot\src\share\vm\prims\jvm.cpp, line 3211]
Event: 43.320 Thread 0x000000001bab7000 Exception <a 'java/lang/InterruptedException': sleep interrupted> (0x000000077a0ddb40) thrown at [C:\re\workspace\8-2-build-windows-amd64-cygwin\jdk8u45\3627\hotspot\src\share\vm\prims\jvm.cpp, line 3211]
Event: 43.321 Thread 0x000000001bab7000 Exception <a 'java/lang/InterruptedException': sleep interrupted> (0x000000077a0ddd40) thrown at [C:\re\workspace\8-2-build-windows-amd64-cygwin\jdk8u45\3627\hotspot\src\share\vm\prims\jvm.cpp, line 3211]
Event: 43.321 Thread 0x000000001bab5000 Exception <a 'java/lang/InterruptedException': sleep interrupted> (0x000000077ab9e608) thrown at [C:\re\workspace\8-2-build-windows-amd64-cygwin\jdk8u45\3627\hotspot\src\share\vm\prims\jvm.cpp, line 3211]
Event: 43.370 Thread 0x000000001bab9800 Exception <a 'java/lang/reflect/InvocationTargetException'> (0x000000077c7433c0) thrown at [C:\re\workspace\8-2-build-windows-amd64-cygwin\jdk8u45\3627\hotspot\src\share\vm\runtime\reflection.cpp, line 1080]
Event: 43.399 Thread 0x000000002718c000 Implicit null exception at 0x000000000468cc56 to 0x000000000468e4c1

Events (10 events):
Event: 43.973 Executing VM operation: RevokeBias done
Event: 43.998 Executing VM operation: RevokeBias
Event: 43.998 Executing VM operation: RevokeBias done
Event: 43.998 Executing VM operation: RevokeBias
Event: 43.998 Executing VM operation: RevokeBias done
Event: 43.998 Executing VM operation: RevokeBias
Event: 43.998 Thread 0x0000000027196800 Thread exited: 0x0000000027196800
Event: 43.998 Executing VM operation: RevokeBias done
Event: 43.998 Thread 0x000000001babb800 Thread exited: 0x000000001babb800
Event: 43.998 Executing VM operation: Exit


Dynamic libraries:
0x00007ff75e230000 - 0x00007ff75e267000 	C:\Program Files\Java\jre1.8.0_45\bin\javaw.exe
0x00007ffe04fc0000 - 0x00007ffe05181000 	C:\WINDOWS\SYSTEM32\ntdll.dll
0x00007ffe02800000 - 0x00007ffe028ad000 	C:\WINDOWS\system32\KERNEL32.DLL
0x00007ffe01670000 - 0x00007ffe01858000 	C:\WINDOWS\system32\KERNELBASE.dll
0x00007ffe04b20000 - 0x00007ffe04bc7000 	C:\WINDOWS\system32\ADVAPI32.dll
0x00007ffe04f20000 - 0x00007ffe04fbd000 	C:\WINDOWS\system32\msvcrt.dll
0x00007ffe04e80000 - 0x00007ffe04edb000 	C:\WINDOWS\system32\sechost.dll
0x00007ffe04d60000 - 0x00007ffe04e7c000 	C:\WINDOWS\system32\RPCRT4.dll
0x00007ffe04740000 - 0x00007ffe04896000 	C:\WINDOWS\system32\USER32.dll
0x00007ffe04bd0000 - 0x00007ffe04d56000 	C:\WINDOWS\system32\GDI32.dll
0x00007ffdf44c0000 - 0x00007ffdf4734000 	C:\WINDOWS\WinSxS\amd64_microsoft.windows.common-controls_6595b64144ccf1df_6.0.10586.0_none_8c15ae12515e1c22\COMCTL32.dll
0x00007ffe029a0000 - 0x00007ffe02c1d000 	C:\WINDOWS\system32\combase.dll
0x00007ffe02350000 - 0x00007ffe023ba000 	C:\WINDOWS\system32\bcryptPrimitives.dll
0x00007ffe04ee0000 - 0x00007ffe04f1b000 	C:\WINDOWS\system32\IMM32.DLL
0x0000000052d60000 - 0x0000000052e32000 	C:\Program Files\Java\jre1.8.0_45\bin\msvcr100.dll
0x0000000052f10000 - 0x0000000053793000 	C:\Program Files\Java\jre1.8.0_45\bin\server\jvm.dll
0x00007ffe02c30000 - 0x00007ffe02c38000 	C:\WINDOWS\system32\PSAPI.DLL
0x00007ffdffce0000 - 0x00007ffdffd03000 	C:\WINDOWS\SYSTEM32\WINMM.dll
0x00007ffdfe750000 - 0x00007ffdfe759000 	C:\WINDOWS\SYSTEM32\WSOCK32.dll
0x00007ffdfcbd0000 - 0x00007ffdfcbda000 	C:\WINDOWS\SYSTEM32\VERSION.dll
0x00007ffe03000000 - 0x00007ffe0306b000 	C:\WINDOWS\system32\WS2_32.dll
0x0000000002070000 - 0x000000000209c000 	C:\WINDOWS\SYSTEM32\WINMMBASE.dll
0x00007ffe01ae0000 - 0x00007ffe01b23000 	C:\WINDOWS\system32\cfgmgr32.dll
0x0000000052f00000 - 0x0000000052f0f000 	C:\Program Files\Java\jre1.8.0_45\bin\verify.dll
0x0000000052ed0000 - 0x0000000052ef9000 	C:\Program Files\Java\jre1.8.0_45\bin\java.dll
0x0000000052eb0000 - 0x0000000052ec6000 	C:\Program Files\Java\jre1.8.0_45\bin\zip.dll
0x00007ffe030d0000 - 0x00007ffe0462c000 	C:\WINDOWS\system32\SHELL32.dll
0x00007ffe01b30000 - 0x00007ffe02175000 	C:\WINDOWS\system32\windows.storage.dll
0x00007ffe03070000 - 0x00007ffe030c2000 	C:\WINDOWS\system32\shlwapi.dll
0x00007ffe01660000 - 0x00007ffe0166f000 	C:\WINDOWS\system32\kernel.appcore.dll
0x00007ffe01990000 - 0x00007ffe01a45000 	C:\WINDOWS\system32\shcore.dll
0x00007ffe01610000 - 0x00007ffe0165b000 	C:\WINDOWS\system32\powrprof.dll
0x00007ffe015f0000 - 0x00007ffe01604000 	C:\WINDOWS\system32\profapi.dll
0x0000000052d50000 - 0x0000000052d5d000 	C:\Program Files\Java\jre1.8.0_45\bin\management.dll
0x0000000052e90000 - 0x0000000052eaa000 	C:\Program Files\Java\jre1.8.0_45\bin\net.dll
0x00007ffe00eb0000 - 0x00007ffe00f0c000 	C:\WINDOWS\system32\mswsock.dll
0x0000000052e70000 - 0x0000000052e81000 	C:\Program Files\Java\jre1.8.0_45\bin\nio.dll
0x00007ffdf6450000 - 0x00007ffdf6466000 	C:\WINDOWS\system32\napinsp.dll
0x00007ffdf6470000 - 0x00007ffdf648a000 	C:\WINDOWS\system32\pnrpnsp.dll
0x00007ffdfd600000 - 0x00007ffdfd618000 	C:\WINDOWS\system32\NLAapi.dll
0x00007ffdfff60000 - 0x00007ffe0000a000 	C:\WINDOWS\SYSTEM32\DNSAPI.dll
0x00007ffe023c0000 - 0x00007ffe023c8000 	C:\WINDOWS\system32\NSI.dll
0x00007ffdf66b0000 - 0x00007ffdf66bd000 	C:\WINDOWS\System32\winrnr.dll
0x00007ffdfb9d0000 - 0x00007ffdfb9da000 	C:\Windows\System32\rasadhlp.dll
0x00007ffdfe070000 - 0x00007ffdfe0a8000 	C:\WINDOWS\SYSTEM32\IPHLPAPI.DLL
0x00007ffdfbf20000 - 0x00007ffdfbf87000 	C:\WINDOWS\System32\fwpuclnt.dll
0x00007ffe01510000 - 0x00007ffe01539000 	C:\WINDOWS\SYSTEM32\bcrypt.dll
0x0000000052bb0000 - 0x0000000052d48000 	C:\Program Files\Java\jre1.8.0_45\bin\awt.dll
0x00007ffe028b0000 - 0x00007ffe02971000 	C:\WINDOWS\system32\OLEAUT32.dll
0x00007ffdffdd0000 - 0x00007ffdffe49000 	C:\WINDOWS\system32\apphelp.dll
0x00007ffe00010000 - 0x00007ffe000a6000 	C:\WINDOWS\system32\uxtheme.dll
0x00007ffe02ea0000 - 0x00007ffe02ffa000 	C:\WINDOWS\system32\MSCTF.dll
0x00007ffdebb30000 - 0x00007ffdebb58000 	C:\Program Files (x86)\Raptr\ltc_help64-106568.dll
0x00007ffe01910000 - 0x00007ffe01965000 	C:\WINDOWS\system32\WINTRUST.dll
0x00007ffe015e0000 - 0x00007ffe015f0000 	C:\WINDOWS\system32\MSASN1.dll
0x00007ffe02180000 - 0x00007ffe02347000 	C:\WINDOWS\system32\CRYPT32.dll
0x00007ffdf7ae0000 - 0x00007ffdf7b29000 	F:\Applications\TeamViewer\tv_x64.dll
0x00007ffe049d0000 - 0x00007ffe04b13000 	C:\WINDOWS\system32\ole32.dll
0x00007ffdfea30000 - 0x00007ffdfea52000 	C:\WINDOWS\system32\dwmapi.dll
0x0000000052b60000 - 0x0000000052ba7000 	C:\Program Files\Java\jre1.8.0_45\bin\fontmanager.dll
0x00007ffddb700000 - 0x00007ffddb910000 	C:\WINDOWS\system32\d3d9.dll
0x0000000052b10000 - 0x0000000052b51000 	C:\Program Files\Java\jre1.8.0_45\bin\t2k.dll
0x0000000180000000 - 0x0000000180051000 	C:\Users\Matt\.gradle\caches\minecraft\net\minecraft\minecraft_natives\1.7.10\lwjgl64.dll
0x00007ffdea1d0000 - 0x00007ffdea2f9000 	C:\WINDOWS\SYSTEM32\OPENGL32.dll
0x00007ffdf3f60000 - 0x00007ffdf3f8e000 	C:\WINDOWS\SYSTEM32\GLU32.dll
0x00007ffde0e80000 - 0x00007ffde0f7a000 	C:\WINDOWS\SYSTEM32\DDRAW.dll
0x00007ffdf7a80000 - 0x00007ffdf7a88000 	C:\WINDOWS\SYSTEM32\DCIMAN32.dll
0x00007ffe00f60000 - 0x00007ffe00f77000 	C:\WINDOWS\SYSTEM32\CRYPTSP.dll
0x00007ffe00bf0000 - 0x00007ffe00c24000 	C:\WINDOWS\system32\rsaenh.dll
0x00007ffe00d40000 - 0x00007ffe00d5f000 	C:\WINDOWS\SYSTEM32\USERENV.dll
0x00007ffe01080000 - 0x00007ffe0108b000 	C:\WINDOWS\SYSTEM32\CRYPTBASE.dll
0x00007ffdfda30000 - 0x00007ffdfda46000 	C:\WINDOWS\SYSTEM32\dhcpcsvc6.DLL
0x00007ffdfd990000 - 0x00007ffdfd9aa000 	C:\WINDOWS\SYSTEM32\dhcpcsvc.DLL
0x00007ffdfbcd0000 - 0x00007ffdfbce8000 	C:\WINDOWS\SYSTEM32\atig6pxx.dll
0x0000000050d10000 - 0x0000000052b10000 	C:\WINDOWS\SYSTEM32\atio6axx.dll
0x00007ffe023d0000 - 0x00007ffe027f9000 	C:\WINDOWS\system32\SETUPAPI.dll
0x00007ffddce30000 - 0x00007ffddcf71000 	C:\WINDOWS\SYSTEM32\atiadlxx.dll
0x00007ffdff590000 - 0x00007ffdff5a3000 	C:\WINDOWS\SYSTEM32\WTSAPI32.dll
0x00007ffdff3d0000 - 0x00007ffdff556000 	C:\WINDOWS\SYSTEM32\PROPSYS.dll
0x00007ffe000b0000 - 0x00007ffe000d7000 	C:\WINDOWS\SYSTEM32\DEVOBJ.dll
0x00007ffdf3ea0000 - 0x00007ffdf3ecc000 	C:\WINDOWS\SYSTEM32\atig6txx.dll
0x00007ffde0bb0000 - 0x00007ffde0c41000 	C:\WINDOWS\SYSTEM32\mscms.dll
0x00007ffdf39d0000 - 0x00007ffdf3a12000 	C:\WINDOWS\SYSTEM32\icm32.dll
0x0000000070a40000 - 0x0000000070adc000 	C:\Users\Matt\.gradle\caches\minecraft\net\minecraft\minecraft_natives\1.7.10\avutil-ttv-51.dll
0x0000000065980000 - 0x00000000659d6000 	C:\Users\Matt\.gradle\caches\minecraft\net\minecraft\minecraft_natives\1.7.10\swresample-ttv-0.dll
0x000000006eb80000 - 0x000000006ec50000 	C:\Users\Matt\.gradle\caches\minecraft\net\minecraft\minecraft_natives\1.7.10\libmp3lame-ttv.dll
0x00007ffdcf080000 - 0x00007ffdd0424000 	C:\Users\Matt\.gradle\caches\minecraft\net\minecraft\minecraft_natives\1.7.10\libmfxsw64.dll
0x00007ffdea0a0000 - 0x00007ffdea1cb000 	C:\Users\Matt\.gradle\caches\minecraft\net\minecraft\minecraft_natives\1.7.10\twitchsdk.dll
0x00007ffdf0ca0000 - 0x00007ffdf0f49000 	C:\WINDOWS\SYSTEM32\WININET.dll
0x0000000052e40000 - 0x0000000052e64000 	C:\Program Files\Java\jre1.8.0_45\bin\sunec.dll
0x00007ffe02980000 - 0x00007ffe0299c000 	C:\WINDOWS\system32\imagehlp.dll
0x00007ffe005d0000 - 0x00007ffe005f4000 	C:\WINDOWS\SYSTEM32\gpapi.dll
0x00007ffdf8df0000 - 0x00007ffdf8e1f000 	C:\Windows\System32\cryptnet.dll
0x00007ffdfddd0000 - 0x00007ffdfdddb000 	C:\WINDOWS\SYSTEM32\WINNSI.DLL
0x00007ffde99b0000 - 0x00007ffde9bf8000 	C:\PROGRA~2\Raptr\ltc_game64-106568.dll
0x0000000025420000 - 0x0000000025484000 	C:\Users\Matt\.gradle\caches\minecraft\net\minecraft\minecraft_natives\1.7.10\OpenAL64.dll
0x00007ffe02df0000 - 0x00007ffe02e97000 	C:\WINDOWS\system32\clbcatq.dll
0x00007ffdfca90000 - 0x00007ffdfcb00000 	C:\WINDOWS\System32\MMDevApi.dll
0x00007ffde44c0000 - 0x00007ffde455c000 	C:\WINDOWS\SYSTEM32\dsound.dll
0x00007ffde4650000 - 0x00007ffde46d8000 	C:\WINDOWS\SYSTEM32\AUDIOSES.DLL
0x00007ffdfa640000 - 0x00007ffdfa776000 	C:\WINDOWS\SYSTEM32\wintypes.dll
0x00007ffdfce90000 - 0x00007ffdfd01c000 	C:\WINDOWS\SYSTEM32\dbghelp.dll

VM Arguments:
jvm_args: -Dfile.encoding=Cp1252 
java_command: GradleStart
java_class_path (initial): F:\Minecraft Mods\Armerger\bin;C:\Users\Matt\.gradle\caches\minecraft\net\minecraftforge\forge\1.7.10-10.13.4.1481-1.7.10\forgeSrc-1.7.10-10.13.4.1481-1.7.10.jar;C:\Users\Matt\.gradle\caches\modules-2\files-2.1\net.minecraft\launchwrapper\1.12\111e7bea9c968cdb3d06ef4632bf7ff0824d0f36\launchwrapper-1.12.jar;C:\Users\Matt\.gradle\caches\modules-2\files-2.1\com.google.code.findbugs\jsr305\1.3.9\40719ea6961c0cb6afaeb6a921eaa1f6afd4cfdf\jsr305-1.3.9.jar;C:\Users\Matt\.gradle\caches\modules-2\files-2.1\org.ow2.asm\asm-debug-all\5.0.3\f9e364ae2a66ce2a543012a4668856e84e5dab74\asm-debug-all-5.0.3.jar;C:\Users\Matt\.gradle\caches\modules-2\files-2.1\com.typesafe.akka\akka-actor_2.11\2.3.3\ed62e9fc709ca0f2ff1a3220daa8b70a2870078e\akka-actor_2.11-2.3.3.jar;C:\Users\Matt\.gradle\caches\modules-2\files-2.1\com.typesafe\config\1.2.1\f771f71fdae3df231bcd54d5ca2d57f0bf93f467\config-1.2.1.jar;C:\Users\Matt\.gradle\caches\modules-2\files-2.1\org.scala-lang\scala-actors-migration_2.11\1.1.0\dfa8bc42b181d5b9f1a5dd147f8ae308b893eb6f\scala-actors-migration_2.11-1.1.0.jar;C:\Users\Matt\.gradle\caches\modules-2\files-2.1\org.scala-lang\scala-compiler\2.11.1\56ea2e6c025e0821f28d73ca271218b8dd04926a\scala-compiler-2.11.1.jar;C:\Users\Matt\.gradle\caches\modules-2\files-2.1\org.scala-lang.plugins\scala-continuations-library_2.11\1.0.2\e517c53a7e9acd6b1668c5a35eccbaa3bab9aac\scala-continuations-library_2.11-1.0.2.jar;C:\Users\Matt\.gradle\caches\modules-2\files-2.1\org.scala-lang.plugins\scala-continuations-plugin_2.11.1\1.0.2\f361a3283452c57fa30c1ee69448995de23c60f7\scala-continuations-plugin_2.11.1-1.0.2.jar;C:\Users\Matt\.gradle\caches\modules-2\files-2.1\org.scala-lang\scala-library\2.11.1\e11da23da3eabab9f4777b9220e60d44c1aab6a\scala-library-2.11.1.jar;C:\Users\Matt\.gradle\caches\modules-2\files-2.1\org.scala-lang\scala-parser-combinators_2.11\1.0.1\f05d7345bf5a58924f2837c6c1f4d73a938e1ff0\scala-parser-combinators_2.11-1.0.1.jar;C:\Users\Matt\.gradle\caches\mo
Launcher Type: SUN_STANDARD

Environment Variables:
JAVA_HOME=C:\Program Files\Java\jdk1.8.0_45
PATH=C:/Program Files/Java/jre1.8.0_45/bin/server;C:/Program Files/Java/jre1.8.0_45/bin;C:/Program Files/Java/jre1.8.0_45/lib/amd64;C:\ProgramData\Oracle\Java\javapath;C:\WINDOWS\system32;C:\WINDOWS;C:\WINDOWS\System32\Wbem;C:\WINDOWS\System32\WindowsPowerShell\v1.0\;C:\Program Files (x86)\ATI Technologies\ATI.ACE\Core-Static;C:\Program Files\Microsoft\Web Platform Installer\;C:\Program Files (x86)\Microsoft ASP.NET\ASP.NET Web Pages\v1.0\;C:\Program Files (x86)\Windows Kits\8.0\Windows Performance Toolkit\;C:\Program Files\Microsoft SQL Server\110\Tools\Binn\;F:\Applications\TortoiseSVN\bin;C:\Program Files (x86)\AMD\ATI.ACE\Core-Static;C:\Program Files (x86)\Skype\Phone\;C:\Program Files\nodejs\;C:\Program Files\Java\jdk1.8.0_45\bin;C:\Users\Matt\AppData\Roaming\npm;F:\Applications\Eclipse\eclipse;
USERNAME=Matt
OS=Windows_NT
PROCESSOR_IDENTIFIER=Intel64 Family 6 Model 60 Stepping 3, GenuineIntel



---------------  S Y S T E M  ---------------

OS: Windows 10.0 , 64 bit Build 10586 (10.0.10586.0)

CPU:total 4 (4 cores per cpu, 1 threads per core) family 6 model 60 stepping 3, cmov, cx8, fxsr, mmx, sse, sse2, sse3, ssse3, sse4.1, sse4.2, popcnt, avx, avx2, aes, clmul, erms, lzcnt, tsc, tscinvbit, bmi1, bmi2

Memory: 4k page, physical 16723940k(9123004k free), swap 19214308k(8466076k free)

vm_info: Java HotSpot(TM) 64-Bit Server VM (25.45-b02) for windows-amd64 JRE (1.8.0_45-b15), built on Apr 30 2015 12:40:44 by "java_re" with MS VC++ 10.0 (VS2010)

time: Tue Feb 16 17:10:44 2016
elapsed time: 44 seconds (0d 0h 0m 44s)

