#
# A fatal error has been detected by the Java Runtime Environment:
#
#  EXCEPTION_ACCESS_VIOLATION (0xc0000005) at pc=0x00007ffdea0b2224, pid=15316, tid=4476
#
# JRE version: Java(TM) SE Runtime Environment (8.0_45-b15) (build 1.8.0_45-b15)
# Java VM: Java HotSpot(TM) 64-Bit Server VM (25.45-b02 mixed mode windows-amd64 compressed oops)
# Problematic frame:
# C  [OPENGL32.dll+0xe2224]
#
# Failed to write core dump. Minidumps are not enabled by default on client versions of Windows
#
# If you would like to submit a bug report, please visit:
#   http://bugreport.java.com/bugreport/crash.jsp
#

---------------  T H R E A D  ---------------

Current thread (0x000000001bb17800):  VMThread [stack: 0x000000001cbb0000,0x000000001ccb0000] [id=4476]

siginfo: ExceptionCode=0xc0000005, reading address 0x0000000000000a38

Registers:
RAX=0x0000000000000000, RBX=0x0000000026d145e0, RCX=0x0000000000000001, RDX=0x0000000026d145e8
RSP=0x000000001ccaf208, RBP=0x0000000000000000, RSI=0x0000000026d15f90, RDI=0x0000000026d15f90
R8 =0x000000001ccaf288, R9 =0x0000000002493ea0, R10=0x0000000000000000, R11=0x0000000000000246
R12=0x0000000000000000, R13=0x0000000022218cc0, R14=0x0000000022218b70, R15=0x0000000000000000
RIP=0x00007ffdea0b2224, EFLAGS=0x0000000000010283

Top of Stack: (sp=0x000000001ccaf208)
0x000000001ccaf208:   00007ffde5d5244b 0000000022218cc0
0x000000001ccaf218:   0000000000000001 0000000022210000
0x000000001ccaf228:   00007ffe04fe0a19 0000000000000000
0x000000001ccaf238:   00007ffde5d57f17 0000000000000000
0x000000001ccaf248:   0000000000000000 0000000022218ca0
0x000000001ccaf258:   00007ffde5d57283 fffffffffffffffe
0x000000001ccaf268:   000000001ccaf2d0 0000000000000000
0x000000001ccaf278:   00007ffde5d587c9 0000000026d15f90
0x000000001ccaf288:   0000000026d18a90 0000000002493ea0
0x000000001ccaf298:   00007ffde5dd5700 fffffffffffffffe
0x000000001ccaf2a8:   000000002221b1c0 0000000000000001
0x000000001ccaf2b8:   0000000022218c98 0000000022218b70
0x000000001ccaf2c8:   00007ffde5ddd7ad 00007ffde5f165b0
0x000000001ccaf2d8:   00007ffde5e41930 0000000002493ea0
0x000000001ccaf2e8:   0000000000000036 0000000022218c98
0x000000001ccaf2f8:   0000000022218b70 0000000022218b70 

Instructions: (pc=0x00007ffdea0b2224)
0x00007ffdea0b2204:   cc cc cc cc cc cc 66 0f 1f 44 00 00 8b 05 f2 7d
0x00007ffdea0b2214:   01 00 83 f8 40 73 0f 65 48 8b 04 c5 80 14 00 00
0x00007ffdea0b2224:   ff a0 38 0a 00 00 b8 47 01 00 00 e9 ec d4 ff ff
0x00007ffdea0b2234:   cc cc cc cc cc cc 66 0f 1f 44 00 00 8b 05 c2 7d 


Register to memory mapping:

RAX=0x0000000000000000 is an unknown value
RBX=0x0000000026d145e0 is an unknown value
RCX=0x0000000000000001 is an unknown value
RDX=0x0000000026d145e8 is an unknown value
RSP=0x000000001ccaf208 is an unknown value
RBP=0x0000000000000000 is an unknown value
RSI=0x0000000026d15f90 is an unknown value
RDI=0x0000000026d15f90 is an unknown value
R8 =0x000000001ccaf288 is an unknown value
R9 =0x0000000002493ea0 is an unknown value
R10=0x0000000000000000 is an unknown value
R11=0x0000000000000246 is an unknown value
R12=0x0000000000000000 is an unknown value
R13=0x0000000022218cc0 is an unknown value
R14=0x0000000022218b70 is an unknown value
R15=0x0000000000000000 is an unknown value


Stack: [0x000000001cbb0000,0x000000001ccb0000],  sp=0x000000001ccaf208,  free space=1020k
Native frames: (J=compiled Java code, j=interpreted, Vv=VM code, C=native code)

VM_Operation (0x00000000023ee1b0): Exit, mode: safepoint, requested by thread 0x00000000023f4800


---------------  P R O C E S S  ---------------

Java Threads: ( => current thread )
  0x000000002551e000 JavaThread "AWT-Shutdown" [_thread_blocked, id=3664, stack(0x0000000044060000,0x0000000044160000)]
  0x000000002551c000 JavaThread "File IO Thread" [_thread_blocked, id=11300, stack(0x0000000043960000,0x0000000043a60000)]
  0x0000000025f51000 JavaThread "pool-2-thread-1" [_thread_blocked, id=1868, stack(0x000000003bb90000,0x000000003bc90000)]
  0x0000000025f51800 JavaThread "Netty IO #1" daemon [_thread_blocked, id=14644, stack(0x000000003b490000,0x000000003b590000)]
  0x0000000025f4f800 JavaThread "Netty Client IO #0" daemon [_thread_blocked, id=3400, stack(0x000000003b390000,0x000000003b490000)]
  0x0000000025f53000 JavaThread "Netty IO #0" daemon [_thread_blocked, id=3640, stack(0x000000003b290000,0x000000003b390000)]
  0x0000000025f56000 JavaThread "Thread-15" [_thread_blocked, id=6068, stack(0x0000000039ae0000,0x0000000039be0000)]
  0x0000000025f52800 JavaThread "Thread-14" [_thread_blocked, id=8212, stack(0x00000000399e0000,0x0000000039ae0000)]
  0x000000001e2e3800 JavaThread "LWJGL Timer" daemon [_thread_blocked, id=5156, stack(0x000000002eec0000,0x000000002efc0000)]
  0x00000000253a8000 JavaThread "Timer hack thread" daemon [_thread_blocked, id=9800, stack(0x0000000027e30000,0x0000000027f30000)]
  0x000000002576c000 JavaThread "Snooper Timer" daemon [_thread_blocked, id=14160, stack(0x0000000026c10000,0x0000000026d10000)]
  0x000000001e2a5800 JavaThread "Java2D Disposer" daemon [_thread_blocked, id=6200, stack(0x00000000201b0000,0x00000000202b0000)]
  0x000000001bbae800 JavaThread "Service Thread" daemon [_thread_blocked, id=4068, stack(0x000000001d7b0000,0x000000001d8b0000)]
  0x000000001bb64000 JavaThread "C1 CompilerThread2" daemon [_thread_blocked, id=11864, stack(0x000000001d2b0000,0x000000001d3b0000)]
  0x000000001bb58800 JavaThread "C2 CompilerThread1" daemon [_thread_blocked, id=676, stack(0x000000001d1b0000,0x000000001d2b0000)]
  0x000000001bb52000 JavaThread "C2 CompilerThread0" daemon [_thread_blocked, id=3676, stack(0x000000001d0b0000,0x000000001d1b0000)]
  0x000000001bb51000 JavaThread "Attach Listener" daemon [_thread_blocked, id=2928, stack(0x000000001cfb0000,0x000000001d0b0000)]
  0x000000001bb4f800 JavaThread "Signal Dispatcher" daemon [_thread_blocked, id=12504, stack(0x000000001ceb0000,0x000000001cfb0000)]
  0x00000000024eb000 JavaThread "Finalizer" daemon [_thread_blocked, id=6484, stack(0x000000001cdb0000,0x000000001ceb0000)]
  0x00000000024e1000 JavaThread "Reference Handler" daemon [_thread_blocked, id=6520, stack(0x000000001ccb0000,0x000000001cdb0000)]
  0x00000000023f4800 JavaThread "Client thread" [_thread_blocked, id=5932, stack(0x00000000022f0000,0x00000000023f0000)]

Other Threads:
=>0x000000001bb17800 VMThread [stack: 0x000000001cbb0000,0x000000001ccb0000] [id=4476]

VM state:at safepoint (shutting down)

VM Mutex/Monitor currently owned by a thread:  ([mutex/lock_event])
[0x00000000023f1750] Threads_lock - owner thread: 0x000000001bb17800

Heap:
 PSYoungGen      total 1268736K, used 263542K [0x000000076af00000, 0x00000007c0000000, 0x00000007c0000000)
  eden space 1197568K, 17% used [0x000000076af00000,0x0000000777dd0420,0x00000007b4080000)
  from space 71168K, 72% used [0x00000007b8b00000,0x00000007bbd8d3e8,0x00000007bd080000)
  to   space 76288K, 0% used [0x00000007b4080000,0x00000007b4080000,0x00000007b8b00000)
 ParOldGen       total 249344K, used 189611K [0x00000006c0c00000, 0x00000006cff80000, 0x000000076af00000)
  object space 249344K, 76% used [0x00000006c0c00000,0x00000006cc52ac30,0x00000006cff80000)
 Metaspace       used 53067K, capacity 53445K, committed 54064K, reserved 1097728K
  class space    used 6459K, capacity 6606K, committed 6704K, reserved 1048576K

Card table byte_map: [0x00000000118b0000,0x00000000120b0000] byte_map_base: 0x000000000e2aa000

Marking Bits: (ParMarkBitMap*) 0x0000000053714040
 Begin Bits: [0x0000000012a10000, 0x00000000169e0000)
 End Bits:   [0x00000000169e0000, 0x000000001a9b0000)

Polling page: 0x0000000000510000

CodeCache: size=245760Kb used=37624Kb max_used=39564Kb free=208135Kb
 bounds [0x00000000024f0000, 0x0000000004c10000, 0x00000000114f0000]
 total_blobs=9341 nmethods=8401 adapters=849
 compilation: enabled

Compilation events (10 events):
Event: 47.019 Thread 0x000000001bb64000 nmethod 12090 0x0000000003e89b90 code [0x0000000003e89d20, 0x0000000003e8a2b8]
Event: 47.019 Thread 0x000000001bb64000 12091       1       org.apache.logging.log4j.core.config.LoggerConfig::getLevel (5 bytes)
Event: 47.019 Thread 0x000000001bb58800 12092       4       java.util.concurrent.ConcurrentHashMap$ValueIterator::next (34 bytes)
Event: 47.019 Thread 0x000000001bb52000 nmethod 12089 0x0000000004908b10 code [0x0000000004908c60, 0x0000000004908db8]
Event: 47.019 Thread 0x000000001bb64000 nmethod 12091 0x000000000271b290 code [0x000000000271b3e0, 0x000000000271b4f0]
Event: 47.019 Thread 0x000000001bb64000 12093       3       java.util.logging.LogManager$LoggerContext::getRootLogger (8 bytes)
Event: 47.020 Thread 0x000000001bb64000 nmethod 12093 0x00000000039d3890 code [0x00000000039d39e0, 0x00000000039d3bf0]
Event: 47.020 Thread 0x000000001bb64000 12094       3       java.util.logging.LogManager$LoggerContext::getGlobalLogger (6 bytes)
Event: 47.020 Thread 0x000000001bb64000 nmethod 12094 0x0000000003a9b950 code [0x0000000003a9baa0, 0x0000000003a9bbf0]
Event: 47.021 Thread 0x000000001bb58800 nmethod 12092 0x0000000003d51b10 code [0x0000000003d51c60, 0x0000000003d51e78]

GC Heap History (10 events):
Event: 18.995 GC heap before
{Heap before GC invocations=20 (full 4):
 PSYoungGen      total 1220096K, used 0K [0x000000076af00000, 0x00000007bc080000, 0x00000007c0000000)
  eden space 1202688K, 0% used [0x000000076af00000,0x000000076af00000,0x00000007b4580000)
  from space 17408K, 0% used [0x00000007b4580000,0x00000007b4580000,0x00000007b5680000)
  to   space 62976K, 0% used [0x00000007b8300000,0x00000007b8300000,0x00000007bc080000)
 ParOldGen       total 249344K, used 142177K [0x00000006c0c00000, 0x00000006cff80000, 0x000000076af00000)
  object space 249344K, 57% used [0x00000006c0c00000,0x00000006c96d85e8,0x00000006cff80000)
 Metaspace       used 44971K, capacity 45443K, committed 45872K, reserved 1089536K
  class space    used 5774K, capacity 5917K, committed 5936K, reserved 1048576K
Event: 18.997 GC heap after
Heap after GC invocations=20 (full 4):
 PSYoungGen      total 1265152K, used 0K [0x000000076af00000, 0x00000007bc180000, 0x00000007c0000000)
  eden space 1202176K, 0% used [0x000000076af00000,0x000000076af00000,0x00000007b4500000)
  from space 62976K, 0% used [0x00000007b8300000,0x00000007b8300000,0x00000007bc080000)
  to   space 63488K, 0% used [0x00000007b4500000,0x00000007b4500000,0x00000007b8300000)
 ParOldGen       total 249344K, used 142177K [0x00000006c0c00000, 0x00000006cff80000, 0x000000076af00000)
  object space 249344K, 57% used [0x00000006c0c00000,0x00000006c96d85e8,0x00000006cff80000)
 Metaspace       used 44971K, capacity 45443K, committed 45872K, reserved 1089536K
  class space    used 5774K, capacity 5917K, committed 5936K, reserved 1048576K
}
Event: 18.997 GC heap before
{Heap before GC invocations=21 (full 5):
 PSYoungGen      total 1265152K, used 0K [0x000000076af00000, 0x00000007bc180000, 0x00000007c0000000)
  eden space 1202176K, 0% used [0x000000076af00000,0x000000076af00000,0x00000007b4500000)
  from space 62976K, 0% used [0x00000007b8300000,0x00000007b8300000,0x00000007bc080000)
  to   space 63488K, 0% used [0x00000007b4500000,0x00000007b4500000,0x00000007b8300000)
 ParOldGen       total 249344K, used 142177K [0x00000006c0c00000, 0x00000006cff80000, 0x000000076af00000)
  object space 249344K, 57% used [0x00000006c0c00000,0x00000006c96d85e8,0x00000006cff80000)
 Metaspace       used 44971K, capacity 45443K, committed 45872K, reserved 1089536K
  class space    used 5774K, capacity 5917K, committed 5936K, reserved 1048576K
Event: 19.087 GC heap after
Heap after GC invocations=21 (full 5):
 PSYoungGen      total 1265152K, used 0K [0x000000076af00000, 0x00000007bc180000, 0x00000007c0000000)
  eden space 1202176K, 0% used [0x000000076af00000,0x000000076af00000,0x00000007b4500000)
  from space 62976K, 0% used [0x00000007b8300000,0x00000007b8300000,0x00000007bc080000)
  to   space 63488K, 0% used [0x00000007b4500000,0x00000007b4500000,0x00000007b8300000)
 ParOldGen       total 249344K, used 142177K [0x00000006c0c00000, 0x00000006cff80000, 0x000000076af00000)
  object space 249344K, 57% used [0x00000006c0c00000,0x00000006c96d85e8,0x00000006cff80000)
 Metaspace       used 44971K, capacity 45443K, committed 45872K, reserved 1089536K
  class space    used 5774K, capacity 5917K, committed 5936K, reserved 1048576K
}
Event: 20.629 GC heap before
{Heap before GC invocations=22 (full 5):
 PSYoungGen      total 1265152K, used 590304K [0x000000076af00000, 0x00000007bc180000, 0x00000007c0000000)
  eden space 1202176K, 49% used [0x000000076af00000,0x000000078ef78210,0x00000007b4500000)
  from space 62976K, 0% used [0x00000007b8300000,0x00000007b8300000,0x00000007bc080000)
  to   space 63488K, 0% used [0x00000007b4500000,0x00000007b4500000,0x00000007b8300000)
 ParOldGen       total 249344K, used 142177K [0x00000006c0c00000, 0x00000006cff80000, 0x000000076af00000)
  object space 249344K, 57% used [0x00000006c0c00000,0x00000006c96d85e8,0x00000006cff80000)
 Metaspace       used 49193K, capacity 49613K, committed 49968K, reserved 1093632K
  class space    used 6225K, capacity 6378K, committed 6448K, reserved 1048576K
Event: 20.646 GC heap after
Heap after GC invocations=22 (full 5):
 PSYoungGen      total 1265664K, used 54187K [0x000000076af00000, 0x00000007bd080000, 0x00000007c0000000)
  eden space 1202176K, 0% used [0x000000076af00000,0x000000076af00000,0x00000007b4500000)
  from space 63488K, 85% used [0x00000007b4500000,0x00000007b79eaf28,0x00000007b8300000)
  to   space 71168K, 0% used [0x00000007b8b00000,0x00000007b8b00000,0x00000007bd080000)
 ParOldGen       total 249344K, used 142185K [0x00000006c0c00000, 0x00000006cff80000, 0x000000076af00000)
  object space 249344K, 57% used [0x00000006c0c00000,0x00000006c96da5e8,0x00000006cff80000)
 Metaspace       used 49193K, capacity 49613K, committed 49968K, reserved 1093632K
  class space    used 6225K, capacity 6378K, committed 6448K, reserved 1048576K
}
Event: 20.646 GC heap before
{Heap before GC invocations=23 (full 6):
 PSYoungGen      total 1265664K, used 54187K [0x000000076af00000, 0x00000007bd080000, 0x00000007c0000000)
  eden space 1202176K, 0% used [0x000000076af00000,0x000000076af00000,0x00000007b4500000)
  from space 63488K, 85% used [0x00000007b4500000,0x00000007b79eaf28,0x00000007b8300000)
  to   space 71168K, 0% used [0x00000007b8b00000,0x00000007b8b00000,0x00000007bd080000)
 ParOldGen       total 249344K, used 142185K [0x00000006c0c00000, 0x00000006cff80000, 0x000000076af00000)
  object space 249344K, 57% used [0x00000006c0c00000,0x00000006c96da5e8,0x00000006cff80000)
 Metaspace       used 49193K, capacity 49613K, committed 49968K, reserved 1093632K
  class space    used 6225K, capacity 6378K, committed 6448K, reserved 1048576K
Event: 21.222 GC heap after
Heap after GC invocations=23 (full 6):
 PSYoungGen      total 1265664K, used 0K [0x000000076af00000, 0x00000007bd080000, 0x00000007c0000000)
  eden space 1202176K, 0% used [0x000000076af00000,0x000000076af00000,0x00000007b4500000)
  from space 63488K, 0% used [0x00000007b4500000,0x00000007b4500000,0x00000007b8300000)
  to   space 71168K, 0% used [0x00000007b8b00000,0x00000007b8b00000,0x00000007bd080000)
 ParOldGen       total 249344K, used 189611K [0x00000006c0c00000, 0x00000006cff80000, 0x000000076af00000)
  object space 249344K, 76% used [0x00000006c0c00000,0x00000006cc52ac30,0x00000006cff80000)
 Metaspace       used 49193K, capacity 49613K, committed 49968K, reserved 1093632K
  class space    used 6225K, capacity 6378K, committed 6448K, reserved 1048576K
}
Event: 39.234 GC heap before
{Heap before GC invocations=24 (full 6):
 PSYoungGen      total 1265664K, used 1202176K [0x000000076af00000, 0x00000007bd080000, 0x00000007c0000000)
  eden space 1202176K, 100% used [0x000000076af00000,0x00000007b4500000,0x00000007b4500000)
  from space 63488K, 0% used [0x00000007b4500000,0x00000007b4500000,0x00000007b8300000)
  to   space 71168K, 0% used [0x00000007b8b00000,0x00000007b8b00000,0x00000007bd080000)
 ParOldGen       total 249344K, used 189611K [0x00000006c0c00000, 0x00000006cff80000, 0x000000076af00000)
  object space 249344K, 76% used [0x00000006c0c00000,0x00000006cc52ac30,0x00000006cff80000)
 Metaspace       used 52724K, capacity 53189K, committed 53808K, reserved 1095680K
  class space    used 6439K, capacity 6606K, committed 6704K, reserved 1048576K
Event: 39.250 GC heap after
Heap after GC invocations=24 (full 6):
 PSYoungGen      total 1268736K, used 51764K [0x000000076af00000, 0x00000007c0000000, 0x00000007c0000000)
  eden space 1197568K, 0% used [0x000000076af00000,0x000000076af00000,0x00000007b4080000)
  from space 71168K, 72% used [0x00000007b8b00000,0x00000007bbd8d3e8,0x00000007bd080000)
  to   space 76288K, 0% used [0x00000007b4080000,0x00000007b4080000,0x00000007b8b00000)
 ParOldGen       total 249344K, used 189611K [0x00000006c0c00000, 0x00000006cff80000, 0x000000076af00000)
  object space 249344K, 76% used [0x00000006c0c00000,0x00000006cc52ac30,0x00000006cff80000)
 Metaspace       used 52724K, capacity 53189K, committed 53808K, reserved 1095680K
  class space    used 6439K, capacity 6606K, committed 6704K, reserved 1048576K
}

Deoptimization events (10 events):
Event: 46.657 Thread 0x0000000025f4f800 Uncommon trap: reason=bimorphic action=maybe_recompile pc=0x00000000042ec550 method=net.minecraft.network.NetworkManager.channelRead0(Lio/netty/channel/ChannelHandlerContext;Lnet/minecraft/network/Packet;)V @ 24
Event: 46.657 Thread 0x0000000025f51800 Uncommon trap: reason=class_check action=maybe_recompile pc=0x00000000042f14d4 method=io.netty.util.concurrent.DefaultPromise.notifyListener0(Lio/netty/util/concurrent/Future;Lio/netty/util/concurrent/GenericFutureListener;)V @ 2
Event: 46.657 Thread 0x0000000025f4f800 Uncommon trap: reason=unstable_if action=reinterpret pc=0x00000000040e3594 method=io.netty.channel.local.LocalChannel.isActive()Z @ 5
Event: 46.657 Thread 0x0000000025f4f800 Uncommon trap: reason=unstable_if action=reinterpret pc=0x00000000026ec854 method=io.netty.channel.local.LocalChannel.isOpen()Z @ 5
Event: 46.657 Thread 0x0000000025f4f800 Uncommon trap: reason=unstable_if action=reinterpret pc=0x00000000048d1d40 method=io.netty.channel.local.LocalChannel.isActive()Z @ 5
Event: 46.695 Thread 0x0000000025f54000 Uncommon trap: reason=class_check action=maybe_recompile pc=0x0000000002f4e65c method=java.util.concurrent.ConcurrentHashMap.putVal(Ljava/lang/Object;Ljava/lang/Object;Z)Ljava/lang/Object; @ 192
Event: 46.695 Thread 0x0000000025f54000 Uncommon trap: reason=class_check action=maybe_recompile pc=0x0000000002f4e65c method=java.util.concurrent.ConcurrentHashMap.putVal(Ljava/lang/Object;Ljava/lang/Object;Z)Ljava/lang/Object; @ 192
Event: 46.695 Thread 0x0000000025f54000 Uncommon trap: reason=class_check action=maybe_recompile pc=0x0000000002f4e65c method=java.util.concurrent.ConcurrentHashMap.putVal(Ljava/lang/Object;Ljava/lang/Object;Z)Ljava/lang/Object; @ 192
Event: 46.695 Thread 0x0000000025f54000 Uncommon trap: reason=class_check action=maybe_recompile pc=0x0000000002f4e65c method=java.util.concurrent.ConcurrentHashMap.putVal(Ljava/lang/Object;Ljava/lang/Object;Z)Ljava/lang/Object; @ 192
Event: 47.017 Thread 0x00000000023f4800 Uncommon trap: reason=unstable_if action=reinterpret pc=0x0000000002ae9614 method=cpw.mods.fml.relauncher.FMLSecurityManager.checkPermission(Ljava/security/Permission;)V @ 23

Internal exceptions (10 events):
Event: 46.484 Thread 0x0000000025f52800 Exception <a 'java/lang/InterruptedException': sleep interrupted> (0x000000076d1f2c00) thrown at [C:\re\workspace\8-2-build-windows-amd64-cygwin\jdk8u45\3627\hotspot\src\share\vm\prims\jvm.cpp, line 3211]
Event: 46.497 Thread 0x0000000025f52800 Exception <a 'java/lang/InterruptedException': sleep interrupted> (0x000000076d1f2e50) thrown at [C:\re\workspace\8-2-build-windows-amd64-cygwin\jdk8u45\3627\hotspot\src\share\vm\prims\jvm.cpp, line 3211]
Event: 46.514 Thread 0x0000000025f52800 Exception <a 'java/lang/InterruptedException': sleep interrupted> (0x000000076d1f30a0) thrown at [C:\re\workspace\8-2-build-windows-amd64-cygwin\jdk8u45\3627\hotspot\src\share\vm\prims\jvm.cpp, line 3211]
Event: 46.532 Thread 0x0000000025f52800 Exception <a 'java/lang/InterruptedException': sleep interrupted> (0x000000076d1f32f0) thrown at [C:\re\workspace\8-2-build-windows-amd64-cygwin\jdk8u45\3627\hotspot\src\share\vm\prims\jvm.cpp, line 3211]
Event: 46.547 Thread 0x0000000025f52800 Exception <a 'java/lang/InterruptedException': sleep interrupted> (0x000000076d1f3540) thrown at [C:\re\workspace\8-2-build-windows-amd64-cygwin\jdk8u45\3627\hotspot\src\share\vm\prims\jvm.cpp, line 3211]
Event: 46.564 Thread 0x0000000025f52800 Exception <a 'java/lang/InterruptedException': sleep interrupted> (0x000000076d1f3790) thrown at [C:\re\workspace\8-2-build-windows-amd64-cygwin\jdk8u45\3627\hotspot\src\share\vm\prims\jvm.cpp, line 3211]
Event: 46.591 Thread 0x0000000025f52800 Exception <a 'java/lang/InterruptedException': sleep interrupted> (0x000000076d1f39e0) thrown at [C:\re\workspace\8-2-build-windows-amd64-cygwin\jdk8u45\3627\hotspot\src\share\vm\prims\jvm.cpp, line 3211]
Event: 46.614 Thread 0x0000000025f52800 Exception <a 'java/lang/InterruptedException': sleep interrupted> (0x000000076d1f3c30) thrown at [C:\re\workspace\8-2-build-windows-amd64-cygwin\jdk8u45\3627\hotspot\src\share\vm\prims\jvm.cpp, line 3211]
Event: 46.614 Thread 0x0000000025f52800 Exception <a 'java/lang/InterruptedException': sleep interrupted> (0x000000076d1f3e80) thrown at [C:\re\workspace\8-2-build-windows-amd64-cygwin\jdk8u45\3627\hotspot\src\share\vm\prims\jvm.cpp, line 3163]
Event: 46.632 Thread 0x0000000025f52800 Exception <a 'java/lang/InterruptedException': sleep interrupted> (0x000000076d1f4080) thrown at [C:\re\workspace\8-2-build-windows-amd64-cygwin\jdk8u45\3627\hotspot\src\share\vm\prims\jvm.cpp, line 3211]

Events (10 events):
Event: 47.018 loading class javax/servlet/ServletContext done
Event: 47.018 loading class sun/java2d/pipe/hw/AccelDeviceEventNotifier done
Event: 47.019 loading class javax/servlet/ServletContext
Event: 47.019 loading class javax/servlet/ServletContext done
Event: 47.019 Thread 0x0000000025524000 Thread exited: 0x0000000025524000
Event: 47.020 Thread 0x0000000025525000 Thread exited: 0x0000000025525000
Event: 47.022 Thread 0x000000002551d800 Thread exited: 0x000000002551d800
Event: 47.051 Thread 0x000000001e2a9800 Thread exited: 0x000000001e2a9800
Event: 47.119 Thread 0x0000000025522000 Thread exited: 0x0000000025522000
Event: 47.119 Executing VM operation: Exit


Dynamic libraries:
0x00007ff75e230000 - 0x00007ff75e267000 	C:\Program Files\Java\jre1.8.0_45\bin\javaw.exe
0x00007ffe04fc0000 - 0x00007ffe05181000 	C:\WINDOWS\SYSTEM32\ntdll.dll
0x00007ffe02800000 - 0x00007ffe028ad000 	C:\WINDOWS\system32\KERNEL32.DLL
0x00007ffe01670000 - 0x00007ffe01858000 	C:\WINDOWS\system32\KERNELBASE.dll
0x00007ffe04b20000 - 0x00007ffe04bc7000 	C:\WINDOWS\system32\ADVAPI32.dll
0x00007ffe04f20000 - 0x00007ffe04fbd000 	C:\WINDOWS\system32\msvcrt.dll
0x00007ffe04e80000 - 0x00007ffe04edb000 	C:\WINDOWS\system32\sechost.dll
0x00007ffe04d60000 - 0x00007ffe04e7c000 	C:\WINDOWS\system32\RPCRT4.dll
0x00007ffe04740000 - 0x00007ffe04896000 	C:\WINDOWS\system32\USER32.dll
0x00007ffe04bd0000 - 0x00007ffe04d56000 	C:\WINDOWS\system32\GDI32.dll
0x00007ffdf44c0000 - 0x00007ffdf4734000 	C:\WINDOWS\WinSxS\amd64_microsoft.windows.common-controls_6595b64144ccf1df_6.0.10586.0_none_8c15ae12515e1c22\COMCTL32.dll
0x00007ffe029a0000 - 0x00007ffe02c1d000 	C:\WINDOWS\system32\combase.dll
0x00007ffe02350000 - 0x00007ffe023ba000 	C:\WINDOWS\system32\bcryptPrimitives.dll
0x00007ffe04ee0000 - 0x00007ffe04f1b000 	C:\WINDOWS\system32\IMM32.DLL
0x0000000052d60000 - 0x0000000052e32000 	C:\Program Files\Java\jre1.8.0_45\bin\msvcr100.dll
0x0000000052f10000 - 0x0000000053793000 	C:\Program Files\Java\jre1.8.0_45\bin\server\jvm.dll
0x00007ffe02c30000 - 0x00007ffe02c38000 	C:\WINDOWS\system32\PSAPI.DLL
0x00007ffdfe750000 - 0x00007ffdfe759000 	C:\WINDOWS\SYSTEM32\WSOCK32.dll
0x00007ffdfcbd0000 - 0x00007ffdfcbda000 	C:\WINDOWS\SYSTEM32\VERSION.dll
0x00007ffdffce0000 - 0x00007ffdffd03000 	C:\WINDOWS\SYSTEM32\WINMM.dll
0x00007ffe03000000 - 0x00007ffe0306b000 	C:\WINDOWS\system32\WS2_32.dll
0x00007ffdffba0000 - 0x00007ffdffbcc000 	C:\WINDOWS\SYSTEM32\WINMMBASE.dll
0x00007ffe01ae0000 - 0x00007ffe01b23000 	C:\WINDOWS\system32\cfgmgr32.dll
0x0000000052f00000 - 0x0000000052f0f000 	C:\Program Files\Java\jre1.8.0_45\bin\verify.dll
0x0000000052ed0000 - 0x0000000052ef9000 	C:\Program Files\Java\jre1.8.0_45\bin\java.dll
0x0000000052eb0000 - 0x0000000052ec6000 	C:\Program Files\Java\jre1.8.0_45\bin\zip.dll
0x00007ffe030d0000 - 0x00007ffe0462c000 	C:\WINDOWS\system32\SHELL32.dll
0x00007ffe01b30000 - 0x00007ffe02175000 	C:\WINDOWS\system32\windows.storage.dll
0x00007ffe03070000 - 0x00007ffe030c2000 	C:\WINDOWS\system32\shlwapi.dll
0x00007ffe01660000 - 0x00007ffe0166f000 	C:\WINDOWS\system32\kernel.appcore.dll
0x00007ffe01990000 - 0x00007ffe01a45000 	C:\WINDOWS\system32\shcore.dll
0x00007ffe01610000 - 0x00007ffe0165b000 	C:\WINDOWS\system32\powrprof.dll
0x00007ffe015f0000 - 0x00007ffe01604000 	C:\WINDOWS\system32\profapi.dll
0x0000000052d50000 - 0x0000000052d5d000 	C:\Program Files\Java\jre1.8.0_45\bin\management.dll
0x0000000052e90000 - 0x0000000052eaa000 	C:\Program Files\Java\jre1.8.0_45\bin\net.dll
0x00007ffe00eb0000 - 0x00007ffe00f0c000 	C:\WINDOWS\system32\mswsock.dll
0x0000000052e70000 - 0x0000000052e81000 	C:\Program Files\Java\jre1.8.0_45\bin\nio.dll
0x00007ffdf6450000 - 0x00007ffdf6466000 	C:\WINDOWS\system32\napinsp.dll
0x00007ffdf6470000 - 0x00007ffdf648a000 	C:\WINDOWS\system32\pnrpnsp.dll
0x00007ffdfd600000 - 0x00007ffdfd618000 	C:\WINDOWS\system32\NLAapi.dll
0x00007ffdfff60000 - 0x00007ffe0000a000 	C:\WINDOWS\SYSTEM32\DNSAPI.dll
0x00007ffe023c0000 - 0x00007ffe023c8000 	C:\WINDOWS\system32\NSI.dll
0x00007ffdf66b0000 - 0x00007ffdf66bd000 	C:\WINDOWS\System32\winrnr.dll
0x00007ffdfb9d0000 - 0x00007ffdfb9da000 	C:\Windows\System32\rasadhlp.dll
0x00007ffdfe070000 - 0x00007ffdfe0a8000 	C:\WINDOWS\SYSTEM32\IPHLPAPI.DLL
0x00007ffdfbf20000 - 0x00007ffdfbf87000 	C:\WINDOWS\System32\fwpuclnt.dll
0x00007ffe01510000 - 0x00007ffe01539000 	C:\WINDOWS\SYSTEM32\bcrypt.dll
0x0000000052bb0000 - 0x0000000052d48000 	C:\Program Files\Java\jre1.8.0_45\bin\awt.dll
0x00007ffe028b0000 - 0x00007ffe02971000 	C:\WINDOWS\system32\OLEAUT32.dll
0x00007ffdffdd0000 - 0x00007ffdffe49000 	C:\WINDOWS\system32\apphelp.dll
0x00007ffe00010000 - 0x00007ffe000a6000 	C:\WINDOWS\system32\uxtheme.dll
0x00007ffe02ea0000 - 0x00007ffe02ffa000 	C:\WINDOWS\system32\MSCTF.dll
0x00007ffdebb30000 - 0x00007ffdebb58000 	C:\Program Files (x86)\Raptr\ltc_help64-106568.dll
0x00007ffe01910000 - 0x00007ffe01965000 	C:\WINDOWS\system32\WINTRUST.dll
0x00007ffe015e0000 - 0x00007ffe015f0000 	C:\WINDOWS\system32\MSASN1.dll
0x00007ffe02180000 - 0x00007ffe02347000 	C:\WINDOWS\system32\CRYPT32.dll
0x00007ffdf7ae0000 - 0x00007ffdf7b29000 	F:\Applications\TeamViewer\tv_x64.dll
0x00007ffe049d0000 - 0x00007ffe04b13000 	C:\WINDOWS\system32\ole32.dll
0x00007ffdfea30000 - 0x00007ffdfea52000 	C:\WINDOWS\system32\dwmapi.dll
0x0000000052b60000 - 0x0000000052ba7000 	C:\Program Files\Java\jre1.8.0_45\bin\fontmanager.dll
0x00007ffddb700000 - 0x00007ffddb910000 	C:\WINDOWS\system32\d3d9.dll
0x0000000052b10000 - 0x0000000052b51000 	C:\Program Files\Java\jre1.8.0_45\bin\t2k.dll
0x0000000180000000 - 0x0000000180051000 	C:\Users\Matt\.gradle\caches\minecraft\net\minecraft\minecraft_natives\1.7.10\lwjgl64.dll
0x00007ffde9fd0000 - 0x00007ffdea0f9000 	C:\WINDOWS\SYSTEM32\OPENGL32.dll
0x00007ffdebc80000 - 0x00007ffdebcae000 	C:\WINDOWS\SYSTEM32\GLU32.dll
0x00007ffde0e80000 - 0x00007ffde0f7a000 	C:\WINDOWS\SYSTEM32\DDRAW.dll
0x00007ffdf7a80000 - 0x00007ffdf7a88000 	C:\WINDOWS\SYSTEM32\DCIMAN32.dll
0x00007ffe00f60000 - 0x00007ffe00f77000 	C:\WINDOWS\SYSTEM32\CRYPTSP.dll
0x00007ffe00bf0000 - 0x00007ffe00c24000 	C:\WINDOWS\system32\rsaenh.dll
0x00007ffe00d40000 - 0x00007ffe00d5f000 	C:\WINDOWS\SYSTEM32\USERENV.dll
0x00007ffe01080000 - 0x00007ffe0108b000 	C:\WINDOWS\SYSTEM32\CRYPTBASE.dll
0x00007ffdfda30000 - 0x00007ffdfda46000 	C:\WINDOWS\SYSTEM32\dhcpcsvc6.DLL
0x00007ffdfd990000 - 0x00007ffdfd9aa000 	C:\WINDOWS\SYSTEM32\dhcpcsvc.DLL
0x00007ffdf5650000 - 0x00007ffdf5668000 	C:\WINDOWS\SYSTEM32\atig6pxx.dll
0x0000000050d10000 - 0x0000000052b10000 	C:\WINDOWS\SYSTEM32\atio6axx.dll
0x00007ffe023d0000 - 0x00007ffe027f9000 	C:\WINDOWS\system32\SETUPAPI.dll
0x00007ffddce30000 - 0x00007ffddcf71000 	C:\WINDOWS\SYSTEM32\atiadlxx.dll
0x00007ffdff590000 - 0x00007ffdff5a3000 	C:\WINDOWS\SYSTEM32\WTSAPI32.dll
0x00007ffdff3d0000 - 0x00007ffdff556000 	C:\WINDOWS\SYSTEM32\PROPSYS.dll
0x00007ffe000b0000 - 0x00007ffe000d7000 	C:\WINDOWS\SYSTEM32\DEVOBJ.dll
0x00007ffde9f30000 - 0x00007ffde9f5c000 	C:\WINDOWS\SYSTEM32\atig6txx.dll
0x00007ffde0bb0000 - 0x00007ffde0c41000 	C:\WINDOWS\SYSTEM32\mscms.dll
0x00007ffde9ee0000 - 0x00007ffde9f22000 	C:\WINDOWS\SYSTEM32\icm32.dll
0x0000000070a40000 - 0x0000000070adc000 	C:\Users\Matt\.gradle\caches\minecraft\net\minecraft\minecraft_natives\1.7.10\avutil-ttv-51.dll
0x0000000065980000 - 0x00000000659d6000 	C:\Users\Matt\.gradle\caches\minecraft\net\minecraft\minecraft_natives\1.7.10\swresample-ttv-0.dll
0x000000006eb80000 - 0x000000006ec50000 	C:\Users\Matt\.gradle\caches\minecraft\net\minecraft\minecraft_natives\1.7.10\libmp3lame-ttv.dll
0x00007ffdcf080000 - 0x00007ffdd0424000 	C:\Users\Matt\.gradle\caches\minecraft\net\minecraft\minecraft_natives\1.7.10\libmfxsw64.dll
0x00007ffde9ad0000 - 0x00007ffde9bfb000 	C:\Users\Matt\.gradle\caches\minecraft\net\minecraft\minecraft_natives\1.7.10\twitchsdk.dll
0x00007ffdf0ca0000 - 0x00007ffdf0f49000 	C:\WINDOWS\SYSTEM32\WININET.dll
0x0000000052e40000 - 0x0000000052e64000 	C:\Program Files\Java\jre1.8.0_45\bin\sunec.dll
0x00007ffe02980000 - 0x00007ffe0299c000 	C:\WINDOWS\system32\imagehlp.dll
0x00007ffe005d0000 - 0x00007ffe005f4000 	C:\WINDOWS\SYSTEM32\gpapi.dll
0x00007ffdf8df0000 - 0x00007ffdf8e1f000 	C:\Windows\System32\cryptnet.dll
0x00007ffdfddd0000 - 0x00007ffdfdddb000 	C:\WINDOWS\SYSTEM32\WINNSI.DLL
0x00007ffde5cf0000 - 0x00007ffde5f38000 	C:\PROGRA~2\Raptr\ltc_game64-106568.dll
0x00000000286e0000 - 0x0000000028744000 	C:\Users\Matt\.gradle\caches\minecraft\net\minecraft\minecraft_natives\1.7.10\OpenAL64.dll
0x00007ffe02df0000 - 0x00007ffe02e97000 	C:\WINDOWS\system32\clbcatq.dll
0x00007ffdfca90000 - 0x00007ffdfcb00000 	C:\WINDOWS\System32\MMDevApi.dll
0x00007ffde44c0000 - 0x00007ffde455c000 	C:\WINDOWS\SYSTEM32\dsound.dll
0x00007ffde4650000 - 0x00007ffde46d8000 	C:\WINDOWS\SYSTEM32\AUDIOSES.DLL
0x00007ffdfa640000 - 0x00007ffdfa776000 	C:\WINDOWS\SYSTEM32\wintypes.dll
0x00007ffdfce90000 - 0x00007ffdfd01c000 	C:\WINDOWS\SYSTEM32\dbghelp.dll

VM Arguments:
jvm_args: -Dfile.encoding=Cp1252 
java_command: GradleStart
java_class_path (initial): F:\Minecraft Mods\Armerger\bin;C:\Users\Matt\.gradle\caches\minecraft\net\minecraftforge\forge\1.7.10-10.13.4.1481-1.7.10\forgeSrc-1.7.10-10.13.4.1481-1.7.10.jar;C:\Users\Matt\.gradle\caches\modules-2\files-2.1\net.minecraft\launchwrapper\1.12\111e7bea9c968cdb3d06ef4632bf7ff0824d0f36\launchwrapper-1.12.jar;C:\Users\Matt\.gradle\caches\modules-2\files-2.1\com.google.code.findbugs\jsr305\1.3.9\40719ea6961c0cb6afaeb6a921eaa1f6afd4cfdf\jsr305-1.3.9.jar;C:\Users\Matt\.gradle\caches\modules-2\files-2.1\org.ow2.asm\asm-debug-all\5.0.3\f9e364ae2a66ce2a543012a4668856e84e5dab74\asm-debug-all-5.0.3.jar;C:\Users\Matt\.gradle\caches\modules-2\files-2.1\com.typesafe.akka\akka-actor_2.11\2.3.3\ed62e9fc709ca0f2ff1a3220daa8b70a2870078e\akka-actor_2.11-2.3.3.jar;C:\Users\Matt\.gradle\caches\modules-2\files-2.1\com.typesafe\config\1.2.1\f771f71fdae3df231bcd54d5ca2d57f0bf93f467\config-1.2.1.jar;C:\Users\Matt\.gradle\caches\modules-2\files-2.1\org.scala-lang\scala-actors-migration_2.11\1.1.0\dfa8bc42b181d5b9f1a5dd147f8ae308b893eb6f\scala-actors-migration_2.11-1.1.0.jar;C:\Users\Matt\.gradle\caches\modules-2\files-2.1\org.scala-lang\scala-compiler\2.11.1\56ea2e6c025e0821f28d73ca271218b8dd04926a\scala-compiler-2.11.1.jar;C:\Users\Matt\.gradle\caches\modules-2\files-2.1\org.scala-lang.plugins\scala-continuations-library_2.11\1.0.2\e517c53a7e9acd6b1668c5a35eccbaa3bab9aac\scala-continuations-library_2.11-1.0.2.jar;C:\Users\Matt\.gradle\caches\modules-2\files-2.1\org.scala-lang.plugins\scala-continuations-plugin_2.11.1\1.0.2\f361a3283452c57fa30c1ee69448995de23c60f7\scala-continuations-plugin_2.11.1-1.0.2.jar;C:\Users\Matt\.gradle\caches\modules-2\files-2.1\org.scala-lang\scala-library\2.11.1\e11da23da3eabab9f4777b9220e60d44c1aab6a\scala-library-2.11.1.jar;C:\Users\Matt\.gradle\caches\modules-2\files-2.1\org.scala-lang\scala-parser-combinators_2.11\1.0.1\f05d7345bf5a58924f2837c6c1f4d73a938e1ff0\scala-parser-combinators_2.11-1.0.1.jar;C:\Users\Matt\.gradle\caches\mo
Launcher Type: SUN_STANDARD

Environment Variables:
JAVA_HOME=C:\Program Files\Java\jdk1.8.0_45
PATH=C:/Program Files/Java/jre1.8.0_45/bin/server;C:/Program Files/Java/jre1.8.0_45/bin;C:/Program Files/Java/jre1.8.0_45/lib/amd64;C:\ProgramData\Oracle\Java\javapath;C:\WINDOWS\system32;C:\WINDOWS;C:\WINDOWS\System32\Wbem;C:\WINDOWS\System32\WindowsPowerShell\v1.0\;C:\Program Files (x86)\ATI Technologies\ATI.ACE\Core-Static;C:\Program Files\Microsoft\Web Platform Installer\;C:\Program Files (x86)\Microsoft ASP.NET\ASP.NET Web Pages\v1.0\;C:\Program Files (x86)\Windows Kits\8.0\Windows Performance Toolkit\;C:\Program Files\Microsoft SQL Server\110\Tools\Binn\;F:\Applications\TortoiseSVN\bin;C:\Program Files (x86)\AMD\ATI.ACE\Core-Static;C:\Program Files (x86)\Skype\Phone\;C:\Program Files\nodejs\;C:\Program Files\Java\jdk1.8.0_45\bin;C:\Users\Matt\AppData\Roaming\npm;F:\Applications\Eclipse\eclipse;
USERNAME=Matt
OS=Windows_NT
PROCESSOR_IDENTIFIER=Intel64 Family 6 Model 60 Stepping 3, GenuineIntel



---------------  S Y S T E M  ---------------

OS: Windows 10.0 , 64 bit Build 10586 (10.0.10586.0)

CPU:total 4 (4 cores per cpu, 1 threads per core) family 6 model 60 stepping 3, cmov, cx8, fxsr, mmx, sse, sse2, sse3, ssse3, sse4.1, sse4.2, popcnt, avx, avx2, aes, clmul, erms, lzcnt, tsc, tscinvbit, bmi1, bmi2

Memory: 4k page, physical 16723940k(8715836k free), swap 19214308k(8453028k free)

vm_info: Java HotSpot(TM) 64-Bit Server VM (25.45-b02) for windows-amd64 JRE (1.8.0_45-b15), built on Apr 30 2015 12:40:44 by "java_re" with MS VC++ 10.0 (VS2010)

time: Tue Feb 16 23:05:25 2016
elapsed time: 47 seconds (0d 0h 0m 47s)

