#
# A fatal error has been detected by the Java Runtime Environment:
#
#  EXCEPTION_ACCESS_VIOLATION (0xc0000005) at pc=0x00007ffdea1f2224, pid=12376, tid=10112
#
# JRE version: Java(TM) SE Runtime Environment (8.0_45-b15) (build 1.8.0_45-b15)
# Java VM: Java HotSpot(TM) 64-Bit Server VM (25.45-b02 mixed mode windows-amd64 compressed oops)
# Problematic frame:
# C  [OPENGL32.dll+0xe2224]
#
# Failed to write core dump. Minidumps are not enabled by default on client versions of Windows
#
# If you would like to submit a bug report, please visit:
#   http://bugreport.java.com/bugreport/crash.jsp
#

---------------  T H R E A D  ---------------

Current thread (0x000000001bb86800):  VMThread [stack: 0x000000001cc30000,0x000000001cd30000] [id=10112]

siginfo: ExceptionCode=0xc0000005, reading address 0x0000000000000a38

Registers:
RAX=0x0000000000000000, RBX=0x000000002f853fa0, RCX=0x0000000000000001, RDX=0x000000002f853fa8
RSP=0x000000001cd2ef88, RBP=0x0000000000000000, RSI=0x000000002f855f90, RDI=0x000000002f855f90
R8 =0x000000001cd2f008, R9 =0x000000001ba95400, R10=0x0000000000000000, R11=0x0000000000000246
R12=0x0000000000000000, R13=0x00000000314f8cc0, R14=0x00000000314f8b70, R15=0x0000000000000000
RIP=0x00007ffdea1f2224, EFLAGS=0x0000000000010283

Top of Stack: (sp=0x000000001cd2ef88)
0x000000001cd2ef88:   00007ffde55b244b 00000000314f8cc0
0x000000001cd2ef98:   0000000000000001 00000000314f0000
0x000000001cd2efa8:   00007ffe04fe0a19 0000000000000000
0x000000001cd2efb8:   00007ffde55b7f17 0000000000000000
0x000000001cd2efc8:   0000000000000000 00000000314f8ca0
0x000000001cd2efd8:   00007ffde55b7283 fffffffffffffffe
0x000000001cd2efe8:   000000001cd2f050 0000000000000000
0x000000001cd2eff8:   00007ffde55b87c9 000000002f855f90
0x000000001cd2f008:   000000002f8580a0 000000001ba95400
0x000000001cd2f018:   00007ffde5635700 fffffffffffffffe
0x000000001cd2f028:   00000000314fb1c0 0000000000000001
0x000000001cd2f038:   00000000314f8c98 00000000314f8b70
0x000000001cd2f048:   00007ffde563d7ad 00007ffde57765b0
0x000000001cd2f058:   00007ffde56a1930 000000001ba95400
0x000000001cd2f068:   0000000000000036 00000000314f8c98
0x000000001cd2f078:   00000000314f8b70 00000000314f8b70 

Instructions: (pc=0x00007ffdea1f2224)
0x00007ffdea1f2204:   cc cc cc cc cc cc 66 0f 1f 44 00 00 8b 05 f2 7d
0x00007ffdea1f2214:   01 00 83 f8 40 73 0f 65 48 8b 04 c5 80 14 00 00
0x00007ffdea1f2224:   ff a0 38 0a 00 00 b8 47 01 00 00 e9 ec d4 ff ff
0x00007ffdea1f2234:   cc cc cc cc cc cc 66 0f 1f 44 00 00 8b 05 c2 7d 


Register to memory mapping:

RAX=0x0000000000000000 is an unknown value
RBX=0x000000002f853fa0 is an unknown value
RCX=0x0000000000000001 is an unknown value
RDX=0x000000002f853fa8 is an unknown value
RSP=0x000000001cd2ef88 is an unknown value
RBP=0x0000000000000000 is an unknown value
RSI=0x000000002f855f90 is an unknown value
RDI=0x000000002f855f90 is an unknown value
R8 =0x000000001cd2f008 is an unknown value
R9 =0x000000001ba95400 is an unknown value
R10=0x0000000000000000 is an unknown value
R11=0x0000000000000246 is an unknown value
R12=0x0000000000000000 is an unknown value
R13=0x00000000314f8cc0 is an unknown value
R14=0x00000000314f8b70 is an unknown value
R15=0x0000000000000000 is an unknown value


Stack: [0x000000001cc30000,0x000000001cd30000],  sp=0x000000001cd2ef88,  free space=1019k
Native frames: (J=compiled Java code, j=interpreted, Vv=VM code, C=native code)

VM_Operation (0x000000000245e600): Exit, mode: safepoint, requested by thread 0x0000000002464800


---------------  P R O C E S S  ---------------

Java Threads: ( => current thread )
  0x0000000027f21000 JavaThread "AWT-Shutdown" [_thread_blocked, id=14664, stack(0x000000003fd40000,0x000000003fe40000)]
  0x0000000027f20000 JavaThread "File IO Thread" [_thread_blocked, id=2152, stack(0x000000003f740000,0x000000003f840000)]
  0x0000000027f24000 JavaThread "pool-2-thread-1" [_thread_blocked, id=5788, stack(0x000000003b470000,0x000000003b570000)]
  0x0000000027f1d000 JavaThread "Netty IO #1" daemon [_thread_in_native, id=13248, stack(0x000000003b270000,0x000000003b370000)]
  0x00000000286fa000 JavaThread "Netty Client IO #0" daemon [_thread_in_native, id=11248, stack(0x000000003b170000,0x000000003b270000)]
  0x00000000286f7000 JavaThread "Netty IO #0" daemon [_thread_in_native, id=4788, stack(0x000000003b070000,0x000000003b170000)]
  0x0000000026878000 JavaThread "Keep-Alive-Timer" daemon [_thread_blocked, id=9364, stack(0x0000000031920000,0x0000000031a20000)]
  0x00000000269b4800 JavaThread "LWJGL Timer" daemon [_thread_blocked, id=2224, stack(0x0000000031620000,0x0000000031720000)]
  0x000000001ed62800 JavaThread "Timer hack thread" daemon [_thread_blocked, id=10564, stack(0x0000000028dc0000,0x0000000028ec0000)]
  0x000000001da7f000 JavaThread "Snooper Timer" daemon [_thread_blocked, id=11716, stack(0x0000000028ac0000,0x0000000028bc0000)]
  0x000000001e5ff800 JavaThread "Java2D Disposer" daemon [_thread_blocked, id=9204, stack(0x0000000020240000,0x0000000020340000)]
  0x000000001d45c800 JavaThread "Service Thread" daemon [_thread_blocked, id=6868, stack(0x000000001d830000,0x000000001d930000)]
  0x000000001bbce000 JavaThread "C1 CompilerThread2" daemon [_thread_blocked, id=10400, stack(0x000000001d330000,0x000000001d430000)]
  0x000000001bbc7800 JavaThread "C2 CompilerThread1" daemon [_thread_blocked, id=2384, stack(0x000000001d230000,0x000000001d330000)]
  0x000000001bbc5000 JavaThread "C2 CompilerThread0" daemon [_thread_blocked, id=5648, stack(0x000000001d130000,0x000000001d230000)]
  0x000000001bbc1800 JavaThread "Attach Listener" daemon [_thread_blocked, id=5936, stack(0x000000001d030000,0x000000001d130000)]
  0x000000001bbc0800 JavaThread "Signal Dispatcher" daemon [_thread_blocked, id=12868, stack(0x000000001cf30000,0x000000001d030000)]
  0x000000000255c000 JavaThread "Finalizer" daemon [_thread_blocked, id=5444, stack(0x000000001ce30000,0x000000001cf30000)]
  0x0000000002553000 JavaThread "Reference Handler" daemon [_thread_blocked, id=11188, stack(0x000000001cd30000,0x000000001ce30000)]
  0x0000000002464800 JavaThread "Client thread" [_thread_blocked, id=11244, stack(0x0000000002360000,0x0000000002460000)]

Other Threads:
=>0x000000001bb86800 VMThread [stack: 0x000000001cc30000,0x000000001cd30000] [id=10112]

VM state:at safepoint (shutting down)

VM Mutex/Monitor currently owned by a thread:  ([mutex/lock_event])
[0x00000000024616d0] Threads_lock - owner thread: 0x000000001bb86800

Heap:
 PSYoungGen      total 822784K, used 37989K [0x000000076af00000, 0x00000007a2780000, 0x00000007c0000000)
  eden space 740352K, 5% used [0x000000076af00000,0x000000076d4197b0,0x0000000798200000)
  from space 82432K, 0% used [0x000000079d400000,0x000000079d400000,0x00000007a2480000)
  to   space 83968K, 0% used [0x0000000798200000,0x0000000798200000,0x000000079d400000)
 ParOldGen       total 290304K, used 230281K [0x00000006c0c00000, 0x00000006d2780000, 0x000000076af00000)
  object space 290304K, 79% used [0x00000006c0c00000,0x00000006cece2790,0x00000006d2780000)
 Metaspace       used 52171K, capacity 52581K, committed 52912K, reserved 1095680K
  class space    used 6424K, capacity 6574K, committed 6576K, reserved 1048576K

Card table byte_map: [0x0000000011920000,0x0000000012120000] byte_map_base: 0x000000000e31a000

Marking Bits: (ParMarkBitMap*) 0x0000000053714040
 Begin Bits: [0x0000000012a80000, 0x0000000016a50000)
 End Bits:   [0x0000000016a50000, 0x000000001aa20000)

Polling page: 0x0000000000940000

CodeCache: size=245760Kb used=33564Kb max_used=33585Kb free=212196Kb
 bounds [0x0000000002560000, 0x00000000046f0000, 0x0000000011560000]
 total_blobs=8682 nmethods=7746 adapters=846
 compilation: enabled

Compilation events (10 events):
Event: 41.456 Thread 0x000000001bbce000 nmethod 10849 0x0000000003f5d490 code [0x0000000003f5d620, 0x0000000003f5dbb8]
Event: 41.456 Thread 0x000000001bbce000 10850       1       org.apache.logging.log4j.core.config.LoggerConfig::getLevel (5 bytes)
Event: 41.457 Thread 0x000000001bbce000 nmethod 10850 0x0000000003fe93d0 code [0x0000000003fe9520, 0x0000000003fe9630]
Event: 41.457 Thread 0x000000001bbc7800 10851       4       java.util.concurrent.ConcurrentHashMap$ValueIterator::next (34 bytes)
Event: 41.461 Thread 0x000000001bbc7800 nmethod 10851 0x0000000003f95210 code [0x0000000003f95360, 0x0000000003f95578]
Event: 41.469 Thread 0x000000001bbce000 10852       3       java.util.logging.LogManager$LoggerContext::getRootLogger (8 bytes)
Event: 41.469 Thread 0x000000001bbce000 nmethod 10852 0x0000000002fbea10 code [0x0000000002fbeb60, 0x0000000002fbed70]
Event: 41.469 Thread 0x000000001bbce000 10853       3       java.util.logging.LogManager$LoggerContext::getGlobalLogger (6 bytes)
Event: 41.469 Thread 0x000000001bbce000 nmethod 10853 0x0000000003fe90d0 code [0x0000000003fe9220, 0x0000000003fe9370]
Event: 41.509 Thread 0x000000001bbc5000 nmethod 10848 0x0000000003f4fd50 code [0x0000000003f4ffa0, 0x0000000003f52728]

GC Heap History (10 events):
Event: 24.414 GC heap before
{Heap before GC invocations=23 (full 5):
 PSYoungGen      total 817664K, used 0K [0x000000076af00000, 0x00000007a1b80000, 0x00000007c0000000)
  eden space 740864K, 0% used [0x000000076af00000,0x000000076af00000,0x0000000798280000)
  from space 76800K, 0% used [0x000000079ce80000,0x000000079ce80000,0x00000007a1980000)
  to   space 77824K, 0% used [0x0000000798280000,0x0000000798280000,0x000000079ce80000)
 ParOldGen       total 290304K, used 138689K [0x00000006c0c00000, 0x00000006d2780000, 0x000000076af00000)
  object space 290304K, 47% used [0x00000006c0c00000,0x00000006c93706e8,0x00000006d2780000)
 Metaspace       used 44968K, capacity 45379K, committed 45872K, reserved 1089536K
  class space    used 5774K, capacity 5917K, committed 5936K, reserved 1048576K
Event: 24.508 GC heap after
Heap after GC invocations=23 (full 5):
 PSYoungGen      total 817664K, used 0K [0x000000076af00000, 0x00000007a1b80000, 0x00000007c0000000)
  eden space 740864K, 0% used [0x000000076af00000,0x000000076af00000,0x0000000798280000)
  from space 76800K, 0% used [0x000000079ce80000,0x000000079ce80000,0x00000007a1980000)
  to   space 77824K, 0% used [0x0000000798280000,0x0000000798280000,0x000000079ce80000)
 ParOldGen       total 290304K, used 138689K [0x00000006c0c00000, 0x00000006d2780000, 0x000000076af00000)
  object space 290304K, 47% used [0x00000006c0c00000,0x00000006c93706e8,0x00000006d2780000)
 Metaspace       used 44968K, capacity 45379K, committed 45872K, reserved 1089536K
  class space    used 5774K, capacity 5917K, committed 5936K, reserved 1048576K
}
Event: 26.373 GC heap before
{Heap before GC invocations=24 (full 5):
 PSYoungGen      total 817664K, used 578096K [0x000000076af00000, 0x00000007a1b80000, 0x00000007c0000000)
  eden space 740864K, 78% used [0x000000076af00000,0x000000078e38c338,0x0000000798280000)
  from space 76800K, 0% used [0x000000079ce80000,0x000000079ce80000,0x00000007a1980000)
  to   space 77824K, 0% used [0x0000000798280000,0x0000000798280000,0x000000079ce80000)
 ParOldGen       total 290304K, used 138689K [0x00000006c0c00000, 0x00000006d2780000, 0x000000076af00000)
  object space 290304K, 47% used [0x00000006c0c00000,0x00000006c93706e8,0x00000006d2780000)
 Metaspace       used 49300K, capacity 49747K, committed 50224K, reserved 1093632K
  class space    used 6231K, capacity 6379K, committed 6448K, reserved 1048576K
Event: 26.390 GC heap after
Heap after GC invocations=24 (full 5):
 PSYoungGen      total 818688K, used 54991K [0x000000076af00000, 0x00000007a2480000, 0x00000007c0000000)
  eden space 740864K, 0% used [0x000000076af00000,0x000000076af00000,0x0000000798280000)
  from space 77824K, 70% used [0x0000000798280000,0x000000079b833c80,0x000000079ce80000)
  to   space 82432K, 0% used [0x000000079d400000,0x000000079d400000,0x00000007a2480000)
 ParOldGen       total 290304K, used 138697K [0x00000006c0c00000, 0x00000006d2780000, 0x000000076af00000)
  object space 290304K, 47% used [0x00000006c0c00000,0x00000006c93726e8,0x00000006d2780000)
 Metaspace       used 49300K, capacity 49747K, committed 50224K, reserved 1093632K
  class space    used 6231K, capacity 6379K, committed 6448K, reserved 1048576K
}
Event: 26.390 GC heap before
{Heap before GC invocations=25 (full 6):
 PSYoungGen      total 818688K, used 54991K [0x000000076af00000, 0x00000007a2480000, 0x00000007c0000000)
  eden space 740864K, 0% used [0x000000076af00000,0x000000076af00000,0x0000000798280000)
  from space 77824K, 70% used [0x0000000798280000,0x000000079b833c80,0x000000079ce80000)
  to   space 82432K, 0% used [0x000000079d400000,0x000000079d400000,0x00000007a2480000)
 ParOldGen       total 290304K, used 138697K [0x00000006c0c00000, 0x00000006d2780000, 0x000000076af00000)
  object space 290304K, 47% used [0x00000006c0c00000,0x00000006c93726e8,0x00000006d2780000)
 Metaspace       used 49300K, capacity 49747K, committed 50224K, reserved 1093632K
  class space    used 6231K, capacity 6379K, committed 6448K, reserved 1048576K
Event: 26.896 GC heap after
Heap after GC invocations=25 (full 6):
 PSYoungGen      total 818688K, used 0K [0x000000076af00000, 0x00000007a2480000, 0x00000007c0000000)
  eden space 740864K, 0% used [0x000000076af00000,0x000000076af00000,0x0000000798280000)
  from space 77824K, 0% used [0x0000000798280000,0x0000000798280000,0x000000079ce80000)
  to   space 82432K, 0% used [0x000000079d400000,0x000000079d400000,0x00000007a2480000)
 ParOldGen       total 290304K, used 188808K [0x00000006c0c00000, 0x00000006d2780000, 0x000000076af00000)
  object space 290304K, 65% used [0x00000006c0c00000,0x00000006cc4620a8,0x00000006d2780000)
 Metaspace       used 49300K, capacity 49747K, committed 50224K, reserved 1093632K
  class space    used 6231K, capacity 6379K, committed 6448K, reserved 1048576K
}
Event: 40.058 GC heap before
{Heap before GC invocations=26 (full 6):
 PSYoungGen      total 818688K, used 600134K [0x000000076af00000, 0x00000007a2480000, 0x00000007c0000000)
  eden space 740864K, 81% used [0x000000076af00000,0x000000078f911bf0,0x0000000798280000)
  from space 77824K, 0% used [0x0000000798280000,0x0000000798280000,0x000000079ce80000)
  to   space 82432K, 0% used [0x000000079d400000,0x000000079d400000,0x00000007a2480000)
 ParOldGen       total 290304K, used 188808K [0x00000006c0c00000, 0x00000006d2780000, 0x000000076af00000)
  object space 290304K, 65% used [0x00000006c0c00000,0x00000006cc4620a8,0x00000006d2780000)
 Metaspace       used 52145K, capacity 52575K, committed 52912K, reserved 1095680K
  class space    used 6420K, capacity 6573K, committed 6576K, reserved 1048576K
Event: 40.071 GC heap after
Heap after GC invocations=26 (full 6):
 PSYoungGen      total 822784K, used 48566K [0x000000076af00000, 0x00000007a2780000, 0x00000007c0000000)
  eden space 740352K, 0% used [0x000000076af00000,0x000000076af00000,0x0000000798200000)
  from space 82432K, 58% used [0x000000079d400000,0x00000007a036d888,0x00000007a2480000)
  to   space 83968K, 0% used [0x0000000798200000,0x0000000798200000,0x000000079d400000)
 ParOldGen       total 290304K, used 188816K [0x00000006c0c00000, 0x00000006d2780000, 0x000000076af00000)
  object space 290304K, 65% used [0x00000006c0c00000,0x00000006cc4640a8,0x00000006d2780000)
 Metaspace       used 52145K, capacity 52575K, committed 52912K, reserved 1095680K
  class space    used 6420K, capacity 6573K, committed 6576K, reserved 1048576K
}
Event: 40.071 GC heap before
{Heap before GC invocations=27 (full 7):
 PSYoungGen      total 822784K, used 48566K [0x000000076af00000, 0x00000007a2780000, 0x00000007c0000000)
  eden space 740352K, 0% used [0x000000076af00000,0x000000076af00000,0x0000000798200000)
  from space 82432K, 58% used [0x000000079d400000,0x00000007a036d888,0x00000007a2480000)
  to   space 83968K, 0% used [0x0000000798200000,0x0000000798200000,0x000000079d400000)
 ParOldGen       total 290304K, used 188816K [0x00000006c0c00000, 0x00000006d2780000, 0x000000076af00000)
  object space 290304K, 65% used [0x00000006c0c00000,0x00000006cc4640a8,0x00000006d2780000)
 Metaspace       used 52145K, capacity 52575K, committed 52912K, reserved 1095680K
  class space    used 6420K, capacity 6573K, committed 6576K, reserved 1048576K
Event: 40.431 GC heap after
Heap after GC invocations=27 (full 7):
 PSYoungGen      total 822784K, used 0K [0x000000076af00000, 0x00000007a2780000, 0x00000007c0000000)
  eden space 740352K, 0% used [0x000000076af00000,0x000000076af00000,0x0000000798200000)
  from space 82432K, 0% used [0x000000079d400000,0x000000079d400000,0x00000007a2480000)
  to   space 83968K, 0% used [0x0000000798200000,0x0000000798200000,0x000000079d400000)
 ParOldGen       total 290304K, used 230281K [0x00000006c0c00000, 0x00000006d2780000, 0x000000076af00000)
  object space 290304K, 79% used [0x00000006c0c00000,0x00000006cece2790,0x00000006d2780000)
 Metaspace       used 52145K, capacity 52575K, committed 52912K, reserved 1095680K
  class space    used 6420K, capacity 6573K, committed 6576K, reserved 1048576K
}

Deoptimization events (10 events):
Event: 39.861 Thread 0x0000000002464800 Uncommon trap: reason=class_check action=maybe_recompile pc=0x00000000044d6b80 method=net.minecraft.block.BlockLeaves.colorMultiplier(Lnet/minecraft/world/IBlockAccess;III)I @ 52
Event: 39.861 Thread 0x0000000002464800 Uncommon trap: reason=class_check action=maybe_recompile pc=0x00000000044d6b80 method=net.minecraft.block.BlockLeaves.colorMultiplier(Lnet/minecraft/world/IBlockAccess;III)I @ 52
Event: 39.861 Thread 0x0000000002464800 Uncommon trap: reason=class_check action=maybe_recompile pc=0x00000000044d6b80 method=net.minecraft.block.BlockLeaves.colorMultiplier(Lnet/minecraft/world/IBlockAccess;III)I @ 52
Event: 39.995 Thread 0x00000000286fa000 Uncommon trap: reason=unstable_if action=reinterpret pc=0x0000000004195554 method=io.netty.channel.local.LocalChannel.isOpen()Z @ 5
Event: 39.995 Thread 0x0000000027f1d000 Uncommon trap: reason=unstable_if action=reinterpret pc=0x00000000041cdbd4 method=io.netty.channel.local.LocalChannel.isActive()Z @ 5
Event: 39.995 Thread 0x00000000286fa000 Uncommon trap: reason=unstable_if action=reinterpret pc=0x00000000043a6b20 method=io.netty.util.concurrent.SingleThreadEventExecutor.execute(Ljava/lang/Runnable;)V @ 20
Event: 39.995 Thread 0x0000000027f1d000 Uncommon trap: reason=unstable_if action=reinterpret pc=0x00000000043a6b20 method=io.netty.util.concurrent.SingleThreadEventExecutor.execute(Ljava/lang/Runnable;)V @ 20
Event: 39.995 Thread 0x00000000286fa000 Uncommon trap: reason=unstable_if action=reinterpret pc=0x0000000002d524dc method=java.util.LinkedHashMap.afterNodeRemoval(Ljava/util/HashMap$Node;)V @ 47
Event: 39.995 Thread 0x0000000027f1d000 Uncommon trap: reason=unstable_if action=reinterpret pc=0x0000000002d524dc method=java.util.LinkedHashMap.afterNodeRemoval(Ljava/util/HashMap$Node;)V @ 47
Event: 41.451 Thread 0x0000000002464800 Uncommon trap: reason=unstable_if action=reinterpret pc=0x0000000002b6f394 method=cpw.mods.fml.relauncher.FMLSecurityManager.checkPermission(Ljava/security/Permission;)V @ 23

Internal exceptions (10 events):
Event: 39.995 Thread 0x00000000286fa000 Implicit null exception at 0x0000000002d52482 to 0x0000000002d524cd
Event: 39.995 Thread 0x0000000027f1d000 Implicit null exception at 0x0000000002d52482 to 0x0000000002d524cd
Event: 40.058 Thread 0x00000000286fa800 Exception <a 'java/lang/InterruptedException': sleep interrupted> (0x000000078aeb1c60) thrown at [C:\re\workspace\8-2-build-windows-amd64-cygwin\jdk8u45\3627\hotspot\src\share\vm\prims\jvm.cpp, line 3211]
Event: 40.431 Thread 0x00000000286fa800 Exception <a 'java/lang/InterruptedException': sleep interrupted> (0x000000076ba349f8) thrown at [C:\re\workspace\8-2-build-windows-amd64-cygwin\jdk8u45\3627\hotspot\src\share\vm\prims\jvm.cpp, line 3211]
Event: 40.444 Thread 0x00000000286fa800 Exception <a 'java/lang/InterruptedException': sleep interrupted> (0x000000076ba34bf8) thrown at [C:\re\workspace\8-2-build-windows-amd64-cygwin\jdk8u45\3627\hotspot\src\share\vm\prims\jvm.cpp, line 3211]
Event: 40.449 Thread 0x00000000286fa800 Exception <a 'java/lang/InterruptedException': sleep interrupted> (0x000000076bb1a908) thrown at [C:\re\workspace\8-2-build-windows-amd64-cygwin\jdk8u45\3627\hotspot\src\share\vm\prims\jvm.cpp, line 3163]
Event: 40.449 Thread 0x00000000286f9000 Exception <a 'java/lang/InterruptedException': sleep interrupted> (0x000000076af00070) thrown at [C:\re\workspace\8-2-build-windows-amd64-cygwin\jdk8u45\3627\hotspot\src\share\vm\prims\jvm.cpp, line 3211]
Event: 41.230 Thread 0x00000000286fa800 Exception <a 'java/lang/InterruptedException': sleep interrupted> (0x000000076bb1ab08) thrown at [C:\re\workspace\8-2-build-windows-amd64-cygwin\jdk8u45\3627\hotspot\src\share\vm\prims\jvm.cpp, line 3211]
Event: 41.231 Thread 0x00000000286fa800 Exception <a 'java/lang/InterruptedException': sleep interrupted> (0x000000076bb1ad08) thrown at [C:\re\workspace\8-2-build-windows-amd64-cygwin\jdk8u45\3627\hotspot\src\share\vm\prims\jvm.cpp, line 3211]
Event: 41.331 Thread 0x00000000286f9000 Exception <a 'java/lang/InterruptedException': sleep interrupted> (0x000000076c400130) thrown at [C:\re\workspace\8-2-build-windows-amd64-cygwin\jdk8u45\3627\hotspot\src\share\vm\prims\jvm.cpp, line 3211]

Events (10 events):
Event: 41.463 loading class javax/servlet/ServletContext done
Event: 41.469 Thread 0x0000000027f22800 Thread exited: 0x0000000027f22800
Event: 41.469 Thread 0x0000000027f25800 Thread exited: 0x0000000027f25800
Event: 41.469 Thread 0x0000000027f21000 Thread added: 0x0000000027f21000
Event: 41.472 loading class sun/java2d/pipe/hw/AccelDeviceEventNotifier
Event: 41.473 loading class sun/java2d/pipe/hw/AccelDeviceEventNotifier done
Event: 41.474 Thread 0x0000000027f1f800 Thread exited: 0x0000000027f1f800
Event: 41.502 Thread 0x000000001e605000 Thread exited: 0x000000001e605000
Event: 41.573 Thread 0x0000000027f21800 Thread exited: 0x0000000027f21800
Event: 41.573 Executing VM operation: Exit


Dynamic libraries:
0x00007ff75e230000 - 0x00007ff75e267000 	C:\Program Files\Java\jre1.8.0_45\bin\javaw.exe
0x00007ffe04fc0000 - 0x00007ffe05181000 	C:\WINDOWS\SYSTEM32\ntdll.dll
0x00007ffe02800000 - 0x00007ffe028ad000 	C:\WINDOWS\system32\KERNEL32.DLL
0x00007ffe01670000 - 0x00007ffe01858000 	C:\WINDOWS\system32\KERNELBASE.dll
0x00007ffe04b20000 - 0x00007ffe04bc7000 	C:\WINDOWS\system32\ADVAPI32.dll
0x00007ffe04f20000 - 0x00007ffe04fbd000 	C:\WINDOWS\system32\msvcrt.dll
0x00007ffe04e80000 - 0x00007ffe04edb000 	C:\WINDOWS\system32\sechost.dll
0x00007ffe04d60000 - 0x00007ffe04e7c000 	C:\WINDOWS\system32\RPCRT4.dll
0x00007ffe04740000 - 0x00007ffe04896000 	C:\WINDOWS\system32\USER32.dll
0x00007ffe04bd0000 - 0x00007ffe04d56000 	C:\WINDOWS\system32\GDI32.dll
0x00007ffdf44c0000 - 0x00007ffdf4734000 	C:\WINDOWS\WinSxS\amd64_microsoft.windows.common-controls_6595b64144ccf1df_6.0.10586.0_none_8c15ae12515e1c22\COMCTL32.dll
0x00007ffe029a0000 - 0x00007ffe02c1d000 	C:\WINDOWS\system32\combase.dll
0x00007ffe02350000 - 0x00007ffe023ba000 	C:\WINDOWS\system32\bcryptPrimitives.dll
0x00007ffe04ee0000 - 0x00007ffe04f1b000 	C:\WINDOWS\system32\IMM32.DLL
0x0000000052d60000 - 0x0000000052e32000 	C:\Program Files\Java\jre1.8.0_45\bin\msvcr100.dll
0x0000000052f10000 - 0x0000000053793000 	C:\Program Files\Java\jre1.8.0_45\bin\server\jvm.dll
0x00007ffe02c30000 - 0x00007ffe02c38000 	C:\WINDOWS\system32\PSAPI.DLL
0x00007ffdfcbd0000 - 0x00007ffdfcbda000 	C:\WINDOWS\SYSTEM32\VERSION.dll
0x00007ffdffce0000 - 0x00007ffdffd03000 	C:\WINDOWS\SYSTEM32\WINMM.dll
0x00007ffdfe750000 - 0x00007ffdfe759000 	C:\WINDOWS\SYSTEM32\WSOCK32.dll
0x00007ffe03000000 - 0x00007ffe0306b000 	C:\WINDOWS\system32\WS2_32.dll
0x00000000008f0000 - 0x000000000091c000 	C:\WINDOWS\SYSTEM32\WINMMBASE.dll
0x00007ffe01ae0000 - 0x00007ffe01b23000 	C:\WINDOWS\system32\cfgmgr32.dll
0x0000000052f00000 - 0x0000000052f0f000 	C:\Program Files\Java\jre1.8.0_45\bin\verify.dll
0x0000000052ed0000 - 0x0000000052ef9000 	C:\Program Files\Java\jre1.8.0_45\bin\java.dll
0x0000000052eb0000 - 0x0000000052ec6000 	C:\Program Files\Java\jre1.8.0_45\bin\zip.dll
0x00007ffe030d0000 - 0x00007ffe0462c000 	C:\WINDOWS\system32\SHELL32.dll
0x00007ffe01b30000 - 0x00007ffe02175000 	C:\WINDOWS\system32\windows.storage.dll
0x00007ffe03070000 - 0x00007ffe030c2000 	C:\WINDOWS\system32\shlwapi.dll
0x00007ffe01660000 - 0x00007ffe0166f000 	C:\WINDOWS\system32\kernel.appcore.dll
0x00007ffe01990000 - 0x00007ffe01a45000 	C:\WINDOWS\system32\shcore.dll
0x00007ffe01610000 - 0x00007ffe0165b000 	C:\WINDOWS\system32\powrprof.dll
0x00007ffe015f0000 - 0x00007ffe01604000 	C:\WINDOWS\system32\profapi.dll
0x0000000052d50000 - 0x0000000052d5d000 	C:\Program Files\Java\jre1.8.0_45\bin\management.dll
0x0000000052e90000 - 0x0000000052eaa000 	C:\Program Files\Java\jre1.8.0_45\bin\net.dll
0x00007ffe00eb0000 - 0x00007ffe00f0c000 	C:\WINDOWS\system32\mswsock.dll
0x0000000052e70000 - 0x0000000052e81000 	C:\Program Files\Java\jre1.8.0_45\bin\nio.dll
0x00007ffdf6450000 - 0x00007ffdf6466000 	C:\WINDOWS\system32\napinsp.dll
0x00007ffdf6470000 - 0x00007ffdf648a000 	C:\WINDOWS\system32\pnrpnsp.dll
0x00007ffdfd600000 - 0x00007ffdfd618000 	C:\WINDOWS\system32\NLAapi.dll
0x00007ffdfff60000 - 0x00007ffe0000a000 	C:\WINDOWS\SYSTEM32\DNSAPI.dll
0x00007ffe023c0000 - 0x00007ffe023c8000 	C:\WINDOWS\system32\NSI.dll
0x00007ffdf66b0000 - 0x00007ffdf66bd000 	C:\WINDOWS\System32\winrnr.dll
0x00007ffdfb9d0000 - 0x00007ffdfb9da000 	C:\Windows\System32\rasadhlp.dll
0x00007ffdfe070000 - 0x00007ffdfe0a8000 	C:\WINDOWS\SYSTEM32\IPHLPAPI.DLL
0x00007ffdfbf20000 - 0x00007ffdfbf87000 	C:\WINDOWS\System32\fwpuclnt.dll
0x00007ffe01510000 - 0x00007ffe01539000 	C:\WINDOWS\SYSTEM32\bcrypt.dll
0x0000000052bb0000 - 0x0000000052d48000 	C:\Program Files\Java\jre1.8.0_45\bin\awt.dll
0x00007ffe028b0000 - 0x00007ffe02971000 	C:\WINDOWS\system32\OLEAUT32.dll
0x00007ffdffdd0000 - 0x00007ffdffe49000 	C:\WINDOWS\system32\apphelp.dll
0x00007ffe00010000 - 0x00007ffe000a6000 	C:\WINDOWS\system32\uxtheme.dll
0x00007ffe02ea0000 - 0x00007ffe02ffa000 	C:\WINDOWS\system32\MSCTF.dll
0x00007ffdebb30000 - 0x00007ffdebb58000 	C:\Program Files (x86)\Raptr\ltc_help64-106568.dll
0x00007ffe01910000 - 0x00007ffe01965000 	C:\WINDOWS\system32\WINTRUST.dll
0x00007ffe015e0000 - 0x00007ffe015f0000 	C:\WINDOWS\system32\MSASN1.dll
0x00007ffe02180000 - 0x00007ffe02347000 	C:\WINDOWS\system32\CRYPT32.dll
0x00007ffdf7ae0000 - 0x00007ffdf7b29000 	F:\Applications\TeamViewer\tv_x64.dll
0x00007ffe049d0000 - 0x00007ffe04b13000 	C:\WINDOWS\system32\ole32.dll
0x00007ffdfea30000 - 0x00007ffdfea52000 	C:\WINDOWS\system32\dwmapi.dll
0x0000000052b60000 - 0x0000000052ba7000 	C:\Program Files\Java\jre1.8.0_45\bin\fontmanager.dll
0x00007ffddb700000 - 0x00007ffddb910000 	C:\WINDOWS\system32\d3d9.dll
0x0000000052b10000 - 0x0000000052b51000 	C:\Program Files\Java\jre1.8.0_45\bin\t2k.dll
0x0000000180000000 - 0x0000000180051000 	C:\Users\Matt\.gradle\caches\minecraft\net\minecraft\minecraft_natives\1.7.10\lwjgl64.dll
0x00007ffdea110000 - 0x00007ffdea239000 	C:\WINDOWS\SYSTEM32\OPENGL32.dll
0x00007ffdf3f60000 - 0x00007ffdf3f8e000 	C:\WINDOWS\SYSTEM32\GLU32.dll
0x00007ffde0e80000 - 0x00007ffde0f7a000 	C:\WINDOWS\SYSTEM32\DDRAW.dll
0x00007ffdf7a80000 - 0x00007ffdf7a88000 	C:\WINDOWS\SYSTEM32\DCIMAN32.dll
0x00007ffe00f60000 - 0x00007ffe00f77000 	C:\WINDOWS\SYSTEM32\CRYPTSP.dll
0x00007ffe00bf0000 - 0x00007ffe00c24000 	C:\WINDOWS\system32\rsaenh.dll
0x00007ffe00d40000 - 0x00007ffe00d5f000 	C:\WINDOWS\SYSTEM32\USERENV.dll
0x00007ffe01080000 - 0x00007ffe0108b000 	C:\WINDOWS\SYSTEM32\CRYPTBASE.dll
0x00007ffdfda30000 - 0x00007ffdfda46000 	C:\WINDOWS\SYSTEM32\dhcpcsvc6.DLL
0x00007ffdfd990000 - 0x00007ffdfd9aa000 	C:\WINDOWS\SYSTEM32\dhcpcsvc.DLL
0x00007ffdf5650000 - 0x00007ffdf5668000 	C:\WINDOWS\SYSTEM32\atig6pxx.dll
0x0000000050d10000 - 0x0000000052b10000 	C:\WINDOWS\SYSTEM32\atio6axx.dll
0x00007ffe023d0000 - 0x00007ffe027f9000 	C:\WINDOWS\system32\SETUPAPI.dll
0x00007ffddce30000 - 0x00007ffddcf71000 	C:\WINDOWS\SYSTEM32\atiadlxx.dll
0x00007ffdff3d0000 - 0x00007ffdff556000 	C:\WINDOWS\SYSTEM32\PROPSYS.dll
0x00007ffdff590000 - 0x00007ffdff5a3000 	C:\WINDOWS\SYSTEM32\WTSAPI32.dll
0x00007ffe000b0000 - 0x00007ffe000d7000 	C:\WINDOWS\SYSTEM32\DEVOBJ.dll
0x00007ffdf39f0000 - 0x00007ffdf3a1c000 	C:\WINDOWS\SYSTEM32\atig6txx.dll
0x00007ffde0bb0000 - 0x00007ffde0c41000 	C:\WINDOWS\SYSTEM32\mscms.dll
0x00007ffdebcb0000 - 0x00007ffdebcf2000 	C:\WINDOWS\SYSTEM32\icm32.dll
0x0000000070a40000 - 0x0000000070adc000 	C:\Users\Matt\.gradle\caches\minecraft\net\minecraft\minecraft_natives\1.7.10\avutil-ttv-51.dll
0x0000000065980000 - 0x00000000659d6000 	C:\Users\Matt\.gradle\caches\minecraft\net\minecraft\minecraft_natives\1.7.10\swresample-ttv-0.dll
0x000000006eb80000 - 0x000000006ec50000 	C:\Users\Matt\.gradle\caches\minecraft\net\minecraft\minecraft_natives\1.7.10\libmp3lame-ttv.dll
0x00007ffdcf080000 - 0x00007ffdd0424000 	C:\Users\Matt\.gradle\caches\minecraft\net\minecraft\minecraft_natives\1.7.10\libmfxsw64.dll
0x00007ffde9ad0000 - 0x00007ffde9bfb000 	C:\Users\Matt\.gradle\caches\minecraft\net\minecraft\minecraft_natives\1.7.10\twitchsdk.dll
0x00007ffdf0ca0000 - 0x00007ffdf0f49000 	C:\WINDOWS\SYSTEM32\WININET.dll
0x0000000052e40000 - 0x0000000052e64000 	C:\Program Files\Java\jre1.8.0_45\bin\sunec.dll
0x00007ffe02980000 - 0x00007ffe0299c000 	C:\WINDOWS\system32\imagehlp.dll
0x00007ffe005d0000 - 0x00007ffe005f4000 	C:\WINDOWS\SYSTEM32\gpapi.dll
0x00007ffdf8df0000 - 0x00007ffdf8e1f000 	C:\Windows\System32\cryptnet.dll
0x00007ffdfddd0000 - 0x00007ffdfdddb000 	C:\WINDOWS\SYSTEM32\WINNSI.DLL
0x00007ffde5550000 - 0x00007ffde5798000 	C:\PROGRA~2\Raptr\ltc_game64-106568.dll
0x0000000025440000 - 0x00000000254a4000 	C:\Users\Matt\.gradle\caches\minecraft\net\minecraft\minecraft_natives\1.7.10\OpenAL64.dll
0x00007ffe02df0000 - 0x00007ffe02e97000 	C:\WINDOWS\system32\clbcatq.dll
0x00007ffdfca90000 - 0x00007ffdfcb00000 	C:\WINDOWS\System32\MMDevApi.dll
0x00007ffde44c0000 - 0x00007ffde455c000 	C:\WINDOWS\SYSTEM32\dsound.dll
0x00007ffde4650000 - 0x00007ffde46d8000 	C:\WINDOWS\SYSTEM32\AUDIOSES.DLL
0x00007ffdfa640000 - 0x00007ffdfa776000 	C:\WINDOWS\SYSTEM32\wintypes.dll
0x00007ffdfce90000 - 0x00007ffdfd01c000 	C:\WINDOWS\SYSTEM32\dbghelp.dll

VM Arguments:
jvm_args: -Dfile.encoding=Cp1252 
java_command: GradleStart
java_class_path (initial): F:\Minecraft Mods\Armerger\bin;C:\Users\Matt\.gradle\caches\minecraft\net\minecraftforge\forge\1.7.10-10.13.4.1481-1.7.10\forgeSrc-1.7.10-10.13.4.1481-1.7.10.jar;C:\Users\Matt\.gradle\caches\modules-2\files-2.1\net.minecraft\launchwrapper\1.12\111e7bea9c968cdb3d06ef4632bf7ff0824d0f36\launchwrapper-1.12.jar;C:\Users\Matt\.gradle\caches\modules-2\files-2.1\com.google.code.findbugs\jsr305\1.3.9\40719ea6961c0cb6afaeb6a921eaa1f6afd4cfdf\jsr305-1.3.9.jar;C:\Users\Matt\.gradle\caches\modules-2\files-2.1\org.ow2.asm\asm-debug-all\5.0.3\f9e364ae2a66ce2a543012a4668856e84e5dab74\asm-debug-all-5.0.3.jar;C:\Users\Matt\.gradle\caches\modules-2\files-2.1\com.typesafe.akka\akka-actor_2.11\2.3.3\ed62e9fc709ca0f2ff1a3220daa8b70a2870078e\akka-actor_2.11-2.3.3.jar;C:\Users\Matt\.gradle\caches\modules-2\files-2.1\com.typesafe\config\1.2.1\f771f71fdae3df231bcd54d5ca2d57f0bf93f467\config-1.2.1.jar;C:\Users\Matt\.gradle\caches\modules-2\files-2.1\org.scala-lang\scala-actors-migration_2.11\1.1.0\dfa8bc42b181d5b9f1a5dd147f8ae308b893eb6f\scala-actors-migration_2.11-1.1.0.jar;C:\Users\Matt\.gradle\caches\modules-2\files-2.1\org.scala-lang\scala-compiler\2.11.1\56ea2e6c025e0821f28d73ca271218b8dd04926a\scala-compiler-2.11.1.jar;C:\Users\Matt\.gradle\caches\modules-2\files-2.1\org.scala-lang.plugins\scala-continuations-library_2.11\1.0.2\e517c53a7e9acd6b1668c5a35eccbaa3bab9aac\scala-continuations-library_2.11-1.0.2.jar;C:\Users\Matt\.gradle\caches\modules-2\files-2.1\org.scala-lang.plugins\scala-continuations-plugin_2.11.1\1.0.2\f361a3283452c57fa30c1ee69448995de23c60f7\scala-continuations-plugin_2.11.1-1.0.2.jar;C:\Users\Matt\.gradle\caches\modules-2\files-2.1\org.scala-lang\scala-library\2.11.1\e11da23da3eabab9f4777b9220e60d44c1aab6a\scala-library-2.11.1.jar;C:\Users\Matt\.gradle\caches\modules-2\files-2.1\org.scala-lang\scala-parser-combinators_2.11\1.0.1\f05d7345bf5a58924f2837c6c1f4d73a938e1ff0\scala-parser-combinators_2.11-1.0.1.jar;C:\Users\Matt\.gradle\caches\mo
Launcher Type: SUN_STANDARD

Environment Variables:
JAVA_HOME=C:\Program Files\Java\jdk1.8.0_45
PATH=C:/Program Files/Java/jre1.8.0_45/bin/server;C:/Program Files/Java/jre1.8.0_45/bin;C:/Program Files/Java/jre1.8.0_45/lib/amd64;C:\ProgramData\Oracle\Java\javapath;C:\WINDOWS\system32;C:\WINDOWS;C:\WINDOWS\System32\Wbem;C:\WINDOWS\System32\WindowsPowerShell\v1.0\;C:\Program Files (x86)\ATI Technologies\ATI.ACE\Core-Static;C:\Program Files\Microsoft\Web Platform Installer\;C:\Program Files (x86)\Microsoft ASP.NET\ASP.NET Web Pages\v1.0\;C:\Program Files (x86)\Windows Kits\8.0\Windows Performance Toolkit\;C:\Program Files\Microsoft SQL Server\110\Tools\Binn\;F:\Applications\TortoiseSVN\bin;C:\Program Files (x86)\AMD\ATI.ACE\Core-Static;C:\Program Files (x86)\Skype\Phone\;C:\Program Files\nodejs\;C:\Program Files\Java\jdk1.8.0_45\bin;C:\Users\Matt\AppData\Roaming\npm;F:\Applications\Eclipse\eclipse;
USERNAME=Matt
OS=Windows_NT
PROCESSOR_IDENTIFIER=Intel64 Family 6 Model 60 Stepping 3, GenuineIntel



---------------  S Y S T E M  ---------------

OS: Windows 10.0 , 64 bit Build 10586 (10.0.10586.0)

CPU:total 4 (4 cores per cpu, 1 threads per core) family 6 model 60 stepping 3, cmov, cx8, fxsr, mmx, sse, sse2, sse3, ssse3, sse4.1, sse4.2, popcnt, avx, avx2, aes, clmul, erms, lzcnt, tsc, tscinvbit, bmi1, bmi2

Memory: 4k page, physical 16723940k(8666708k free), swap 19214308k(8182412k free)

vm_info: Java HotSpot(TM) 64-Bit Server VM (25.45-b02) for windows-amd64 JRE (1.8.0_45-b15), built on Apr 30 2015 12:40:44 by "java_re" with MS VC++ 10.0 (VS2010)

time: Tue Feb 16 19:21:22 2016
elapsed time: 41 seconds (0d 0h 0m 41s)

