#
# A fatal error has been detected by the Java Runtime Environment:
#
#  EXCEPTION_ACCESS_VIOLATION (0xc0000005) at pc=0x00007ffdea0b2224, pid=10912, tid=14272
#
# JRE version: Java(TM) SE Runtime Environment (8.0_45-b15) (build 1.8.0_45-b15)
# Java VM: Java HotSpot(TM) 64-Bit Server VM (25.45-b02 mixed mode windows-amd64 compressed oops)
# Problematic frame:
# C  [OPENGL32.dll+0xe2224]
#
# Failed to write core dump. Minidumps are not enabled by default on client versions of Windows
#
# If you would like to submit a bug report, please visit:
#   http://bugreport.java.com/bugreport/crash.jsp
#

---------------  T H R E A D  ---------------

Current thread (0x000000001b967800):  VMThread [stack: 0x000000001ca00000,0x000000001cb00000] [id=14272]

siginfo: ExceptionCode=0xc0000005, reading address 0x0000000000000a38

Registers:
RAX=0x0000000000000000, RBX=0x0000000039504100, RCX=0x0000000000000001, RDX=0x0000000039504108
RSP=0x000000001caff208, RBP=0x0000000000000000, RSI=0x0000000039505f90, RDI=0x0000000039505f90
R8 =0x000000001caff288, R9 =0x00000000022e3e70, R10=0x0000000000000000, R11=0x0000000000000246
R12=0x0000000000000000, R13=0x00000000393f8cc0, R14=0x00000000393f8b70, R15=0x0000000000000000
RIP=0x00007ffdea0b2224, EFLAGS=0x0000000000010283

Top of Stack: (sp=0x000000001caff208)
0x000000001caff208:   00007ffde9a1244b 00000000393f8cc0
0x000000001caff218:   0000000000000001 00000000393f0000
0x000000001caff228:   00007ffe04fe0a19 0000000000000000
0x000000001caff238:   00007ffde9a17f17 0000000000000000
0x000000001caff248:   0000000000000000 00000000393f8ca0
0x000000001caff258:   00007ffde9a17283 fffffffffffffffe
0x000000001caff268:   000000001caff2d0 0000000000000000
0x000000001caff278:   00007ffde9a187c9 0000000039505f90
0x000000001caff288:   0000000039508ef0 00000000022e3e70
0x000000001caff298:   00007ffde9a95700 fffffffffffffffe
0x000000001caff2a8:   00000000393fb1c0 0000000000000001
0x000000001caff2b8:   00000000393f8c98 00000000393f8b70
0x000000001caff2c8:   00007ffde9a9d7ad 00007ffde9bd65b0
0x000000001caff2d8:   00007ffde9b01930 00000000022e3e70
0x000000001caff2e8:   00007ffe04fe0a19 00000000393f8c98
0x000000001caff2f8:   00000000393f8b70 00000000393f8b70 

Instructions: (pc=0x00007ffdea0b2224)
0x00007ffdea0b2204:   cc cc cc cc cc cc 66 0f 1f 44 00 00 8b 05 f2 7d
0x00007ffdea0b2214:   01 00 83 f8 40 73 0f 65 48 8b 04 c5 80 14 00 00
0x00007ffdea0b2224:   ff a0 38 0a 00 00 b8 47 01 00 00 e9 ec d4 ff ff
0x00007ffdea0b2234:   cc cc cc cc cc cc 66 0f 1f 44 00 00 8b 05 c2 7d 


Register to memory mapping:

RAX=0x0000000000000000 is an unknown value
RBX=0x0000000039504100 is an unknown value
RCX=0x0000000000000001 is an unknown value
RDX=0x0000000039504108 is an unknown value
RSP=0x000000001caff208 is an unknown value
RBP=0x0000000000000000 is an unknown value
RSI=0x0000000039505f90 is an unknown value
RDI=0x0000000039505f90 is an unknown value
R8 =0x000000001caff288 is an unknown value
R9 =0x00000000022e3e70 is an unknown value
R10=0x0000000000000000 is an unknown value
R11=0x0000000000000246 is an unknown value
R12=0x0000000000000000 is an unknown value
R13=0x00000000393f8cc0 is an unknown value
R14=0x00000000393f8b70 is an unknown value
R15=0x0000000000000000 is an unknown value


Stack: [0x000000001ca00000,0x000000001cb00000],  sp=0x000000001caff208,  free space=1020k
Native frames: (J=compiled Java code, j=interpreted, Vv=VM code, C=native code)

VM_Operation (0x000000000219e780): Exit, mode: safepoint, requested by thread 0x0000000002244800


---------------  P R O C E S S  ---------------

Java Threads: ( => current thread )
  0x0000000031c45800 JavaThread "AWT-Shutdown" [_thread_blocked, id=11168, stack(0x000000005c040000,0x000000005c140000)]
  0x0000000033858800 JavaThread "File IO Thread" [_thread_blocked, id=4900, stack(0x0000000046320000,0x0000000046420000)]
  0x0000000028eaa800 JavaThread "Netty IO #1" daemon [_thread_blocked, id=2544, stack(0x000000003db00000,0x000000003dc00000)]
  0x0000000028ea6800 JavaThread "Netty Client IO #0" daemon [_thread_blocked, id=8212, stack(0x000000003da00000,0x000000003db00000)]
  0x0000000033854000 JavaThread "Netty IO #0" daemon [_thread_blocked, id=13216, stack(0x000000003d900000,0x000000003da00000)]
  0x000000001dea5800 JavaThread "LWJGL Timer" daemon [_thread_blocked, id=1908, stack(0x000000002e660000,0x000000002e760000)]
  0x0000000025448800 JavaThread "Timer hack thread" daemon [_thread_blocked, id=12096, stack(0x0000000027660000,0x0000000027760000)]
  0x0000000026718000 JavaThread "Snooper Timer" daemon [_thread_blocked, id=5048, stack(0x0000000027360000,0x0000000027460000)]
  0x000000001de88800 JavaThread "Java2D Disposer" daemon [_thread_blocked, id=9588, stack(0x0000000020000000,0x0000000020100000)]
  0x000000001d00a800 JavaThread "Service Thread" daemon [_thread_blocked, id=14252, stack(0x000000001d600000,0x000000001d700000)]
  0x000000001d002800 JavaThread "C1 CompilerThread2" daemon [_thread_blocked, id=15320, stack(0x000000001d500000,0x000000001d600000)]
  0x000000001b9fe000 JavaThread "C2 CompilerThread1" daemon [_thread_blocked, id=6132, stack(0x000000001d400000,0x000000001d500000)]
  0x000000001b9a2000 JavaThread "C2 CompilerThread0" daemon [_thread_blocked, id=216, stack(0x000000001cf00000,0x000000001d000000)]
  0x000000001b9a1000 JavaThread "Attach Listener" daemon [_thread_blocked, id=5960, stack(0x000000001ce00000,0x000000001cf00000)]
  0x000000001b99f800 JavaThread "Signal Dispatcher" daemon [_thread_blocked, id=9828, stack(0x000000001cd00000,0x000000001ce00000)]
  0x000000000233a000 JavaThread "Finalizer" daemon [_thread_blocked, id=852, stack(0x000000001cc00000,0x000000001cd00000)]
  0x0000000002331000 JavaThread "Reference Handler" daemon [_thread_blocked, id=9292, stack(0x000000001cb00000,0x000000001cc00000)]
  0x0000000002244800 JavaThread "Client thread" [_thread_blocked, id=8256, stack(0x00000000020a0000,0x00000000021a0000)]

Other Threads:
=>0x000000001b967800 VMThread [stack: 0x000000001ca00000,0x000000001cb00000] [id=14272]

VM state:at safepoint (shutting down)

VM Mutex/Monitor currently owned by a thread:  ([mutex/lock_event])
[0x00000000022421d0] Threads_lock - owner thread: 0x000000001b967800

Heap:
 PSYoungGen      total 1286144K, used 62458K [0x000000076af00000, 0x00000007c0000000, 0x00000007c0000000)
  eden space 1184768K, 5% used [0x000000076af00000,0x000000076ea986f0,0x00000007b3400000)
  from space 101376K, 1% used [0x00000007b9d00000,0x00000007b9e66408,0x00000007c0000000)
  to   space 104448K, 0% used [0x00000007b3400000,0x00000007b3400000,0x00000007b9a00000)
 ParOldGen       total 247296K, used 247270K [0x00000006c0c00000, 0x00000006cfd80000, 0x000000076af00000)
  object space 247296K, 99% used [0x00000006c0c00000,0x00000006cfd79af8,0x00000006cfd80000)
 Metaspace       used 54378K, capacity 54769K, committed 55344K, reserved 1097728K
  class space    used 6507K, capacity 6640K, committed 6704K, reserved 1048576K

Card table byte_map: [0x0000000011700000,0x0000000011f00000] byte_map_base: 0x000000000e0fa000

Marking Bits: (ParMarkBitMap*) 0x0000000053714040
 Begin Bits: [0x0000000012860000, 0x0000000016830000)
 End Bits:   [0x0000000016830000, 0x000000001a800000)

Polling page: 0x0000000000810000

CodeCache: size=245760Kb used=45114Kb max_used=45646Kb free=200645Kb
 bounds [0x0000000002340000, 0x00000000050b0000, 0x0000000011340000]
 total_blobs=11268 nmethods=10299 adapters=877
 compilation: enabled

Compilation events (10 events):
Event: 250.931 Thread 0x000000001d002800 16120       3       java.util.logging.LogManager$LoggerContext::getRootLogger (8 bytes)
Event: 250.931 Thread 0x000000001d002800 nmethod 16120 0x00000000028e53d0 code [0x00000000028e5520, 0x00000000028e5730]
Event: 250.931 Thread 0x000000001d002800 16121       3       java.util.logging.LogManager$LoggerContext::getGlobalLogger (6 bytes)
Event: 250.931 Thread 0x000000001d002800 nmethod 16121 0x0000000003596610 code [0x0000000003596760, 0x00000000035968b0]
Event: 250.931 Thread 0x000000001d002800 16122       3       org.apache.logging.log4j.core.helpers.NameUtil::getSubName (32 bytes)
Event: 250.932 Thread 0x000000001d002800 nmethod 16122 0x0000000004998b10 code [0x0000000004998ca0, 0x0000000004999238]
Event: 250.932 Thread 0x000000001d002800 16123       1       org.apache.logging.log4j.core.config.LoggerConfig::getLevel (5 bytes)
Event: 250.932 Thread 0x000000001d002800 nmethod 16123 0x00000000042303d0 code [0x0000000004230520, 0x0000000004230630]
Event: 250.935 Thread 0x000000001b9fe000 16124   !   4       java.util.AbstractList$Itr::next (45 bytes)
Event: 250.936 Thread 0x000000001b9fe000 nmethod 16124 0x00000000039bfb90 code [0x00000000039bfd00, 0x00000000039bfeb8]

GC Heap History (10 events):
Event: 117.659 GC heap before
{Heap before GC invocations=27 (full 6):
 PSYoungGen      total 1304576K, used 1282727K [0x000000076af00000, 0x00000007c0000000, 0x00000007c0000000)
  eden space 1225728K, 100% used [0x000000076af00000,0x00000007b5c00000,0x00000007b5c00000)
  from space 78848K, 72% used [0x00000007bb300000,0x00000007beaa9d08,0x00000007c0000000)
  to   space 83968K, 0% used [0x00000007b5c00000,0x00000007b5c00000,0x00000007bae00000)
 ParOldGen       total 247296K, used 209464K [0x00000006c0c00000, 0x00000006cfd80000, 0x000000076af00000)
  object space 247296K, 84% used [0x00000006c0c00000,0x00000006cd88e2c0,0x00000006cfd80000)
 Metaspace       used 54081K, capacity 54513K, committed 55088K, reserved 1097728K
  class space    used 6494K, capacity 6640K, committed 6704K, reserved 1048576K
Event: 117.677 GC heap after
Heap after GC invocations=27 (full 6):
 PSYoungGen      total 1289728K, used 63932K [0x000000076af00000, 0x00000007c0000000, 0x00000007c0000000)
  eden space 1225728K, 0% used [0x000000076af00000,0x000000076af00000,0x00000007b5c00000)
  from space 64000K, 99% used [0x00000007b5c00000,0x00000007b9a6f0c0,0x00000007b9a80000)
  to   space 90112K, 0% used [0x00000007ba800000,0x00000007ba800000,0x00000007c0000000)
 ParOldGen       total 247296K, used 209472K [0x00000006c0c00000, 0x00000006cfd80000, 0x000000076af00000)
  object space 247296K, 84% used [0x00000006c0c00000,0x00000006cd8902c0,0x00000006cfd80000)
 Metaspace       used 54081K, capacity 54513K, committed 55088K, reserved 1097728K
  class space    used 6494K, capacity 6640K, committed 6704K, reserved 1048576K
}
Event: 175.742 GC heap before
{Heap before GC invocations=28 (full 6):
 PSYoungGen      total 1289728K, used 1289660K [0x000000076af00000, 0x00000007c0000000, 0x00000007c0000000)
  eden space 1225728K, 100% used [0x000000076af00000,0x00000007b5c00000,0x00000007b5c00000)
  from space 64000K, 99% used [0x00000007b5c00000,0x00000007b9a6f0c0,0x00000007b9a80000)
  to   space 90112K, 0% used [0x00000007ba800000,0x00000007ba800000,0x00000007c0000000)
 ParOldGen       total 247296K, used 209472K [0x00000006c0c00000, 0x00000006cfd80000, 0x000000076af00000)
  object space 247296K, 84% used [0x00000006c0c00000,0x00000006cd8902c0,0x00000006cfd80000)
 Metaspace       used 54201K, capacity 54577K, committed 55088K, reserved 1097728K
  class space    used 6494K, capacity 6640K, committed 6704K, reserved 1048576K
Event: 175.761 GC heap after
Heap after GC invocations=28 (full 6):
 PSYoungGen      total 1290240K, used 67908K [0x000000076af00000, 0x00000007c0000000, 0x00000007c0000000)
  eden space 1200128K, 0% used [0x000000076af00000,0x000000076af00000,0x00000007b4300000)
  from space 90112K, 75% used [0x00000007ba800000,0x00000007bea512d0,0x00000007c0000000)
  to   space 96768K, 0% used [0x00000007b4300000,0x00000007b4300000,0x00000007ba180000)
 ParOldGen       total 247296K, used 209472K [0x00000006c0c00000, 0x00000006cfd80000, 0x000000076af00000)
  object space 247296K, 84% used [0x00000006c0c00000,0x00000006cd8902c0,0x00000006cfd80000)
 Metaspace       used 54201K, capacity 54577K, committed 55088K, reserved 1097728K
  class space    used 6494K, capacity 6640K, committed 6704K, reserved 1048576K
}
Event: 237.277 GC heap before
{Heap before GC invocations=29 (full 6):
 PSYoungGen      total 1290240K, used 1268036K [0x000000076af00000, 0x00000007c0000000, 0x00000007c0000000)
  eden space 1200128K, 100% used [0x000000076af00000,0x00000007b4300000,0x00000007b4300000)
  from space 90112K, 75% used [0x00000007ba800000,0x00000007bea512d0,0x00000007c0000000)
  to   space 96768K, 0% used [0x00000007b4300000,0x00000007b4300000,0x00000007ba180000)
 ParOldGen       total 247296K, used 209472K [0x00000006c0c00000, 0x00000006cfd80000, 0x000000076af00000)
  object space 247296K, 84% used [0x00000006c0c00000,0x00000006cd8902c0,0x00000006cfd80000)
 Metaspace       used 54304K, capacity 54769K, committed 55344K, reserved 1097728K
  class space    used 6495K, capacity 6640K, committed 6704K, reserved 1048576K
Event: 237.295 GC heap after
Heap after GC invocations=29 (full 6):
 PSYoungGen      total 1267200K, used 67000K [0x000000076af00000, 0x00000007c0000000, 0x00000007c0000000)
  eden space 1200128K, 0% used [0x000000076af00000,0x000000076af00000,0x00000007b4300000)
  from space 67072K, 99% used [0x00000007b4300000,0x00000007b846e028,0x00000007b8480000)
  to   space 101376K, 0% used [0x00000007b9d00000,0x00000007b9d00000,0x00000007c0000000)
 ParOldGen       total 247296K, used 209480K [0x00000006c0c00000, 0x00000006cfd80000, 0x000000076af00000)
  object space 247296K, 84% used [0x00000006c0c00000,0x00000006cd8922c0,0x00000006cfd80000)
 Metaspace       used 54304K, capacity 54769K, committed 55344K, reserved 1097728K
  class space    used 6495K, capacity 6640K, committed 6704K, reserved 1048576K
}
Event: 243.511 GC heap before
{Heap before GC invocations=30 (full 6):
 PSYoungGen      total 1267200K, used 165290K [0x000000076af00000, 0x00000007c0000000, 0x00000007c0000000)
  eden space 1200128K, 8% used [0x000000076af00000,0x0000000770efc890,0x00000007b4300000)
  from space 67072K, 99% used [0x00000007b4300000,0x00000007b846e028,0x00000007b8480000)
  to   space 101376K, 0% used [0x00000007b9d00000,0x00000007b9d00000,0x00000007c0000000)
 ParOldGen       total 247296K, used 209480K [0x00000006c0c00000, 0x00000006cfd80000, 0x000000076af00000)
  object space 247296K, 84% used [0x00000006c0c00000,0x00000006cd8922c0,0x00000006cfd80000)
 Metaspace       used 54353K, capacity 54769K, committed 55344K, reserved 1097728K
  class space    used 6504K, capacity 6640K, committed 6704K, reserved 1048576K
Event: 243.530 GC heap after
Heap after GC invocations=30 (full 6):
 PSYoungGen      total 1286144K, used 67110K [0x000000076af00000, 0x00000007c0000000, 0x00000007c0000000)
  eden space 1184768K, 0% used [0x000000076af00000,0x000000076af00000,0x00000007b3400000)
  from space 101376K, 66% used [0x00000007b9d00000,0x00000007bde89800,0x00000007c0000000)
  to   space 104448K, 0% used [0x00000007b3400000,0x00000007b3400000,0x00000007b9a00000)
 ParOldGen       total 247296K, used 209488K [0x00000006c0c00000, 0x00000006cfd80000, 0x000000076af00000)
  object space 247296K, 84% used [0x00000006c0c00000,0x00000006cd8942c0,0x00000006cfd80000)
 Metaspace       used 54353K, capacity 54769K, committed 55344K, reserved 1097728K
  class space    used 6504K, capacity 6640K, committed 6704K, reserved 1048576K
}
Event: 243.530 GC heap before
{Heap before GC invocations=31 (full 7):
 PSYoungGen      total 1286144K, used 67110K [0x000000076af00000, 0x00000007c0000000, 0x00000007c0000000)
  eden space 1184768K, 0% used [0x000000076af00000,0x000000076af00000,0x00000007b3400000)
  from space 101376K, 66% used [0x00000007b9d00000,0x00000007bde89800,0x00000007c0000000)
  to   space 104448K, 0% used [0x00000007b3400000,0x00000007b3400000,0x00000007b9a00000)
 ParOldGen       total 247296K, used 209488K [0x00000006c0c00000, 0x00000006cfd80000, 0x000000076af00000)
  object space 247296K, 84% used [0x00000006c0c00000,0x00000006cd8942c0,0x00000006cfd80000)
 Metaspace       used 54353K, capacity 54769K, committed 55344K, reserved 1097728K
  class space    used 6504K, capacity 6640K, committed 6704K, reserved 1048576K
Event: 243.914 GC heap after
Heap after GC invocations=31 (full 7):
 PSYoungGen      total 1286144K, used 1433K [0x000000076af00000, 0x00000007c0000000, 0x00000007c0000000)
  eden space 1184768K, 0% used [0x000000076af00000,0x000000076af00000,0x00000007b3400000)
  from space 101376K, 1% used [0x00000007b9d00000,0x00000007b9e66408,0x00000007c0000000)
  to   space 104448K, 0% used [0x00000007b3400000,0x00000007b3400000,0x00000007b9a00000)
 ParOldGen       total 247296K, used 247270K [0x00000006c0c00000, 0x00000006cfd80000, 0x000000076af00000)
  object space 247296K, 99% used [0x00000006c0c00000,0x00000006cfd79af8,0x00000006cfd80000)
 Metaspace       used 54353K, capacity 54769K, committed 55344K, reserved 1097728K
  class space    used 6504K, capacity 6640K, committed 6704K, reserved 1048576K
}

Deoptimization events (10 events):
Event: 242.948 Thread 0x0000000028eaa800 Uncommon trap: reason=class_check action=maybe_recompile pc=0x00000000041d5828 method=java.util.HashSet.remove(Ljava/lang/Object;)Z @ 5
Event: 242.998 Thread 0x0000000033854000 Uncommon trap: reason=class_check action=maybe_recompile pc=0x00000000041d5828 method=java.util.HashSet.remove(Ljava/lang/Object;)Z @ 5
Event: 243.007 Thread 0x0000000033856000 Uncommon trap: reason=unstable_if action=reinterpret pc=0x0000000003683854 method=io.netty.channel.local.LocalChannel.isOpen()Z @ 5
Event: 243.035 Thread 0x0000000033858800 Uncommon trap: reason=unstable_if action=reinterpret pc=0x0000000004f767ac method=net.minecraft.world.storage.ThreadedFileIOBase.processQueue()V @ 68
Event: 243.500 Thread 0x0000000033856000 Uncommon trap: reason=unstable_if action=reinterpret pc=0x0000000002462c54 method=java.util.Formatter$FormatSpecifier.print(ILjava/util/Locale;)V @ 4
Event: 243.500 Thread 0x0000000033856000 Uncommon trap: reason=unstable_if action=reinterpret pc=0x0000000003f124a8 method=java.util.Formatter$FormatSpecifier.print(JLjava/util/Locale;)V @ 21
Event: 243.504 Thread 0x0000000033856000 Uncommon trap: reason=class_check action=maybe_recompile pc=0x0000000002975244 method=cpw.mods.fml.common.asm.transformers.deobf.FMLDeobfuscatingRemapper.map(Ljava/lang/String;)Ljava/lang/String; @ 11
Event: 243.504 Thread 0x0000000033856000 Uncommon trap: reason=class_check action=maybe_recompile pc=0x0000000002975244 method=cpw.mods.fml.common.asm.transformers.deobf.FMLDeobfuscatingRemapper.map(Ljava/lang/String;)Ljava/lang/String; @ 11
Event: 243.928 Thread 0x0000000002244800 Uncommon trap: reason=unstable_if action=reinterpret pc=0x00000000048c18f4 method=net.minecraft.util.ResourceLocation.equals(Ljava/lang/Object;)Z @ 46
Event: 250.930 Thread 0x0000000002244800 Uncommon trap: reason=unstable_if action=reinterpret pc=0x000000000295c994 method=cpw.mods.fml.relauncher.FMLSecurityManager.checkPermission(Ljava/security/Permission;)V @ 23

Internal exceptions (10 events):
Event: 242.911 Thread 0x0000000033859000 Exception <a 'java/lang/InterruptedException': sleep interrupted> (0x000000076c6bfbe0) thrown at [C:\re\workspace\8-2-build-windows-amd64-cygwin\jdk8u45\3627\hotspot\src\share\vm\prims\jvm.cpp, line 3211]
Event: 242.928 Thread 0x0000000033859000 Exception <a 'java/lang/InterruptedException': sleep interrupted> (0x000000076c6bfde0) thrown at [C:\re\workspace\8-2-build-windows-amd64-cygwin\jdk8u45\3627\hotspot\src\share\vm\prims\jvm.cpp, line 3211]
Event: 242.944 Thread 0x0000000033859000 Exception <a 'java/lang/InterruptedException': sleep interrupted> (0x000000076c6bffe0) thrown at [C:\re\workspace\8-2-build-windows-amd64-cygwin\jdk8u45\3627\hotspot\src\share\vm\prims\jvm.cpp, line 3211]
Event: 243.510 Thread 0x0000000033859000 Exception <a 'java/lang/InterruptedException': sleep interrupted> (0x000000076c6c0db8) thrown at [C:\re\workspace\8-2-build-windows-amd64-cygwin\jdk8u45\3627\hotspot\src\share\vm\prims\jvm.cpp, line 3211]
Event: 243.945 Thread 0x0000000033859000 Exception <a 'java/lang/InterruptedException': sleep interrupted> (0x000000076bda23c0) thrown at [C:\re\workspace\8-2-build-windows-amd64-cygwin\jdk8u45\3627\hotspot\src\share\vm\prims\jvm.cpp, line 3211]
Event: 243.948 Thread 0x0000000033859000 Exception <a 'java/lang/InterruptedException': sleep interrupted> (0x000000076be88138) thrown at [C:\re\workspace\8-2-build-windows-amd64-cygwin\jdk8u45\3627\hotspot\src\share\vm\prims\jvm.cpp, line 3163]
Event: 243.948 Thread 0x0000000033854800 Exception <a 'java/lang/InterruptedException': sleep interrupted> (0x000000076af00090) thrown at [C:\re\workspace\8-2-build-windows-amd64-cygwin\jdk8u45\3627\hotspot\src\share\vm\prims\jvm.cpp, line 3211]
Event: 250.647 Thread 0x0000000033859000 Exception <a 'java/lang/InterruptedException': sleep interrupted> (0x000000076be88338) thrown at [C:\re\workspace\8-2-build-windows-amd64-cygwin\jdk8u45\3627\hotspot\src\share\vm\prims\jvm.cpp, line 3211]
Event: 250.647 Thread 0x0000000033859000 Exception <a 'java/lang/InterruptedException': sleep interrupted> (0x000000076be88560) thrown at [C:\re\workspace\8-2-build-windows-amd64-cygwin\jdk8u45\3627\hotspot\src\share\vm\prims\jvm.cpp, line 3211]
Event: 250.747 Thread 0x0000000033854800 Exception <a 'java/lang/InterruptedException': sleep interrupted> (0x000000076d9b9f88) thrown at [C:\re\workspace\8-2-build-windows-amd64-cygwin\jdk8u45\3627\hotspot\src\share\vm\prims\jvm.cpp, line 3211]

Events (10 events):
Event: 250.931 loading class javax/servlet/ServletContext done
Event: 250.931 loading class javax/servlet/ServletContext
Event: 250.931 loading class javax/servlet/ServletContext done
Event: 250.931 loading class sun/java2d/pipe/hw/AccelDeviceEventNotifier
Event: 250.932 loading class sun/java2d/pipe/hw/AccelDeviceEventNotifier done
Event: 250.932 Thread 0x0000000031c43000 Thread exited: 0x0000000031c43000
Event: 250.935 Thread 0x0000000031c44800 Thread exited: 0x0000000031c44800
Event: 250.968 Thread 0x000000001e93b000 Thread exited: 0x000000001e93b000
Event: 251.032 Thread 0x0000000031c3e000 Thread exited: 0x0000000031c3e000
Event: 251.032 Executing VM operation: Exit


Dynamic libraries:
0x00007ff75e230000 - 0x00007ff75e267000 	C:\Program Files\Java\jre1.8.0_45\bin\javaw.exe
0x00007ffe04fc0000 - 0x00007ffe05181000 	C:\WINDOWS\SYSTEM32\ntdll.dll
0x00007ffe02800000 - 0x00007ffe028ad000 	C:\WINDOWS\system32\KERNEL32.DLL
0x00007ffe01670000 - 0x00007ffe01858000 	C:\WINDOWS\system32\KERNELBASE.dll
0x00007ffe04b20000 - 0x00007ffe04bc7000 	C:\WINDOWS\system32\ADVAPI32.dll
0x00007ffe04f20000 - 0x00007ffe04fbd000 	C:\WINDOWS\system32\msvcrt.dll
0x00007ffe04e80000 - 0x00007ffe04edb000 	C:\WINDOWS\system32\sechost.dll
0x00007ffe04d60000 - 0x00007ffe04e7c000 	C:\WINDOWS\system32\RPCRT4.dll
0x00007ffe04740000 - 0x00007ffe04896000 	C:\WINDOWS\system32\USER32.dll
0x00007ffe04bd0000 - 0x00007ffe04d56000 	C:\WINDOWS\system32\GDI32.dll
0x00007ffdf44c0000 - 0x00007ffdf4734000 	C:\WINDOWS\WinSxS\amd64_microsoft.windows.common-controls_6595b64144ccf1df_6.0.10586.0_none_8c15ae12515e1c22\COMCTL32.dll
0x00007ffe029a0000 - 0x00007ffe02c1d000 	C:\WINDOWS\system32\combase.dll
0x00007ffe02350000 - 0x00007ffe023ba000 	C:\WINDOWS\system32\bcryptPrimitives.dll
0x00007ffe04ee0000 - 0x00007ffe04f1b000 	C:\WINDOWS\system32\IMM32.DLL
0x0000000052d60000 - 0x0000000052e32000 	C:\Program Files\Java\jre1.8.0_45\bin\msvcr100.dll
0x0000000052f10000 - 0x0000000053793000 	C:\Program Files\Java\jre1.8.0_45\bin\server\jvm.dll
0x00007ffe02c30000 - 0x00007ffe02c38000 	C:\WINDOWS\system32\PSAPI.DLL
0x00007ffdfe750000 - 0x00007ffdfe759000 	C:\WINDOWS\SYSTEM32\WSOCK32.dll
0x00007ffe03000000 - 0x00007ffe0306b000 	C:\WINDOWS\system32\WS2_32.dll
0x00007ffdffce0000 - 0x00007ffdffd03000 	C:\WINDOWS\SYSTEM32\WINMM.dll
0x00007ffdfcbd0000 - 0x00007ffdfcbda000 	C:\WINDOWS\SYSTEM32\VERSION.dll
0x00007ffdffba0000 - 0x00007ffdffbcc000 	C:\WINDOWS\SYSTEM32\WINMMBASE.dll
0x00007ffe01ae0000 - 0x00007ffe01b23000 	C:\WINDOWS\system32\cfgmgr32.dll
0x0000000052f00000 - 0x0000000052f0f000 	C:\Program Files\Java\jre1.8.0_45\bin\verify.dll
0x0000000052ed0000 - 0x0000000052ef9000 	C:\Program Files\Java\jre1.8.0_45\bin\java.dll
0x0000000052eb0000 - 0x0000000052ec6000 	C:\Program Files\Java\jre1.8.0_45\bin\zip.dll
0x00007ffe030d0000 - 0x00007ffe0462c000 	C:\WINDOWS\system32\SHELL32.dll
0x00007ffe01b30000 - 0x00007ffe02175000 	C:\WINDOWS\system32\windows.storage.dll
0x00007ffe03070000 - 0x00007ffe030c2000 	C:\WINDOWS\system32\shlwapi.dll
0x00007ffe01660000 - 0x00007ffe0166f000 	C:\WINDOWS\system32\kernel.appcore.dll
0x00007ffe01990000 - 0x00007ffe01a45000 	C:\WINDOWS\system32\shcore.dll
0x00007ffe01610000 - 0x00007ffe0165b000 	C:\WINDOWS\system32\powrprof.dll
0x00007ffe015f0000 - 0x00007ffe01604000 	C:\WINDOWS\system32\profapi.dll
0x0000000052d50000 - 0x0000000052d5d000 	C:\Program Files\Java\jre1.8.0_45\bin\management.dll
0x0000000052e90000 - 0x0000000052eaa000 	C:\Program Files\Java\jre1.8.0_45\bin\net.dll
0x00007ffe00eb0000 - 0x00007ffe00f0c000 	C:\WINDOWS\system32\mswsock.dll
0x0000000052e70000 - 0x0000000052e81000 	C:\Program Files\Java\jre1.8.0_45\bin\nio.dll
0x00007ffdf6450000 - 0x00007ffdf6466000 	C:\WINDOWS\system32\napinsp.dll
0x00007ffdf6470000 - 0x00007ffdf648a000 	C:\WINDOWS\system32\pnrpnsp.dll
0x00007ffdfd600000 - 0x00007ffdfd618000 	C:\WINDOWS\system32\NLAapi.dll
0x00007ffdfff60000 - 0x00007ffe0000a000 	C:\WINDOWS\SYSTEM32\DNSAPI.dll
0x00007ffe023c0000 - 0x00007ffe023c8000 	C:\WINDOWS\system32\NSI.dll
0x00007ffdf66b0000 - 0x00007ffdf66bd000 	C:\WINDOWS\System32\winrnr.dll
0x00007ffdfb9d0000 - 0x00007ffdfb9da000 	C:\Windows\System32\rasadhlp.dll
0x00007ffdfe070000 - 0x00007ffdfe0a8000 	C:\WINDOWS\SYSTEM32\IPHLPAPI.DLL
0x00007ffdfbf20000 - 0x00007ffdfbf87000 	C:\WINDOWS\System32\fwpuclnt.dll
0x00007ffe01510000 - 0x00007ffe01539000 	C:\WINDOWS\SYSTEM32\bcrypt.dll
0x0000000052bb0000 - 0x0000000052d48000 	C:\Program Files\Java\jre1.8.0_45\bin\awt.dll
0x00007ffe028b0000 - 0x00007ffe02971000 	C:\WINDOWS\system32\OLEAUT32.dll
0x00007ffdffdd0000 - 0x00007ffdffe49000 	C:\WINDOWS\system32\apphelp.dll
0x00007ffe00010000 - 0x00007ffe000a6000 	C:\WINDOWS\system32\uxtheme.dll
0x00007ffe02ea0000 - 0x00007ffe02ffa000 	C:\WINDOWS\system32\MSCTF.dll
0x00007ffdebb30000 - 0x00007ffdebb58000 	C:\Program Files (x86)\Raptr\ltc_help64-106568.dll
0x00007ffe01910000 - 0x00007ffe01965000 	C:\WINDOWS\system32\WINTRUST.dll
0x00007ffe015e0000 - 0x00007ffe015f0000 	C:\WINDOWS\system32\MSASN1.dll
0x00007ffe02180000 - 0x00007ffe02347000 	C:\WINDOWS\system32\CRYPT32.dll
0x00007ffdf7ae0000 - 0x00007ffdf7b29000 	F:\Applications\TeamViewer\tv_x64.dll
0x00007ffe049d0000 - 0x00007ffe04b13000 	C:\WINDOWS\system32\ole32.dll
0x00007ffdfea30000 - 0x00007ffdfea52000 	C:\WINDOWS\system32\dwmapi.dll
0x0000000052b60000 - 0x0000000052ba7000 	C:\Program Files\Java\jre1.8.0_45\bin\fontmanager.dll
0x00007ffddb700000 - 0x00007ffddb910000 	C:\WINDOWS\system32\d3d9.dll
0x0000000052b10000 - 0x0000000052b51000 	C:\Program Files\Java\jre1.8.0_45\bin\t2k.dll
0x0000000180000000 - 0x0000000180051000 	C:\Users\Matt\.gradle\caches\minecraft\net\minecraft\minecraft_natives\1.7.10\lwjgl64.dll
0x00007ffde9fd0000 - 0x00007ffdea0f9000 	C:\WINDOWS\SYSTEM32\OPENGL32.dll
0x00007ffdf3f60000 - 0x00007ffdf3f8e000 	C:\WINDOWS\SYSTEM32\GLU32.dll
0x00007ffde0e80000 - 0x00007ffde0f7a000 	C:\WINDOWS\SYSTEM32\DDRAW.dll
0x00007ffdf7a80000 - 0x00007ffdf7a88000 	C:\WINDOWS\SYSTEM32\DCIMAN32.dll
0x00007ffe00f60000 - 0x00007ffe00f77000 	C:\WINDOWS\SYSTEM32\CRYPTSP.dll
0x00007ffe00bf0000 - 0x00007ffe00c24000 	C:\WINDOWS\system32\rsaenh.dll
0x00007ffe00d40000 - 0x00007ffe00d5f000 	C:\WINDOWS\SYSTEM32\USERENV.dll
0x00007ffe01080000 - 0x00007ffe0108b000 	C:\WINDOWS\SYSTEM32\CRYPTBASE.dll
0x00007ffdfda30000 - 0x00007ffdfda46000 	C:\WINDOWS\SYSTEM32\dhcpcsvc6.DLL
0x00007ffdfd990000 - 0x00007ffdfd9aa000 	C:\WINDOWS\SYSTEM32\dhcpcsvc.DLL
0x00007ffdfbcd0000 - 0x00007ffdfbce8000 	C:\WINDOWS\SYSTEM32\atig6pxx.dll
0x0000000050d10000 - 0x0000000052b10000 	C:\WINDOWS\SYSTEM32\atio6axx.dll
0x00007ffe023d0000 - 0x00007ffe027f9000 	C:\WINDOWS\system32\SETUPAPI.dll
0x00007ffddce30000 - 0x00007ffddcf71000 	C:\WINDOWS\SYSTEM32\atiadlxx.dll
0x00007ffdff3d0000 - 0x00007ffdff556000 	C:\WINDOWS\SYSTEM32\PROPSYS.dll
0x00007ffdff590000 - 0x00007ffdff5a3000 	C:\WINDOWS\SYSTEM32\WTSAPI32.dll
0x00007ffe000b0000 - 0x00007ffe000d7000 	C:\WINDOWS\SYSTEM32\DEVOBJ.dll
0x00007ffdf3ea0000 - 0x00007ffdf3ecc000 	C:\WINDOWS\SYSTEM32\atig6txx.dll
0x00007ffde0bb0000 - 0x00007ffde0c41000 	C:\WINDOWS\SYSTEM32\mscms.dll
0x00007ffdf39d0000 - 0x00007ffdf3a12000 	C:\WINDOWS\SYSTEM32\icm32.dll
0x0000000070a40000 - 0x0000000070adc000 	C:\Users\Matt\.gradle\caches\minecraft\net\minecraft\minecraft_natives\1.7.10\avutil-ttv-51.dll
0x0000000065980000 - 0x00000000659d6000 	C:\Users\Matt\.gradle\caches\minecraft\net\minecraft\minecraft_natives\1.7.10\swresample-ttv-0.dll
0x000000006eb80000 - 0x000000006ec50000 	C:\Users\Matt\.gradle\caches\minecraft\net\minecraft\minecraft_natives\1.7.10\libmp3lame-ttv.dll
0x00007ffdcf080000 - 0x00007ffdd0424000 	C:\Users\Matt\.gradle\caches\minecraft\net\minecraft\minecraft_natives\1.7.10\libmfxsw64.dll
0x00007ffde9ea0000 - 0x00007ffde9fcb000 	C:\Users\Matt\.gradle\caches\minecraft\net\minecraft\minecraft_natives\1.7.10\twitchsdk.dll
0x00007ffdf0ca0000 - 0x00007ffdf0f49000 	C:\WINDOWS\SYSTEM32\WININET.dll
0x0000000052e40000 - 0x0000000052e64000 	C:\Program Files\Java\jre1.8.0_45\bin\sunec.dll
0x0000000027960000 - 0x00000000279c4000 	C:\Users\Matt\.gradle\caches\minecraft\net\minecraft\minecraft_natives\1.7.10\OpenAL64.dll
0x00007ffe02df0000 - 0x00007ffe02e97000 	C:\WINDOWS\system32\clbcatq.dll
0x00007ffdfca90000 - 0x00007ffdfcb00000 	C:\WINDOWS\System32\MMDevApi.dll
0x00007ffde44c0000 - 0x00007ffde455c000 	C:\WINDOWS\SYSTEM32\dsound.dll
0x00007ffde4650000 - 0x00007ffde46d8000 	C:\WINDOWS\SYSTEM32\AUDIOSES.DLL
0x00007ffdfa640000 - 0x00007ffdfa776000 	C:\WINDOWS\SYSTEM32\wintypes.dll
0x00007ffe02980000 - 0x00007ffe0299c000 	C:\WINDOWS\system32\imagehlp.dll
0x00007ffe005d0000 - 0x00007ffe005f4000 	C:\WINDOWS\SYSTEM32\gpapi.dll
0x00007ffdf8df0000 - 0x00007ffdf8e1f000 	C:\Windows\System32\cryptnet.dll
0x00007ffdfddd0000 - 0x00007ffdfdddb000 	C:\WINDOWS\SYSTEM32\WINNSI.DLL
0x00007ffde99b0000 - 0x00007ffde9bf8000 	C:\PROGRA~2\Raptr\ltc_game64-106568.dll
0x00007ffdfce90000 - 0x00007ffdfd01c000 	C:\WINDOWS\SYSTEM32\dbghelp.dll

VM Arguments:
jvm_args: -Dfile.encoding=Cp1252 
java_command: GradleStart
java_class_path (initial): F:\Minecraft Mods\Armerger\bin;C:\Users\Matt\.gradle\caches\minecraft\net\minecraftforge\forge\1.7.10-10.13.4.1481-1.7.10\forgeSrc-1.7.10-10.13.4.1481-1.7.10.jar;C:\Users\Matt\.gradle\caches\modules-2\files-2.1\net.minecraft\launchwrapper\1.12\111e7bea9c968cdb3d06ef4632bf7ff0824d0f36\launchwrapper-1.12.jar;C:\Users\Matt\.gradle\caches\modules-2\files-2.1\com.google.code.findbugs\jsr305\1.3.9\40719ea6961c0cb6afaeb6a921eaa1f6afd4cfdf\jsr305-1.3.9.jar;C:\Users\Matt\.gradle\caches\modules-2\files-2.1\org.ow2.asm\asm-debug-all\5.0.3\f9e364ae2a66ce2a543012a4668856e84e5dab74\asm-debug-all-5.0.3.jar;C:\Users\Matt\.gradle\caches\modules-2\files-2.1\com.typesafe.akka\akka-actor_2.11\2.3.3\ed62e9fc709ca0f2ff1a3220daa8b70a2870078e\akka-actor_2.11-2.3.3.jar;C:\Users\Matt\.gradle\caches\modules-2\files-2.1\com.typesafe\config\1.2.1\f771f71fdae3df231bcd54d5ca2d57f0bf93f467\config-1.2.1.jar;C:\Users\Matt\.gradle\caches\modules-2\files-2.1\org.scala-lang\scala-actors-migration_2.11\1.1.0\dfa8bc42b181d5b9f1a5dd147f8ae308b893eb6f\scala-actors-migration_2.11-1.1.0.jar;C:\Users\Matt\.gradle\caches\modules-2\files-2.1\org.scala-lang\scala-compiler\2.11.1\56ea2e6c025e0821f28d73ca271218b8dd04926a\scala-compiler-2.11.1.jar;C:\Users\Matt\.gradle\caches\modules-2\files-2.1\org.scala-lang.plugins\scala-continuations-library_2.11\1.0.2\e517c53a7e9acd6b1668c5a35eccbaa3bab9aac\scala-continuations-library_2.11-1.0.2.jar;C:\Users\Matt\.gradle\caches\modules-2\files-2.1\org.scala-lang.plugins\scala-continuations-plugin_2.11.1\1.0.2\f361a3283452c57fa30c1ee69448995de23c60f7\scala-continuations-plugin_2.11.1-1.0.2.jar;C:\Users\Matt\.gradle\caches\modules-2\files-2.1\org.scala-lang\scala-library\2.11.1\e11da23da3eabab9f4777b9220e60d44c1aab6a\scala-library-2.11.1.jar;C:\Users\Matt\.gradle\caches\modules-2\files-2.1\org.scala-lang\scala-parser-combinators_2.11\1.0.1\f05d7345bf5a58924f2837c6c1f4d73a938e1ff0\scala-parser-combinators_2.11-1.0.1.jar;C:\Users\Matt\.gradle\caches\mo
Launcher Type: SUN_STANDARD

Environment Variables:
JAVA_HOME=C:\Program Files\Java\jdk1.8.0_45
PATH=C:/Program Files/Java/jre1.8.0_45/bin/server;C:/Program Files/Java/jre1.8.0_45/bin;C:/Program Files/Java/jre1.8.0_45/lib/amd64;C:\ProgramData\Oracle\Java\javapath;C:\WINDOWS\system32;C:\WINDOWS;C:\WINDOWS\System32\Wbem;C:\WINDOWS\System32\WindowsPowerShell\v1.0\;C:\Program Files (x86)\ATI Technologies\ATI.ACE\Core-Static;C:\Program Files\Microsoft\Web Platform Installer\;C:\Program Files (x86)\Microsoft ASP.NET\ASP.NET Web Pages\v1.0\;C:\Program Files (x86)\Windows Kits\8.0\Windows Performance Toolkit\;C:\Program Files\Microsoft SQL Server\110\Tools\Binn\;F:\Applications\TortoiseSVN\bin;C:\Program Files (x86)\AMD\ATI.ACE\Core-Static;C:\Program Files (x86)\Skype\Phone\;C:\Program Files\nodejs\;C:\Program Files\Java\jdk1.8.0_45\bin;C:\Users\Matt\AppData\Roaming\npm;F:\Applications\Eclipse\eclipse;
USERNAME=Matt
OS=Windows_NT
PROCESSOR_IDENTIFIER=Intel64 Family 6 Model 60 Stepping 3, GenuineIntel



---------------  S Y S T E M  ---------------

OS: Windows 10.0 , 64 bit Build 10586 (10.0.10586.0)

CPU:total 4 (4 cores per cpu, 1 threads per core) family 6 model 60 stepping 3, cmov, cx8, fxsr, mmx, sse, sse2, sse3, ssse3, sse4.1, sse4.2, popcnt, avx, avx2, aes, clmul, erms, lzcnt, tsc, tscinvbit, bmi1, bmi2

Memory: 4k page, physical 16723940k(8979684k free), swap 19214308k(8433560k free)

vm_info: Java HotSpot(TM) 64-Bit Server VM (25.45-b02) for windows-amd64 JRE (1.8.0_45-b15), built on Apr 30 2015 12:40:44 by "java_re" with MS VC++ 10.0 (VS2010)

time: Tue Feb 16 16:37:26 2016
elapsed time: 251 seconds (0d 0h 4m 11s)

