#
# A fatal error has been detected by the Java Runtime Environment:
#
#  EXCEPTION_ACCESS_VIOLATION (0xc0000005) at pc=0x00007ffdea1f2224, pid=13712, tid=2528
#
# JRE version: Java(TM) SE Runtime Environment (8.0_45-b15) (build 1.8.0_45-b15)
# Java VM: Java HotSpot(TM) 64-Bit Server VM (25.45-b02 mixed mode windows-amd64 compressed oops)
# Problematic frame:
# C  [OPENGL32.dll+0xe2224]
#
# Failed to write core dump. Minidumps are not enabled by default on client versions of Windows
#
# If you would like to submit a bug report, please visit:
#   http://bugreport.java.com/bugreport/crash.jsp
#

---------------  T H R E A D  ---------------

Current thread (0x000000001ba27800):  VMThread [stack: 0x000000001cac0000,0x000000001cbc0000] [id=2528]

siginfo: ExceptionCode=0xc0000005, reading address 0x0000000000000a38

Registers:
RAX=0x0000000000000000, RBX=0x000000002b634340, RCX=0x0000000000000001, RDX=0x000000002b634348
RSP=0x000000001cbbf4d8, RBP=0x0000000000000000, RSI=0x000000002b635f90, RDI=0x000000002b635f90
R8 =0x000000001cbbf558, R9 =0x00000000023a6080, R10=0x0000000000000000, R11=0x0000000000000246
R12=0x0000000000000000, R13=0x000000002b628cc0, R14=0x000000002b628b70, R15=0x0000000000000000
RIP=0x00007ffdea1f2224, EFLAGS=0x0000000000010283

Top of Stack: (sp=0x000000001cbbf4d8)
0x000000001cbbf4d8:   00007ffde55b244b 000000002b628cc0
0x000000001cbbf4e8:   0000000000000001 000000002b620000
0x000000001cbbf4f8:   00007ffe04fe0a19 0000000000000000
0x000000001cbbf508:   00007ffde55b7f17 0000000000000000
0x000000001cbbf518:   0000000000000000 000000002b628ca0
0x000000001cbbf528:   00007ffde55b7283 fffffffffffffffe
0x000000001cbbf538:   000000001cbbf5a0 0000000000000000
0x000000001cbbf548:   00007ffde55b87c9 000000002b635f90
0x000000001cbbf558:   000000002b6302c0 00000000023a6080
0x000000001cbbf568:   00007ffde5635700 fffffffffffffffe
0x000000001cbbf578:   000000002b62b1c0 0000000000000001
0x000000001cbbf588:   000000002b628c98 000000002b628b70
0x000000001cbbf598:   00007ffde563d7ad 00007ffde57765b0
0x000000001cbbf5a8:   00007ffde56a1930 00000000023a6080
0x000000001cbbf5b8:   00007ffe04fe09fd 000000002b628c98
0x000000001cbbf5c8:   000000002b628b70 000000002b628b70 

Instructions: (pc=0x00007ffdea1f2224)
0x00007ffdea1f2204:   cc cc cc cc cc cc 66 0f 1f 44 00 00 8b 05 f2 7d
0x00007ffdea1f2214:   01 00 83 f8 40 73 0f 65 48 8b 04 c5 80 14 00 00
0x00007ffdea1f2224:   ff a0 38 0a 00 00 b8 47 01 00 00 e9 ec d4 ff ff
0x00007ffdea1f2234:   cc cc cc cc cc cc 66 0f 1f 44 00 00 8b 05 c2 7d 


Register to memory mapping:

RAX=0x0000000000000000 is an unknown value
RBX=0x000000002b634340 is an unknown value
RCX=0x0000000000000001 is an unknown value
RDX=0x000000002b634348 is an unknown value
RSP=0x000000001cbbf4d8 is an unknown value
RBP=0x0000000000000000 is an unknown value
RSI=0x000000002b635f90 is an unknown value
RDI=0x000000002b635f90 is an unknown value
R8 =0x000000001cbbf558 is an unknown value
R9 =0x00000000023a6080 is an unknown value
R10=0x0000000000000000 is an unknown value
R11=0x0000000000000246 is an unknown value
R12=0x0000000000000000 is an unknown value
R13=0x000000002b628cc0 is an unknown value
R14=0x000000002b628b70 is an unknown value
R15=0x0000000000000000 is an unknown value


Stack: [0x000000001cac0000,0x000000001cbc0000],  sp=0x000000001cbbf4d8,  free space=1021k
Native frames: (J=compiled Java code, j=interpreted, Vv=VM code, C=native code)

VM_Operation (0x00000000022fe6d0): Exit, mode: safepoint, requested by thread 0x0000000002304800


---------------  P R O C E S S  ---------------

Java Threads: ( => current thread )
  0x0000000034409800 JavaThread "AWT-Shutdown" [_thread_blocked, id=7440, stack(0x00000000472d0000,0x00000000473d0000)]
  0x00000000343fd800 JavaThread "File IO Thread" [_thread_blocked, id=4028, stack(0x000000003bad0000,0x000000003bbd0000)]
  0x00000000343ff800 JavaThread "pool-2-thread-1" [_thread_blocked, id=7600, stack(0x000000003add0000,0x000000003aed0000)]
  0x00000000343fe000 JavaThread "Netty IO #1" daemon [_thread_in_native, id=4128, stack(0x000000003a470000,0x000000003a570000)]
  0x000000001e2af000 JavaThread "Netty Client IO #0" daemon [_thread_in_native, id=6900, stack(0x000000003a370000,0x000000003a470000)]
  0x000000001e2ad800 JavaThread "Netty IO #0" daemon [_thread_in_native, id=10624, stack(0x000000003a270000,0x000000003a370000)]
  0x000000001ded3800 JavaThread "LWJGL Timer" daemon [_thread_blocked, id=9356, stack(0x0000000030a80000,0x0000000030b80000)]
  0x000000001d69f800 JavaThread "Timer hack thread" daemon [_thread_blocked, id=2904, stack(0x000000002a490000,0x000000002a590000)]
  0x0000000028460800 JavaThread "Snooper Timer" daemon [_thread_blocked, id=220, stack(0x0000000027600000,0x0000000027700000)]
  0x000000001e0ec000 JavaThread "Java2D Disposer" daemon [_thread_blocked, id=4032, stack(0x00000000201c0000,0x00000000202c0000)]
  0x000000001babe800 JavaThread "Service Thread" daemon [_thread_blocked, id=13912, stack(0x000000001d6c0000,0x000000001d7c0000)]
  0x000000001ba6c800 JavaThread "C1 CompilerThread2" daemon [_thread_blocked, id=1516, stack(0x000000001d1c0000,0x000000001d2c0000)]
  0x000000001ba66000 JavaThread "C2 CompilerThread1" daemon [_thread_blocked, id=11872, stack(0x000000001d0c0000,0x000000001d1c0000)]
  0x000000001ba63000 JavaThread "C2 CompilerThread0" daemon [_thread_blocked, id=4404, stack(0x000000001cfc0000,0x000000001d0c0000)]
  0x000000001ba62000 JavaThread "Attach Listener" daemon [_thread_blocked, id=6428, stack(0x000000001cec0000,0x000000001cfc0000)]
  0x000000001ba61000 JavaThread "Signal Dispatcher" daemon [_thread_blocked, id=760, stack(0x000000001cdc0000,0x000000001cec0000)]
  0x00000000023fb800 JavaThread "Finalizer" daemon [_thread_blocked, id=8796, stack(0x000000001ccc0000,0x000000001cdc0000)]
  0x00000000023f3000 JavaThread "Reference Handler" daemon [_thread_blocked, id=396, stack(0x000000001cbc0000,0x000000001ccc0000)]
  0x0000000002304800 JavaThread "Client thread" [_thread_blocked, id=6908, stack(0x0000000002200000,0x0000000002300000)]

Other Threads:
=>0x000000001ba27800 VMThread [stack: 0x000000001cac0000,0x000000001cbc0000] [id=2528]

VM state:at safepoint (shutting down)

VM Mutex/Monitor currently owned by a thread:  ([mutex/lock_event])
[0x0000000002301cd0] Threads_lock - owner thread: 0x000000001ba27800

Heap:
 PSYoungGen      total 1174528K, used 58669K [0x000000076af00000, 0x00000007c0000000, 0x00000007c0000000)
  eden space 1096192K, 5% used [0x000000076af00000,0x000000076e84b638,0x00000007add80000)
  from space 78336K, 0% used [0x00000007add80000,0x00000007add80000,0x00000007b2a00000)
  to   space 83456K, 0% used [0x00000007bae80000,0x00000007bae80000,0x00000007c0000000)
 ParOldGen       total 260096K, used 237278K [0x00000006c0c00000, 0x00000006d0a00000, 0x000000076af00000)
  object space 260096K, 91% used [0x00000006c0c00000,0x00000006cf3b7a40,0x00000006d0a00000)
 Metaspace       used 53335K, capacity 53707K, committed 54320K, reserved 1097728K
  class space    used 6476K, capacity 6607K, committed 6704K, reserved 1048576K

Card table byte_map: [0x00000000117c0000,0x0000000011fc0000] byte_map_base: 0x000000000e1ba000

Marking Bits: (ParMarkBitMap*) 0x0000000053714040
 Begin Bits: [0x0000000012920000, 0x00000000168f0000)
 End Bits:   [0x00000000168f0000, 0x000000001a8c0000)

Polling page: 0x0000000000520000

CodeCache: size=245760Kb used=39419Kb max_used=39431Kb free=206340Kb
 bounds [0x0000000002400000, 0x0000000004b00000, 0x0000000011400000]
 total_blobs=9862 nmethods=8916 adapters=856
 compilation: enabled

Compilation events (10 events):
Event: 66.852 Thread 0x000000001ba6c800 12842       3       org.apache.logging.log4j.core.helpers.NameUtil::getSubName (32 bytes)
Event: 66.853 Thread 0x000000001ba6c800 nmethod 12842 0x00000000042a9650 code [0x00000000042a97e0, 0x00000000042a9d78]
Event: 66.853 Thread 0x000000001ba6c800 12843       1       org.apache.logging.log4j.core.config.LoggerConfig::getLevel (5 bytes)
Event: 66.853 Thread 0x000000001ba6c800 nmethod 12843 0x0000000003165d10 code [0x0000000003165e60, 0x0000000003165f70]
Event: 66.853 Thread 0x000000001ba6c800 12844       3       java.util.logging.LogManager$LoggerContext::getRootLogger (8 bytes)
Event: 66.854 Thread 0x000000001ba6c800 nmethod 12844 0x0000000003c76d50 code [0x0000000003c76ea0, 0x0000000003c770b0]
Event: 66.854 Thread 0x000000001ba6c800 12846       3       cpw.mods.fml.relauncher.FMLSecurityManager::checkPermission (150 bytes)
Event: 66.854 Thread 0x000000001ba6c800 nmethod 12846 0x0000000003bd1fd0 code [0x0000000003bd2240, 0x0000000003bd3458]
Event: 66.854 Thread 0x000000001ba6c800 12845       3       java.util.logging.LogManager$LoggerContext::getGlobalLogger (6 bytes)
Event: 66.854 Thread 0x000000001ba6c800 nmethod 12845 0x0000000003328e90 code [0x0000000003328fe0, 0x0000000003329130]

GC Heap History (10 events):
Event: 26.633 GC heap before
{Heap before GC invocations=22 (full 5):
 PSYoungGen      total 1165312K, used 605777K [0x000000076af00000, 0x00000007b6300000, 0x00000007c0000000)
  eden space 1100800K, 55% used [0x000000076af00000,0x000000078fe946f0,0x00000007ae200000)
  from space 64512K, 0% used [0x00000007b2200000,0x00000007b2200000,0x00000007b6100000)
  to   space 65536K, 0% used [0x00000007ae200000,0x00000007ae200000,0x00000007b2200000)
 ParOldGen       total 260096K, used 142659K [0x00000006c0c00000, 0x00000006d0a00000, 0x000000076af00000)
  object space 260096K, 54% used [0x00000006c0c00000,0x00000006c9750f90,0x00000006d0a00000)
 Metaspace       used 49319K, capacity 49747K, committed 50224K, reserved 1093632K
  class space    used 6235K, capacity 6379K, committed 6448K, reserved 1048576K
Event: 26.650 GC heap after
Heap after GC invocations=22 (full 5):
 PSYoungGen      total 1166336K, used 54226K [0x000000076af00000, 0x00000007b7100000, 0x00000007c0000000)
  eden space 1100800K, 0% used [0x000000076af00000,0x000000076af00000,0x00000007ae200000)
  from space 65536K, 82% used [0x00000007ae200000,0x00000007b16f4818,0x00000007b2200000)
  to   space 72704K, 0% used [0x00000007b2a00000,0x00000007b2a00000,0x00000007b7100000)
 ParOldGen       total 260096K, used 142667K [0x00000006c0c00000, 0x00000006d0a00000, 0x000000076af00000)
  object space 260096K, 54% used [0x00000006c0c00000,0x00000006c9752f90,0x00000006d0a00000)
 Metaspace       used 49319K, capacity 49747K, committed 50224K, reserved 1093632K
  class space    used 6235K, capacity 6379K, committed 6448K, reserved 1048576K
}
Event: 26.650 GC heap before
{Heap before GC invocations=23 (full 6):
 PSYoungGen      total 1166336K, used 54226K [0x000000076af00000, 0x00000007b7100000, 0x00000007c0000000)
  eden space 1100800K, 0% used [0x000000076af00000,0x000000076af00000,0x00000007ae200000)
  from space 65536K, 82% used [0x00000007ae200000,0x00000007b16f4818,0x00000007b2200000)
  to   space 72704K, 0% used [0x00000007b2a00000,0x00000007b2a00000,0x00000007b7100000)
 ParOldGen       total 260096K, used 142667K [0x00000006c0c00000, 0x00000006d0a00000, 0x000000076af00000)
  object space 260096K, 54% used [0x00000006c0c00000,0x00000006c9752f90,0x00000006d0a00000)
 Metaspace       used 49319K, capacity 49747K, committed 50224K, reserved 1093632K
  class space    used 6235K, capacity 6379K, committed 6448K, reserved 1048576K
Event: 27.169 GC heap after
Heap after GC invocations=23 (full 6):
 PSYoungGen      total 1166336K, used 0K [0x000000076af00000, 0x00000007b7100000, 0x00000007c0000000)
  eden space 1100800K, 0% used [0x000000076af00000,0x000000076af00000,0x00000007ae200000)
  from space 65536K, 0% used [0x00000007ae200000,0x00000007ae200000,0x00000007b2200000)
  to   space 72704K, 0% used [0x00000007b2a00000,0x00000007b2a00000,0x00000007b7100000)
 ParOldGen       total 260096K, used 190880K [0x00000006c0c00000, 0x00000006d0a00000, 0x000000076af00000)
  object space 260096K, 73% used [0x00000006c0c00000,0x00000006cc668358,0x00000006d0a00000)
 Metaspace       used 49319K, capacity 49747K, committed 50224K, reserved 1093632K
  class space    used 6235K, capacity 6379K, committed 6448K, reserved 1048576K
}
Event: 49.344 GC heap before
{Heap before GC invocations=24 (full 6):
 PSYoungGen      total 1166336K, used 1100800K [0x000000076af00000, 0x00000007b7100000, 0x00000007c0000000)
  eden space 1100800K, 100% used [0x000000076af00000,0x00000007ae200000,0x00000007ae200000)
  from space 65536K, 0% used [0x00000007ae200000,0x00000007ae200000,0x00000007b2200000)
  to   space 72704K, 0% used [0x00000007b2a00000,0x00000007b2a00000,0x00000007b7100000)
 ParOldGen       total 260096K, used 190880K [0x00000006c0c00000, 0x00000006d0a00000, 0x000000076af00000)
  object space 260096K, 73% used [0x00000006c0c00000,0x00000006cc668358,0x00000006d0a00000)
 Metaspace       used 53121K, capacity 53579K, committed 54064K, reserved 1097728K
  class space    used 6463K, capacity 6607K, committed 6704K, reserved 1048576K
Event: 49.360 GC heap after
Heap after GC invocations=24 (full 6):
 PSYoungGen      total 1168896K, used 54603K [0x000000076af00000, 0x00000007c0000000, 0x00000007c0000000)
  eden space 1096192K, 0% used [0x000000076af00000,0x000000076af00000,0x00000007add80000)
  from space 72704K, 75% used [0x00000007b2a00000,0x00000007b5f52c28,0x00000007b7100000)
  to   space 78336K, 0% used [0x00000007add80000,0x00000007add80000,0x00000007b2a00000)
 ParOldGen       total 260096K, used 190888K [0x00000006c0c00000, 0x00000006d0a00000, 0x000000076af00000)
  object space 260096K, 73% used [0x00000006c0c00000,0x00000006cc66a358,0x00000006d0a00000)
 Metaspace       used 53121K, capacity 53579K, committed 54064K, reserved 1097728K
  class space    used 6463K, capacity 6607K, committed 6704K, reserved 1048576K
}
Event: 61.982 GC heap before
{Heap before GC invocations=25 (full 6):
 PSYoungGen      total 1168896K, used 265182K [0x000000076af00000, 0x00000007c0000000, 0x00000007c0000000)
  eden space 1096192K, 19% used [0x000000076af00000,0x0000000777ca4d50,0x00000007add80000)
  from space 72704K, 75% used [0x00000007b2a00000,0x00000007b5f52c28,0x00000007b7100000)
  to   space 78336K, 0% used [0x00000007add80000,0x00000007add80000,0x00000007b2a00000)
 ParOldGen       total 260096K, used 190888K [0x00000006c0c00000, 0x00000006d0a00000, 0x000000076af00000)
  object space 260096K, 73% used [0x00000006c0c00000,0x00000006cc66a358,0x00000006d0a00000)
 Metaspace       used 53310K, capacity 53707K, committed 54320K, reserved 1097728K
  class space    used 6473K, capacity 6607K, committed 6704K, reserved 1048576K
Event: 62.002 GC heap after
Heap after GC invocations=25 (full 6):
 PSYoungGen      total 1174528K, used 56199K [0x000000076af00000, 0x00000007c0000000, 0x00000007c0000000)
  eden space 1096192K, 0% used [0x000000076af00000,0x000000076af00000,0x00000007add80000)
  from space 78336K, 71% used [0x00000007add80000,0x00000007b1461f80,0x00000007b2a00000)
  to   space 83456K, 0% used [0x00000007bae80000,0x00000007bae80000,0x00000007c0000000)
 ParOldGen       total 260096K, used 190896K [0x00000006c0c00000, 0x00000006d0a00000, 0x000000076af00000)
  object space 260096K, 73% used [0x00000006c0c00000,0x00000006cc66c358,0x00000006d0a00000)
 Metaspace       used 53310K, capacity 53707K, committed 54320K, reserved 1097728K
  class space    used 6473K, capacity 6607K, committed 6704K, reserved 1048576K
}
Event: 62.002 GC heap before
{Heap before GC invocations=26 (full 7):
 PSYoungGen      total 1174528K, used 56199K [0x000000076af00000, 0x00000007c0000000, 0x00000007c0000000)
  eden space 1096192K, 0% used [0x000000076af00000,0x000000076af00000,0x00000007add80000)
  from space 78336K, 71% used [0x00000007add80000,0x00000007b1461f80,0x00000007b2a00000)
  to   space 83456K, 0% used [0x00000007bae80000,0x00000007bae80000,0x00000007c0000000)
 ParOldGen       total 260096K, used 190896K [0x00000006c0c00000, 0x00000006d0a00000, 0x000000076af00000)
  object space 260096K, 73% used [0x00000006c0c00000,0x00000006cc66c358,0x00000006d0a00000)
 Metaspace       used 53310K, capacity 53707K, committed 54320K, reserved 1097728K
  class space    used 6473K, capacity 6607K, committed 6704K, reserved 1048576K
Event: 62.394 GC heap after
Heap after GC invocations=26 (full 7):
 PSYoungGen      total 1174528K, used 0K [0x000000076af00000, 0x00000007c0000000, 0x00000007c0000000)
  eden space 1096192K, 0% used [0x000000076af00000,0x000000076af00000,0x00000007add80000)
  from space 78336K, 0% used [0x00000007add80000,0x00000007add80000,0x00000007b2a00000)
  to   space 83456K, 0% used [0x00000007bae80000,0x00000007bae80000,0x00000007c0000000)
 ParOldGen       total 260096K, used 237278K [0x00000006c0c00000, 0x00000006d0a00000, 0x000000076af00000)
  object space 260096K, 91% used [0x00000006c0c00000,0x00000006cf3b7a40,0x00000006d0a00000)
 Metaspace       used 53310K, capacity 53707K, committed 54320K, reserved 1097728K
  class space    used 6473K, capacity 6607K, committed 6704K, reserved 1048576K
}

Deoptimization events (10 events):
Event: 61.920 Thread 0x00000000343fe000 Uncommon trap: reason=unstable_if action=reinterpret pc=0x000000000384c6f4 method=io.netty.channel.nio.NioEventLoop.wakeup(Z)V @ 1
Event: 61.920 Thread 0x000000001e2af000 Uncommon trap: reason=class_check action=maybe_recompile pc=0x000000000479dc24 method=java.util.HashSet.remove(Ljava/lang/Object;)Z @ 5
Event: 61.920 Thread 0x00000000343fe000 Uncommon trap: reason=class_check action=maybe_recompile pc=0x000000000479dc24 method=java.util.HashSet.remove(Ljava/lang/Object;)Z @ 5
Event: 61.936 Thread 0x000000001e2ad800 Uncommon trap: reason=unstable_if action=reinterpret pc=0x0000000004744910 method=io.netty.util.concurrent.DefaultPromise.hasWaiters()Z @ 4
Event: 61.936 Thread 0x000000001e2ad800 Uncommon trap: reason=class_check action=maybe_recompile pc=0x000000000479dc24 method=java.util.HashSet.remove(Ljava/lang/Object;)Z @ 5
Event: 61.943 Thread 0x000000001e2ad000 Uncommon trap: reason=unstable_if action=reinterpret pc=0x0000000004752ebc method=io.netty.channel.local.LocalChannel.isOpen()Z @ 5
Event: 61.956 Thread 0x000000001e2ad000 Uncommon trap: reason=unstable_if action=reinterpret pc=0x0000000002c2a1bc method=java.util.concurrent.locks.ReentrantLock$Sync.tryRelease(I)Z @ 28
Event: 62.400 Thread 0x0000000002304800 Uncommon trap: reason=unstable_if action=reinterpret pc=0x00000000035d3474 method=net.minecraft.util.ResourceLocation.equals(Ljava/lang/Object;)Z @ 46
Event: 62.411 Thread 0x000000001e2b0000 Uncommon trap: reason=predicate action=maybe_recompile pc=0x0000000004019dac method=java.util.LinkedList.indexOf(Ljava/lang/Object;)I @ 47
Event: 66.850 Thread 0x0000000002304800 Uncommon trap: reason=unstable_if action=reinterpret pc=0x0000000002a3ec14 method=cpw.mods.fml.relauncher.FMLSecurityManager.checkPermission(Ljava/security/Permission;)V @ 23

Internal exceptions (10 events):
Event: 61.899 Thread 0x000000001e2b0000 Exception <a 'java/lang/InterruptedException': sleep interrupted> (0x00000007768f7510) thrown at [C:\re\workspace\8-2-build-windows-amd64-cygwin\jdk8u45\3627\hotspot\src\share\vm\prims\jvm.cpp, line 3211]
Event: 61.917 Thread 0x000000001e2b0000 Exception <a 'java/lang/InterruptedException': sleep interrupted> (0x00000007768f7710) thrown at [C:\re\workspace\8-2-build-windows-amd64-cygwin\jdk8u45\3627\hotspot\src\share\vm\prims\jvm.cpp, line 3211]
Event: 61.917 Thread 0x000000001e2b0000 Exception <a 'java/lang/InterruptedException': sleep interrupted> (0x00000007768f84e8) thrown at [C:\re\workspace\8-2-build-windows-amd64-cygwin\jdk8u45\3627\hotspot\src\share\vm\prims\jvm.cpp, line 3163]
Event: 61.982 Thread 0x000000001e2b0000 Exception <a 'java/lang/InterruptedException': sleep interrupted> (0x00000007768f86e8) thrown at [C:\re\workspace\8-2-build-windows-amd64-cygwin\jdk8u45\3627\hotspot\src\share\vm\prims\jvm.cpp, line 3211]
Event: 62.408 Thread 0x000000001e2b0000 Exception <a 'java/lang/InterruptedException': sleep interrupted> (0x000000076c5f0a68) thrown at [C:\re\workspace\8-2-build-windows-amd64-cygwin\jdk8u45\3627\hotspot\src\share\vm\prims\jvm.cpp, line 3211]
Event: 62.411 Thread 0x000000001e2b0000 Exception <a 'java/lang/InterruptedException': sleep interrupted> (0x000000076c6d6768) thrown at [C:\re\workspace\8-2-build-windows-amd64-cygwin\jdk8u45\3627\hotspot\src\share\vm\prims\jvm.cpp, line 3163]
Event: 62.411 Thread 0x000000001e2b0800 Exception <a 'java/lang/InterruptedException': sleep interrupted> (0x000000076b256fd0) thrown at [C:\re\workspace\8-2-build-windows-amd64-cygwin\jdk8u45\3627\hotspot\src\share\vm\prims\jvm.cpp, line 3211]
Event: 66.622 Thread 0x000000001e2b0000 Exception <a 'java/lang/InterruptedException': sleep interrupted> (0x000000076c6d6968) thrown at [C:\re\workspace\8-2-build-windows-amd64-cygwin\jdk8u45\3627\hotspot\src\share\vm\prims\jvm.cpp, line 3211]
Event: 66.623 Thread 0x000000001e2b0000 Exception <a 'java/lang/InterruptedException': sleep interrupted> (0x000000076c6d6b68) thrown at [C:\re\workspace\8-2-build-windows-amd64-cygwin\jdk8u45\3627\hotspot\src\share\vm\prims\jvm.cpp, line 3211]
Event: 66.723 Thread 0x000000001e2b0800 Exception <a 'java/lang/InterruptedException': sleep interrupted> (0x000000076d84c8b8) thrown at [C:\re\workspace\8-2-build-windows-amd64-cygwin\jdk8u45\3627\hotspot\src\share\vm\prims\jvm.cpp, line 3211]

Events (10 events):
Event: 66.852 loading class javax/servlet/ServletContext done
Event: 66.852 Thread 0x0000000034407800 Thread exited: 0x0000000034407800
Event: 66.853 Thread 0x0000000034408000 Thread exited: 0x0000000034408000
Event: 66.853 Thread 0x0000000034409000 Thread exited: 0x0000000034409000
Event: 66.854 loading class sun/java2d/pipe/hw/AccelDeviceEventNotifier
Event: 66.854 loading class sun/java2d/pipe/hw/AccelDeviceEventNotifier done
Event: 66.857 Thread 0x00000000343ff000 Thread exited: 0x00000000343ff000
Event: 66.886 Thread 0x000000001e0f3800 Thread exited: 0x000000001e0f3800
Event: 66.954 Thread 0x0000000034401000 Thread exited: 0x0000000034401000
Event: 66.954 Executing VM operation: Exit


Dynamic libraries:
0x00007ff75e230000 - 0x00007ff75e267000 	C:\Program Files\Java\jre1.8.0_45\bin\javaw.exe
0x00007ffe04fc0000 - 0x00007ffe05181000 	C:\WINDOWS\SYSTEM32\ntdll.dll
0x00007ffe02800000 - 0x00007ffe028ad000 	C:\WINDOWS\system32\KERNEL32.DLL
0x00007ffe01670000 - 0x00007ffe01858000 	C:\WINDOWS\system32\KERNELBASE.dll
0x00007ffe04b20000 - 0x00007ffe04bc7000 	C:\WINDOWS\system32\ADVAPI32.dll
0x00007ffe04f20000 - 0x00007ffe04fbd000 	C:\WINDOWS\system32\msvcrt.dll
0x00007ffe04e80000 - 0x00007ffe04edb000 	C:\WINDOWS\system32\sechost.dll
0x00007ffe04d60000 - 0x00007ffe04e7c000 	C:\WINDOWS\system32\RPCRT4.dll
0x00007ffe04740000 - 0x00007ffe04896000 	C:\WINDOWS\system32\USER32.dll
0x00007ffe04bd0000 - 0x00007ffe04d56000 	C:\WINDOWS\system32\GDI32.dll
0x00007ffdf44c0000 - 0x00007ffdf4734000 	C:\WINDOWS\WinSxS\amd64_microsoft.windows.common-controls_6595b64144ccf1df_6.0.10586.0_none_8c15ae12515e1c22\COMCTL32.dll
0x00007ffe029a0000 - 0x00007ffe02c1d000 	C:\WINDOWS\system32\combase.dll
0x00007ffe02350000 - 0x00007ffe023ba000 	C:\WINDOWS\system32\bcryptPrimitives.dll
0x00007ffe04ee0000 - 0x00007ffe04f1b000 	C:\WINDOWS\system32\IMM32.DLL
0x0000000052d60000 - 0x0000000052e32000 	C:\Program Files\Java\jre1.8.0_45\bin\msvcr100.dll
0x0000000052f10000 - 0x0000000053793000 	C:\Program Files\Java\jre1.8.0_45\bin\server\jvm.dll
0x00007ffe02c30000 - 0x00007ffe02c38000 	C:\WINDOWS\system32\PSAPI.DLL
0x00007ffdfe750000 - 0x00007ffdfe759000 	C:\WINDOWS\SYSTEM32\WSOCK32.dll
0x00007ffe03000000 - 0x00007ffe0306b000 	C:\WINDOWS\system32\WS2_32.dll
0x00007ffdffce0000 - 0x00007ffdffd03000 	C:\WINDOWS\SYSTEM32\WINMM.dll
0x00007ffdfcbd0000 - 0x00007ffdfcbda000 	C:\WINDOWS\SYSTEM32\VERSION.dll
0x00007ffdffba0000 - 0x00007ffdffbcc000 	C:\WINDOWS\SYSTEM32\WINMMBASE.dll
0x00007ffe01ae0000 - 0x00007ffe01b23000 	C:\WINDOWS\system32\cfgmgr32.dll
0x0000000052f00000 - 0x0000000052f0f000 	C:\Program Files\Java\jre1.8.0_45\bin\verify.dll
0x0000000052ed0000 - 0x0000000052ef9000 	C:\Program Files\Java\jre1.8.0_45\bin\java.dll
0x0000000052eb0000 - 0x0000000052ec6000 	C:\Program Files\Java\jre1.8.0_45\bin\zip.dll
0x00007ffe030d0000 - 0x00007ffe0462c000 	C:\WINDOWS\system32\SHELL32.dll
0x00007ffe01b30000 - 0x00007ffe02175000 	C:\WINDOWS\system32\windows.storage.dll
0x00007ffe03070000 - 0x00007ffe030c2000 	C:\WINDOWS\system32\shlwapi.dll
0x00007ffe01660000 - 0x00007ffe0166f000 	C:\WINDOWS\system32\kernel.appcore.dll
0x00007ffe01990000 - 0x00007ffe01a45000 	C:\WINDOWS\system32\shcore.dll
0x00007ffe01610000 - 0x00007ffe0165b000 	C:\WINDOWS\system32\powrprof.dll
0x00007ffe015f0000 - 0x00007ffe01604000 	C:\WINDOWS\system32\profapi.dll
0x0000000052d50000 - 0x0000000052d5d000 	C:\Program Files\Java\jre1.8.0_45\bin\management.dll
0x0000000052e90000 - 0x0000000052eaa000 	C:\Program Files\Java\jre1.8.0_45\bin\net.dll
0x00007ffe00eb0000 - 0x00007ffe00f0c000 	C:\WINDOWS\system32\mswsock.dll
0x0000000052e70000 - 0x0000000052e81000 	C:\Program Files\Java\jre1.8.0_45\bin\nio.dll
0x00007ffdf6450000 - 0x00007ffdf6466000 	C:\WINDOWS\system32\napinsp.dll
0x00007ffdf6470000 - 0x00007ffdf648a000 	C:\WINDOWS\system32\pnrpnsp.dll
0x00007ffdfd600000 - 0x00007ffdfd618000 	C:\WINDOWS\system32\NLAapi.dll
0x00007ffdfff60000 - 0x00007ffe0000a000 	C:\WINDOWS\SYSTEM32\DNSAPI.dll
0x00007ffe023c0000 - 0x00007ffe023c8000 	C:\WINDOWS\system32\NSI.dll
0x00007ffdf66b0000 - 0x00007ffdf66bd000 	C:\WINDOWS\System32\winrnr.dll
0x00007ffdfb9d0000 - 0x00007ffdfb9da000 	C:\Windows\System32\rasadhlp.dll
0x00007ffdfe070000 - 0x00007ffdfe0a8000 	C:\WINDOWS\SYSTEM32\IPHLPAPI.DLL
0x00007ffdfbf20000 - 0x00007ffdfbf87000 	C:\WINDOWS\System32\fwpuclnt.dll
0x00007ffe01510000 - 0x00007ffe01539000 	C:\WINDOWS\SYSTEM32\bcrypt.dll
0x0000000052bb0000 - 0x0000000052d48000 	C:\Program Files\Java\jre1.8.0_45\bin\awt.dll
0x00007ffe028b0000 - 0x00007ffe02971000 	C:\WINDOWS\system32\OLEAUT32.dll
0x00007ffdffdd0000 - 0x00007ffdffe49000 	C:\WINDOWS\system32\apphelp.dll
0x00007ffe00010000 - 0x00007ffe000a6000 	C:\WINDOWS\system32\uxtheme.dll
0x00007ffe02ea0000 - 0x00007ffe02ffa000 	C:\WINDOWS\system32\MSCTF.dll
0x00007ffdebb30000 - 0x00007ffdebb58000 	C:\Program Files (x86)\Raptr\ltc_help64-106568.dll
0x00007ffe01910000 - 0x00007ffe01965000 	C:\WINDOWS\system32\WINTRUST.dll
0x00007ffe015e0000 - 0x00007ffe015f0000 	C:\WINDOWS\system32\MSASN1.dll
0x00007ffe02180000 - 0x00007ffe02347000 	C:\WINDOWS\system32\CRYPT32.dll
0x00007ffdf7ae0000 - 0x00007ffdf7b29000 	F:\Applications\TeamViewer\tv_x64.dll
0x00007ffe049d0000 - 0x00007ffe04b13000 	C:\WINDOWS\system32\ole32.dll
0x00007ffdfea30000 - 0x00007ffdfea52000 	C:\WINDOWS\system32\dwmapi.dll
0x0000000052b60000 - 0x0000000052ba7000 	C:\Program Files\Java\jre1.8.0_45\bin\fontmanager.dll
0x00007ffddb700000 - 0x00007ffddb910000 	C:\WINDOWS\system32\d3d9.dll
0x0000000052b10000 - 0x0000000052b51000 	C:\Program Files\Java\jre1.8.0_45\bin\t2k.dll
0x0000000180000000 - 0x0000000180051000 	C:\Users\Matt\.gradle\caches\minecraft\net\minecraft\minecraft_natives\1.7.10\lwjgl64.dll
0x00007ffdea110000 - 0x00007ffdea239000 	C:\WINDOWS\SYSTEM32\OPENGL32.dll
0x00007ffdf3f60000 - 0x00007ffdf3f8e000 	C:\WINDOWS\SYSTEM32\GLU32.dll
0x00007ffde0e80000 - 0x00007ffde0f7a000 	C:\WINDOWS\SYSTEM32\DDRAW.dll
0x00007ffdf7a80000 - 0x00007ffdf7a88000 	C:\WINDOWS\SYSTEM32\DCIMAN32.dll
0x00007ffe00f60000 - 0x00007ffe00f77000 	C:\WINDOWS\SYSTEM32\CRYPTSP.dll
0x00007ffe00bf0000 - 0x00007ffe00c24000 	C:\WINDOWS\system32\rsaenh.dll
0x00007ffe00d40000 - 0x00007ffe00d5f000 	C:\WINDOWS\SYSTEM32\USERENV.dll
0x00007ffe01080000 - 0x00007ffe0108b000 	C:\WINDOWS\SYSTEM32\CRYPTBASE.dll
0x00007ffdfda30000 - 0x00007ffdfda46000 	C:\WINDOWS\SYSTEM32\dhcpcsvc6.DLL
0x00007ffdfd990000 - 0x00007ffdfd9aa000 	C:\WINDOWS\SYSTEM32\dhcpcsvc.DLL
0x00007ffdf5650000 - 0x00007ffdf5668000 	C:\WINDOWS\SYSTEM32\atig6pxx.dll
0x0000000050d10000 - 0x0000000052b10000 	C:\WINDOWS\SYSTEM32\atio6axx.dll
0x00007ffe023d0000 - 0x00007ffe027f9000 	C:\WINDOWS\system32\SETUPAPI.dll
0x00007ffddce30000 - 0x00007ffddcf71000 	C:\WINDOWS\SYSTEM32\atiadlxx.dll
0x00007ffdff590000 - 0x00007ffdff5a3000 	C:\WINDOWS\SYSTEM32\WTSAPI32.dll
0x00007ffdff3d0000 - 0x00007ffdff556000 	C:\WINDOWS\SYSTEM32\PROPSYS.dll
0x00007ffe000b0000 - 0x00007ffe000d7000 	C:\WINDOWS\SYSTEM32\DEVOBJ.dll
0x00007ffdf1010000 - 0x00007ffdf103c000 	C:\WINDOWS\SYSTEM32\atig6txx.dll
0x00007ffde0bb0000 - 0x00007ffde0c41000 	C:\WINDOWS\SYSTEM32\mscms.dll
0x00007ffdea2b0000 - 0x00007ffdea2f2000 	C:\WINDOWS\SYSTEM32\icm32.dll
0x0000000070a40000 - 0x0000000070adc000 	C:\Users\Matt\.gradle\caches\minecraft\net\minecraft\minecraft_natives\1.7.10\avutil-ttv-51.dll
0x0000000065980000 - 0x00000000659d6000 	C:\Users\Matt\.gradle\caches\minecraft\net\minecraft\minecraft_natives\1.7.10\swresample-ttv-0.dll
0x000000006eb80000 - 0x000000006ec50000 	C:\Users\Matt\.gradle\caches\minecraft\net\minecraft\minecraft_natives\1.7.10\libmp3lame-ttv.dll
0x00007ffdcf080000 - 0x00007ffdd0424000 	C:\Users\Matt\.gradle\caches\minecraft\net\minecraft\minecraft_natives\1.7.10\libmfxsw64.dll
0x00007ffde9ad0000 - 0x00007ffde9bfb000 	C:\Users\Matt\.gradle\caches\minecraft\net\minecraft\minecraft_natives\1.7.10\twitchsdk.dll
0x00007ffdf0ca0000 - 0x00007ffdf0f49000 	C:\WINDOWS\SYSTEM32\WININET.dll
0x0000000052e40000 - 0x0000000052e64000 	C:\Program Files\Java\jre1.8.0_45\bin\sunec.dll
0x0000000024f60000 - 0x0000000024fc4000 	C:\Users\Matt\.gradle\caches\minecraft\net\minecraft\minecraft_natives\1.7.10\OpenAL64.dll
0x00007ffe02df0000 - 0x00007ffe02e97000 	C:\WINDOWS\system32\clbcatq.dll
0x00007ffdfca90000 - 0x00007ffdfcb00000 	C:\WINDOWS\System32\MMDevApi.dll
0x00007ffde44c0000 - 0x00007ffde455c000 	C:\WINDOWS\SYSTEM32\dsound.dll
0x00007ffde4650000 - 0x00007ffde46d8000 	C:\WINDOWS\SYSTEM32\AUDIOSES.DLL
0x00007ffdfa640000 - 0x00007ffdfa776000 	C:\WINDOWS\SYSTEM32\wintypes.dll
0x00007ffe02980000 - 0x00007ffe0299c000 	C:\WINDOWS\system32\imagehlp.dll
0x00007ffe005d0000 - 0x00007ffe005f4000 	C:\WINDOWS\SYSTEM32\gpapi.dll
0x00007ffdf8df0000 - 0x00007ffdf8e1f000 	C:\Windows\System32\cryptnet.dll
0x00007ffdfddd0000 - 0x00007ffdfdddb000 	C:\WINDOWS\SYSTEM32\WINNSI.DLL
0x00007ffde5550000 - 0x00007ffde5798000 	C:\PROGRA~2\Raptr\ltc_game64-106568.dll
0x00007ffdfce90000 - 0x00007ffdfd01c000 	C:\WINDOWS\SYSTEM32\dbghelp.dll

VM Arguments:
jvm_args: -Dfile.encoding=Cp1252 
java_command: GradleStart
java_class_path (initial): F:\Minecraft Mods\Armerger\bin;C:\Users\Matt\.gradle\caches\minecraft\net\minecraftforge\forge\1.7.10-10.13.4.1481-1.7.10\forgeSrc-1.7.10-10.13.4.1481-1.7.10.jar;C:\Users\Matt\.gradle\caches\modules-2\files-2.1\net.minecraft\launchwrapper\1.12\111e7bea9c968cdb3d06ef4632bf7ff0824d0f36\launchwrapper-1.12.jar;C:\Users\Matt\.gradle\caches\modules-2\files-2.1\com.google.code.findbugs\jsr305\1.3.9\40719ea6961c0cb6afaeb6a921eaa1f6afd4cfdf\jsr305-1.3.9.jar;C:\Users\Matt\.gradle\caches\modules-2\files-2.1\org.ow2.asm\asm-debug-all\5.0.3\f9e364ae2a66ce2a543012a4668856e84e5dab74\asm-debug-all-5.0.3.jar;C:\Users\Matt\.gradle\caches\modules-2\files-2.1\com.typesafe.akka\akka-actor_2.11\2.3.3\ed62e9fc709ca0f2ff1a3220daa8b70a2870078e\akka-actor_2.11-2.3.3.jar;C:\Users\Matt\.gradle\caches\modules-2\files-2.1\com.typesafe\config\1.2.1\f771f71fdae3df231bcd54d5ca2d57f0bf93f467\config-1.2.1.jar;C:\Users\Matt\.gradle\caches\modules-2\files-2.1\org.scala-lang\scala-actors-migration_2.11\1.1.0\dfa8bc42b181d5b9f1a5dd147f8ae308b893eb6f\scala-actors-migration_2.11-1.1.0.jar;C:\Users\Matt\.gradle\caches\modules-2\files-2.1\org.scala-lang\scala-compiler\2.11.1\56ea2e6c025e0821f28d73ca271218b8dd04926a\scala-compiler-2.11.1.jar;C:\Users\Matt\.gradle\caches\modules-2\files-2.1\org.scala-lang.plugins\scala-continuations-library_2.11\1.0.2\e517c53a7e9acd6b1668c5a35eccbaa3bab9aac\scala-continuations-library_2.11-1.0.2.jar;C:\Users\Matt\.gradle\caches\modules-2\files-2.1\org.scala-lang.plugins\scala-continuations-plugin_2.11.1\1.0.2\f361a3283452c57fa30c1ee69448995de23c60f7\scala-continuations-plugin_2.11.1-1.0.2.jar;C:\Users\Matt\.gradle\caches\modules-2\files-2.1\org.scala-lang\scala-library\2.11.1\e11da23da3eabab9f4777b9220e60d44c1aab6a\scala-library-2.11.1.jar;C:\Users\Matt\.gradle\caches\modules-2\files-2.1\org.scala-lang\scala-parser-combinators_2.11\1.0.1\f05d7345bf5a58924f2837c6c1f4d73a938e1ff0\scala-parser-combinators_2.11-1.0.1.jar;C:\Users\Matt\.gradle\caches\mo
Launcher Type: SUN_STANDARD

Environment Variables:
JAVA_HOME=C:\Program Files\Java\jdk1.8.0_45
PATH=C:/Program Files/Java/jre1.8.0_45/bin/server;C:/Program Files/Java/jre1.8.0_45/bin;C:/Program Files/Java/jre1.8.0_45/lib/amd64;C:\ProgramData\Oracle\Java\javapath;C:\WINDOWS\system32;C:\WINDOWS;C:\WINDOWS\System32\Wbem;C:\WINDOWS\System32\WindowsPowerShell\v1.0\;C:\Program Files (x86)\ATI Technologies\ATI.ACE\Core-Static;C:\Program Files\Microsoft\Web Platform Installer\;C:\Program Files (x86)\Microsoft ASP.NET\ASP.NET Web Pages\v1.0\;C:\Program Files (x86)\Windows Kits\8.0\Windows Performance Toolkit\;C:\Program Files\Microsoft SQL Server\110\Tools\Binn\;F:\Applications\TortoiseSVN\bin;C:\Program Files (x86)\AMD\ATI.ACE\Core-Static;C:\Program Files (x86)\Skype\Phone\;C:\Program Files\nodejs\;C:\Program Files\Java\jdk1.8.0_45\bin;C:\Users\Matt\AppData\Roaming\npm;F:\Applications\Eclipse\eclipse;
USERNAME=Matt
OS=Windows_NT
PROCESSOR_IDENTIFIER=Intel64 Family 6 Model 60 Stepping 3, GenuineIntel



---------------  S Y S T E M  ---------------

OS: Windows 10.0 , 64 bit Build 10586 (10.0.10586.0)

CPU:total 4 (4 cores per cpu, 1 threads per core) family 6 model 60 stepping 3, cmov, cx8, fxsr, mmx, sse, sse2, sse3, ssse3, sse4.1, sse4.2, popcnt, avx, avx2, aes, clmul, erms, lzcnt, tsc, tscinvbit, bmi1, bmi2

Memory: 4k page, physical 16723940k(8294172k free), swap 19214308k(7680432k free)

vm_info: Java HotSpot(TM) 64-Bit Server VM (25.45-b02) for windows-amd64 JRE (1.8.0_45-b15), built on Apr 30 2015 12:40:44 by "java_re" with MS VC++ 10.0 (VS2010)

time: Tue Feb 16 19:18:01 2016
elapsed time: 67 seconds (0d 0h 1m 7s)

