#
# A fatal error has been detected by the Java Runtime Environment:
#
#  EXCEPTION_ACCESS_VIOLATION (0xc0000005) at pc=0x00007ffdea2b2224, pid=1368, tid=4496
#
# JRE version: Java(TM) SE Runtime Environment (8.0_45-b15) (build 1.8.0_45-b15)
# Java VM: Java HotSpot(TM) 64-Bit Server VM (25.45-b02 mixed mode windows-amd64 compressed oops)
# Problematic frame:
# C  [OPENGL32.dll+0xe2224]
#
# Failed to write core dump. Minidumps are not enabled by default on client versions of Windows
#
# If you would like to submit a bug report, please visit:
#   http://bugreport.java.com/bugreport/crash.jsp
#

---------------  T H R E A D  ---------------

Current thread (0x000000001bad7800):  VMThread [stack: 0x000000001cb70000,0x000000001cc70000] [id=4496]

siginfo: ExceptionCode=0xc0000005, reading address 0x0000000000000a38

Registers:
RAX=0x0000000000000000, RBX=0x000000003a7b3fa0, RCX=0x0000000000000001, RDX=0x000000003a7b3fa8
RSP=0x000000001cc6f3f8, RBP=0x0000000000000000, RSI=0x000000003a7b5f90, RDI=0x000000003a7b5f90
R8 =0x000000001cc6f478, R9 =0x0000000002453e70, R10=0x0000000000000000, R11=0x0000000000000246
R12=0x0000000000000000, R13=0x0000000027b58cc0, R14=0x0000000027b58b70, R15=0x0000000000000000
RIP=0x00007ffdea2b2224, EFLAGS=0x0000000000010283

Top of Stack: (sp=0x000000001cc6f3f8)
0x000000001cc6f3f8:   00007ffde5d5244b 0000000027b58cc0
0x000000001cc6f408:   0000000000000001 0000000027b50000
0x000000001cc6f418:   00007ffe04fe0a19 0000000000000000
0x000000001cc6f428:   00007ffde5d57f17 0000000000000000
0x000000001cc6f438:   0000000000000000 0000000027b58ca0
0x000000001cc6f448:   00007ffde5d57283 fffffffffffffffe
0x000000001cc6f458:   000000001cc6f4c0 0000000000000000
0x000000001cc6f468:   00007ffde5d587c9 000000003a7b5f90
0x000000001cc6f478:   000000003a7b69d0 0000000002453e70
0x000000001cc6f488:   00007ffde5dd5700 fffffffffffffffe
0x000000001cc6f498:   0000000027b5b1c0 0000000000000001
0x000000001cc6f4a8:   0000000027b58c98 0000000027b58b70
0x000000001cc6f4b8:   00007ffde5ddd7ad 00007ffde5f165b0
0x000000001cc6f4c8:   00007ffde5e41930 0000000002453e70
0x000000001cc6f4d8:   00007ffe04fe0a19 0000000027b58c98
0x000000001cc6f4e8:   0000000027b58b70 0000000027b58b70 

Instructions: (pc=0x00007ffdea2b2224)
0x00007ffdea2b2204:   cc cc cc cc cc cc 66 0f 1f 44 00 00 8b 05 f2 7d
0x00007ffdea2b2214:   01 00 83 f8 40 73 0f 65 48 8b 04 c5 80 14 00 00
0x00007ffdea2b2224:   ff a0 38 0a 00 00 b8 47 01 00 00 e9 ec d4 ff ff
0x00007ffdea2b2234:   cc cc cc cc cc cc 66 0f 1f 44 00 00 8b 05 c2 7d 


Register to memory mapping:

RAX=0x0000000000000000 is an unknown value
RBX=0x000000003a7b3fa0 is an unknown value
RCX=0x0000000000000001 is an unknown value
RDX=0x000000003a7b3fa8 is an unknown value
RSP=0x000000001cc6f3f8 is an unknown value
RBP=0x0000000000000000 is an unknown value
RSI=0x000000003a7b5f90 is an unknown value
RDI=0x000000003a7b5f90 is an unknown value
R8 =0x000000001cc6f478 is an unknown value
R9 =0x0000000002453e70 is an unknown value
R10=0x0000000000000000 is an unknown value
R11=0x0000000000000246 is an unknown value
R12=0x0000000000000000 is an unknown value
R13=0x0000000027b58cc0 is an unknown value
R14=0x0000000027b58b70 is an unknown value
R15=0x0000000000000000 is an unknown value


Stack: [0x000000001cb70000,0x000000001cc70000],  sp=0x000000001cc6f3f8,  free space=1020k
Native frames: (J=compiled Java code, j=interpreted, Vv=VM code, C=native code)

VM_Operation (0x00000000023ae310): Exit, mode: safepoint, requested by thread 0x00000000023b4800


---------------  P R O C E S S  ---------------

Java Threads: ( => current thread )
  0x00000000275ff800 JavaThread "AWT-Shutdown" [_thread_blocked, id=10280, stack(0x0000000040690000,0x0000000040790000)]
  0x00000000275ff000 JavaThread "File IO Thread" [_thread_blocked, id=3744, stack(0x000000003d220000,0x000000003d320000)]
  0x00000000275f4000 JavaThread "pool-2-thread-1" [_thread_blocked, id=6048, stack(0x000000003bf20000,0x000000003c020000)]
  0x00000000275f5000 JavaThread "Netty IO #1" daemon [_thread_blocked, id=7748, stack(0x000000003b720000,0x000000003b820000)]
  0x00000000275f8000 JavaThread "Netty Client IO #0" daemon [_thread_blocked, id=4156, stack(0x000000003b620000,0x000000003b720000)]
  0x00000000275f6800 JavaThread "Netty IO #0" daemon [_thread_blocked, id=2160, stack(0x000000003b520000,0x000000003b620000)]
  0x00000000275f2000 JavaThread "Snooper Timer" daemon [_thread_blocked, id=9672, stack(0x000000003b220000,0x000000003b320000)]
  0x00000000275f1000 JavaThread "Thread-15" [_thread_blocked, id=8616, stack(0x000000003af20000,0x000000003b020000)]
  0x00000000275f7000 JavaThread "Thread-14" [_thread_blocked, id=12060, stack(0x000000003ae20000,0x000000003af20000)]
  0x000000002bb82000 JavaThread "Keep-Alive-Timer" daemon [_thread_blocked, id=6288, stack(0x000000002fff0000,0x00000000300f0000)]
  0x000000001e449000 JavaThread "LWJGL Timer" daemon [_thread_blocked, id=1516, stack(0x0000000029710000,0x0000000029810000)]
  0x000000002736d800 JavaThread "Timer hack thread" daemon [_thread_blocked, id=12708, stack(0x00000000278d0000,0x00000000279d0000)]
  0x0000000025c59800 JavaThread "Snooper Timer" daemon [_thread_blocked, id=11276, stack(0x0000000025600000,0x0000000025700000)]
  0x000000001e444800 JavaThread "Java2D Disposer" daemon [_thread_blocked, id=4724, stack(0x0000000020170000,0x0000000020270000)]
  0x000000001d39a800 JavaThread "Service Thread" daemon [_thread_blocked, id=800, stack(0x000000001d770000,0x000000001d870000)]
  0x000000001bb1c000 JavaThread "C1 CompilerThread2" daemon [_thread_blocked, id=15344, stack(0x000000001d270000,0x000000001d370000)]
  0x000000001bb15800 JavaThread "C2 CompilerThread1" daemon [_thread_blocked, id=4296, stack(0x000000001d170000,0x000000001d270000)]
  0x000000001bb13800 JavaThread "C2 CompilerThread0" daemon [_thread_blocked, id=13192, stack(0x000000001d070000,0x000000001d170000)]
  0x000000001bb10000 JavaThread "Attach Listener" daemon [_thread_blocked, id=13932, stack(0x000000001cf70000,0x000000001d070000)]
  0x000000001bb0e800 JavaThread "Signal Dispatcher" daemon [_thread_blocked, id=13020, stack(0x000000001ce70000,0x000000001cf70000)]
  0x00000000024aa000 JavaThread "Finalizer" daemon [_thread_blocked, id=12960, stack(0x000000001cd70000,0x000000001ce70000)]
  0x00000000024a1000 JavaThread "Reference Handler" daemon [_thread_blocked, id=2076, stack(0x000000001cc70000,0x000000001cd70000)]
  0x00000000023b4800 JavaThread "Client thread" [_thread_blocked, id=2600, stack(0x00000000022b0000,0x00000000023b0000)]

Other Threads:
=>0x000000001bad7800 VMThread [stack: 0x000000001cb70000,0x000000001cc70000] [id=4496]

VM state:at safepoint (shutting down)

VM Mutex/Monitor currently owned by a thread:  ([mutex/lock_event])
[0x00000000023b1ed0] Threads_lock - owner thread: 0x000000001bad7800

Heap:
 PSYoungGen      total 1261568K, used 695396K [0x000000076af00000, 0x00000007bcc00000, 0x00000007c0000000)
  eden space 1198592K, 58% used [0x000000076af00000,0x0000000795619030,0x00000007b4180000)
  from space 62976K, 0% used [0x00000007b4180000,0x00000007b4180000,0x00000007b7f00000)
  to   space 70656K, 0% used [0x00000007b8700000,0x00000007b8700000,0x00000007bcc00000)
 ParOldGen       total 250368K, used 189497K [0x00000006c0c00000, 0x00000006d0080000, 0x000000076af00000)
  object space 250368K, 75% used [0x00000006c0c00000,0x00000006cc50e6e0,0x00000006d0080000)
 Metaspace       used 51743K, capacity 52235K, committed 52784K, reserved 1095680K
  class space    used 6451K, capacity 6607K, committed 6704K, reserved 1048576K

Card table byte_map: [0x0000000011870000,0x0000000012070000] byte_map_base: 0x000000000e26a000

Marking Bits: (ParMarkBitMap*) 0x0000000053714040
 Begin Bits: [0x00000000129d0000, 0x00000000169a0000)
 End Bits:   [0x00000000169a0000, 0x000000001a970000)

Polling page: 0x0000000002040000

CodeCache: size=245760Kb used=28991Kb max_used=29002Kb free=216768Kb
 bounds [0x00000000024b0000, 0x0000000004130000, 0x00000000114b0000]
 total_blobs=8314 nmethods=7377 adapters=847
 compilation: enabled

Compilation events (10 events):
Event: 26.622 Thread 0x000000001bb1c000 9997       3       java.util.logging.LogManager$LoggerContext::getRootLogger (8 bytes)
Event: 26.622 Thread 0x000000001bb1c000 nmethod 9997 0x00000000041214d0 code [0x0000000004121620, 0x0000000004121830]
Event: 26.622 Thread 0x000000001bb1c000 9998       3       java.util.logging.LogManager$LoggerContext::getGlobalLogger (6 bytes)
Event: 26.622 Thread 0x000000001bb1c000 nmethod 9998 0x000000000411a490 code [0x000000000411a5e0, 0x000000000411a730]
Event: 26.622 Thread 0x000000001bb1c000 9999       3       org.apache.logging.log4j.core.helpers.NameUtil::getSubName (32 bytes)
Event: 26.623 Thread 0x000000001bb15800 10001       4       java.util.concurrent.ConcurrentHashMap$ValueIterator::next (34 bytes)
Event: 26.623 Thread 0x000000001bb1c000 nmethod 9999 0x000000000412afd0 code [0x000000000412b160, 0x000000000412b6f8]
Event: 26.623 Thread 0x000000001bb1c000 10000       1       org.apache.logging.log4j.core.config.LoggerConfig::getLevel (5 bytes)
Event: 26.623 Thread 0x000000001bb1c000 nmethod 10000 0x0000000004126250 code [0x00000000041263a0, 0x00000000041264b0]
Event: 26.624 Thread 0x000000001bb15800 nmethod 10001 0x0000000004127c10 code [0x0000000004127d60, 0x0000000004127f78]

GC Heap History (10 events):
Event: 19.946 GC heap before
{Heap before GC invocations=19 (full 4):
 PSYoungGen      total 1216512K, used 17142K [0x000000076af00000, 0x00000007bbc00000, 0x00000007c0000000)
  eden space 1199104K, 0% used [0x000000076af00000,0x000000076af00000,0x00000007b4200000)
  from space 17408K, 98% used [0x00000007b4200000,0x00000007b52bdb30,0x00000007b5300000)
  to   space 62464K, 0% used [0x00000007b7f00000,0x00000007b7f00000,0x00000007bbc00000)
 ParOldGen       total 250368K, used 131257K [0x00000006c0c00000, 0x00000006d0080000, 0x000000076af00000)
  object space 250368K, 52% used [0x00000006c0c00000,0x00000006c8c2e620,0x00000006d0080000)
 Metaspace       used 44973K, capacity 45443K, committed 45872K, reserved 1089536K
  class space    used 5774K, capacity 5917K, committed 5936K, reserved 1048576K
Event: 20.432 GC heap after
Heap after GC invocations=19 (full 4):
 PSYoungGen      total 1216512K, used 0K [0x000000076af00000, 0x00000007bbc00000, 0x00000007c0000000)
  eden space 1199104K, 0% used [0x000000076af00000,0x000000076af00000,0x00000007b4200000)
  from space 17408K, 0% used [0x00000007b4200000,0x00000007b4200000,0x00000007b5300000)
  to   space 62464K, 0% used [0x00000007b7f00000,0x00000007b7f00000,0x00000007bbc00000)
 ParOldGen       total 250368K, used 142197K [0x00000006c0c00000, 0x00000006d0080000, 0x000000076af00000)
  object space 250368K, 56% used [0x00000006c0c00000,0x00000006c96dd478,0x00000006d0080000)
 Metaspace       used 44973K, capacity 45443K, committed 45872K, reserved 1089536K
  class space    used 5774K, capacity 5917K, committed 5936K, reserved 1048576K
}
Event: 20.432 GC heap before
{Heap before GC invocations=20 (full 4):
 PSYoungGen      total 1216512K, used 3997K [0x000000076af00000, 0x00000007bbc00000, 0x00000007c0000000)
  eden space 1199104K, 0% used [0x000000076af00000,0x000000076b2e7448,0x00000007b4200000)
  from space 17408K, 0% used [0x00000007b4200000,0x00000007b4200000,0x00000007b5300000)
  to   space 62464K, 0% used [0x00000007b7f00000,0x00000007b7f00000,0x00000007bbc00000)
 ParOldGen       total 250368K, used 142197K [0x00000006c0c00000, 0x00000006d0080000, 0x000000076af00000)
  object space 250368K, 56% used [0x00000006c0c00000,0x00000006c96dd478,0x00000006d0080000)
 Metaspace       used 44973K, capacity 45443K, committed 45872K, reserved 1089536K
  class space    used 5774K, capacity 5917K, committed 5936K, reserved 1048576K
Event: 20.433 GC heap after
Heap after GC invocations=20 (full 4):
 PSYoungGen      total 1261056K, used 32K [0x000000076af00000, 0x00000007bbd00000, 0x00000007c0000000)
  eden space 1198592K, 0% used [0x000000076af00000,0x000000076af00000,0x00000007b4180000)
  from space 62464K, 0% used [0x00000007b7f00000,0x00000007b7f08000,0x00000007bbc00000)
  to   space 62976K, 0% used [0x00000007b4180000,0x00000007b4180000,0x00000007b7f00000)
 ParOldGen       total 250368K, used 142197K [0x00000006c0c00000, 0x00000006d0080000, 0x000000076af00000)
  object space 250368K, 56% used [0x00000006c0c00000,0x00000006c96dd478,0x00000006d0080000)
 Metaspace       used 44973K, capacity 45443K, committed 45872K, reserved 1089536K
  class space    used 5774K, capacity 5917K, committed 5936K, reserved 1048576K
}
Event: 20.433 GC heap before
{Heap before GC invocations=21 (full 5):
 PSYoungGen      total 1261056K, used 32K [0x000000076af00000, 0x00000007bbd00000, 0x00000007c0000000)
  eden space 1198592K, 0% used [0x000000076af00000,0x000000076af00000,0x00000007b4180000)
  from space 62464K, 0% used [0x00000007b7f00000,0x00000007b7f08000,0x00000007bbc00000)
  to   space 62976K, 0% used [0x00000007b4180000,0x00000007b4180000,0x00000007b7f00000)
 ParOldGen       total 250368K, used 142197K [0x00000006c0c00000, 0x00000006d0080000, 0x000000076af00000)
  object space 250368K, 56% used [0x00000006c0c00000,0x00000006c96dd478,0x00000006d0080000)
 Metaspace       used 44973K, capacity 45443K, committed 45872K, reserved 1089536K
  class space    used 5774K, capacity 5917K, committed 5936K, reserved 1048576K
Event: 20.548 GC heap after
Heap after GC invocations=21 (full 5):
 PSYoungGen      total 1261056K, used 0K [0x000000076af00000, 0x00000007bbd00000, 0x00000007c0000000)
  eden space 1198592K, 0% used [0x000000076af00000,0x000000076af00000,0x00000007b4180000)
  from space 62464K, 0% used [0x00000007b7f00000,0x00000007b7f00000,0x00000007bbc00000)
  to   space 62976K, 0% used [0x00000007b4180000,0x00000007b4180000,0x00000007b7f00000)
 ParOldGen       total 250368K, used 142197K [0x00000006c0c00000, 0x00000006d0080000, 0x000000076af00000)
  object space 250368K, 56% used [0x00000006c0c00000,0x00000006c96dd470,0x00000006d0080000)
 Metaspace       used 44973K, capacity 45443K, committed 45872K, reserved 1089536K
  class space    used 5774K, capacity 5917K, committed 5936K, reserved 1048576K
}
Event: 22.271 GC heap before
{Heap before GC invocations=22 (full 5):
 PSYoungGen      total 1261056K, used 613726K [0x000000076af00000, 0x00000007bbd00000, 0x00000007c0000000)
  eden space 1198592K, 51% used [0x000000076af00000,0x00000007906579e8,0x00000007b4180000)
  from space 62464K, 0% used [0x00000007b7f00000,0x00000007b7f00000,0x00000007bbc00000)
  to   space 62976K, 0% used [0x00000007b4180000,0x00000007b4180000,0x00000007b7f00000)
 ParOldGen       total 250368K, used 142197K [0x00000006c0c00000, 0x00000006d0080000, 0x000000076af00000)
  object space 250368K, 56% used [0x00000006c0c00000,0x00000006c96dd470,0x00000006d0080000)
 Metaspace       used 49208K, capacity 49677K, committed 49968K, reserved 1093632K
  class space    used 6225K, capacity 6378K, committed 6448K, reserved 1048576K
Event: 22.290 GC heap after
Heap after GC invocations=22 (full 5):
 PSYoungGen      total 1261568K, used 54042K [0x000000076af00000, 0x00000007bcc00000, 0x00000007c0000000)
  eden space 1198592K, 0% used [0x000000076af00000,0x000000076af00000,0x00000007b4180000)
  from space 62976K, 85% used [0x00000007b4180000,0x00000007b7646a60,0x00000007b7f00000)
  to   space 70656K, 0% used [0x00000007b8700000,0x00000007b8700000,0x00000007bcc00000)
 ParOldGen       total 250368K, used 142205K [0x00000006c0c00000, 0x00000006d0080000, 0x000000076af00000)
  object space 250368K, 56% used [0x00000006c0c00000,0x00000006c96df470,0x00000006d0080000)
 Metaspace       used 49208K, capacity 49677K, committed 49968K, reserved 1093632K
  class space    used 6225K, capacity 6378K, committed 6448K, reserved 1048576K
}
Event: 22.290 GC heap before
{Heap before GC invocations=23 (full 6):
 PSYoungGen      total 1261568K, used 54042K [0x000000076af00000, 0x00000007bcc00000, 0x00000007c0000000)
  eden space 1198592K, 0% used [0x000000076af00000,0x000000076af00000,0x00000007b4180000)
  from space 62976K, 85% used [0x00000007b4180000,0x00000007b7646a60,0x00000007b7f00000)
  to   space 70656K, 0% used [0x00000007b8700000,0x00000007b8700000,0x00000007bcc00000)
 ParOldGen       total 250368K, used 142205K [0x00000006c0c00000, 0x00000006d0080000, 0x000000076af00000)
  object space 250368K, 56% used [0x00000006c0c00000,0x00000006c96df470,0x00000006d0080000)
 Metaspace       used 49208K, capacity 49677K, committed 49968K, reserved 1093632K
  class space    used 6225K, capacity 6378K, committed 6448K, reserved 1048576K
Event: 22.898 GC heap after
Heap after GC invocations=23 (full 6):
 PSYoungGen      total 1261568K, used 0K [0x000000076af00000, 0x00000007bcc00000, 0x00000007c0000000)
  eden space 1198592K, 0% used [0x000000076af00000,0x000000076af00000,0x00000007b4180000)
  from space 62976K, 0% used [0x00000007b4180000,0x00000007b4180000,0x00000007b7f00000)
  to   space 70656K, 0% used [0x00000007b8700000,0x00000007b8700000,0x00000007bcc00000)
 ParOldGen       total 250368K, used 189497K [0x00000006c0c00000, 0x00000006d0080000, 0x000000076af00000)
  object space 250368K, 75% used [0x00000006c0c00000,0x00000006cc50e6e0,0x00000006d0080000)
 Metaspace       used 49208K, capacity 49677K, committed 49968K, reserved 1093632K
  class space    used 6225K, capacity 6378K, committed 6448K, reserved 1048576K
}

Deoptimization events (10 events):
Event: 26.224 Thread 0x00000000275fe000 Uncommon trap: reason=class_check action=maybe_recompile pc=0x0000000003785f5c method=java.util.Formatter.format(Ljava/util/Locale;Ljava/lang/String;[Ljava/lang/Object;)Ljava/util/Formatter; @ 76
Event: 26.224 Thread 0x00000000275fe000 Uncommon trap: reason=class_check action=maybe_recompile pc=0x0000000003785f5c method=java.util.Formatter.format(Ljava/util/Locale;Ljava/lang/String;[Ljava/lang/Object;)Ljava/util/Formatter; @ 76
Event: 26.228 Thread 0x00000000275f2800 Uncommon trap: reason=unstable_if action=reinterpret pc=0x0000000002d6ad80 method=org.lwjgl.opengl.GLContext.getCapabilities()Lorg/lwjgl/opengl/ContextCapabilities; @ 5
Event: 26.240 Thread 0x00000000023b4800 Uncommon trap: reason=unstable_if action=reinterpret pc=0x0000000003c096e8 method=java.lang.StrictMath.floorOrCeil(DDDD)D @ 14
Event: 26.276 Thread 0x00000000275f2800 Uncommon trap: reason=class_check action=maybe_recompile pc=0x0000000003b42d00 method=java.io.PrintWriter.write(Ljava/lang/String;II)V @ 19
Event: 26.276 Thread 0x00000000275f2800 Uncommon trap: reason=class_check action=maybe_recompile pc=0x0000000003b42d00 method=java.io.PrintWriter.write(Ljava/lang/String;II)V @ 19
Event: 26.276 Thread 0x00000000275f2800 Uncommon trap: reason=class_check action=maybe_recompile pc=0x0000000003b42d00 method=java.io.PrintWriter.write(Ljava/lang/String;II)V @ 19
Event: 26.276 Thread 0x00000000275f2800 Uncommon trap: reason=class_check action=maybe_recompile pc=0x0000000003b42d00 method=java.io.PrintWriter.write(Ljava/lang/String;II)V @ 19
Event: 26.276 Thread 0x00000000275fe000 Uncommon trap: reason=unstable_if action=reinterpret pc=0x00000000038f9670 method=net.minecraft.nbt.NBTTagList.getCompoundTagAt(I)Lnet/minecraft/nbt/NBTTagCompound; @ 14
Event: 26.621 Thread 0x00000000023b4800 Uncommon trap: reason=unstable_if action=reinterpret pc=0x0000000002abd894 method=cpw.mods.fml.relauncher.FMLSecurityManager.checkPermission(Ljava/security/Permission;)V @ 23

Internal exceptions (10 events):
Event: 26.082 Thread 0x00000000275f7000 Exception <a 'java/lang/InterruptedException': sleep interrupted> (0x000000077a86ef70) thrown at [C:\re\workspace\8-2-build-windows-amd64-cygwin\jdk8u45\3627\hotspot\src\share\vm\prims\jvm.cpp, line 3211]
Event: 26.094 Thread 0x00000000275f7000 Exception <a 'java/lang/InterruptedException': sleep interrupted> (0x000000077a86f198) thrown at [C:\re\workspace\8-2-build-windows-amd64-cygwin\jdk8u45\3627\hotspot\src\share\vm\prims\jvm.cpp, line 3211]
Event: 26.094 Thread 0x00000000275f7000 Exception <a 'java/lang/InterruptedException': sleep interrupted> (0x000000077a86f3e8) thrown at [C:\re\workspace\8-2-build-windows-amd64-cygwin\jdk8u45\3627\hotspot\src\share\vm\prims\jvm.cpp, line 3163]
Event: 26.117 Thread 0x00000000275f7000 Exception <a 'java/lang/InterruptedException': sleep interrupted> (0x000000077a86f5e8) thrown at [C:\re\workspace\8-2-build-windows-amd64-cygwin\jdk8u45\3627\hotspot\src\share\vm\prims\jvm.cpp, line 3211]
Event: 26.117 Thread 0x00000000275f7000 Exception <a 'java/lang/InterruptedException': sleep interrupted> (0x000000077a86f810) thrown at [C:\re\workspace\8-2-build-windows-amd64-cygwin\jdk8u45\3627\hotspot\src\share\vm\prims\jvm.cpp, line 3211]
Event: 26.146 Thread 0x00000000275f7000 Exception <a 'java/lang/InterruptedException': sleep interrupted> (0x000000077a86fa38) thrown at [C:\re\workspace\8-2-build-windows-amd64-cygwin\jdk8u45\3627\hotspot\src\share\vm\prims\jvm.cpp, line 3211]
Event: 26.147 Thread 0x00000000275f7000 Exception <a 'java/lang/InterruptedException': sleep interrupted> (0x000000077a86fc60) thrown at [C:\re\workspace\8-2-build-windows-amd64-cygwin\jdk8u45\3627\hotspot\src\share\vm\prims\jvm.cpp, line 3211]
Event: 26.161 Thread 0x00000000275f7000 Exception <a 'java/lang/InterruptedException': sleep interrupted> (0x000000077a86fe88) thrown at [C:\re\workspace\8-2-build-windows-amd64-cygwin\jdk8u45\3627\hotspot\src\share\vm\prims\jvm.cpp, line 3211]
Event: 26.161 Thread 0x00000000275f7000 Exception <a 'java/lang/InterruptedException': sleep interrupted> (0x000000077a8700d8) thrown at [C:\re\workspace\8-2-build-windows-amd64-cygwin\jdk8u45\3627\hotspot\src\share\vm\prims\jvm.cpp, line 3163]
Event: 26.203 Thread 0x00000000275f7000 Exception <a 'java/lang/InterruptedException': sleep interrupted> (0x000000077a8702d8) thrown at [C:\re\workspace\8-2-build-windows-amd64-cygwin\jdk8u45\3627\hotspot\src\share\vm\prims\jvm.cpp, line 3211]

Events (10 events):
Event: 26.622 loading class javax/servlet/ServletContext
Event: 26.622 loading class javax/servlet/ServletContext done
Event: 26.622 Thread 0x00000000275fe000 Thread exited: 0x00000000275fe000
Event: 26.622 loading class javax/servlet/ServletContext
Event: 26.622 loading class javax/servlet/ServletContext done
Event: 26.625 Thread 0x0000000027600800 Thread exited: 0x0000000027600800
Event: 26.625 Thread 0x00000000275f2800 Thread exited: 0x00000000275f2800
Event: 26.647 Thread 0x000000001e448000 Thread exited: 0x000000001e448000
Event: 26.722 Thread 0x00000000275fb800 Thread exited: 0x00000000275fb800
Event: 26.722 Executing VM operation: Exit


Dynamic libraries:
0x00007ff75e230000 - 0x00007ff75e267000 	C:\Program Files\Java\jre1.8.0_45\bin\javaw.exe
0x00007ffe04fc0000 - 0x00007ffe05181000 	C:\WINDOWS\SYSTEM32\ntdll.dll
0x00007ffe02800000 - 0x00007ffe028ad000 	C:\WINDOWS\system32\KERNEL32.DLL
0x00007ffe01670000 - 0x00007ffe01858000 	C:\WINDOWS\system32\KERNELBASE.dll
0x00007ffe04b20000 - 0x00007ffe04bc7000 	C:\WINDOWS\system32\ADVAPI32.dll
0x00007ffe04f20000 - 0x00007ffe04fbd000 	C:\WINDOWS\system32\msvcrt.dll
0x00007ffe04e80000 - 0x00007ffe04edb000 	C:\WINDOWS\system32\sechost.dll
0x00007ffe04d60000 - 0x00007ffe04e7c000 	C:\WINDOWS\system32\RPCRT4.dll
0x00007ffe04740000 - 0x00007ffe04896000 	C:\WINDOWS\system32\USER32.dll
0x00007ffe04bd0000 - 0x00007ffe04d56000 	C:\WINDOWS\system32\GDI32.dll
0x00007ffdf44c0000 - 0x00007ffdf4734000 	C:\WINDOWS\WinSxS\amd64_microsoft.windows.common-controls_6595b64144ccf1df_6.0.10586.0_none_8c15ae12515e1c22\COMCTL32.dll
0x00007ffe029a0000 - 0x00007ffe02c1d000 	C:\WINDOWS\system32\combase.dll
0x00007ffe02350000 - 0x00007ffe023ba000 	C:\WINDOWS\system32\bcryptPrimitives.dll
0x00007ffe04ee0000 - 0x00007ffe04f1b000 	C:\WINDOWS\system32\IMM32.DLL
0x0000000052d60000 - 0x0000000052e32000 	C:\Program Files\Java\jre1.8.0_45\bin\msvcr100.dll
0x0000000052f10000 - 0x0000000053793000 	C:\Program Files\Java\jre1.8.0_45\bin\server\jvm.dll
0x00007ffe02c30000 - 0x00007ffe02c38000 	C:\WINDOWS\system32\PSAPI.DLL
0x00007ffdfe750000 - 0x00007ffdfe759000 	C:\WINDOWS\SYSTEM32\WSOCK32.dll
0x00007ffe03000000 - 0x00007ffe0306b000 	C:\WINDOWS\system32\WS2_32.dll
0x00007ffdffce0000 - 0x00007ffdffd03000 	C:\WINDOWS\SYSTEM32\WINMM.dll
0x00007ffdffba0000 - 0x00007ffdffbcc000 	C:\WINDOWS\SYSTEM32\WINMMBASE.dll
0x00007ffe01ae0000 - 0x00007ffe01b23000 	C:\WINDOWS\system32\cfgmgr32.dll
0x00007ffdfcbd0000 - 0x00007ffdfcbda000 	C:\WINDOWS\SYSTEM32\VERSION.dll
0x0000000052f00000 - 0x0000000052f0f000 	C:\Program Files\Java\jre1.8.0_45\bin\verify.dll
0x0000000052ed0000 - 0x0000000052ef9000 	C:\Program Files\Java\jre1.8.0_45\bin\java.dll
0x0000000052eb0000 - 0x0000000052ec6000 	C:\Program Files\Java\jre1.8.0_45\bin\zip.dll
0x00007ffe030d0000 - 0x00007ffe0462c000 	C:\WINDOWS\system32\SHELL32.dll
0x00007ffe01b30000 - 0x00007ffe02175000 	C:\WINDOWS\system32\windows.storage.dll
0x00007ffe03070000 - 0x00007ffe030c2000 	C:\WINDOWS\system32\shlwapi.dll
0x00007ffe01660000 - 0x00007ffe0166f000 	C:\WINDOWS\system32\kernel.appcore.dll
0x00007ffe01990000 - 0x00007ffe01a45000 	C:\WINDOWS\system32\shcore.dll
0x00007ffe01610000 - 0x00007ffe0165b000 	C:\WINDOWS\system32\powrprof.dll
0x00007ffe015f0000 - 0x00007ffe01604000 	C:\WINDOWS\system32\profapi.dll
0x0000000052d50000 - 0x0000000052d5d000 	C:\Program Files\Java\jre1.8.0_45\bin\management.dll
0x0000000052e90000 - 0x0000000052eaa000 	C:\Program Files\Java\jre1.8.0_45\bin\net.dll
0x00007ffe00eb0000 - 0x00007ffe00f0c000 	C:\WINDOWS\system32\mswsock.dll
0x0000000052e70000 - 0x0000000052e81000 	C:\Program Files\Java\jre1.8.0_45\bin\nio.dll
0x00007ffdf6450000 - 0x00007ffdf6466000 	C:\WINDOWS\system32\napinsp.dll
0x00007ffdf6470000 - 0x00007ffdf648a000 	C:\WINDOWS\system32\pnrpnsp.dll
0x00007ffdfd600000 - 0x00007ffdfd618000 	C:\WINDOWS\system32\NLAapi.dll
0x00007ffdfff60000 - 0x00007ffe0000a000 	C:\WINDOWS\SYSTEM32\DNSAPI.dll
0x00007ffe023c0000 - 0x00007ffe023c8000 	C:\WINDOWS\system32\NSI.dll
0x00007ffdf66b0000 - 0x00007ffdf66bd000 	C:\WINDOWS\System32\winrnr.dll
0x00007ffdfb9d0000 - 0x00007ffdfb9da000 	C:\Windows\System32\rasadhlp.dll
0x00007ffdfe070000 - 0x00007ffdfe0a8000 	C:\WINDOWS\SYSTEM32\IPHLPAPI.DLL
0x00007ffdfbf20000 - 0x00007ffdfbf87000 	C:\WINDOWS\System32\fwpuclnt.dll
0x00007ffe01510000 - 0x00007ffe01539000 	C:\WINDOWS\SYSTEM32\bcrypt.dll
0x0000000052bb0000 - 0x0000000052d48000 	C:\Program Files\Java\jre1.8.0_45\bin\awt.dll
0x00007ffe028b0000 - 0x00007ffe02971000 	C:\WINDOWS\system32\OLEAUT32.dll
0x00007ffdffdd0000 - 0x00007ffdffe49000 	C:\WINDOWS\system32\apphelp.dll
0x00007ffe00010000 - 0x00007ffe000a6000 	C:\WINDOWS\system32\uxtheme.dll
0x00007ffe02ea0000 - 0x00007ffe02ffa000 	C:\WINDOWS\system32\MSCTF.dll
0x00007ffdebb30000 - 0x00007ffdebb58000 	C:\Program Files (x86)\Raptr\ltc_help64-106568.dll
0x00007ffe01910000 - 0x00007ffe01965000 	C:\WINDOWS\system32\WINTRUST.dll
0x00007ffe015e0000 - 0x00007ffe015f0000 	C:\WINDOWS\system32\MSASN1.dll
0x00007ffe02180000 - 0x00007ffe02347000 	C:\WINDOWS\system32\CRYPT32.dll
0x00007ffdf7ae0000 - 0x00007ffdf7b29000 	F:\Applications\TeamViewer\tv_x64.dll
0x00007ffe049d0000 - 0x00007ffe04b13000 	C:\WINDOWS\system32\ole32.dll
0x00007ffdfea30000 - 0x00007ffdfea52000 	C:\WINDOWS\system32\dwmapi.dll
0x0000000052b60000 - 0x0000000052ba7000 	C:\Program Files\Java\jre1.8.0_45\bin\fontmanager.dll
0x00007ffddb700000 - 0x00007ffddb910000 	C:\WINDOWS\system32\d3d9.dll
0x0000000052b10000 - 0x0000000052b51000 	C:\Program Files\Java\jre1.8.0_45\bin\t2k.dll
0x0000000180000000 - 0x0000000180051000 	C:\Users\Matt\.gradle\caches\minecraft\net\minecraft\minecraft_natives\1.7.10\lwjgl64.dll
0x00007ffdea1d0000 - 0x00007ffdea2f9000 	C:\WINDOWS\SYSTEM32\OPENGL32.dll
0x00007ffdebcd0000 - 0x00007ffdebcfe000 	C:\WINDOWS\SYSTEM32\GLU32.dll
0x00007ffde0e80000 - 0x00007ffde0f7a000 	C:\WINDOWS\SYSTEM32\DDRAW.dll
0x00007ffdf7a80000 - 0x00007ffdf7a88000 	C:\WINDOWS\SYSTEM32\DCIMAN32.dll
0x00007ffe00f60000 - 0x00007ffe00f77000 	C:\WINDOWS\SYSTEM32\CRYPTSP.dll
0x00007ffe00bf0000 - 0x00007ffe00c24000 	C:\WINDOWS\system32\rsaenh.dll
0x00007ffe00d40000 - 0x00007ffe00d5f000 	C:\WINDOWS\SYSTEM32\USERENV.dll
0x00007ffe01080000 - 0x00007ffe0108b000 	C:\WINDOWS\SYSTEM32\CRYPTBASE.dll
0x00007ffdfda30000 - 0x00007ffdfda46000 	C:\WINDOWS\SYSTEM32\dhcpcsvc6.DLL
0x00007ffdfd990000 - 0x00007ffdfd9aa000 	C:\WINDOWS\SYSTEM32\dhcpcsvc.DLL
0x00007ffdf5650000 - 0x00007ffdf5668000 	C:\WINDOWS\SYSTEM32\atig6pxx.dll
0x0000000050d10000 - 0x0000000052b10000 	C:\WINDOWS\SYSTEM32\atio6axx.dll
0x00007ffe023d0000 - 0x00007ffe027f9000 	C:\WINDOWS\system32\SETUPAPI.dll
0x00007ffddce30000 - 0x00007ffddcf71000 	C:\WINDOWS\SYSTEM32\atiadlxx.dll
0x00007ffdff3d0000 - 0x00007ffdff556000 	C:\WINDOWS\SYSTEM32\PROPSYS.dll
0x00007ffdff590000 - 0x00007ffdff5a3000 	C:\WINDOWS\SYSTEM32\WTSAPI32.dll
0x00007ffe000b0000 - 0x00007ffe000d7000 	C:\WINDOWS\SYSTEM32\DEVOBJ.dll
0x00007ffdebca0000 - 0x00007ffdebccc000 	C:\WINDOWS\SYSTEM32\atig6txx.dll
0x00007ffde0bb0000 - 0x00007ffde0c41000 	C:\WINDOWS\SYSTEM32\mscms.dll
0x00007ffdea180000 - 0x00007ffdea1c2000 	C:\WINDOWS\SYSTEM32\icm32.dll
0x0000000070a40000 - 0x0000000070adc000 	C:\Users\Matt\.gradle\caches\minecraft\net\minecraft\minecraft_natives\1.7.10\avutil-ttv-51.dll
0x0000000065980000 - 0x00000000659d6000 	C:\Users\Matt\.gradle\caches\minecraft\net\minecraft\minecraft_natives\1.7.10\swresample-ttv-0.dll
0x000000006eb80000 - 0x000000006ec50000 	C:\Users\Matt\.gradle\caches\minecraft\net\minecraft\minecraft_natives\1.7.10\libmp3lame-ttv.dll
0x00007ffdcf080000 - 0x00007ffdd0424000 	C:\Users\Matt\.gradle\caches\minecraft\net\minecraft\minecraft_natives\1.7.10\libmfxsw64.dll
0x00007ffdea050000 - 0x00007ffdea17b000 	C:\Users\Matt\.gradle\caches\minecraft\net\minecraft\minecraft_natives\1.7.10\twitchsdk.dll
0x00007ffdf0ca0000 - 0x00007ffdf0f49000 	C:\WINDOWS\SYSTEM32\WININET.dll
0x0000000052e40000 - 0x0000000052e64000 	C:\Program Files\Java\jre1.8.0_45\bin\sunec.dll
0x0000000022570000 - 0x00000000225d4000 	C:\Users\Matt\.gradle\caches\minecraft\net\minecraft\minecraft_natives\1.7.10\OpenAL64.dll
0x00007ffe02df0000 - 0x00007ffe02e97000 	C:\WINDOWS\system32\clbcatq.dll
0x00007ffdfca90000 - 0x00007ffdfcb00000 	C:\WINDOWS\System32\MMDevApi.dll
0x00007ffde44c0000 - 0x00007ffde455c000 	C:\WINDOWS\SYSTEM32\dsound.dll
0x00007ffde4650000 - 0x00007ffde46d8000 	C:\WINDOWS\SYSTEM32\AUDIOSES.DLL
0x00007ffdfa640000 - 0x00007ffdfa776000 	C:\WINDOWS\SYSTEM32\wintypes.dll
0x00007ffe02980000 - 0x00007ffe0299c000 	C:\WINDOWS\system32\imagehlp.dll
0x00007ffe005d0000 - 0x00007ffe005f4000 	C:\WINDOWS\SYSTEM32\gpapi.dll
0x00007ffdf8df0000 - 0x00007ffdf8e1f000 	C:\Windows\System32\cryptnet.dll
0x00007ffdfddd0000 - 0x00007ffdfdddb000 	C:\WINDOWS\SYSTEM32\WINNSI.DLL
0x00007ffde5cf0000 - 0x00007ffde5f38000 	C:\PROGRA~2\Raptr\ltc_game64-106568.dll
0x00007ffdfce90000 - 0x00007ffdfd01c000 	C:\WINDOWS\SYSTEM32\dbghelp.dll

VM Arguments:
jvm_args: -Dfile.encoding=Cp1252 
java_command: GradleStart
java_class_path (initial): F:\Minecraft Mods\Armerger\bin;C:\Users\Matt\.gradle\caches\minecraft\net\minecraftforge\forge\1.7.10-10.13.4.1481-1.7.10\forgeSrc-1.7.10-10.13.4.1481-1.7.10.jar;C:\Users\Matt\.gradle\caches\modules-2\files-2.1\net.minecraft\launchwrapper\1.12\111e7bea9c968cdb3d06ef4632bf7ff0824d0f36\launchwrapper-1.12.jar;C:\Users\Matt\.gradle\caches\modules-2\files-2.1\com.google.code.findbugs\jsr305\1.3.9\40719ea6961c0cb6afaeb6a921eaa1f6afd4cfdf\jsr305-1.3.9.jar;C:\Users\Matt\.gradle\caches\modules-2\files-2.1\org.ow2.asm\asm-debug-all\5.0.3\f9e364ae2a66ce2a543012a4668856e84e5dab74\asm-debug-all-5.0.3.jar;C:\Users\Matt\.gradle\caches\modules-2\files-2.1\com.typesafe.akka\akka-actor_2.11\2.3.3\ed62e9fc709ca0f2ff1a3220daa8b70a2870078e\akka-actor_2.11-2.3.3.jar;C:\Users\Matt\.gradle\caches\modules-2\files-2.1\com.typesafe\config\1.2.1\f771f71fdae3df231bcd54d5ca2d57f0bf93f467\config-1.2.1.jar;C:\Users\Matt\.gradle\caches\modules-2\files-2.1\org.scala-lang\scala-actors-migration_2.11\1.1.0\dfa8bc42b181d5b9f1a5dd147f8ae308b893eb6f\scala-actors-migration_2.11-1.1.0.jar;C:\Users\Matt\.gradle\caches\modules-2\files-2.1\org.scala-lang\scala-compiler\2.11.1\56ea2e6c025e0821f28d73ca271218b8dd04926a\scala-compiler-2.11.1.jar;C:\Users\Matt\.gradle\caches\modules-2\files-2.1\org.scala-lang.plugins\scala-continuations-library_2.11\1.0.2\e517c53a7e9acd6b1668c5a35eccbaa3bab9aac\scala-continuations-library_2.11-1.0.2.jar;C:\Users\Matt\.gradle\caches\modules-2\files-2.1\org.scala-lang.plugins\scala-continuations-plugin_2.11.1\1.0.2\f361a3283452c57fa30c1ee69448995de23c60f7\scala-continuations-plugin_2.11.1-1.0.2.jar;C:\Users\Matt\.gradle\caches\modules-2\files-2.1\org.scala-lang\scala-library\2.11.1\e11da23da3eabab9f4777b9220e60d44c1aab6a\scala-library-2.11.1.jar;C:\Users\Matt\.gradle\caches\modules-2\files-2.1\org.scala-lang\scala-parser-combinators_2.11\1.0.1\f05d7345bf5a58924f2837c6c1f4d73a938e1ff0\scala-parser-combinators_2.11-1.0.1.jar;C:\Users\Matt\.gradle\caches\mo
Launcher Type: SUN_STANDARD

Environment Variables:
JAVA_HOME=C:\Program Files\Java\jdk1.8.0_45
PATH=C:/Program Files/Java/jre1.8.0_45/bin/server;C:/Program Files/Java/jre1.8.0_45/bin;C:/Program Files/Java/jre1.8.0_45/lib/amd64;C:\ProgramData\Oracle\Java\javapath;C:\WINDOWS\system32;C:\WINDOWS;C:\WINDOWS\System32\Wbem;C:\WINDOWS\System32\WindowsPowerShell\v1.0\;C:\Program Files (x86)\ATI Technologies\ATI.ACE\Core-Static;C:\Program Files\Microsoft\Web Platform Installer\;C:\Program Files (x86)\Microsoft ASP.NET\ASP.NET Web Pages\v1.0\;C:\Program Files (x86)\Windows Kits\8.0\Windows Performance Toolkit\;C:\Program Files\Microsoft SQL Server\110\Tools\Binn\;F:\Applications\TortoiseSVN\bin;C:\Program Files (x86)\AMD\ATI.ACE\Core-Static;C:\Program Files (x86)\Skype\Phone\;C:\Program Files\nodejs\;C:\Program Files\Java\jdk1.8.0_45\bin;C:\Users\Matt\AppData\Roaming\npm;F:\Applications\Eclipse\eclipse;
USERNAME=Matt
OS=Windows_NT
PROCESSOR_IDENTIFIER=Intel64 Family 6 Model 60 Stepping 3, GenuineIntel



---------------  S Y S T E M  ---------------

OS: Windows 10.0 , 64 bit Build 10586 (10.0.10586.0)

CPU:total 4 (4 cores per cpu, 1 threads per core) family 6 model 60 stepping 3, cmov, cx8, fxsr, mmx, sse, sse2, sse3, ssse3, sse4.1, sse4.2, popcnt, avx, avx2, aes, clmul, erms, lzcnt, tsc, tscinvbit, bmi1, bmi2

Memory: 4k page, physical 16723940k(9128508k free), swap 19214308k(8707520k free)

vm_info: Java HotSpot(TM) 64-Bit Server VM (25.45-b02) for windows-amd64 JRE (1.8.0_45-b15), built on Apr 30 2015 12:40:44 by "java_re" with MS VC++ 10.0 (VS2010)

time: Tue Feb 16 22:20:07 2016
elapsed time: 26 seconds (0d 0h 0m 26s)

